[ 2018-07-27T11:40:44+08:00 ] 127.0.0.1 /Home/Orders/getOrdersKline?currency=52&time=kline_1h
INFO: [ app_init ] --START--
INFO: Run Behavior\BuildLiteBehavior [ RunTime:0.000000s ]
INFO: [ app_init ] --END-- [ RunTime:0.001000s ]
INFO: [ app_begin ] --START--
INFO: Run Behavior\ReadHtmlCacheBehavior [ RunTime:0.000000s ]
INFO: [ app_begin ] --END-- [ RunTime:0.000000s ]
NOTIC: [2] preg_match(): Delimiter must not be alphanumeric or backslash D:\WWW\xiao\App\Common\Common\function.php 第 614 行.
NOTIC: [2] preg_match(): Delimiter must not be alphanumeric or backslash D:\WWW\xiao\App\Common\Common\function.php 第 614 行.
SQL: SHOW COLUMNS FROM `blue_config` [ RunTime:0.0150s ]
SQL: SELECT * FROM `blue_config`  [ RunTime:0.0020s ]
SQL: SHOW COLUMNS FROM `blue_purse_download` [ RunTime:0.0140s ]
SQL: SELECT * FROM `blue_purse_download` ORDER BY add_time desc LIMIT 0,6   [ RunTime:0.0000s ]
SQL: SHOW COLUMNS FROM `blue_dividend_config` [ RunTime:0.0090s ]
SQL: SELECT * FROM `blue_dividend_config`  [ RunTime:0.0000s ]
SQL: SHOW COLUMNS FROM `blue_article_category` [ RunTime:0.0090s ]
SQL: SELECT * FROM `blue_article_category` WHERE ( parent_id = 6 ) LIMIT 4   [ RunTime:0.0010s ]
SQL: SHOW COLUMNS FROM `blue_article` [ RunTime:0.0090s ]
SQL: SELECT * FROM `blue_article` WHERE ( position_id = 7 ) LIMIT 4   [ RunTime:0.0000s ]
SQL: SHOW COLUMNS FROM `blue_member` [ RunTime:0.0090s ]
SQL: SELECT *,(rmb+forzen_rmb) as count FROM `blue_member` WHERE ( member_id='10375' ) LIMIT 1   [ RunTime:0.0000s ]
SQL: SHOW COLUMNS FROM `blue_orders` [ RunTime:0.0100s ]
SQL: SHOW COLUMNS FROM `blue_message` [ RunTime:0.0080s ]
SQL: SELECT COUNT(*) AS tp_count FROM `blue_message` WHERE `member_id` = '10375' AND `status` = 0 LIMIT 1   [ RunTime:0.0000s ]
SQL: SHOW COLUMNS FROM `blue_currency` [ RunTime:0.0090s ]
SQL: SELECT * FROM `blue_currency` WHERE ( is_line=1  ) ORDER BY sort  [ RunTime:0.0000s ]
NOTIC: [8] Undefined variable: whereMark D:\WWW\xiao\App\Common\Controller\CommonController.class.php 第 106 行.
SQL: SELECT `currency_id`,`currency_name`,`currency_logo`,`currency_mark` FROM `blue_currency` LIMIT 1   [ RunTime:0.0000s ]
SQL: SELECT `currency_id`,`currency_name`,`currency_logo`,`currency_mark` FROM `blue_currency` WHERE `is_line` = 1  [ RunTime:0.0000s ]
SQL: SELECT `price` FROM `blue_orders` WHERE ( currency_id = 52 ) ORDER BY add_time desc LIMIT 1   [ RunTime:0.0000s ]
SQL: SELECT `price` FROM `blue_orders` WHERE ( currency_id = 53 ) ORDER BY add_time desc LIMIT 1   [ RunTime:0.0010s ]
SQL: SELECT `price` FROM `blue_orders` WHERE ( currency_id = 54 ) ORDER BY add_time desc LIMIT 1   [ RunTime:0.0000s ]
SQL: SHOW COLUMNS FROM `blue_trade` [ RunTime:0.0090s ]
SQL: SELECT SUM(num) AS tp_sum FROM `blue_trade` WHERE `currency_id` = 52 AND `type` = 'buy' AND `add_time` BETWEEN 1532446844 AND 1532450444 LIMIT 1   [ RunTime:0.0180s ]
SQL: SELECT `price` FROM `blue_trade` WHERE `currency_id` = 52 AND `type` = 'buy' AND `add_time` <= 1532450444 ORDER BY add_time desc LIMIT 1   [ RunTime:0.0010s ]
SQL: SELECT MAX(price) AS tp_max FROM `blue_trade` WHERE `currency_id` = 52 AND `type` = 'buy' AND `add_time` BETWEEN 1532446844 AND 1532450444 LIMIT 1   [ RunTime:0.0080s ]
SQL: SELECT MIN(price) AS tp_min FROM `blue_trade` WHERE `currency_id` = 52 AND `type` = 'buy' AND `add_time` BETWEEN 1532446844 AND 1532450444 LIMIT 1   [ RunTime:0.0000s ]
SQL: SELECT `price` FROM `blue_trade` WHERE `currency_id` = 52 AND `type` = 'buy' AND `add_time` BETWEEN 1532446844 AND 1532450444 ORDER BY add_time asc LIMIT 1   [ RunTime:0.0010s ]
SQL: SELECT SUM(num) AS tp_sum FROM `blue_trade` WHERE `currency_id` = 52 AND `type` = 'buy' AND `add_time` BETWEEN 1532450444 AND 1532454044 LIMIT 1   [ RunTime:0.0000s ]
SQL: SELECT `price` FROM `blue_trade` WHERE `currency_id` = 52 AND `type` = 'buy' AND `add_time` <= 1532454044 ORDER BY add_time desc LIMIT 1   [ RunTime:0.0010s ]
SQL: SELECT MAX(price) AS tp_max FROM `blue_trade` WHERE `currency_id` = 52 AND `type` = 'buy' AND `add_time` BETWEEN 1532450444 AND 1532454044 LIMIT 1   [ RunTime:0.0000s ]
SQL: SELECT MIN(price) AS tp_min FROM `blue_trade` WHERE `currency_id` = 52 AND `type` = 'buy' AND `add_time` BETWEEN 1532450444 AND 1532454044 LIMIT 1   [ RunTime:0.0010s ]
SQL: SELECT `price` FROM `blue_trade` WHERE `currency_id` = 52 AND `type` = 'buy' AND `add_time` BETWEEN 1532450444 AND 1532454044 ORDER BY add_time asc LIMIT 1   [ RunTime:0.0000s ]
SQL: SELECT SUM(num) AS tp_sum FROM `blue_trade` WHERE `currency_id` = 52 AND `type` = 'buy' AND `add_time` BETWEEN 1532454044 AND 1532457644 LIMIT 1   [ RunTime:0.0000s ]
SQL: SELECT `price` FROM `blue_trade` WHERE `currency_id` = 52 AND `type` = 'buy' AND `add_time` <= 1532457644 ORDER BY add_time desc LIMIT 1   [ RunTime:0.0000s ]
SQL: SELECT MAX(price) AS tp_max FROM `blue_trade` WHERE `currency_id` = 52 AND `type` = 'buy' AND `add_time` BETWEEN 1532454044 AND 1532457644 LIMIT 1   [ RunTime:0.0000s ]
SQL: SELECT MIN(price) AS tp_min FROM `blue_trade` WHERE `currency_id` = 52 AND `type` = 'buy' AND `add_time` BETWEEN 1532454044 AND 1532457644 LIMIT 1   [ RunTime:0.0010s ]
SQL: SELECT `price` FROM `blue_trade` WHERE `currency_id` = 52 AND `type` = 'buy' AND `add_time` BETWEEN 1532454044 AND 1532457644 ORDER BY add_time asc LIMIT 1   [ RunTime:0.0000s ]
SQL: SELECT SUM(num) AS tp_sum FROM `blue_trade` WHERE `currency_id` = 52 AND `type` = 'buy' AND `add_time` BETWEEN 1532457644 AND 1532461244 LIMIT 1   [ RunTime:0.0010s ]
SQL: SELECT `price` FROM `blue_trade` WHERE `currency_id` = 52 AND `type` = 'buy' AND `add_time` <= 1532461244 ORDER BY add_time desc LIMIT 1   [ RunTime:0.0000s ]
SQL: SELECT MAX(price) AS tp_max FROM `blue_trade` WHERE `currency_id` = 52 AND `type` = 'buy' AND `add_time` BETWEEN 1532457644 AND 1532461244 LIMIT 1   [ RunTime:0.0010s ]
SQL: SELECT MIN(price) AS tp_min FROM `blue_trade` WHERE `currency_id` = 52 AND `type` = 'buy' AND `add_time` BETWEEN 1532457644 AND 1532461244 LIMIT 1   [ RunTime:0.0000s ]
SQL: SELECT `price` FROM `blue_trade` WHERE `currency_id` = 52 AND `type` = 'buy' AND `add_time` BETWEEN 1532457644 AND 1532461244 ORDER BY add_time asc LIMIT 1   [ RunTime:0.0000s ]
SQL: SELECT SUM(num) AS tp_sum FROM `blue_trade` WHERE `currency_id` = 52 AND `type` = 'buy' AND `add_time` BETWEEN 1532461244 AND 1532464844 LIMIT 1   [ RunTime:0.0000s ]
SQL: SELECT `price` FROM `blue_trade` WHERE `currency_id` = 52 AND `type` = 'buy' AND `add_time` <= 1532464844 ORDER BY add_time desc LIMIT 1   [ RunTime:0.0010s ]
SQL: SELECT MAX(price) AS tp_max FROM `blue_trade` WHERE `currency_id` = 52 AND `type` = 'buy' AND `add_time` BETWEEN 1532461244 AND 1532464844 LIMIT 1   [ RunTime:0.0000s ]
SQL: SELECT MIN(price) AS tp_min FROM `blue_trade` WHERE `currency_id` = 52 AND `type` = 'buy' AND `add_time` BETWEEN 1532461244 AND 1532464844 LIMIT 1   [ RunTime:0.0000s ]
SQL: SELECT `price` FROM `blue_trade` WHERE `currency_id` = 52 AND `type` = 'buy' AND `add_time` BETWEEN 1532461244 AND 1532464844 ORDER BY add_time asc LIMIT 1   [ RunTime:0.0000s ]
SQL: SELECT SUM(num) AS tp_sum FROM `blue_trade` WHERE `currency_id` = 52 AND `type` = 'buy' AND `add_time` BETWEEN 1532464844 AND 1532468444 LIMIT 1   [ RunTime:0.0000s ]
SQL: SELECT `price` FROM `blue_trade` WHERE `currency_id` = 52 AND `type` = 'buy' AND `add_time` <= 1532468444 ORDER BY add_time desc LIMIT 1   [ RunTime:0.0010s ]
SQL: SELECT MAX(price) AS tp_max FROM `blue_trade` WHERE `currency_id` = 52 AND `type` = 'buy' AND `add_time` BETWEEN 1532464844 AND 1532468444 LIMIT 1   [ RunTime:0.0000s ]
SQL: SELECT MIN(price) AS tp_min FROM `blue_trade` WHERE `currency_id` = 52 AND `type` = 'buy' AND `add_time` BETWEEN 1532464844 AND 1532468444 LIMIT 1   [ RunTime:0.0010s ]
SQL: SELECT `price` FROM `blue_trade` WHERE `currency_id` = 52 AND `type` = 'buy' AND `add_time` BETWEEN 1532464844 AND 1532468444 ORDER BY add_time asc LIMIT 1   [ RunTime:0.0000s ]
SQL: SELECT SUM(num) AS tp_sum FROM `blue_trade` WHERE `currency_id` = 52 AND `type` = 'buy' AND `add_time` BETWEEN 1532468444 AND 1532472044 LIMIT 1   [ RunTime:0.0010s ]
SQL: SELECT `price` FROM `blue_trade` WHERE `currency_id` = 52 AND `type` = 'buy' AND `add_time` <= 1532472044 ORDER BY add_time desc LIMIT 1   [ RunTime:0.0000s ]
SQL: SELECT MAX(price) AS tp_max FROM `blue_trade` WHERE `currency_id` = 52 AND `type` = 'buy' AND `add_time` BETWEEN 1532468444 AND 1532472044 LIMIT 1   [ RunTime:0.0010s ]
SQL: SELECT MIN(price) AS tp_min FROM `blue_trade` WHERE `currency_id` = 52 AND `type` = 'buy' AND `add_time` BETWEEN 1532468444 AND 1532472044 LIMIT 1   [ RunTime:0.0000s ]
SQL: SELECT `price` FROM `blue_trade` WHERE `currency_id` = 52 AND `type` = 'buy' AND `add_time` BETWEEN 1532468444 AND 1532472044 ORDER BY add_time asc LIMIT 1   [ RunTime:0.0000s ]
SQL: SELECT SUM(num) AS tp_sum FROM `blue_trade` WHERE `currency_id` = 52 AND `type` = 'buy' AND `add_time` BETWEEN 1532472044 AND 1532475644 LIMIT 1   [ RunTime:0.0000s ]
SQL: SELECT `price` FROM `blue_trade` WHERE `currency_id` = 52 AND `type` = 'buy' AND `add_time` <= 1532475644 ORDER BY add_time desc LIMIT 1   [ RunTime:0.0000s ]
SQL: SELECT MAX(price) AS tp_max FROM `blue_trade` WHERE `currency_id` = 52 AND `type` = 'buy' AND `add_time` BETWEEN 1532472044 AND 1532475644 LIMIT 1   [ RunTime:0.0010s ]
SQL: SELECT MIN(price) AS tp_min FROM `blue_trade` WHERE `currency_id` = 52 AND `type` = 'buy' AND `add_time` BETWEEN 1532472044 AND 1532475644 LIMIT 1   [ RunTime:0.0000s ]
SQL: SELECT `price` FROM `blue_trade` WHERE `currency_id` = 52 AND `type` = 'buy' AND `add_time` BETWEEN 1532472044 AND 1532475644 ORDER BY add_time asc LIMIT 1   [ RunTime:0.0010s ]
SQL: SELECT SUM(num) AS tp_sum FROM `blue_trade` WHERE `currency_id` = 52 AND `type` = 'buy' AND `add_time` BETWEEN 1532475644 AND 1532479244 LIMIT 1   [ RunTime:0.0000s ]
SQL: SELECT `price` FROM `blue_trade` WHERE `currency_id` = 52 AND `type` = 'buy' AND `add_time` <= 1532479244 ORDER BY add_time desc LIMIT 1   [ RunTime:0.0000s ]
SQL: SELECT MAX(price) AS tp_max FROM `blue_trade` WHERE `currency_id` = 52 AND `type` = 'buy' AND `add_time` BETWEEN 1532475644 AND 1532479244 LIMIT 1   [ RunTime:0.0000s ]
SQL: SELECT MIN(price) AS tp_min FROM `blue_trade` WHERE `currency_id` = 52 AND `type` = 'buy' AND `add_time` BETWEEN 1532475644 AND 1532479244 LIMIT 1   [ RunTime:0.0000s ]
SQL: SELECT `price` FROM `blue_trade` WHERE `currency_id` = 52 AND `type` = 'buy' AND `add_time` BETWEEN 1532475644 AND 1532479244 ORDER BY add_time asc LIMIT 1   [ RunTime:0.0010s ]
SQL: SELECT SUM(num) AS tp_sum FROM `blue_trade` WHERE `currency_id` = 52 AND `type` = 'buy' AND `add_time` BETWEEN 1532479244 AND 1532482844 LIMIT 1   [ RunTime:0.0000s ]
SQL: SELECT `price` FROM `blue_trade` WHERE `currency_id` = 52 AND `type` = 'buy' AND `add_time` <= 1532482844 ORDER BY add_time desc LIMIT 1   [ RunTime:0.0010s ]
SQL: SELECT MAX(price) AS tp_max FROM `blue_trade` WHERE `currency_id` = 52 AND `type` = 'buy' AND `add_time` BETWEEN 1532479244 AND 1532482844 LIMIT 1   [ RunTime:0.0000s ]
SQL: SELECT MIN(price) AS tp_min FROM `blue_trade` WHERE `currency_id` = 52 AND `type` = 'buy' AND `add_time` BETWEEN 1532479244 AND 1532482844 LIMIT 1   [ RunTime:0.0010s ]
SQL: SELECT `price` FROM `blue_trade` WHERE `currency_id` = 52 AND `type` = 'buy' AND `add_time` BETWEEN 1532479244 AND 1532482844 ORDER BY add_time asc LIMIT 1   [ RunTime:0.0000s ]
SQL: SELECT SUM(num) AS tp_sum FROM `blue_trade` WHERE `currency_id` = 52 AND `type` = 'buy' AND `add_time` BETWEEN 1532482844 AND 1532486444 LIMIT 1   [ RunTime:0.0000s ]
SQL: SELECT `price` FROM `blue_trade` WHERE `currency_id` = 52 AND `type` = 'buy' AND `add_time` <= 1532486444 ORDER BY add_time desc LIMIT 1   [ RunTime:0.0000s ]
SQL: SELECT MAX(price) AS tp_max FROM `blue_trade` WHERE `currency_id` = 52 AND `type` = 'buy' AND `add_time` BETWEEN 1532482844 AND 1532486444 LIMIT 1   [ RunTime:0.0000s ]
SQL: SELECT MIN(price) AS tp_min FROM `blue_trade` WHERE `currency_id` = 52 AND `type` = 'buy' AND `add_time` BETWEEN 1532482844 AND 1532486444 LIMIT 1   [ RunTime:0.0010s ]
SQL: SELECT `price` FROM `blue_trade` WHERE `currency_id` = 52 AND `type` = 'buy' AND `add_time` BETWEEN 1532482844 AND 1532486444 ORDER BY add_time asc LIMIT 1   [ RunTime:0.0000s ]
SQL: SELECT SUM(num) AS tp_sum FROM `blue_trade` WHERE `currency_id` = 52 AND `type` = 'buy' AND `add_time` BETWEEN 1532486444 AND 1532490044 LIMIT 1   [ RunTime:0.0010s ]
SQL: SELECT `price` FROM `blue_trade` WHERE `currency_id` = 52 AND `type` = 'buy' AND `add_time` <= 1532490044 ORDER BY add_time desc LIMIT 1   [ RunTime:0.0000s ]
SQL: SELECT MAX(price) AS tp_max FROM `blue_trade` WHERE `currency_id` = 52 AND `type` = 'buy' AND `add_time` BETWEEN 1532486444 AND 1532490044 LIMIT 1   [ RunTime:0.0010s ]
SQL: SELECT MIN(price) AS tp_min FROM `blue_trade` WHERE `currency_id` = 52 AND `type` = 'buy' AND `add_time` BETWEEN 1532486444 AND 1532490044 LIMIT 1   [ RunTime:0.0000s ]
SQL: SELECT `price` FROM `blue_trade` WHERE `currency_id` = 52 AND `type` = 'buy' AND `add_time` BETWEEN 1532486444 AND 1532490044 ORDER BY add_time asc LIMIT 1   [ RunTime:0.0000s ]
SQL: SELECT SUM(num) AS tp_sum FROM `blue_trade` WHERE `currency_id` = 52 AND `type` = 'buy' AND `add_time` BETWEEN 1532490044 AND 1532493644 LIMIT 1   [ RunTime:0.0000s ]
SQL: SELECT `price` FROM `blue_trade` WHERE `currency_id` = 52 AND `type` = 'buy' AND `add_time` <= 1532493644 ORDER BY add_time desc LIMIT 1   [ RunTime:0.0000s ]
SQL: SELECT MAX(price) AS tp_max FROM `blue_trade` WHERE `currency_id` = 52 AND `type` = 'buy' AND `add_time` BETWEEN 1532490044 AND 1532493644 LIMIT 1   [ RunTime:0.0010s ]
SQL: SELECT MIN(price) AS tp_min FROM `blue_trade` WHERE `currency_id` = 52 AND `type` = 'buy' AND `add_time` BETWEEN 1532490044 AND 1532493644 LIMIT 1   [ RunTime:0.0000s ]
SQL: SELECT `price` FROM `blue_trade` WHERE `currency_id` = 52 AND `type` = 'buy' AND `add_time` BETWEEN 1532490044 AND 1532493644 ORDER BY add_time asc LIMIT 1   [ RunTime:0.0010s ]
SQL: SELECT SUM(num) AS tp_sum FROM `blue_trade` WHERE `currency_id` = 52 AND `type` = 'buy' AND `add_time` BETWEEN 1532493644 AND 1532497244 LIMIT 1   [ RunTime:0.0000s ]
SQL: SELECT `price` FROM `blue_trade` WHERE `currency_id` = 52 AND `type` = 'buy' AND `add_time` <= 1532497244 ORDER BY add_time desc LIMIT 1   [ RunTime:0.0010s ]
SQL: SELECT MAX(price) AS tp_max FROM `blue_trade` WHERE `currency_id` = 52 AND `type` = 'buy' AND `add_time` BETWEEN 1532493644 AND 1532497244 LIMIT 1   [ RunTime:0.0000s ]
SQL: SELECT MIN(price) AS tp_min FROM `blue_trade` WHERE `currency_id` = 52 AND `type` = 'buy' AND `add_time` BETWEEN 1532493644 AND 1532497244 LIMIT 1   [ RunTime:0.0000s ]
SQL: SELECT `price` FROM `blue_trade` WHERE `currency_id` = 52 AND `type` = 'buy' AND `add_time` BETWEEN 1532493644 AND 1532497244 ORDER BY add_time asc LIMIT 1   [ RunTime:0.0000s ]
SQL: SELECT SUM(num) AS tp_sum FROM `blue_trade` WHERE `currency_id` = 52 AND `type` = 'buy' AND `add_time` BETWEEN 1532497244 AND 1532500844 LIMIT 1   [ RunTime:0.0000s ]
SQL: SELECT `price` FROM `blue_trade` WHERE `currency_id` = 52 AND `type` = 'buy' AND `add_time` <= 1532500844 ORDER BY add_time desc LIMIT 1   [ RunTime:0.0000s ]
SQL: SELECT MAX(price) AS tp_max FROM `blue_trade` WHERE `currency_id` = 52 AND `type` = 'buy' AND `add_time` BETWEEN 1532497244 AND 1532500844 LIMIT 1   [ RunTime:0.0010s ]
SQL: SELECT MIN(price) AS tp_min FROM `blue_trade` WHERE `currency_id` = 52 AND `type` = 'buy' AND `add_time` BETWEEN 1532497244 AND 1532500844 LIMIT 1   [ RunTime:0.0000s ]
SQL: SELECT `price` FROM `blue_trade` WHERE `currency_id` = 52 AND `type` = 'buy' AND `add_time` BETWEEN 1532497244 AND 1532500844 ORDER BY add_time asc LIMIT 1   [ RunTime:0.0010s ]
SQL: SELECT SUM(num) AS tp_sum FROM `blue_trade` WHERE `currency_id` = 52 AND `type` = 'buy' AND `add_time` BETWEEN 1532500844 AND 1532504444 LIMIT 1   [ RunTime:0.0000s ]
SQL: SELECT `price` FROM `blue_trade` WHERE `currency_id` = 52 AND `type` = 'buy' AND `add_time` <= 1532504444 ORDER BY add_time desc LIMIT 1   [ RunTime:0.0010s ]
SQL: SELECT MAX(price) AS tp_max FROM `blue_trade` WHERE `currency_id` = 52 AND `type` = 'buy' AND `add_time` BETWEEN 1532500844 AND 1532504444 LIMIT 1   [ RunTime:0.0000s ]
SQL: SELECT MIN(price) AS tp_min FROM `blue_trade` WHERE `currency_id` = 52 AND `type` = 'buy' AND `add_time` BETWEEN 1532500844 AND 1532504444 LIMIT 1   [ RunTime:0.0000s ]
SQL: SELECT `price` FROM `blue_trade` WHERE `currency_id` = 52 AND `type` = 'buy' AND `add_time` BETWEEN 1532500844 AND 1532504444 ORDER BY add_time asc LIMIT 1   [ RunTime:0.0000s ]
SQL: SELECT SUM(num) AS tp_sum FROM `blue_trade` WHERE `currency_id` = 52 AND `type` = 'buy' AND `add_time` BETWEEN 1532504444 AND 1532508044 LIMIT 1   [ RunTime:0.0000s ]
SQL: SELECT `price` FROM `blue_trade` WHERE `currency_id` = 52 AND `type` = 'buy' AND `add_time` <= 1532508044 ORDER BY add_time desc LIMIT 1   [ RunTime:0.0010s ]
SQL: SELECT MAX(price) AS tp_max FROM `blue_trade` WHERE `currency_id` = 52 AND `type` = 'buy' AND `add_time` BETWEEN 1532504444 AND 1532508044 LIMIT 1   [ RunTime:0.0000s ]
SQL: SELECT MIN(price) AS tp_min FROM `blue_trade` WHERE `currency_id` = 52 AND `type` = 'buy' AND `add_time` BETWEEN 1532504444 AND 1532508044 LIMIT 1   [ RunTime:0.0000s ]
SQL: SELECT `price` FROM `blue_trade` WHERE `currency_id` = 52 AND `type` = 'buy' AND `add_time` BETWEEN 1532504444 AND 1532508044 ORDER BY add_time asc LIMIT 1   [ RunTime:0.0000s ]
SQL: SELECT SUM(num) AS tp_sum FROM `blue_trade` WHERE `currency_id` = 52 AND `type` = 'buy' AND `add_time` BETWEEN 1532508044 AND 1532511644 LIMIT 1   [ RunTime:0.0000s ]
SQL: SELECT `price` FROM `blue_trade` WHERE `currency_id` = 52 AND `type` = 'buy' AND `add_time` <= 1532511644 ORDER BY add_time desc LIMIT 1   [ RunTime:0.0010s ]
SQL: SELECT MAX(price) AS tp_max FROM `blue_trade` WHERE `currency_id` = 52 AND `type` = 'buy' AND `add_time` BETWEEN 1532508044 AND 1532511644 LIMIT 1   [ RunTime:0.0000s ]
SQL: SELECT MIN(price) AS tp_min FROM `blue_trade` WHERE `currency_id` = 52 AND `type` = 'buy' AND `add_time` BETWEEN 1532508044 AND 1532511644 LIMIT 1   [ RunTime:0.0000s ]
SQL: SELECT `price` FROM `blue_trade` WHERE `currency_id` = 52 AND `type` = 'buy' AND `add_time` BETWEEN 1532508044 AND 1532511644 ORDER BY add_time asc LIMIT 1   [ RunTime:0.0000s ]
SQL: SELECT SUM(num) AS tp_sum FROM `blue_trade` WHERE `currency_id` = 52 AND `type` = 'buy' AND `add_time` BETWEEN 1532511644 AND 1532515244 LIMIT 1   [ RunTime:0.0000s ]
SQL: SELECT `price` FROM `blue_trade` WHERE `currency_id` = 52 AND `type` = 'buy' AND `add_time` <= 1532515244 ORDER BY add_time desc LIMIT 1   [ RunTime:0.0010s ]
SQL: SELECT MAX(price) AS tp_max FROM `blue_trade` WHERE `currency_id` = 52 AND `type` = 'buy' AND `add_time` BETWEEN 1532511644 AND 1532515244 LIMIT 1   [ RunTime:0.0000s ]
SQL: SELECT MIN(price) AS tp_min FROM `blue_trade` WHERE `currency_id` = 52 AND `type` = 'buy' AND `add_time` BETWEEN 1532511644 AND 1532515244 LIMIT 1   [ RunTime:0.0000s ]
SQL: SELECT `price` FROM `blue_trade` WHERE `currency_id` = 52 AND `type` = 'buy' AND `add_time` BETWEEN 1532511644 AND 1532515244 ORDER BY add_time asc LIMIT 1   [ RunTime:0.0010s ]
SQL: SELECT SUM(num) AS tp_sum FROM `blue_trade` WHERE `currency_id` = 52 AND `type` = 'buy' AND `add_time` BETWEEN 1532515244 AND 1532518844 LIMIT 1   [ RunTime:0.0000s ]
SQL: SELECT `price` FROM `blue_trade` WHERE `currency_id` = 52 AND `type` = 'buy' AND `add_time` <= 1532518844 ORDER BY add_time desc LIMIT 1   [ RunTime:0.0010s ]
SQL: SELECT MAX(price) AS tp_max FROM `blue_trade` WHERE `currency_id` = 52 AND `type` = 'buy' AND `add_time` BETWEEN 1532515244 AND 1532518844 LIMIT 1   [ RunTime:0.0000s ]
SQL: SELECT MIN(price) AS tp_min FROM `blue_trade` WHERE `currency_id` = 52 AND `type` = 'buy' AND `add_time` BETWEEN 1532515244 AND 1532518844 LIMIT 1   [ RunTime:0.0000s ]
SQL: SELECT `price` FROM `blue_trade` WHERE `currency_id` = 52 AND `type` = 'buy' AND `add_time` BETWEEN 1532515244 AND 1532518844 ORDER BY add_time asc LIMIT 1   [ RunTime:0.0010s ]
SQL: SELECT SUM(num) AS tp_sum FROM `blue_trade` WHERE `currency_id` = 52 AND `type` = 'buy' AND `add_time` BETWEEN 1532518844 AND 1532522444 LIMIT 1   [ RunTime:0.0000s ]
SQL: SELECT `price` FROM `blue_trade` WHERE `currency_id` = 52 AND `type` = 'buy' AND `add_time` <= 1532522444 ORDER BY add_time desc LIMIT 1   [ RunTime:0.0010s ]
SQL: SELECT MAX(price) AS tp_max FROM `blue_trade` WHERE `currency_id` = 52 AND `type` = 'buy' AND `add_time` BETWEEN 1532518844 AND 1532522444 LIMIT 1   [ RunTime:0.0000s ]
SQL: SELECT MIN(price) AS tp_min FROM `blue_trade` WHERE `currency_id` = 52 AND `type` = 'buy' AND `add_time` BETWEEN 1532518844 AND 1532522444 LIMIT 1   [ RunTime:0.0010s ]
SQL: SELECT `price` FROM `blue_trade` WHERE `currency_id` = 52 AND `type` = 'buy' AND `add_time` BETWEEN 1532518844 AND 1532522444 ORDER BY add_time asc LIMIT 1   [ RunTime:0.0000s ]
SQL: SELECT SUM(num) AS tp_sum FROM `blue_trade` WHERE `currency_id` = 52 AND `type` = 'buy' AND `add_time` BETWEEN 1532522444 AND 1532526044 LIMIT 1   [ RunTime:0.0000s ]
SQL: SELECT `price` FROM `blue_trade` WHERE `currency_id` = 52 AND `type` = 'buy' AND `add_time` <= 1532526044 ORDER BY add_time desc LIMIT 1   [ RunTime:0.0000s ]
SQL: SELECT MAX(price) AS tp_max FROM `blue_trade` WHERE `currency_id` = 52 AND `type` = 'buy' AND `add_time` BETWEEN 1532522444 AND 1532526044 LIMIT 1   [ RunTime:0.0000s ]
SQL: SELECT MIN(price) AS tp_min FROM `blue_trade` WHERE `currency_id` = 52 AND `type` = 'buy' AND `add_time` BETWEEN 1532522444 AND 1532526044 LIMIT 1   [ RunTime:0.0010s ]
SQL: SELECT `price` FROM `blue_trade` WHERE `currency_id` = 52 AND `type` = 'buy' AND `add_time` BETWEEN 1532522444 AND 1532526044 ORDER BY add_time asc LIMIT 1   [ RunTime:0.0000s ]
SQL: SELECT SUM(num) AS tp_sum FROM `blue_trade` WHERE `currency_id` = 52 AND `type` = 'buy' AND `add_time` BETWEEN 1532526044 AND 1532529644 LIMIT 1   [ RunTime:0.0000s ]
SQL: SELECT `price` FROM `blue_trade` WHERE `currency_id` = 52 AND `type` = 'buy' AND `add_time` <= 1532529644 ORDER BY add_time desc LIMIT 1   [ RunTime:0.0000s ]
SQL: SELECT MAX(price) AS tp_max FROM `blue_trade` WHERE `currency_id` = 52 AND `type` = 'buy' AND `add_time` BETWEEN 1532526044 AND 1532529644 LIMIT 1   [ RunTime:0.0000s ]
SQL: SELECT MIN(price) AS tp_min FROM `blue_trade` WHERE `currency_id` = 52 AND `type` = 'buy' AND `add_time` BETWEEN 1532526044 AND 1532529644 LIMIT 1   [ RunTime:0.0010s ]
SQL: SELECT `price` FROM `blue_trade` WHERE `currency_id` = 52 AND `type` = 'buy' AND `add_time` BETWEEN 1532526044 AND 1532529644 ORDER BY add_time asc LIMIT 1   [ RunTime:0.0000s ]
SQL: SELECT SUM(num) AS tp_sum FROM `blue_trade` WHERE `currency_id` = 52 AND `type` = 'buy' AND `add_time` BETWEEN 1532529644 AND 1532533244 LIMIT 1   [ RunTime:0.0010s ]
SQL: SELECT `price` FROM `blue_trade` WHERE `currency_id` = 52 AND `type` = 'buy' AND `add_time` <= 1532533244 ORDER BY add_time desc LIMIT 1   [ RunTime:0.0000s ]
SQL: SELECT MAX(price) AS tp_max FROM `blue_trade` WHERE `currency_id` = 52 AND `type` = 'buy' AND `add_time` BETWEEN 1532529644 AND 1532533244 LIMIT 1   [ RunTime:0.0010s ]
SQL: SELECT MIN(price) AS tp_min FROM `blue_trade` WHERE `currency_id` = 52 AND `type` = 'buy' AND `add_time` BETWEEN 1532529644 AND 1532533244 LIMIT 1   [ RunTime:0.0000s ]
SQL: SELECT `price` FROM `blue_trade` WHERE `currency_id` = 52 AND `type` = 'buy' AND `add_time` BETWEEN 1532529644 AND 1532533244 ORDER BY add_time asc LIMIT 1   [ RunTime:0.0000s ]
SQL: SELECT SUM(num) AS tp_sum FROM `blue_trade` WHERE `currency_id` = 52 AND `type` = 'buy' AND `add_time` BETWEEN 1532533244 AND 1532536844 LIMIT 1   [ RunTime:0.0000s ]
SQL: SELECT `price` FROM `blue_trade` WHERE `currency_id` = 52 AND `type` = 'buy' AND `add_time` <= 1532536844 ORDER BY add_time desc LIMIT 1   [ RunTime:0.0000s ]
SQL: SELECT MAX(price) AS tp_max FROM `blue_trade` WHERE `currency_id` = 52 AND `type` = 'buy' AND `add_time` BETWEEN 1532533244 AND 1532536844 LIMIT 1   [ RunTime:0.0010s ]
SQL: SELECT MIN(price) AS tp_min FROM `blue_trade` WHERE `currency_id` = 52 AND `type` = 'buy' AND `add_time` BETWEEN 1532533244 AND 1532536844 LIMIT 1   [ RunTime:0.0000s ]
SQL: SELECT `price` FROM `blue_trade` WHERE `currency_id` = 52 AND `type` = 'buy' AND `add_time` BETWEEN 1532533244 AND 1532536844 ORDER BY add_time asc LIMIT 1   [ RunTime:0.0010s ]
SQL: SELECT SUM(num) AS tp_sum FROM `blue_trade` WHERE `currency_id` = 52 AND `type` = 'buy' AND `add_time` BETWEEN 1532536844 AND 1532540444 LIMIT 1   [ RunTime:0.0000s ]
SQL: SELECT `price` FROM `blue_trade` WHERE `currency_id` = 52 AND `type` = 'buy' AND `add_time` <= 1532540444 ORDER BY add_time desc LIMIT 1   [ RunTime:0.0000s ]
SQL: SELECT MAX(price) AS tp_max FROM `blue_trade` WHERE `currency_id` = 52 AND `type` = 'buy' AND `add_time` BETWEEN 1532536844 AND 1532540444 LIMIT 1   [ RunTime:0.0010s ]
SQL: SELECT MIN(price) AS tp_min FROM `blue_trade` WHERE `currency_id` = 52 AND `type` = 'buy' AND `add_time` BETWEEN 1532536844 AND 1532540444 LIMIT 1   [ RunTime:0.0000s ]
SQL: SELECT `price` FROM `blue_trade` WHERE `currency_id` = 52 AND `type` = 'buy' AND `add_time` BETWEEN 1532536844 AND 1532540444 ORDER BY add_time asc LIMIT 1   [ RunTime:0.0010s ]
SQL: SELECT SUM(num) AS tp_sum FROM `blue_trade` WHERE `currency_id` = 52 AND `type` = 'buy' AND `add_time` BETWEEN 1532540444 AND 1532544044 LIMIT 1   [ RunTime:0.0000s ]
SQL: SELECT `price` FROM `blue_trade` WHERE `currency_id` = 52 AND `type` = 'buy' AND `add_time` <= 1532544044 ORDER BY add_time desc LIMIT 1   [ RunTime:0.0000s ]
SQL: SELECT MAX(price) AS tp_max FROM `blue_trade` WHERE `currency_id` = 52 AND `type` = 'buy' AND `add_time` BETWEEN 1532540444 AND 1532544044 LIMIT 1   [ RunTime:0.0000s ]
SQL: SELECT MIN(price) AS tp_min FROM `blue_trade` WHERE `currency_id` = 52 AND `type` = 'buy' AND `add_time` BETWEEN 1532540444 AND 1532544044 LIMIT 1   [ RunTime:0.0000s ]
SQL: SELECT `price` FROM `blue_trade` WHERE `currency_id` = 52 AND `type` = 'buy' AND `add_time` BETWEEN 1532540444 AND 1532544044 ORDER BY add_time asc LIMIT 1   [ RunTime:0.0010s ]
SQL: SELECT SUM(num) AS tp_sum FROM `blue_trade` WHERE `currency_id` = 52 AND `type` = 'buy' AND `add_time` BETWEEN 1532544044 AND 1532547644 LIMIT 1   [ RunTime:0.0000s ]
SQL: SELECT `price` FROM `blue_trade` WHERE `currency_id` = 52 AND `type` = 'buy' AND `add_time` <= 1532547644 ORDER BY add_time desc LIMIT 1   [ RunTime:0.0010s ]
SQL: SELECT MAX(price) AS tp_max FROM `blue_trade` WHERE `currency_id` = 52 AND `type` = 'buy' AND `add_time` BETWEEN 1532544044 AND 1532547644 LIMIT 1   [ RunTime:0.0000s ]
SQL: SELECT MIN(price) AS tp_min FROM `blue_trade` WHERE `currency_id` = 52 AND `type` = 'buy' AND `add_time` BETWEEN 1532544044 AND 1532547644 LIMIT 1   [ RunTime:0.0010s ]
SQL: SELECT `price` FROM `blue_trade` WHERE `currency_id` = 52 AND `type` = 'buy' AND `add_time` BETWEEN 1532544044 AND 1532547644 ORDER BY add_time asc LIMIT 1   [ RunTime:0.0000s ]
SQL: SELECT SUM(num) AS tp_sum FROM `blue_trade` WHERE `currency_id` = 52 AND `type` = 'buy' AND `add_time` BETWEEN 1532547644 AND 1532551244 LIMIT 1   [ RunTime:0.0010s ]
SQL: SELECT `price` FROM `blue_trade` WHERE `currency_id` = 52 AND `type` = 'buy' AND `add_time` <= 1532551244 ORDER BY add_time desc LIMIT 1   [ RunTime:0.0000s ]
SQL: SELECT MAX(price) AS tp_max FROM `blue_trade` WHERE `currency_id` = 52 AND `type` = 'buy' AND `add_time` BETWEEN 1532547644 AND 1532551244 LIMIT 1   [ RunTime:0.0010s ]
SQL: SELECT MIN(price) AS tp_min FROM `blue_trade` WHERE `currency_id` = 52 AND `type` = 'buy' AND `add_time` BETWEEN 1532547644 AND 1532551244 LIMIT 1   [ RunTime:0.0000s ]
SQL: SELECT `price` FROM `blue_trade` WHERE `currency_id` = 52 AND `type` = 'buy' AND `add_time` BETWEEN 1532547644 AND 1532551244 ORDER BY add_time asc LIMIT 1   [ RunTime:0.0010s ]
SQL: SELECT SUM(num) AS tp_sum FROM `blue_trade` WHERE `currency_id` = 52 AND `type` = 'buy' AND `add_time` BETWEEN 1532551244 AND 1532554844 LIMIT 1   [ RunTime:0.0000s ]
SQL: SELECT `price` FROM `blue_trade` WHERE `currency_id` = 52 AND `type` = 'buy' AND `add_time` <= 1532554844 ORDER BY add_time desc LIMIT 1   [ RunTime:0.0000s ]
SQL: SELECT MAX(price) AS tp_max FROM `blue_trade` WHERE `currency_id` = 52 AND `type` = 'buy' AND `add_time` BETWEEN 1532551244 AND 1532554844 LIMIT 1   [ RunTime:0.0000s ]
SQL: SELECT MIN(price) AS tp_min FROM `blue_trade` WHERE `currency_id` = 52 AND `type` = 'buy' AND `add_time` BETWEEN 1532551244 AND 1532554844 LIMIT 1   [ RunTime:0.0000s ]
SQL: SELECT `price` FROM `blue_trade` WHERE `currency_id` = 52 AND `type` = 'buy' AND `add_time` BETWEEN 1532551244 AND 1532554844 ORDER BY add_time asc LIMIT 1   [ RunTime:0.0010s ]
SQL: SELECT SUM(num) AS tp_sum FROM `blue_trade` WHERE `currency_id` = 52 AND `type` = 'buy' AND `add_time` BETWEEN 1532554844 AND 1532558444 LIMIT 1   [ RunTime:0.0000s ]
SQL: SELECT `price` FROM `blue_trade` WHERE `currency_id` = 52 AND `type` = 'buy' AND `add_time` <= 1532558444 ORDER BY add_time desc LIMIT 1   [ RunTime:0.0010s ]
SQL: SELECT MAX(price) AS tp_max FROM `blue_trade` WHERE `currency_id` = 52 AND `type` = 'buy' AND `add_time` BETWEEN 1532554844 AND 1532558444 LIMIT 1   [ RunTime:0.0000s ]
SQL: SELECT MIN(price) AS tp_min FROM `blue_trade` WHERE `currency_id` = 52 AND `type` = 'buy' AND `add_time` BETWEEN 1532554844 AND 1532558444 LIMIT 1   [ RunTime:0.0010s ]
SQL: SELECT `price` FROM `blue_trade` WHERE `currency_id` = 52 AND `type` = 'buy' AND `add_time` BETWEEN 1532554844 AND 1532558444 ORDER BY add_time asc LIMIT 1   [ RunTime:0.0000s ]
SQL: SELECT SUM(num) AS tp_sum FROM `blue_trade` WHERE `currency_id` = 52 AND `type` = 'buy' AND `add_time` BETWEEN 1532558444 AND 1532562044 LIMIT 1   [ RunTime:0.0010s ]
SQL: SELECT `price` FROM `blue_trade` WHERE `currency_id` = 52 AND `type` = 'buy' AND `add_time` <= 1532562044 ORDER BY add_time desc LIMIT 1   [ RunTime:0.0000s ]
SQL: SELECT MAX(price) AS tp_max FROM `blue_trade` WHERE `currency_id` = 52 AND `type` = 'buy' AND `add_time` BETWEEN 1532558444 AND 1532562044 LIMIT 1   [ RunTime:0.0000s ]
SQL: SELECT MIN(price) AS tp_min FROM `blue_trade` WHERE `currency_id` = 52 AND `type` = 'buy' AND `add_time` BETWEEN 1532558444 AND 1532562044 LIMIT 1   [ RunTime:0.0000s ]
SQL: SELECT `price` FROM `blue_trade` WHERE `currency_id` = 52 AND `type` = 'buy' AND `add_time` BETWEEN 1532558444 AND 1532562044 ORDER BY add_time asc LIMIT 1   [ RunTime:0.0000s ]
SQL: SELECT SUM(num) AS tp_sum FROM `blue_trade` WHERE `currency_id` = 52 AND `type` = 'buy' AND `add_time` BETWEEN 1532562044 AND 1532565644 LIMIT 1   [ RunTime:0.0010s ]
SQL: SELECT `price` FROM `blue_trade` WHERE `currency_id` = 52 AND `type` = 'buy' AND `add_time` <= 1532565644 ORDER BY add_time desc LIMIT 1   [ RunTime:0.0000s ]
SQL: SELECT MAX(price) AS tp_max FROM `blue_trade` WHERE `currency_id` = 52 AND `type` = 'buy' AND `add_time` BETWEEN 1532562044 AND 1532565644 LIMIT 1   [ RunTime:0.0010s ]
SQL: SELECT MIN(price) AS tp_min FROM `blue_trade` WHERE `currency_id` = 52 AND `type` = 'buy' AND `add_time` BETWEEN 1532562044 AND 1532565644 LIMIT 1   [ RunTime:0.0000s ]
SQL: SELECT `price` FROM `blue_trade` WHERE `currency_id` = 52 AND `type` = 'buy' AND `add_time` BETWEEN 1532562044 AND 1532565644 ORDER BY add_time asc LIMIT 1   [ RunTime:0.0010s ]
SQL: SELECT SUM(num) AS tp_sum FROM `blue_trade` WHERE `currency_id` = 52 AND `type` = 'buy' AND `add_time` BETWEEN 1532565644 AND 1532569244 LIMIT 1   [ RunTime:0.0000s ]
SQL: SELECT `price` FROM `blue_trade` WHERE `currency_id` = 52 AND `type` = 'buy' AND `add_time` <= 1532569244 ORDER BY add_time desc LIMIT 1   [ RunTime:0.0000s ]
SQL: SELECT MAX(price) AS tp_max FROM `blue_trade` WHERE `currency_id` = 52 AND `type` = 'buy' AND `add_time` BETWEEN 1532565644 AND 1532569244 LIMIT 1   [ RunTime:0.0000s ]
SQL: SELECT MIN(price) AS tp_min FROM `blue_trade` WHERE `currency_id` = 52 AND `type` = 'buy' AND `add_time` BETWEEN 1532565644 AND 1532569244 LIMIT 1   [ RunTime:0.0000s ]
SQL: SELECT `price` FROM `blue_trade` WHERE `currency_id` = 52 AND `type` = 'buy' AND `add_time` BETWEEN 1532565644 AND 1532569244 ORDER BY add_time asc LIMIT 1   [ RunTime:0.0010s ]
SQL: SELECT SUM(num) AS tp_sum FROM `blue_trade` WHERE `currency_id` = 52 AND `type` = 'buy' AND `add_time` BETWEEN 1532569244 AND 1532572844 LIMIT 1   [ RunTime:0.0000s ]
SQL: SELECT `price` FROM `blue_trade` WHERE `currency_id` = 52 AND `type` = 'buy' AND `add_time` <= 1532572844 ORDER BY add_time desc LIMIT 1   [ RunTime:0.0010s ]
SQL: SELECT MAX(price) AS tp_max FROM `blue_trade` WHERE `currency_id` = 52 AND `type` = 'buy' AND `add_time` BETWEEN 1532569244 AND 1532572844 LIMIT 1   [ RunTime:0.0000s ]
SQL: SELECT MIN(price) AS tp_min FROM `blue_trade` WHERE `currency_id` = 52 AND `type` = 'buy' AND `add_time` BETWEEN 1532569244 AND 1532572844 LIMIT 1   [ RunTime:0.0010s ]
SQL: SELECT `price` FROM `blue_trade` WHERE `currency_id` = 52 AND `type` = 'buy' AND `add_time` BETWEEN 1532569244 AND 1532572844 ORDER BY add_time asc LIMIT 1   [ RunTime:0.0000s ]
SQL: SELECT SUM(num) AS tp_sum FROM `blue_trade` WHERE `currency_id` = 52 AND `type` = 'buy' AND `add_time` BETWEEN 1532572844 AND 1532576444 LIMIT 1   [ RunTime:0.0000s ]
SQL: SELECT `price` FROM `blue_trade` WHERE `currency_id` = 52 AND `type` = 'buy' AND `add_time` <= 1532576444 ORDER BY add_time desc LIMIT 1   [ RunTime:0.0000s ]
SQL: SELECT MAX(price) AS tp_max FROM `blue_trade` WHERE `currency_id` = 52 AND `type` = 'buy' AND `add_time` BETWEEN 1532572844 AND 1532576444 LIMIT 1   [ RunTime:0.0000s ]
SQL: SELECT MIN(price) AS tp_min FROM `blue_trade` WHERE `currency_id` = 52 AND `type` = 'buy' AND `add_time` BETWEEN 1532572844 AND 1532576444 LIMIT 1   [ RunTime:0.0000s ]
SQL: SELECT `price` FROM `blue_trade` WHERE `currency_id` = 52 AND `type` = 'buy' AND `add_time` BETWEEN 1532572844 AND 1532576444 ORDER BY add_time asc LIMIT 1   [ RunTime:0.0000s ]
SQL: SELECT SUM(num) AS tp_sum FROM `blue_trade` WHERE `currency_id` = 52 AND `type` = 'buy' AND `add_time` BETWEEN 1532576444 AND 1532580044 LIMIT 1   [ RunTime:0.0000s ]
SQL: SELECT `price` FROM `blue_trade` WHERE `currency_id` = 52 AND `type` = 'buy' AND `add_time` <= 1532580044 ORDER BY add_time desc LIMIT 1   [ RunTime:0.0000s ]
SQL: SELECT MAX(price) AS tp_max FROM `blue_trade` WHERE `currency_id` = 52 AND `type` = 'buy' AND `add_time` BETWEEN 1532576444 AND 1532580044 LIMIT 1   [ RunTime:0.0010s ]
SQL: SELECT MIN(price) AS tp_min FROM `blue_trade` WHERE `currency_id` = 52 AND `type` = 'buy' AND `add_time` BETWEEN 1532576444 AND 1532580044 LIMIT 1   [ RunTime:0.0000s ]
SQL: SELECT `price` FROM `blue_trade` WHERE `currency_id` = 52 AND `type` = 'buy' AND `add_time` BETWEEN 1532576444 AND 1532580044 ORDER BY add_time asc LIMIT 1   [ RunTime:0.0010s ]
SQL: SELECT SUM(num) AS tp_sum FROM `blue_trade` WHERE `currency_id` = 52 AND `type` = 'buy' AND `add_time` BETWEEN 1532580044 AND 1532583644 LIMIT 1   [ RunTime:0.0000s ]
SQL: SELECT `price` FROM `blue_trade` WHERE `currency_id` = 52 AND `type` = 'buy' AND `add_time` <= 1532583644 ORDER BY add_time desc LIMIT 1   [ RunTime:0.0010s ]
SQL: SELECT MAX(price) AS tp_max FROM `blue_trade` WHERE `currency_id` = 52 AND `type` = 'buy' AND `add_time` BETWEEN 1532580044 AND 1532583644 LIMIT 1   [ RunTime:0.0000s ]
SQL: SELECT MIN(price) AS tp_min FROM `blue_trade` WHERE `currency_id` = 52 AND `type` = 'buy' AND `add_time` BETWEEN 1532580044 AND 1532583644 LIMIT 1   [ RunTime:0.0000s ]
SQL: SELECT `price` FROM `blue_trade` WHERE `currency_id` = 52 AND `type` = 'buy' AND `add_time` BETWEEN 1532580044 AND 1532583644 ORDER BY add_time asc LIMIT 1   [ RunTime:0.0000s ]
SQL: SELECT SUM(num) AS tp_sum FROM `blue_trade` WHERE `currency_id` = 52 AND `type` = 'buy' AND `add_time` BETWEEN 1532583644 AND 1532587244 LIMIT 1   [ RunTime:0.0000s ]
SQL: SELECT `price` FROM `blue_trade` WHERE `currency_id` = 52 AND `type` = 'buy' AND `add_time` <= 1532587244 ORDER BY add_time desc LIMIT 1   [ RunTime:0.0010s ]
SQL: SELECT MAX(price) AS tp_max FROM `blue_trade` WHERE `currency_id` = 52 AND `type` = 'buy' AND `add_time` BETWEEN 1532583644 AND 1532587244 LIMIT 1   [ RunTime:0.0000s ]
SQL: SELECT MIN(price) AS tp_min FROM `blue_trade` WHERE `currency_id` = 52 AND `type` = 'buy' AND `add_time` BETWEEN 1532583644 AND 1532587244 LIMIT 1   [ RunTime:0.0010s ]
SQL: SELECT `price` FROM `blue_trade` WHERE `currency_id` = 52 AND `type` = 'buy' AND `add_time` BETWEEN 1532583644 AND 1532587244 ORDER BY add_time asc LIMIT 1   [ RunTime:0.0000s ]
SQL: SELECT SUM(num) AS tp_sum FROM `blue_trade` WHERE `currency_id` = 52 AND `type` = 'buy' AND `add_time` BETWEEN 1532587244 AND 1532590844 LIMIT 1   [ RunTime:0.0010s ]
SQL: SELECT `price` FROM `blue_trade` WHERE `currency_id` = 52 AND `type` = 'buy' AND `add_time` <= 1532590844 ORDER BY add_time desc LIMIT 1   [ RunTime:0.0000s ]
SQL: SELECT MAX(price) AS tp_max FROM `blue_trade` WHERE `currency_id` = 52 AND `type` = 'buy' AND `add_time` BETWEEN 1532587244 AND 1532590844 LIMIT 1   [ RunTime:0.0000s ]
SQL: SELECT MIN(price) AS tp_min FROM `blue_trade` WHERE `currency_id` = 52 AND `type` = 'buy' AND `add_time` BETWEEN 1532587244 AND 1532590844 LIMIT 1   [ RunTime:0.0000s ]
SQL: SELECT `price` FROM `blue_trade` WHERE `currency_id` = 52 AND `type` = 'buy' AND `add_time` BETWEEN 1532587244 AND 1532590844 ORDER BY add_time asc LIMIT 1   [ RunTime:0.0000s ]
SQL: SELECT SUM(num) AS tp_sum FROM `blue_trade` WHERE `currency_id` = 52 AND `type` = 'buy' AND `add_time` BETWEEN 1532590844 AND 1532594444 LIMIT 1   [ RunTime:0.0010s ]
SQL: SELECT `price` FROM `blue_trade` WHERE `currency_id` = 52 AND `type` = 'buy' AND `add_time` <= 1532594444 ORDER BY add_time desc LIMIT 1   [ RunTime:0.0000s ]
SQL: SELECT MAX(price) AS tp_max FROM `blue_trade` WHERE `currency_id` = 52 AND `type` = 'buy' AND `add_time` BETWEEN 1532590844 AND 1532594444 LIMIT 1   [ RunTime:0.0010s ]
SQL: SELECT MIN(price) AS tp_min FROM `blue_trade` WHERE `currency_id` = 52 AND `type` = 'buy' AND `add_time` BETWEEN 1532590844 AND 1532594444 LIMIT 1   [ RunTime:0.0000s ]
SQL: SELECT `price` FROM `blue_trade` WHERE `currency_id` = 52 AND `type` = 'buy' AND `add_time` BETWEEN 1532590844 AND 1532594444 ORDER BY add_time asc LIMIT 1   [ RunTime:0.0000s ]
SQL: SELECT SUM(num) AS tp_sum FROM `blue_trade` WHERE `currency_id` = 52 AND `type` = 'buy' AND `add_time` BETWEEN 1532594444 AND 1532598044 LIMIT 1   [ RunTime:0.0000s ]
SQL: SELECT `price` FROM `blue_trade` WHERE `currency_id` = 52 AND `type` = 'buy' AND `add_time` <= 1532598044 ORDER BY add_time desc LIMIT 1   [ RunTime:0.0010s ]
SQL: SELECT MAX(price) AS tp_max FROM `blue_trade` WHERE `currency_id` = 52 AND `type` = 'buy' AND `add_time` BETWEEN 1532594444 AND 1532598044 LIMIT 1   [ RunTime:0.0000s ]
SQL: SELECT MIN(price) AS tp_min FROM `blue_trade` WHERE `currency_id` = 52 AND `type` = 'buy' AND `add_time` BETWEEN 1532594444 AND 1532598044 LIMIT 1   [ RunTime:0.0000s ]
SQL: SELECT `price` FROM `blue_trade` WHERE `currency_id` = 52 AND `type` = 'buy' AND `add_time` BETWEEN 1532594444 AND 1532598044 ORDER BY add_time asc LIMIT 1   [ RunTime:0.0000s ]
SQL: SELECT SUM(num) AS tp_sum FROM `blue_trade` WHERE `currency_id` = 52 AND `type` = 'buy' AND `add_time` BETWEEN 1532598044 AND 1532601644 LIMIT 1   [ RunTime:0.0000s ]
SQL: SELECT `price` FROM `blue_trade` WHERE `currency_id` = 52 AND `type` = 'buy' AND `add_time` <= 1532601644 ORDER BY add_time desc LIMIT 1   [ RunTime:0.0010s ]
SQL: SELECT MAX(price) AS tp_max FROM `blue_trade` WHERE `currency_id` = 52 AND `type` = 'buy' AND `add_time` BETWEEN 1532598044 AND 1532601644 LIMIT 1   [ RunTime:0.0000s ]
SQL: SELECT MIN(price) AS tp_min FROM `blue_trade` WHERE `currency_id` = 52 AND `type` = 'buy' AND `add_time` BETWEEN 1532598044 AND 1532601644 LIMIT 1   [ RunTime:0.0010s ]
SQL: SELECT `price` FROM `blue_trade` WHERE `currency_id` = 52 AND `type` = 'buy' AND `add_time` BETWEEN 1532598044 AND 1532601644 ORDER BY add_time asc LIMIT 1   [ RunTime:0.0000s ]
SQL: SELECT SUM(num) AS tp_sum FROM `blue_trade` WHERE `currency_id` = 52 AND `type` = 'buy' AND `add_time` BETWEEN 1532601644 AND 1532605244 LIMIT 1   [ RunTime:0.0010s ]
SQL: SELECT `price` FROM `blue_trade` WHERE `currency_id` = 52 AND `type` = 'buy' AND `add_time` <= 1532605244 ORDER BY add_time desc LIMIT 1   [ RunTime:0.0000s ]
SQL: SELECT MAX(price) AS tp_max FROM `blue_trade` WHERE `currency_id` = 52 AND `type` = 'buy' AND `add_time` BETWEEN 1532601644 AND 1532605244 LIMIT 1   [ RunTime:0.0000s ]
SQL: SELECT MIN(price) AS tp_min FROM `blue_trade` WHERE `currency_id` = 52 AND `type` = 'buy' AND `add_time` BETWEEN 1532601644 AND 1532605244 LIMIT 1   [ RunTime:0.0000s ]
SQL: SELECT `price` FROM `blue_trade` WHERE `currency_id` = 52 AND `type` = 'buy' AND `add_time` BETWEEN 1532601644 AND 1532605244 ORDER BY add_time asc LIMIT 1   [ RunTime:0.0000s ]
SQL: SELECT SUM(num) AS tp_sum FROM `blue_trade` WHERE `currency_id` = 52 AND `type` = 'buy' AND `add_time` BETWEEN 1532605244 AND 1532608844 LIMIT 1   [ RunTime:0.0010s ]
SQL: SELECT `price` FROM `blue_trade` WHERE `currency_id` = 52 AND `type` = 'buy' AND `add_time` <= 1532608844 ORDER BY add_time desc LIMIT 1   [ RunTime:0.0000s ]
SQL: SELECT MAX(price) AS tp_max FROM `blue_trade` WHERE `currency_id` = 52 AND `type` = 'buy' AND `add_time` BETWEEN 1532605244 AND 1532608844 LIMIT 1   [ RunTime:0.0000s ]
SQL: SELECT MIN(price) AS tp_min FROM `blue_trade` WHERE `currency_id` = 52 AND `type` = 'buy' AND `add_time` BETWEEN 1532605244 AND 1532608844 LIMIT 1   [ RunTime:0.0000s ]
SQL: SELECT `price` FROM `blue_trade` WHERE `currency_id` = 52 AND `type` = 'buy' AND `add_time` BETWEEN 1532605244 AND 1532608844 ORDER BY add_time asc LIMIT 1   [ RunTime:0.0000s ]
SQL: SELECT SUM(num) AS tp_sum FROM `blue_trade` WHERE `currency_id` = 52 AND `type` = 'buy' AND `add_time` BETWEEN 1532608844 AND 1532612444 LIMIT 1   [ RunTime:0.0010s ]
SQL: SELECT `price` FROM `blue_trade` WHERE `currency_id` = 52 AND `type` = 'buy' AND `add_time` <= 1532612444 ORDER BY add_time desc LIMIT 1   [ RunTime:0.0000s ]
SQL: SELECT MAX(price) AS tp_max FROM `blue_trade` WHERE `currency_id` = 52 AND `type` = 'buy' AND `add_time` BETWEEN 1532608844 AND 1532612444 LIMIT 1   [ RunTime:0.0010s ]
SQL: SELECT MIN(price) AS tp_min FROM `blue_trade` WHERE `currency_id` = 52 AND `type` = 'buy' AND `add_time` BETWEEN 1532608844 AND 1532612444 LIMIT 1   [ RunTime:0.0000s ]
SQL: SELECT `price` FROM `blue_trade` WHERE `currency_id` = 52 AND `type` = 'buy' AND `add_time` BETWEEN 1532608844 AND 1532612444 ORDER BY add_time asc LIMIT 1   [ RunTime:0.0000s ]
SQL: SELECT SUM(num) AS tp_sum FROM `blue_trade` WHERE `currency_id` = 52 AND `type` = 'buy' AND `add_time` BETWEEN 1532612444 AND 1532616044 LIMIT 1   [ RunTime:0.0000s ]
SQL: SELECT `price` FROM `blue_trade` WHERE `currency_id` = 52 AND `type` = 'buy' AND `add_time` <= 1532616044 ORDER BY add_time desc LIMIT 1   [ RunTime:0.0000s ]
SQL: SELECT MAX(price) AS tp_max FROM `blue_trade` WHERE `currency_id` = 52 AND `type` = 'buy' AND `add_time` BETWEEN 1532612444 AND 1532616044 LIMIT 1   [ RunTime:0.0000s ]
SQL: SELECT MIN(price) AS tp_min FROM `blue_trade` WHERE `currency_id` = 52 AND `type` = 'buy' AND `add_time` BETWEEN 1532612444 AND 1532616044 LIMIT 1   [ RunTime:0.0000s ]
SQL: SELECT `price` FROM `blue_trade` WHERE `currency_id` = 52 AND `type` = 'buy' AND `add_time` BETWEEN 1532612444 AND 1532616044 ORDER BY add_time asc LIMIT 1   [ RunTime:0.0010s ]
SQL: SELECT SUM(num) AS tp_sum FROM `blue_trade` WHERE `currency_id` = 52 AND `type` = 'buy' AND `add_time` BETWEEN 1532616044 AND 1532619644 LIMIT 1   [ RunTime:0.0000s ]
SQL: SELECT `price` FROM `blue_trade` WHERE `currency_id` = 52 AND `type` = 'buy' AND `add_time` <= 1532619644 ORDER BY add_time desc LIMIT 1   [ RunTime:0.0010s ]
SQL: SELECT MAX(price) AS tp_max FROM `blue_trade` WHERE `currency_id` = 52 AND `type` = 'buy' AND `add_time` BETWEEN 1532616044 AND 1532619644 LIMIT 1   [ RunTime:0.0000s ]
SQL: SELECT MIN(price) AS tp_min FROM `blue_trade` WHERE `currency_id` = 52 AND `type` = 'buy' AND `add_time` BETWEEN 1532616044 AND 1532619644 LIMIT 1   [ RunTime:0.0000s ]
SQL: SELECT `price` FROM `blue_trade` WHERE `currency_id` = 52 AND `type` = 'buy' AND `add_time` BETWEEN 1532616044 AND 1532619644 ORDER BY add_time asc LIMIT 1   [ RunTime:0.0000s ]
SQL: SELECT SUM(num) AS tp_sum FROM `blue_trade` WHERE `currency_id` = 52 AND `type` = 'buy' AND `add_time` BETWEEN 1532619644 AND 1532623244 LIMIT 1   [ RunTime:0.0000s ]
SQL: SELECT `price` FROM `blue_trade` WHERE `currency_id` = 52 AND `type` = 'buy' AND `add_time` <= 1532623244 ORDER BY add_time desc LIMIT 1   [ RunTime:0.0010s ]
SQL: SELECT MAX(price) AS tp_max FROM `blue_trade` WHERE `currency_id` = 52 AND `type` = 'buy' AND `add_time` BETWEEN 1532619644 AND 1532623244 LIMIT 1   [ RunTime:0.0000s ]
SQL: SELECT MIN(price) AS tp_min FROM `blue_trade` WHERE `currency_id` = 52 AND `type` = 'buy' AND `add_time` BETWEEN 1532619644 AND 1532623244 LIMIT 1   [ RunTime:0.0010s ]
SQL: SELECT `price` FROM `blue_trade` WHERE `currency_id` = 52 AND `type` = 'buy' AND `add_time` BETWEEN 1532619644 AND 1532623244 ORDER BY add_time asc LIMIT 1   [ RunTime:0.0000s ]
SQL: SELECT SUM(num) AS tp_sum FROM `blue_trade` WHERE `currency_id` = 52 AND `type` = 'buy' AND `add_time` BETWEEN 1532623244 AND 1532626844 LIMIT 1   [ RunTime:0.0000s ]
SQL: SELECT `price` FROM `blue_trade` WHERE `currency_id` = 52 AND `type` = 'buy' AND `add_time` <= 1532626844 ORDER BY add_time desc LIMIT 1   [ RunTime:0.0010s ]
SQL: SELECT MAX(price) AS tp_max FROM `blue_trade` WHERE `currency_id` = 52 AND `type` = 'buy' AND `add_time` BETWEEN 1532623244 AND 1532626844 LIMIT 1   [ RunTime:0.0000s ]
SQL: SELECT MIN(price) AS tp_min FROM `blue_trade` WHERE `currency_id` = 52 AND `type` = 'buy' AND `add_time` BETWEEN 1532623244 AND 1532626844 LIMIT 1   [ RunTime:0.0010s ]
SQL: SELECT `price` FROM `blue_trade` WHERE `currency_id` = 52 AND `type` = 'buy' AND `add_time` BETWEEN 1532623244 AND 1532626844 ORDER BY add_time asc LIMIT 1   [ RunTime:0.0000s ]
SQL: SELECT SUM(num) AS tp_sum FROM `blue_trade` WHERE `currency_id` = 52 AND `type` = 'buy' AND `add_time` BETWEEN 1532626844 AND 1532630444 LIMIT 1   [ RunTime:0.0000s ]
SQL: SELECT `price` FROM `blue_trade` WHERE `currency_id` = 52 AND `type` = 'buy' AND `add_time` <= 1532630444 ORDER BY add_time desc LIMIT 1   [ RunTime:0.0000s ]
SQL: SELECT MAX(price) AS tp_max FROM `blue_trade` WHERE `currency_id` = 52 AND `type` = 'buy' AND `add_time` BETWEEN 1532626844 AND 1532630444 LIMIT 1   [ RunTime:0.0000s ]
SQL: SELECT MIN(price) AS tp_min FROM `blue_trade` WHERE `currency_id` = 52 AND `type` = 'buy' AND `add_time` BETWEEN 1532626844 AND 1532630444 LIMIT 1   [ RunTime:0.0010s ]
SQL: SELECT `price` FROM `blue_trade` WHERE `currency_id` = 52 AND `type` = 'buy' AND `add_time` BETWEEN 1532626844 AND 1532630444 ORDER BY add_time asc LIMIT 1   [ RunTime:0.0000s ]
SQL: SELECT SUM(num) AS tp_sum FROM `blue_trade` WHERE `currency_id` = 52 AND `type` = 'buy' AND `add_time` BETWEEN 1532630444 AND 1532634044 LIMIT 1   [ RunTime:0.0010s ]
SQL: SELECT `price` FROM `blue_trade` WHERE `currency_id` = 52 AND `type` = 'buy' AND `add_time` <= 1532634044 ORDER BY add_time desc LIMIT 1   [ RunTime:0.0000s ]
SQL: SELECT MAX(price) AS tp_max FROM `blue_trade` WHERE `currency_id` = 52 AND `type` = 'buy' AND `add_time` BETWEEN 1532630444 AND 1532634044 LIMIT 1   [ RunTime:0.0010s ]
SQL: SELECT MIN(price) AS tp_min FROM `blue_trade` WHERE `currency_id` = 52 AND `type` = 'buy' AND `add_time` BETWEEN 1532630444 AND 1532634044 LIMIT 1   [ RunTime:0.0000s ]
SQL: SELECT `price` FROM `blue_trade` WHERE `currency_id` = 52 AND `type` = 'buy' AND `add_time` BETWEEN 1532630444 AND 1532634044 ORDER BY add_time asc LIMIT 1   [ RunTime:0.0000s ]
SQL: SELECT SUM(num) AS tp_sum FROM `blue_trade` WHERE `currency_id` = 52 AND `type` = 'buy' AND `add_time` BETWEEN 1532634044 AND 1532637644 LIMIT 1   [ RunTime:0.0000s ]
SQL: SELECT `price` FROM `blue_trade` WHERE `currency_id` = 52 AND `type` = 'buy' AND `add_time` <= 1532637644 ORDER BY add_time desc LIMIT 1   [ RunTime:0.0000s ]
SQL: SELECT MAX(price) AS tp_max FROM `blue_trade` WHERE `currency_id` = 52 AND `type` = 'buy' AND `add_time` BETWEEN 1532634044 AND 1532637644 LIMIT 1   [ RunTime:0.0010s ]
SQL: SELECT MIN(price) AS tp_min FROM `blue_trade` WHERE `currency_id` = 52 AND `type` = 'buy' AND `add_time` BETWEEN 1532634044 AND 1532637644 LIMIT 1   [ RunTime:0.0000s ]
SQL: SELECT `price` FROM `blue_trade` WHERE `currency_id` = 52 AND `type` = 'buy' AND `add_time` BETWEEN 1532634044 AND 1532637644 ORDER BY add_time asc LIMIT 1   [ RunTime:0.0010s ]
SQL: SELECT SUM(num) AS tp_sum FROM `blue_trade` WHERE `currency_id` = 52 AND `type` = 'buy' AND `add_time` BETWEEN 1532637644 AND 1532641244 LIMIT 1   [ RunTime:0.0000s ]
SQL: SELECT `price` FROM `blue_trade` WHERE `currency_id` = 52 AND `type` = 'buy' AND `add_time` <= 1532641244 ORDER BY add_time desc LIMIT 1   [ RunTime:0.0000s ]
SQL: SELECT MAX(price) AS tp_max FROM `blue_trade` WHERE `currency_id` = 52 AND `type` = 'buy' AND `add_time` BETWEEN 1532637644 AND 1532641244 LIMIT 1   [ RunTime:0.0000s ]
SQL: SELECT MIN(price) AS tp_min FROM `blue_trade` WHERE `currency_id` = 52 AND `type` = 'buy' AND `add_time` BETWEEN 1532637644 AND 1532641244 LIMIT 1   [ RunTime:0.0000s ]
SQL: SELECT `price` FROM `blue_trade` WHERE `currency_id` = 52 AND `type` = 'buy' AND `add_time` BETWEEN 1532637644 AND 1532641244 ORDER BY add_time asc LIMIT 1   [ RunTime:0.0010s ]
SQL: SELECT SUM(num) AS tp_sum FROM `blue_trade` WHERE `currency_id` = 52 AND `type` = 'buy' AND `add_time` BETWEEN 1532641244 AND 1532644844 LIMIT 1   [ RunTime:0.0000s ]
SQL: SELECT `price` FROM `blue_trade` WHERE `currency_id` = 52 AND `type` = 'buy' AND `add_time` <= 1532644844 ORDER BY add_time desc LIMIT 1   [ RunTime:0.0000s ]
SQL: SELECT MAX(price) AS tp_max FROM `blue_trade` WHERE `currency_id` = 52 AND `type` = 'buy' AND `add_time` BETWEEN 1532641244 AND 1532644844 LIMIT 1   [ RunTime:0.0000s ]
SQL: SELECT MIN(price) AS tp_min FROM `blue_trade` WHERE `currency_id` = 52 AND `type` = 'buy' AND `add_time` BETWEEN 1532641244 AND 1532644844 LIMIT 1   [ RunTime:0.0000s ]
SQL: SELECT `price` FROM `blue_trade` WHERE `currency_id` = 52 AND `type` = 'buy' AND `add_time` BETWEEN 1532641244 AND 1532644844 ORDER BY add_time asc LIMIT 1   [ RunTime:0.0010s ]
SQL: SELECT SUM(num) AS tp_sum FROM `blue_trade` WHERE `currency_id` = 52 AND `type` = 'buy' AND `add_time` BETWEEN 1532644844 AND 1532648444 LIMIT 1   [ RunTime:0.0000s ]
SQL: SELECT `price` FROM `blue_trade` WHERE `currency_id` = 52 AND `type` = 'buy' AND `add_time` <= 1532648444 ORDER BY add_time desc LIMIT 1   [ RunTime:0.0010s ]
SQL: SELECT MAX(price) AS tp_max FROM `blue_trade` WHERE `currency_id` = 52 AND `type` = 'buy' AND `add_time` BETWEEN 1532644844 AND 1532648444 LIMIT 1   [ RunTime:0.0000s ]
SQL: SELECT MIN(price) AS tp_min FROM `blue_trade` WHERE `currency_id` = 52 AND `type` = 'buy' AND `add_time` BETWEEN 1532644844 AND 1532648444 LIMIT 1   [ RunTime:0.0010s ]
SQL: SELECT `price` FROM `blue_trade` WHERE `currency_id` = 52 AND `type` = 'buy' AND `add_time` BETWEEN 1532644844 AND 1532648444 ORDER BY add_time asc LIMIT 1   [ RunTime:0.0000s ]
SQL: SELECT SUM(num) AS tp_sum FROM `blue_trade` WHERE `currency_id` = 52 AND `type` = 'buy' AND `add_time` BETWEEN 1532648444 AND 1532652044 LIMIT 1   [ RunTime:0.0000s ]
SQL: SELECT `price` FROM `blue_trade` WHERE `currency_id` = 52 AND `type` = 'buy' AND `add_time` <= 1532652044 ORDER BY add_time desc LIMIT 1   [ RunTime:0.0000s ]
SQL: SELECT MAX(price) AS tp_max FROM `blue_trade` WHERE `currency_id` = 52 AND `type` = 'buy' AND `add_time` BETWEEN 1532648444 AND 1532652044 LIMIT 1   [ RunTime:0.0000s ]
SQL: SELECT MIN(price) AS tp_min FROM `blue_trade` WHERE `currency_id` = 52 AND `type` = 'buy' AND `add_time` BETWEEN 1532648444 AND 1532652044 LIMIT 1   [ RunTime:0.0010s ]
SQL: SELECT `price` FROM `blue_trade` WHERE `currency_id` = 52 AND `type` = 'buy' AND `add_time` BETWEEN 1532648444 AND 1532652044 ORDER BY add_time asc LIMIT 1   [ RunTime:0.0000s ]
SQL: SELECT SUM(num) AS tp_sum FROM `blue_trade` WHERE `currency_id` = 52 AND `type` = 'buy' AND `add_time` BETWEEN 1532652044 AND 1532655644 LIMIT 1   [ RunTime:0.0010s ]
SQL: SELECT `price` FROM `blue_trade` WHERE `currency_id` = 52 AND `type` = 'buy' AND `add_time` <= 1532655644 ORDER BY add_time desc LIMIT 1   [ RunTime:0.0000s ]
SQL: SELECT MAX(price) AS tp_max FROM `blue_trade` WHERE `currency_id` = 52 AND `type` = 'buy' AND `add_time` BETWEEN 1532652044 AND 1532655644 LIMIT 1   [ RunTime:0.0000s ]
SQL: SELECT MIN(price) AS tp_min FROM `blue_trade` WHERE `currency_id` = 52 AND `type` = 'buy' AND `add_time` BETWEEN 1532652044 AND 1532655644 LIMIT 1   [ RunTime:0.0000s ]
SQL: SELECT `price` FROM `blue_trade` WHERE `currency_id` = 52 AND `type` = 'buy' AND `add_time` BETWEEN 1532652044 AND 1532655644 ORDER BY add_time asc LIMIT 1   [ RunTime:0.0000s ]
SQL: SELECT SUM(num) AS tp_sum FROM `blue_trade` WHERE `currency_id` = 52 AND `type` = 'buy' AND `add_time` BETWEEN 1532655644 AND 1532659244 LIMIT 1   [ RunTime:0.0000s ]
SQL: SELECT `price` FROM `blue_trade` WHERE `currency_id` = 52 AND `type` = 'buy' AND `add_time` <= 1532659244 ORDER BY add_time desc LIMIT 1   [ RunTime:0.0010s ]
SQL: SELECT MAX(price) AS tp_max FROM `blue_trade` WHERE `currency_id` = 52 AND `type` = 'buy' AND `add_time` BETWEEN 1532655644 AND 1532659244 LIMIT 1   [ RunTime:0.0000s ]
SQL: SELECT MIN(price) AS tp_min FROM `blue_trade` WHERE `currency_id` = 52 AND `type` = 'buy' AND `add_time` BETWEEN 1532655644 AND 1532659244 LIMIT 1   [ RunTime:0.0000s ]
SQL: SELECT `price` FROM `blue_trade` WHERE `currency_id` = 52 AND `type` = 'buy' AND `add_time` BETWEEN 1532655644 AND 1532659244 ORDER BY add_time asc LIMIT 1   [ RunTime:0.0000s ]
SQL: SELECT SUM(num) AS tp_sum FROM `blue_trade` WHERE `currency_id` = 52 AND `type` = 'buy' AND `add_time` BETWEEN 1532659244 AND 1532662844 LIMIT 1   [ RunTime:0.0000s ]
SQL: SELECT `price` FROM `blue_trade` WHERE `currency_id` = 52 AND `type` = 'buy' AND `add_time` <= 1532662844 ORDER BY add_time desc LIMIT 1   [ RunTime:0.0010s ]
SQL: SELECT MAX(price) AS tp_max FROM `blue_trade` WHERE `currency_id` = 52 AND `type` = 'buy' AND `add_time` BETWEEN 1532659244 AND 1532662844 LIMIT 1   [ RunTime:0.0000s ]
SQL: SELECT MIN(price) AS tp_min FROM `blue_trade` WHERE `currency_id` = 52 AND `type` = 'buy' AND `add_time` BETWEEN 1532659244 AND 1532662844 LIMIT 1   [ RunTime:0.0010s ]
SQL: SELECT `price` FROM `blue_trade` WHERE `currency_id` = 52 AND `type` = 'buy' AND `add_time` BETWEEN 1532659244 AND 1532662844 ORDER BY add_time asc LIMIT 1   [ RunTime:0.0000s ]

