[ 2018-08-02T22:22:46+08:00 ] 127.0.0.1 /
INFO: [ app_init ] --START--
INFO: Run Behavior\BuildLiteBehavior [ RunTime:0.000018s ]
INFO: [ app_init ] --END-- [ RunTime:0.000693s ]
INFO: [ app_begin ] --START--
INFO: Run Behavior\ReadHtmlCacheBehavior [ RunTime:0.001137s ]
INFO: [ app_begin ] --END-- [ RunTime:0.001208s ]
SQL: SHOW COLUMNS FROM `blue_config` [ RunTime:0.0023s ]
SQL: SELECT * FROM `blue_config`  [ RunTime:0.0009s ]
SQL: SHOW COLUMNS FROM `blue_purse_download` [ RunTime:0.0038s ]
SQL: SELECT * FROM `blue_purse_download` ORDER BY add_time desc LIMIT 0,6   [ RunTime:0.0003s ]
SQL: SHOW COLUMNS FROM `blue_dividend_config` [ RunTime:0.0021s ]
SQL: SELECT * FROM `blue_dividend_config`  [ RunTime:0.0007s ]

[ 2018-08-02T22:22:46+08:00 ] 127.0.0.1 /Home/Login/index.html
INFO: [ app_init ] --START--
INFO: Run Behavior\BuildLiteBehavior [ RunTime:0.000016s ]
INFO: [ app_init ] --END-- [ RunTime:0.000436s ]
INFO: [ app_begin ] --START--
INFO: Run Behavior\ReadHtmlCacheBehavior [ RunTime:0.000575s ]
INFO: [ app_begin ] --END-- [ RunTime:0.000628s ]
SQL: SHOW COLUMNS FROM `blue_config` [ RunTime:0.0024s ]
SQL: SELECT * FROM `blue_config`  [ RunTime:0.0006s ]
SQL: SHOW COLUMNS FROM `blue_purse_download` [ RunTime:0.0019s ]
SQL: SELECT * FROM `blue_purse_download` ORDER BY add_time desc LIMIT 0,6   [ RunTime:0.0003s ]
SQL: SHOW COLUMNS FROM `blue_dividend_config` [ RunTime:0.0018s ]
SQL: SELECT * FROM `blue_dividend_config`  [ RunTime:0.0004s ]
SQL: SHOW COLUMNS FROM `blue_article_category` [ RunTime:0.0020s ]
SQL: SELECT * FROM `blue_article_category` WHERE ( parent_id = 6 ) LIMIT 4   [ RunTime:0.0008s ]
SQL: SHOW COLUMNS FROM `blue_article` [ RunTime:0.0017s ]
SQL: SELECT * FROM `blue_article` WHERE ( position_id = 7 ) LIMIT 4   [ RunTime:0.0006s ]
SQL: SHOW COLUMNS FROM `blue_orders` [ RunTime:0.0018s ]
SQL: SHOW COLUMNS FROM `blue_currency` [ RunTime:0.0022s ]
SQL: SELECT * FROM `blue_currency` WHERE ( is_line=1  ) ORDER BY sort  [ RunTime:0.0007s ]
NOTIC: [8] Undefined variable: whereMark /Applications/MAMP/htdocs/project/sign/App/Common/Controller/CommonController.class.php 第 106 行.
SQL: SELECT `currency_id`,`currency_name`,`currency_logo`,`currency_mark` FROM `blue_currency` LIMIT 1   [ RunTime:0.0005s ]
SQL: SELECT `currency_id`,`currency_name`,`currency_logo`,`currency_mark` FROM `blue_currency` WHERE `is_line` = 1  [ RunTime:0.0003s ]
SQL: SELECT `price` FROM `blue_orders` WHERE ( currency_id = 52 ) ORDER BY add_time desc LIMIT 1   [ RunTime:0.0010s ]
SQL: SELECT `price` FROM `blue_orders` WHERE ( currency_id = 53 ) ORDER BY add_time desc LIMIT 1   [ RunTime:0.0009s ]
SQL: SELECT `price` FROM `blue_orders` WHERE ( currency_id = 54 ) ORDER BY add_time desc LIMIT 1   [ RunTime:0.0010s ]
INFO: [ view_parse ] --START--
INFO: [ template_filter ] --START--
INFO: Run Behavior\ContentReplaceBehavior [ RunTime:0.000428s ]
INFO: [ template_filter ] --END-- [ RunTime:0.000479s ]
INFO: Run Behavior\ParseTemplateBehavior [ RunTime:0.028221s ]
INFO: [ view_parse ] --END-- [ RunTime:0.028286s ]
INFO: [ view_filter ] --START--
INFO: Run Behavior\WriteHtmlCacheBehavior [ RunTime:0.000468s ]
INFO: [ view_filter ] --END-- [ RunTime:0.000518s ]
INFO: [ app_end ] --START--
INFO: Run Behavior\ShowPageTraceBehavior [ RunTime:0.002009s ]
INFO: [ app_end ] --END-- [ RunTime:0.002068s ]

[ 2018-08-02T22:22:47+08:00 ] 127.0.0.1 /Home/Reg/verifys
INFO: [ app_init ] --START--
INFO: Run Behavior\BuildLiteBehavior [ RunTime:0.000011s ]
INFO: [ app_init ] --END-- [ RunTime:0.000295s ]
INFO: [ app_begin ] --START--
INFO: Run Behavior\ReadHtmlCacheBehavior [ RunTime:0.000579s ]
INFO: [ app_begin ] --END-- [ RunTime:0.000631s ]
SQL: SHOW COLUMNS FROM `blue_config` [ RunTime:0.0019s ]
SQL: SELECT * FROM `blue_config`  [ RunTime:0.0005s ]
SQL: SHOW COLUMNS FROM `blue_purse_download` [ RunTime:0.0020s ]
SQL: SELECT * FROM `blue_purse_download` ORDER BY add_time desc LIMIT 0,6   [ RunTime:0.0003s ]
SQL: SHOW COLUMNS FROM `blue_dividend_config` [ RunTime:0.0020s ]
SQL: SELECT * FROM `blue_dividend_config`  [ RunTime:0.0004s ]
SQL: SHOW COLUMNS FROM `blue_article_category` [ RunTime:0.0018s ]
SQL: SELECT * FROM `blue_article_category` WHERE ( parent_id = 6 ) LIMIT 4   [ RunTime:0.0007s ]
SQL: SHOW COLUMNS FROM `blue_article` [ RunTime:0.0022s ]
SQL: SELECT * FROM `blue_article` WHERE ( position_id = 7 ) LIMIT 4   [ RunTime:0.0005s ]
SQL: SHOW COLUMNS FROM `blue_orders` [ RunTime:0.0018s ]
SQL: SHOW COLUMNS FROM `blue_currency` [ RunTime:0.0017s ]
SQL: SELECT * FROM `blue_currency` WHERE ( is_line=1  ) ORDER BY sort  [ RunTime:0.0006s ]
NOTIC: [8] Undefined variable: whereMark /Applications/MAMP/htdocs/project/sign/App/Common/Controller/CommonController.class.php 第 106 行.
SQL: SELECT `currency_id`,`currency_name`,`currency_logo`,`currency_mark` FROM `blue_currency` LIMIT 1   [ RunTime:0.0004s ]
SQL: SELECT `currency_id`,`currency_name`,`currency_logo`,`currency_mark` FROM `blue_currency` WHERE `is_line` = 1  [ RunTime:0.0004s ]
SQL: SELECT `price` FROM `blue_orders` WHERE ( currency_id = 52 ) ORDER BY add_time desc LIMIT 1   [ RunTime:0.0011s ]
SQL: SELECT `price` FROM `blue_orders` WHERE ( currency_id = 53 ) ORDER BY add_time desc LIMIT 1   [ RunTime:0.0010s ]
SQL: SELECT `price` FROM `blue_orders` WHERE ( currency_id = 54 ) ORDER BY add_time desc LIMIT 1   [ RunTime:0.0008s ]
INFO: [ app_end ] --START--
INFO: Run Behavior\ShowPageTraceBehavior [ RunTime:0.000682s ]
INFO: [ app_end ] --END-- [ RunTime:0.000753s ]

[ 2018-08-02T22:22:47+08:00 ] 127.0.0.1 /Home/Login/checkIp.html
INFO: [ app_init ] --START--
INFO: Run Behavior\BuildLiteBehavior [ RunTime:0.000014s ]
INFO: [ app_init ] --END-- [ RunTime:0.000398s ]
INFO: [ app_begin ] --START--
INFO: Run Behavior\ReadHtmlCacheBehavior [ RunTime:0.000614s ]
INFO: [ app_begin ] --END-- [ RunTime:0.000678s ]
NOTIC: [2] preg_match(): Delimiter must not be alphanumeric or backslash /Applications/MAMP/htdocs/project/sign/App/Common/Common/function.php 第 614 行.
SQL: SHOW COLUMNS FROM `blue_config` [ RunTime:0.0032s ]
SQL: SELECT * FROM `blue_config`  [ RunTime:0.0006s ]
SQL: SHOW COLUMNS FROM `blue_purse_download` [ RunTime:0.0026s ]
SQL: SELECT * FROM `blue_purse_download` ORDER BY add_time desc LIMIT 0,6   [ RunTime:0.0003s ]
SQL: SHOW COLUMNS FROM `blue_dividend_config` [ RunTime:0.0019s ]
SQL: SELECT * FROM `blue_dividend_config`  [ RunTime:0.0004s ]
SQL: SHOW COLUMNS FROM `blue_article_category` [ RunTime:0.0020s ]
SQL: SELECT * FROM `blue_article_category` WHERE ( parent_id = 6 ) LIMIT 4   [ RunTime:0.0007s ]
SQL: SHOW COLUMNS FROM `blue_article` [ RunTime:0.0021s ]
SQL: SELECT * FROM `blue_article` WHERE ( position_id = 7 ) LIMIT 4   [ RunTime:0.0005s ]
SQL: SHOW COLUMNS FROM `blue_orders` [ RunTime:0.0017s ]
SQL: SHOW COLUMNS FROM `blue_currency` [ RunTime:0.0025s ]
SQL: SELECT * FROM `blue_currency` WHERE ( is_line=1  ) ORDER BY sort  [ RunTime:0.0004s ]
NOTIC: [8] Undefined variable: whereMark /Applications/MAMP/htdocs/project/sign/App/Common/Controller/CommonController.class.php 第 106 行.
SQL: SELECT `currency_id`,`currency_name`,`currency_logo`,`currency_mark` FROM `blue_currency` LIMIT 1   [ RunTime:0.0002s ]
SQL: SELECT `currency_id`,`currency_name`,`currency_logo`,`currency_mark` FROM `blue_currency` WHERE `is_line` = 1  [ RunTime:0.0004s ]
SQL: SELECT `price` FROM `blue_orders` WHERE ( currency_id = 52 ) ORDER BY add_time desc LIMIT 1   [ RunTime:0.0006s ]
SQL: SELECT `price` FROM `blue_orders` WHERE ( currency_id = 53 ) ORDER BY add_time desc LIMIT 1   [ RunTime:0.0008s ]
SQL: SELECT `price` FROM `blue_orders` WHERE ( currency_id = 54 ) ORDER BY add_time desc LIMIT 1   [ RunTime:0.0009s ]
SQL: SHOW COLUMNS FROM `blue_member` [ RunTime:0.0025s ]
SQL: SELECT * FROM `blue_member` WHERE `username` = 'q291543713' LIMIT 1   [ RunTime:0.0006s ]

[ 2018-08-02T22:22:53+08:00 ] 127.0.0.1 /Home/Login/index.html
INFO: [ app_init ] --START--
INFO: Run Behavior\BuildLiteBehavior [ RunTime:0.000015s ]
INFO: [ app_init ] --END-- [ RunTime:0.000525s ]
INFO: [ app_begin ] --START--
INFO: Run Behavior\ReadHtmlCacheBehavior [ RunTime:0.000659s ]
INFO: [ app_begin ] --END-- [ RunTime:0.000716s ]
SQL: SHOW COLUMNS FROM `blue_config` [ RunTime:0.0021s ]
SQL: SELECT * FROM `blue_config`  [ RunTime:0.0006s ]
SQL: SHOW COLUMNS FROM `blue_purse_download` [ RunTime:0.0020s ]
SQL: SELECT * FROM `blue_purse_download` ORDER BY add_time desc LIMIT 0,6   [ RunTime:0.0003s ]
SQL: SHOW COLUMNS FROM `blue_dividend_config` [ RunTime:0.0023s ]
SQL: SELECT * FROM `blue_dividend_config`  [ RunTime:0.0004s ]
SQL: SHOW COLUMNS FROM `blue_article_category` [ RunTime:0.0024s ]
SQL: SELECT * FROM `blue_article_category` WHERE ( parent_id = 6 ) LIMIT 4   [ RunTime:0.0005s ]
SQL: SHOW COLUMNS FROM `blue_article` [ RunTime:0.0019s ]
SQL: SELECT * FROM `blue_article` WHERE ( position_id = 7 ) LIMIT 4   [ RunTime:0.0009s ]
SQL: SHOW COLUMNS FROM `blue_orders` [ RunTime:0.0017s ]
SQL: SHOW COLUMNS FROM `blue_currency` [ RunTime:0.0020s ]
SQL: SELECT * FROM `blue_currency` WHERE ( is_line=1  ) ORDER BY sort  [ RunTime:0.0006s ]
NOTIC: [8] Undefined variable: whereMark /Applications/MAMP/htdocs/project/sign/App/Common/Controller/CommonController.class.php 第 106 行.
SQL: SELECT `currency_id`,`currency_name`,`currency_logo`,`currency_mark` FROM `blue_currency` LIMIT 1   [ RunTime:0.0003s ]
SQL: SELECT `currency_id`,`currency_name`,`currency_logo`,`currency_mark` FROM `blue_currency` WHERE `is_line` = 1  [ RunTime:0.0004s ]
SQL: SELECT `price` FROM `blue_orders` WHERE ( currency_id = 52 ) ORDER BY add_time desc LIMIT 1   [ RunTime:0.0011s ]
SQL: SELECT `price` FROM `blue_orders` WHERE ( currency_id = 53 ) ORDER BY add_time desc LIMIT 1   [ RunTime:0.0008s ]
SQL: SELECT `price` FROM `blue_orders` WHERE ( currency_id = 54 ) ORDER BY add_time desc LIMIT 1   [ RunTime:0.0009s ]
INFO: [ view_parse ] --START--
INFO: [ template_filter ] --START--
INFO: Run Behavior\ContentReplaceBehavior [ RunTime:0.000457s ]
INFO: [ template_filter ] --END-- [ RunTime:0.000521s ]
INFO: Run Behavior\ParseTemplateBehavior [ RunTime:0.018008s ]
INFO: [ view_parse ] --END-- [ RunTime:0.018081s ]
INFO: [ view_filter ] --START--
INFO: Run Behavior\WriteHtmlCacheBehavior [ RunTime:0.000277s ]
INFO: [ view_filter ] --END-- [ RunTime:0.000330s ]
INFO: [ app_end ] --START--
INFO: Run Behavior\ShowPageTraceBehavior [ RunTime:0.001524s ]
INFO: [ app_end ] --END-- [ RunTime:0.001599s ]

[ 2018-08-02T22:22:54+08:00 ] 127.0.0.1 /Home/Reg/verifys
INFO: [ app_init ] --START--
INFO: Run Behavior\BuildLiteBehavior [ RunTime:0.000014s ]
INFO: [ app_init ] --END-- [ RunTime:0.000392s ]
INFO: [ app_begin ] --START--
INFO: Run Behavior\ReadHtmlCacheBehavior [ RunTime:0.000659s ]
INFO: [ app_begin ] --END-- [ RunTime:0.000728s ]
SQL: SHOW COLUMNS FROM `blue_config` [ RunTime:0.0035s ]
SQL: SELECT * FROM `blue_config`  [ RunTime:0.0007s ]
SQL: SHOW COLUMNS FROM `blue_purse_download` [ RunTime:0.0030s ]
SQL: SELECT * FROM `blue_purse_download` ORDER BY add_time desc LIMIT 0,6   [ RunTime:0.0004s ]
SQL: SHOW COLUMNS FROM `blue_dividend_config` [ RunTime:0.0018s ]
SQL: SELECT * FROM `blue_dividend_config`  [ RunTime:0.0004s ]
SQL: SHOW COLUMNS FROM `blue_article_category` [ RunTime:0.0018s ]
SQL: SELECT * FROM `blue_article_category` WHERE ( parent_id = 6 ) LIMIT 4   [ RunTime:0.0006s ]
SQL: SHOW COLUMNS FROM `blue_article` [ RunTime:0.0020s ]
SQL: SELECT * FROM `blue_article` WHERE ( position_id = 7 ) LIMIT 4   [ RunTime:0.0005s ]
SQL: SHOW COLUMNS FROM `blue_orders` [ RunTime:0.0021s ]
SQL: SHOW COLUMNS FROM `blue_currency` [ RunTime:0.0032s ]
SQL: SELECT * FROM `blue_currency` WHERE ( is_line=1  ) ORDER BY sort  [ RunTime:0.0006s ]
NOTIC: [8] Undefined variable: whereMark /Applications/MAMP/htdocs/project/sign/App/Common/Controller/CommonController.class.php 第 106 行.
SQL: SELECT `currency_id`,`currency_name`,`currency_logo`,`currency_mark` FROM `blue_currency` LIMIT 1   [ RunTime:0.0004s ]
SQL: SELECT `currency_id`,`currency_name`,`currency_logo`,`currency_mark` FROM `blue_currency` WHERE `is_line` = 1  [ RunTime:0.0004s ]
SQL: SELECT `price` FROM `blue_orders` WHERE ( currency_id = 52 ) ORDER BY add_time desc LIMIT 1   [ RunTime:0.0010s ]
SQL: SELECT `price` FROM `blue_orders` WHERE ( currency_id = 53 ) ORDER BY add_time desc LIMIT 1   [ RunTime:0.0016s ]
SQL: SELECT `price` FROM `blue_orders` WHERE ( currency_id = 54 ) ORDER BY add_time desc LIMIT 1   [ RunTime:0.0010s ]
INFO: [ app_end ] --START--
INFO: Run Behavior\ShowPageTraceBehavior [ RunTime:0.001411s ]
INFO: [ app_end ] --END-- [ RunTime:0.002531s ]

[ 2018-08-02T22:24:47+08:00 ] 127.0.0.1 /Home/Login/checkIp.html
INFO: [ app_init ] --START--
INFO: Run Behavior\BuildLiteBehavior [ RunTime:0.000026s ]
INFO: [ app_init ] --END-- [ RunTime:0.000965s ]
INFO: [ app_begin ] --START--
INFO: Run Behavior\ReadHtmlCacheBehavior [ RunTime:0.001623s ]
INFO: [ app_begin ] --END-- [ RunTime:0.001743s ]
NOTIC: [2] preg_match(): Delimiter must not be alphanumeric or backslash /Applications/MAMP/htdocs/project/sign/App/Common/Common/function.php 第 614 行.
SQL: SHOW COLUMNS FROM `blue_config` [ RunTime:0.0026s ]
SQL: SELECT * FROM `blue_config`  [ RunTime:0.0006s ]
SQL: SHOW COLUMNS FROM `blue_purse_download` [ RunTime:0.0024s ]
SQL: SELECT * FROM `blue_purse_download` ORDER BY add_time desc LIMIT 0,6   [ RunTime:0.0004s ]
SQL: SHOW COLUMNS FROM `blue_dividend_config` [ RunTime:0.0020s ]
SQL: SELECT * FROM `blue_dividend_config`  [ RunTime:0.0004s ]
SQL: SHOW COLUMNS FROM `blue_article_category` [ RunTime:0.0021s ]
SQL: SELECT * FROM `blue_article_category` WHERE ( parent_id = 6 ) LIMIT 4   [ RunTime:0.0005s ]
SQL: SHOW COLUMNS FROM `blue_article` [ RunTime:0.0024s ]
SQL: SELECT * FROM `blue_article` WHERE ( position_id = 7 ) LIMIT 4   [ RunTime:0.0005s ]
SQL: SHOW COLUMNS FROM `blue_orders` [ RunTime:0.0028s ]
SQL: SHOW COLUMNS FROM `blue_currency` [ RunTime:0.0031s ]
SQL: SELECT * FROM `blue_currency` WHERE ( is_line=1  ) ORDER BY sort  [ RunTime:0.0007s ]
NOTIC: [8] Undefined variable: whereMark /Applications/MAMP/htdocs/project/sign/App/Common/Controller/CommonController.class.php 第 106 行.
SQL: SELECT `currency_id`,`currency_name`,`currency_logo`,`currency_mark` FROM `blue_currency` LIMIT 1   [ RunTime:0.0004s ]
SQL: SELECT `currency_id`,`currency_name`,`currency_logo`,`currency_mark` FROM `blue_currency` WHERE `is_line` = 1  [ RunTime:0.0004s ]
SQL: SELECT `price` FROM `blue_orders` WHERE ( currency_id = 52 ) ORDER BY add_time desc LIMIT 1   [ RunTime:0.0011s ]
SQL: SELECT `price` FROM `blue_orders` WHERE ( currency_id = 53 ) ORDER BY add_time desc LIMIT 1   [ RunTime:0.0010s ]
SQL: SELECT `price` FROM `blue_orders` WHERE ( currency_id = 54 ) ORDER BY add_time desc LIMIT 1   [ RunTime:0.0009s ]
SQL: SHOW COLUMNS FROM `blue_member` [ RunTime:0.0031s ]
SQL: SELECT * FROM `blue_member` WHERE `username` = 'q291543713' LIMIT 1   [ RunTime:0.0006s ]

[ 2018-08-02T22:24:49+08:00 ] 127.0.0.1 /Home/Login/index.html
INFO: [ app_init ] --START--
INFO: Run Behavior\BuildLiteBehavior [ RunTime:0.000016s ]
INFO: [ app_init ] --END-- [ RunTime:0.000540s ]
INFO: [ app_begin ] --START--
INFO: Run Behavior\ReadHtmlCacheBehavior [ RunTime:0.000605s ]
INFO: [ app_begin ] --END-- [ RunTime:0.000657s ]
SQL: SHOW COLUMNS FROM `blue_config` [ RunTime:0.0025s ]
SQL: SELECT * FROM `blue_config`  [ RunTime:0.0008s ]
SQL: SHOW COLUMNS FROM `blue_purse_download` [ RunTime:0.0022s ]
SQL: SELECT * FROM `blue_purse_download` ORDER BY add_time desc LIMIT 0,6   [ RunTime:0.0003s ]
SQL: SHOW COLUMNS FROM `blue_dividend_config` [ RunTime:0.0028s ]
SQL: SELECT * FROM `blue_dividend_config`  [ RunTime:0.0006s ]
SQL: SHOW COLUMNS FROM `blue_article_category` [ RunTime:0.0021s ]
SQL: SELECT * FROM `blue_article_category` WHERE ( parent_id = 6 ) LIMIT 4   [ RunTime:0.0005s ]
SQL: SHOW COLUMNS FROM `blue_article` [ RunTime:0.0016s ]
SQL: SELECT * FROM `blue_article` WHERE ( position_id = 7 ) LIMIT 4   [ RunTime:0.0004s ]
SQL: SHOW COLUMNS FROM `blue_orders` [ RunTime:0.0026s ]
SQL: SHOW COLUMNS FROM `blue_currency` [ RunTime:0.0022s ]
SQL: SELECT * FROM `blue_currency` WHERE ( is_line=1  ) ORDER BY sort  [ RunTime:0.0007s ]
NOTIC: [8] Undefined variable: whereMark /Applications/MAMP/htdocs/project/sign/App/Common/Controller/CommonController.class.php 第 106 行.
SQL: SELECT `currency_id`,`currency_name`,`currency_logo`,`currency_mark` FROM `blue_currency` LIMIT 1   [ RunTime:0.0003s ]
SQL: SELECT `currency_id`,`currency_name`,`currency_logo`,`currency_mark` FROM `blue_currency` WHERE `is_line` = 1  [ RunTime:0.0004s ]
SQL: SELECT `price` FROM `blue_orders` WHERE ( currency_id = 52 ) ORDER BY add_time desc LIMIT 1   [ RunTime:0.0009s ]
SQL: SELECT `price` FROM `blue_orders` WHERE ( currency_id = 53 ) ORDER BY add_time desc LIMIT 1   [ RunTime:0.0007s ]
SQL: SELECT `price` FROM `blue_orders` WHERE ( currency_id = 54 ) ORDER BY add_time desc LIMIT 1   [ RunTime:0.0009s ]
INFO: [ view_parse ] --START--
INFO: [ template_filter ] --START--
INFO: Run Behavior\ContentReplaceBehavior [ RunTime:0.000561s ]
INFO: [ template_filter ] --END-- [ RunTime:0.000667s ]
INFO: Run Behavior\ParseTemplateBehavior [ RunTime:0.028963s ]
INFO: [ view_parse ] --END-- [ RunTime:0.029008s ]
INFO: [ view_filter ] --START--
INFO: Run Behavior\WriteHtmlCacheBehavior [ RunTime:0.000411s ]
INFO: [ view_filter ] --END-- [ RunTime:0.000454s ]
INFO: [ app_end ] --START--
INFO: Run Behavior\ShowPageTraceBehavior [ RunTime:0.001159s ]
INFO: [ app_end ] --END-- [ RunTime:0.001223s ]

[ 2018-08-02T22:24:49+08:00 ] 127.0.0.1 /Home/Reg/verifys
INFO: [ app_init ] --START--
INFO: Run Behavior\BuildLiteBehavior [ RunTime:0.000020s ]
INFO: [ app_init ] --END-- [ RunTime:0.000514s ]
INFO: [ app_begin ] --START--
INFO: Run Behavior\ReadHtmlCacheBehavior [ RunTime:0.000703s ]
INFO: [ app_begin ] --END-- [ RunTime:0.000770s ]
SQL: SHOW COLUMNS FROM `blue_config` [ RunTime:0.0032s ]
SQL: SELECT * FROM `blue_config`  [ RunTime:0.0007s ]
SQL: SHOW COLUMNS FROM `blue_purse_download` [ RunTime:0.0053s ]
SQL: SELECT * FROM `blue_purse_download` ORDER BY add_time desc LIMIT 0,6   [ RunTime:0.0003s ]
SQL: SHOW COLUMNS FROM `blue_dividend_config` [ RunTime:0.0021s ]
SQL: SELECT * FROM `blue_dividend_config`  [ RunTime:0.0005s ]
SQL: SHOW COLUMNS FROM `blue_article_category` [ RunTime:0.0030s ]
SQL: SELECT * FROM `blue_article_category` WHERE ( parent_id = 6 ) LIMIT 4   [ RunTime:0.0007s ]
SQL: SHOW COLUMNS FROM `blue_article` [ RunTime:0.0036s ]
SQL: SELECT * FROM `blue_article` WHERE ( position_id = 7 ) LIMIT 4   [ RunTime:0.0010s ]
SQL: SHOW COLUMNS FROM `blue_orders` [ RunTime:0.0038s ]
SQL: SHOW COLUMNS FROM `blue_currency` [ RunTime:0.0022s ]
SQL: SELECT * FROM `blue_currency` WHERE ( is_line=1  ) ORDER BY sort  [ RunTime:0.0006s ]
NOTIC: [8] Undefined variable: whereMark /Applications/MAMP/htdocs/project/sign/App/Common/Controller/CommonController.class.php 第 106 行.
SQL: SELECT `currency_id`,`currency_name`,`currency_logo`,`currency_mark` FROM `blue_currency` LIMIT 1   [ RunTime:0.0007s ]
SQL: SELECT `currency_id`,`currency_name`,`currency_logo`,`currency_mark` FROM `blue_currency` WHERE `is_line` = 1  [ RunTime:0.0010s ]
SQL: SELECT `price` FROM `blue_orders` WHERE ( currency_id = 52 ) ORDER BY add_time desc LIMIT 1   [ RunTime:0.0016s ]
SQL: SELECT `price` FROM `blue_orders` WHERE ( currency_id = 53 ) ORDER BY add_time desc LIMIT 1   [ RunTime:0.0016s ]
SQL: SELECT `price` FROM `blue_orders` WHERE ( currency_id = 54 ) ORDER BY add_time desc LIMIT 1   [ RunTime:0.0011s ]
INFO: [ app_end ] --START--
INFO: Run Behavior\ShowPageTraceBehavior [ RunTime:0.000780s ]
INFO: [ app_end ] --END-- [ RunTime:0.000881s ]

[ 2018-08-02T22:24:56+08:00 ] 127.0.0.1 /
INFO: [ app_init ] --START--
INFO: Run Behavior\BuildLiteBehavior [ RunTime:0.000060s ]
INFO: [ app_init ] --END-- [ RunTime:0.003658s ]
INFO: [ app_begin ] --START--
INFO: Run Behavior\ReadHtmlCacheBehavior [ RunTime:0.000608s ]
INFO: [ app_begin ] --END-- [ RunTime:0.000667s ]

