[ 2019-02-18T17:59:51+08:00 ] 127.0.0.1 /
INFO: [ app_init ] --START--
INFO: Run Behavior\BuildLiteBehavior [ RunTime:0.000000s ]
INFO: [ app_init ] --END-- [ RunTime:0.000000s ]
INFO: [ app_begin ] --START--
INFO: Run Behavior\ReadHtmlCacheBehavior [ RunTime:0.001001s ]
INFO: [ app_begin ] --END-- [ RunTime:0.002001s ]
SQL: SHOW COLUMNS FROM `blue_config` [ RunTime:0.0770s ]
SQL: SELECT * FROM `blue_config`  [ RunTime:0.0110s ]
SQL: SHOW COLUMNS FROM `blue_purse_download` [ RunTime:0.0610s ]
SQL: SELECT * FROM `blue_purse_download` ORDER BY add_time desc LIMIT 0,6   [ RunTime:0.0010s ]
SQL: SHOW COLUMNS FROM `blue_dividend_config` [ RunTime:0.0420s ]
SQL: SELECT * FROM `blue_dividend_config`  [ RunTime:0.0010s ]

[ 2019-02-18T17:59:52+08:00 ] 127.0.0.1 /Home/Login/index.html
INFO: [ app_init ] --START--
INFO: Run Behavior\BuildLiteBehavior [ RunTime:0.000000s ]
INFO: [ app_init ] --END-- [ RunTime:0.001001s ]
INFO: [ app_begin ] --START--
INFO: Run Behavior\ReadHtmlCacheBehavior [ RunTime:0.000000s ]
INFO: [ app_begin ] --END-- [ RunTime:0.000000s ]
SQL: SHOW COLUMNS FROM `blue_config` [ RunTime:0.0250s ]
SQL: SELECT * FROM `blue_config`  [ RunTime:0.0010s ]
SQL: SHOW COLUMNS FROM `blue_purse_download` [ RunTime:0.0170s ]
SQL: SELECT * FROM `blue_purse_download` ORDER BY add_time desc LIMIT 0,6   [ RunTime:0.0010s ]
SQL: SHOW COLUMNS FROM `blue_dividend_config` [ RunTime:0.0140s ]
SQL: SELECT * FROM `blue_dividend_config`  [ RunTime:0.0000s ]
SQL: SHOW COLUMNS FROM `blue_article_category` [ RunTime:0.0140s ]
SQL: SELECT * FROM `blue_article_category` WHERE ( parent_id = 6 ) LIMIT 4   [ RunTime:0.0010s ]
SQL: SHOW COLUMNS FROM `blue_article` [ RunTime:0.0230s ]
SQL: SELECT * FROM `blue_article` WHERE ( position_id = 7 ) LIMIT 4   [ RunTime:0.0110s ]
SQL: SHOW COLUMNS FROM `blue_orders` [ RunTime:0.0230s ]
SQL: SHOW COLUMNS FROM `blue_currency` [ RunTime:0.0200s ]
SQL: SELECT * FROM `blue_currency` WHERE ( is_line=1  ) ORDER BY sort  [ RunTime:0.0050s ]
NOTIC: [8] Undefined variable: whereMark D:\WWW\xiao_1\App\Common\Controller\CommonController.class.php 第 106 行.
SQL: SELECT `currency_id`,`currency_name`,`currency_logo`,`currency_mark` FROM `blue_currency` LIMIT 1   [ RunTime:0.0000s ]
SQL: SELECT `currency_id`,`currency_name`,`currency_logo`,`currency_mark` FROM `blue_currency` WHERE `is_line` = 1  [ RunTime:0.0010s ]
SQL: SELECT `price` FROM `blue_orders` WHERE ( currency_id = 52 ) ORDER BY add_time desc LIMIT 1   [ RunTime:0.0000s ]
SQL: SELECT `price` FROM `blue_orders` WHERE ( currency_id = 53 ) ORDER BY add_time desc LIMIT 1   [ RunTime:0.0010s ]
SQL: SELECT `price` FROM `blue_orders` WHERE ( currency_id = 54 ) ORDER BY add_time desc LIMIT 1   [ RunTime:0.0000s ]
SQL: SELECT `price` FROM `blue_orders` WHERE ( currency_id = 55 ) ORDER BY add_time desc LIMIT 1   [ RunTime:0.0010s ]
SQL: SELECT `price` FROM `blue_orders` WHERE ( currency_id = 56 ) ORDER BY add_time desc LIMIT 1   [ RunTime:0.0000s ]
SQL: SELECT `price` FROM `blue_orders` WHERE ( currency_id = 57 ) ORDER BY add_time desc LIMIT 1   [ RunTime:0.0010s ]
SQL: SELECT `price` FROM `blue_orders` WHERE ( currency_id = 59 ) ORDER BY add_time desc LIMIT 1   [ RunTime:0.0000s ]
INFO: [ view_parse ] --START--
INFO: [ template_filter ] --START--
INFO: Run Behavior\ContentReplaceBehavior [ RunTime:0.000000s ]
INFO: [ template_filter ] --END-- [ RunTime:0.000000s ]
INFO: Run Behavior\ParseTemplateBehavior [ RunTime:0.114012s ]
INFO: [ view_parse ] --END-- [ RunTime:0.114012s ]
INFO: [ view_filter ] --START--
INFO: Run Behavior\WriteHtmlCacheBehavior [ RunTime:0.009001s ]
INFO: [ view_filter ] --END-- [ RunTime:0.009001s ]
INFO: [ app_end ] --START--
INFO: Run Behavior\ShowPageTraceBehavior [ RunTime:0.002000s ]
INFO: [ app_end ] --END-- [ RunTime:0.002000s ]

[ 2019-02-18T17:59:54+08:00 ] 127.0.0.1 /Home/Reg/verifys
INFO: [ app_init ] --START--
INFO: Run Behavior\BuildLiteBehavior [ RunTime:0.000000s ]
INFO: [ app_init ] --END-- [ RunTime:0.000000s ]
INFO: [ app_begin ] --START--
INFO: Run Behavior\ReadHtmlCacheBehavior [ RunTime:0.000000s ]
INFO: [ app_begin ] --END-- [ RunTime:0.000000s ]
SQL: SHOW COLUMNS FROM `blue_config` [ RunTime:0.0300s ]
SQL: SELECT * FROM `blue_config`  [ RunTime:0.0020s ]
SQL: SHOW COLUMNS FROM `blue_purse_download` [ RunTime:0.0300s ]
SQL: SELECT * FROM `blue_purse_download` ORDER BY add_time desc LIMIT 0,6   [ RunTime:0.0010s ]
SQL: SHOW COLUMNS FROM `blue_dividend_config` [ RunTime:0.0310s ]
SQL: SELECT * FROM `blue_dividend_config`  [ RunTime:0.0010s ]
SQL: SHOW COLUMNS FROM `blue_article_category` [ RunTime:0.0310s ]
SQL: SELECT * FROM `blue_article_category` WHERE ( parent_id = 6 ) LIMIT 4   [ RunTime:0.0010s ]
SQL: SHOW COLUMNS FROM `blue_article` [ RunTime:0.0300s ]
SQL: SELECT * FROM `blue_article` WHERE ( position_id = 7 ) LIMIT 4   [ RunTime:0.0010s ]
SQL: SHOW COLUMNS FROM `blue_orders` [ RunTime:0.0180s ]
SQL: SHOW COLUMNS FROM `blue_currency` [ RunTime:0.0180s ]
SQL: SELECT * FROM `blue_currency` WHERE ( is_line=1  ) ORDER BY sort  [ RunTime:0.0010s ]
NOTIC: [8] Undefined variable: whereMark D:\WWW\xiao_1\App\Common\Controller\CommonController.class.php 第 106 行.
SQL: SELECT `currency_id`,`currency_name`,`currency_logo`,`currency_mark` FROM `blue_currency` LIMIT 1   [ RunTime:0.0010s ]
SQL: SELECT `currency_id`,`currency_name`,`currency_logo`,`currency_mark` FROM `blue_currency` WHERE `is_line` = 1  [ RunTime:0.0000s ]
SQL: SELECT `price` FROM `blue_orders` WHERE ( currency_id = 52 ) ORDER BY add_time desc LIMIT 1   [ RunTime:0.0010s ]
SQL: SELECT `price` FROM `blue_orders` WHERE ( currency_id = 53 ) ORDER BY add_time desc LIMIT 1   [ RunTime:0.0010s ]
SQL: SELECT `price` FROM `blue_orders` WHERE ( currency_id = 54 ) ORDER BY add_time desc LIMIT 1   [ RunTime:0.0000s ]
SQL: SELECT `price` FROM `blue_orders` WHERE ( currency_id = 55 ) ORDER BY add_time desc LIMIT 1   [ RunTime:0.0010s ]
SQL: SELECT `price` FROM `blue_orders` WHERE ( currency_id = 56 ) ORDER BY add_time desc LIMIT 1   [ RunTime:0.0010s ]
SQL: SELECT `price` FROM `blue_orders` WHERE ( currency_id = 57 ) ORDER BY add_time desc LIMIT 1   [ RunTime:0.0000s ]
SQL: SELECT `price` FROM `blue_orders` WHERE ( currency_id = 59 ) ORDER BY add_time desc LIMIT 1   [ RunTime:0.0010s ]
INFO: [ app_end ] --START--
INFO: Run Behavior\ShowPageTraceBehavior [ RunTime:0.002000s ]
INFO: [ app_end ] --END-- [ RunTime:0.002000s ]

[ 2019-02-18T18:00:33+08:00 ] 127.0.0.1 /Home/Login/checkIp.html
INFO: [ app_init ] --START--
INFO: Run Behavior\BuildLiteBehavior [ RunTime:0.000000s ]
INFO: [ app_init ] --END-- [ RunTime:0.001000s ]
INFO: [ app_begin ] --START--
INFO: Run Behavior\ReadHtmlCacheBehavior [ RunTime:0.001000s ]
INFO: [ app_begin ] --END-- [ RunTime:0.001000s ]
NOTIC: [2] preg_match(): Delimiter must not be alphanumeric or backslash D:\WWW\xiao_1\App\Common\Common\function.php 第 614 行.
SQL: SHOW COLUMNS FROM `blue_config` [ RunTime:0.0190s ]
SQL: SELECT * FROM `blue_config`  [ RunTime:0.0010s ]
SQL: SHOW COLUMNS FROM `blue_purse_download` [ RunTime:0.0180s ]
SQL: SELECT * FROM `blue_purse_download` ORDER BY add_time desc LIMIT 0,6   [ RunTime:0.0010s ]
SQL: SHOW COLUMNS FROM `blue_dividend_config` [ RunTime:0.0150s ]
SQL: SELECT * FROM `blue_dividend_config`  [ RunTime:0.0010s ]
SQL: SHOW COLUMNS FROM `blue_article_category` [ RunTime:0.0140s ]
SQL: SELECT * FROM `blue_article_category` WHERE ( parent_id = 6 ) LIMIT 4   [ RunTime:0.0010s ]
SQL: SHOW COLUMNS FROM `blue_article` [ RunTime:0.0140s ]
SQL: SELECT * FROM `blue_article` WHERE ( position_id = 7 ) LIMIT 4   [ RunTime:0.0010s ]
SQL: SHOW COLUMNS FROM `blue_orders` [ RunTime:0.0130s ]
SQL: SHOW COLUMNS FROM `blue_currency` [ RunTime:0.0150s ]
SQL: SELECT * FROM `blue_currency` WHERE ( is_line=1  ) ORDER BY sort  [ RunTime:0.0010s ]
NOTIC: [8] Undefined variable: whereMark D:\WWW\xiao_1\App\Common\Controller\CommonController.class.php 第 106 行.
SQL: SELECT `currency_id`,`currency_name`,`currency_logo`,`currency_mark` FROM `blue_currency` LIMIT 1   [ RunTime:0.0000s ]
SQL: SELECT `currency_id`,`currency_name`,`currency_logo`,`currency_mark` FROM `blue_currency` WHERE `is_line` = 1  [ RunTime:0.0000s ]
SQL: SELECT `price` FROM `blue_orders` WHERE ( currency_id = 52 ) ORDER BY add_time desc LIMIT 1   [ RunTime:0.0000s ]
SQL: SELECT `price` FROM `blue_orders` WHERE ( currency_id = 53 ) ORDER BY add_time desc LIMIT 1   [ RunTime:0.0000s ]
SQL: SELECT `price` FROM `blue_orders` WHERE ( currency_id = 54 ) ORDER BY add_time desc LIMIT 1   [ RunTime:0.0000s ]
SQL: SELECT `price` FROM `blue_orders` WHERE ( currency_id = 55 ) ORDER BY add_time desc LIMIT 1   [ RunTime:0.0000s ]
SQL: SELECT `price` FROM `blue_orders` WHERE ( currency_id = 56 ) ORDER BY add_time desc LIMIT 1   [ RunTime:0.0010s ]
SQL: SELECT `price` FROM `blue_orders` WHERE ( currency_id = 57 ) ORDER BY add_time desc LIMIT 1   [ RunTime:0.0000s ]
SQL: SELECT `price` FROM `blue_orders` WHERE ( currency_id = 59 ) ORDER BY add_time desc LIMIT 1   [ RunTime:0.0010s ]
SQL: SHOW COLUMNS FROM `blue_member` [ RunTime:0.0390s ]
SQL: SELECT * FROM `blue_member` WHERE `username` = '15179811532' LIMIT 1   [ RunTime:0.0000s ]

[ 2019-02-18T18:00:53+08:00 ] 127.0.0.1 /Home/Login/index.html
INFO: [ app_init ] --START--
INFO: Run Behavior\BuildLiteBehavior [ RunTime:0.000000s ]
INFO: [ app_init ] --END-- [ RunTime:0.000000s ]
INFO: [ app_begin ] --START--
INFO: Run Behavior\ReadHtmlCacheBehavior [ RunTime:0.001000s ]
INFO: [ app_begin ] --END-- [ RunTime:0.001000s ]
SQL: SHOW COLUMNS FROM `blue_config` [ RunTime:0.0480s ]
SQL: SELECT * FROM `blue_config`  [ RunTime:0.0010s ]
SQL: SHOW COLUMNS FROM `blue_purse_download` [ RunTime:0.0310s ]
SQL: SELECT * FROM `blue_purse_download` ORDER BY add_time desc LIMIT 0,6   [ RunTime:0.0010s ]
SQL: SHOW COLUMNS FROM `blue_dividend_config` [ RunTime:0.0290s ]
SQL: SELECT * FROM `blue_dividend_config`  [ RunTime:0.0000s ]
SQL: SHOW COLUMNS FROM `blue_article_category` [ RunTime:0.0160s ]
SQL: SELECT * FROM `blue_article_category` WHERE ( parent_id = 6 ) LIMIT 4   [ RunTime:0.0000s ]
SQL: SHOW COLUMNS FROM `blue_article` [ RunTime:0.0140s ]
SQL: SELECT * FROM `blue_article` WHERE ( position_id = 7 ) LIMIT 4   [ RunTime:0.0010s ]
SQL: SHOW COLUMNS FROM `blue_orders` [ RunTime:0.0120s ]
SQL: SHOW COLUMNS FROM `blue_currency` [ RunTime:0.0110s ]
SQL: SELECT * FROM `blue_currency` WHERE ( is_line=1  ) ORDER BY sort  [ RunTime:0.0010s ]
NOTIC: [8] Undefined variable: whereMark D:\WWW\xiao_1\App\Common\Controller\CommonController.class.php 第 106 行.
SQL: SELECT `currency_id`,`currency_name`,`currency_logo`,`currency_mark` FROM `blue_currency` LIMIT 1   [ RunTime:0.0010s ]
SQL: SELECT `currency_id`,`currency_name`,`currency_logo`,`currency_mark` FROM `blue_currency` WHERE `is_line` = 1  [ RunTime:0.0000s ]
SQL: SELECT `price` FROM `blue_orders` WHERE ( currency_id = 52 ) ORDER BY add_time desc LIMIT 1   [ RunTime:0.0010s ]
SQL: SELECT `price` FROM `blue_orders` WHERE ( currency_id = 53 ) ORDER BY add_time desc LIMIT 1   [ RunTime:0.0000s ]
SQL: SELECT `price` FROM `blue_orders` WHERE ( currency_id = 54 ) ORDER BY add_time desc LIMIT 1   [ RunTime:0.0010s ]
SQL: SELECT `price` FROM `blue_orders` WHERE ( currency_id = 55 ) ORDER BY add_time desc LIMIT 1   [ RunTime:0.0010s ]
SQL: SELECT `price` FROM `blue_orders` WHERE ( currency_id = 56 ) ORDER BY add_time desc LIMIT 1   [ RunTime:0.0000s ]
SQL: SELECT `price` FROM `blue_orders` WHERE ( currency_id = 57 ) ORDER BY add_time desc LIMIT 1   [ RunTime:0.0000s ]
SQL: SELECT `price` FROM `blue_orders` WHERE ( currency_id = 59 ) ORDER BY add_time desc LIMIT 1   [ RunTime:0.0010s ]
INFO: [ view_parse ] --START--
INFO: [ template_filter ] --START--
INFO: Run Behavior\ContentReplaceBehavior [ RunTime:0.001000s ]
INFO: [ template_filter ] --END-- [ RunTime:0.001000s ]
INFO: Run Behavior\ParseTemplateBehavior [ RunTime:0.017002s ]
INFO: [ view_parse ] --END-- [ RunTime:0.017002s ]
INFO: [ view_filter ] --START--
INFO: Run Behavior\WriteHtmlCacheBehavior [ RunTime:0.001000s ]
INFO: [ view_filter ] --END-- [ RunTime:0.001000s ]
INFO: [ app_end ] --START--
INFO: Run Behavior\ShowPageTraceBehavior [ RunTime:0.000000s ]
INFO: [ app_end ] --END-- [ RunTime:0.000000s ]

[ 2019-02-18T18:00:54+08:00 ] 127.0.0.1 /Home/Reg/verifys
INFO: [ app_init ] --START--
INFO: Run Behavior\BuildLiteBehavior [ RunTime:0.000000s ]
INFO: [ app_init ] --END-- [ RunTime:0.000000s ]
INFO: [ app_begin ] --START--
INFO: Run Behavior\ReadHtmlCacheBehavior [ RunTime:0.000000s ]
INFO: [ app_begin ] --END-- [ RunTime:0.000000s ]
SQL: SHOW COLUMNS FROM `blue_config` [ RunTime:0.0170s ]
SQL: SELECT * FROM `blue_config`  [ RunTime:0.0010s ]
SQL: SHOW COLUMNS FROM `blue_purse_download` [ RunTime:0.0180s ]
SQL: SELECT * FROM `blue_purse_download` ORDER BY add_time desc LIMIT 0,6   [ RunTime:0.0010s ]
SQL: SHOW COLUMNS FROM `blue_dividend_config` [ RunTime:0.0170s ]
SQL: SELECT * FROM `blue_dividend_config`  [ RunTime:0.0010s ]
SQL: SHOW COLUMNS FROM `blue_article_category` [ RunTime:0.0170s ]
SQL: SELECT * FROM `blue_article_category` WHERE ( parent_id = 6 ) LIMIT 4   [ RunTime:0.0000s ]
SQL: SHOW COLUMNS FROM `blue_article` [ RunTime:0.0160s ]
SQL: SELECT * FROM `blue_article` WHERE ( position_id = 7 ) LIMIT 4   [ RunTime:0.0010s ]
SQL: SHOW COLUMNS FROM `blue_orders` [ RunTime:0.0170s ]
SQL: SHOW COLUMNS FROM `blue_currency` [ RunTime:0.0160s ]
SQL: SELECT * FROM `blue_currency` WHERE ( is_line=1  ) ORDER BY sort  [ RunTime:0.0010s ]
NOTIC: [8] Undefined variable: whereMark D:\WWW\xiao_1\App\Common\Controller\CommonController.class.php 第 106 行.
SQL: SELECT `currency_id`,`currency_name`,`currency_logo`,`currency_mark` FROM `blue_currency` LIMIT 1   [ RunTime:0.0000s ]
SQL: SELECT `currency_id`,`currency_name`,`currency_logo`,`currency_mark` FROM `blue_currency` WHERE `is_line` = 1  [ RunTime:0.0000s ]
SQL: SELECT `price` FROM `blue_orders` WHERE ( currency_id = 52 ) ORDER BY add_time desc LIMIT 1   [ RunTime:0.0000s ]
SQL: SELECT `price` FROM `blue_orders` WHERE ( currency_id = 53 ) ORDER BY add_time desc LIMIT 1   [ RunTime:0.0010s ]
SQL: SELECT `price` FROM `blue_orders` WHERE ( currency_id = 54 ) ORDER BY add_time desc LIMIT 1   [ RunTime:0.0000s ]
SQL: SELECT `price` FROM `blue_orders` WHERE ( currency_id = 55 ) ORDER BY add_time desc LIMIT 1   [ RunTime:0.0010s ]
SQL: SELECT `price` FROM `blue_orders` WHERE ( currency_id = 56 ) ORDER BY add_time desc LIMIT 1   [ RunTime:0.0000s ]
SQL: SELECT `price` FROM `blue_orders` WHERE ( currency_id = 57 ) ORDER BY add_time desc LIMIT 1   [ RunTime:0.0010s ]
SQL: SELECT `price` FROM `blue_orders` WHERE ( currency_id = 59 ) ORDER BY add_time desc LIMIT 1   [ RunTime:0.0010s ]
INFO: [ app_end ] --START--
INFO: Run Behavior\ShowPageTraceBehavior [ RunTime:0.000000s ]
INFO: [ app_end ] --END-- [ RunTime:0.000000s ]

[ 2019-02-18T18:01:05+08:00 ] 127.0.0.1 /
INFO: [ app_init ] --START--
INFO: Run Behavior\BuildLiteBehavior [ RunTime:0.000000s ]
INFO: [ app_init ] --END-- [ RunTime:0.001000s ]
INFO: [ app_begin ] --START--
INFO: Run Behavior\ReadHtmlCacheBehavior [ RunTime:0.001000s ]
INFO: [ app_begin ] --END-- [ RunTime:0.001000s ]

