[ 2018-09-19T15:36:54+08:00 ] 127.0.0.1 /admin/Member/index
INFO: [ app_init ] --START--
INFO: Run Behavior\BuildLiteBehavior [ RunTime:0.000000s ]
INFO: [ app_init ] --END-- [ RunTime:0.005000s ]
INFO: [ app_begin ] --START--
INFO: Run Behavior\ReadHtmlCacheBehavior [ RunTime:0.002000s ]
INFO: [ app_begin ] --END-- [ RunTime:0.002000s ]
NOTIC: [2048] Declaration of Admin\Controller\MemberController::show() should be compatible with Think\Controller::show($content, $charset = '', $contentType = '', $prefix = '') D:\WWW\xiao\App\Admin\Controller\MemberController.class.php 第 12 行.
SQL: SHOW COLUMNS FROM `blue_config` [ RunTime:0.0610s ]
SQL: SELECT * FROM `blue_config`  [ RunTime:0.0020s ]
SQL: SHOW COLUMNS FROM `blue_purse_download` [ RunTime:0.0370s ]
SQL: SELECT * FROM `blue_purse_download` ORDER BY add_time desc LIMIT 0,6   [ RunTime:0.0010s ]
SQL: SHOW COLUMNS FROM `blue_dividend_config` [ RunTime:0.0220s ]
SQL: SELECT * FROM `blue_dividend_config`  [ RunTime:0.0010s ]

[ 2018-09-19T15:36:56+08:00 ] 127.0.0.1 /admin/Login/index.html
INFO: [ app_init ] --START--
INFO: Run Behavior\BuildLiteBehavior [ RunTime:0.000000s ]
INFO: [ app_init ] --END-- [ RunTime:0.001000s ]
INFO: [ app_begin ] --START--
INFO: Run Behavior\ReadHtmlCacheBehavior [ RunTime:0.001000s ]
INFO: [ app_begin ] --END-- [ RunTime:0.001000s ]
SQL: SHOW COLUMNS FROM `blue_config` [ RunTime:0.0450s ]
SQL: SELECT * FROM `blue_config`  [ RunTime:0.0010s ]
SQL: SHOW COLUMNS FROM `blue_purse_download` [ RunTime:0.0240s ]
SQL: SELECT * FROM `blue_purse_download` ORDER BY add_time desc LIMIT 0,6   [ RunTime:0.0010s ]
SQL: SHOW COLUMNS FROM `blue_dividend_config` [ RunTime:0.0240s ]
SQL: SELECT * FROM `blue_dividend_config`  [ RunTime:0.0000s ]
SQL: SHOW COLUMNS FROM `blue_article_category` [ RunTime:0.0170s ]
SQL: SELECT * FROM `blue_article_category` WHERE ( parent_id = 6 ) LIMIT 4   [ RunTime:0.0190s ]
SQL: SHOW COLUMNS FROM `blue_article` [ RunTime:0.0250s ]
SQL: SELECT * FROM `blue_article` WHERE ( position_id = 7 ) LIMIT 4   [ RunTime:0.0010s ]
SQL: SHOW COLUMNS FROM `blue_orders` [ RunTime:0.0150s ]
SQL: SHOW COLUMNS FROM `blue_currency` [ RunTime:0.0160s ]
SQL: SELECT * FROM `blue_currency` WHERE ( is_line=1  ) ORDER BY sort  [ RunTime:0.0250s ]
NOTIC: [8] Undefined variable: whereMark D:\WWW\xiao\App\Common\Controller\CommonController.class.php 第 106 行.
SQL: SELECT `currency_id`,`currency_name`,`currency_logo`,`currency_mark` FROM `blue_currency` LIMIT 1   [ RunTime:0.0010s ]
SQL: SELECT `currency_id`,`currency_name`,`currency_logo`,`currency_mark` FROM `blue_currency` WHERE `is_line` = 1  [ RunTime:0.0000s ]
SQL: SELECT `price` FROM `blue_orders` WHERE ( currency_id = 52 ) ORDER BY add_time desc LIMIT 1   [ RunTime:0.0020s ]
SQL: SELECT `price` FROM `blue_orders` WHERE ( currency_id = 53 ) ORDER BY add_time desc LIMIT 1   [ RunTime:0.0010s ]
SQL: SELECT `price` FROM `blue_orders` WHERE ( currency_id = 54 ) ORDER BY add_time desc LIMIT 1   [ RunTime:0.0010s ]
INFO: [ view_parse ] --START--
INFO: [ template_filter ] --START--
INFO: Run Behavior\ContentReplaceBehavior [ RunTime:0.012000s ]
INFO: [ template_filter ] --END-- [ RunTime:0.013000s ]
INFO: Run Behavior\ParseTemplateBehavior [ RunTime:0.057000s ]
INFO: [ view_parse ] --END-- [ RunTime:0.057000s ]
INFO: [ view_filter ] --START--
INFO: Run Behavior\WriteHtmlCacheBehavior [ RunTime:0.008000s ]
INFO: [ view_filter ] --END-- [ RunTime:0.008000s ]
INFO: [ app_end ] --START--
INFO: Run Behavior\ShowPageTraceBehavior [ RunTime:0.001000s ]
INFO: [ app_end ] --END-- [ RunTime:0.001000s ]

[ 2018-09-19T15:36:59+08:00 ] 127.0.0.1 /admin/Login/index.php
INFO: [ app_init ] --START--
INFO: Run Behavior\BuildLiteBehavior [ RunTime:0.000000s ]
INFO: [ app_init ] --END-- [ RunTime:0.002000s ]
INFO: [ app_begin ] --START--
INFO: Run Behavior\ReadHtmlCacheBehavior [ RunTime:0.002000s ]
INFO: [ app_begin ] --END-- [ RunTime:0.002000s ]
SQL: SHOW COLUMNS FROM `blue_config` [ RunTime:0.0420s ]
SQL: SELECT * FROM `blue_config`  [ RunTime:0.0010s ]
SQL: SHOW COLUMNS FROM `blue_purse_download` [ RunTime:0.0210s ]
SQL: SELECT * FROM `blue_purse_download` ORDER BY add_time desc LIMIT 0,6   [ RunTime:0.0000s ]
SQL: SHOW COLUMNS FROM `blue_dividend_config` [ RunTime:0.0210s ]
SQL: SELECT * FROM `blue_dividend_config`  [ RunTime:0.0000s ]
SQL: SHOW COLUMNS FROM `blue_article_category` [ RunTime:0.0160s ]
SQL: SELECT * FROM `blue_article_category` WHERE ( parent_id = 6 ) LIMIT 4   [ RunTime:0.0000s ]
SQL: SHOW COLUMNS FROM `blue_article` [ RunTime:0.0160s ]
SQL: SELECT * FROM `blue_article` WHERE ( position_id = 7 ) LIMIT 4   [ RunTime:0.0000s ]
SQL: SHOW COLUMNS FROM `blue_orders` [ RunTime:0.0150s ]
SQL: SHOW COLUMNS FROM `blue_currency` [ RunTime:0.0160s ]
SQL: SELECT * FROM `blue_currency` WHERE ( is_line=1  ) ORDER BY sort  [ RunTime:0.0000s ]
NOTIC: [8] Undefined variable: whereMark D:\WWW\xiao\App\Common\Controller\CommonController.class.php 第 106 行.
SQL: SELECT `currency_id`,`currency_name`,`currency_logo`,`currency_mark` FROM `blue_currency` LIMIT 1   [ RunTime:0.0000s ]
SQL: SELECT `currency_id`,`currency_name`,`currency_logo`,`currency_mark` FROM `blue_currency` WHERE `is_line` = 1  [ RunTime:0.0000s ]
SQL: SELECT `price` FROM `blue_orders` WHERE ( currency_id = 52 ) ORDER BY add_time desc LIMIT 1   [ RunTime:0.0000s ]
SQL: SELECT `price` FROM `blue_orders` WHERE ( currency_id = 53 ) ORDER BY add_time desc LIMIT 1   [ RunTime:0.0010s ]
SQL: SELECT `price` FROM `blue_orders` WHERE ( currency_id = 54 ) ORDER BY add_time desc LIMIT 1   [ RunTime:0.0000s ]
INFO: [ view_parse ] --START--
INFO: [ template_filter ] --START--
INFO: Run Behavior\ContentReplaceBehavior [ RunTime:0.000000s ]
INFO: [ template_filter ] --END-- [ RunTime:0.000000s ]
INFO: Run Behavior\ParseTemplateBehavior [ RunTime:0.018000s ]
INFO: [ view_parse ] --END-- [ RunTime:0.018000s ]
INFO: [ view_filter ] --START--
INFO: Run Behavior\WriteHtmlCacheBehavior [ RunTime:0.004000s ]
INFO: [ view_filter ] --END-- [ RunTime:0.004000s ]
INFO: [ app_end ] --START--
INFO: Run Behavior\ShowPageTraceBehavior [ RunTime:0.001000s ]
INFO: [ app_end ] --END-- [ RunTime:0.001000s ]

[ 2018-09-19T15:37:02+08:00 ] 127.0.0.1 /admin/Login/index.php
INFO: [ app_init ] --START--
INFO: Run Behavior\BuildLiteBehavior [ RunTime:0.000000s ]
INFO: [ app_init ] --END-- [ RunTime:0.001000s ]
INFO: [ app_begin ] --START--
INFO: Run Behavior\ReadHtmlCacheBehavior [ RunTime:0.001000s ]
INFO: [ app_begin ] --END-- [ RunTime:0.001000s ]
SQL: SHOW COLUMNS FROM `blue_config` [ RunTime:0.0350s ]
SQL: SELECT * FROM `blue_config`  [ RunTime:0.0010s ]
SQL: SHOW COLUMNS FROM `blue_purse_download` [ RunTime:0.0190s ]
SQL: SELECT * FROM `blue_purse_download` ORDER BY add_time desc LIMIT 0,6   [ RunTime:0.0010s ]
SQL: SHOW COLUMNS FROM `blue_dividend_config` [ RunTime:0.0170s ]
SQL: SELECT * FROM `blue_dividend_config`  [ RunTime:0.0010s ]
SQL: SHOW COLUMNS FROM `blue_article_category` [ RunTime:0.0170s ]
SQL: SELECT * FROM `blue_article_category` WHERE ( parent_id = 6 ) LIMIT 4   [ RunTime:0.0000s ]
SQL: SHOW COLUMNS FROM `blue_article` [ RunTime:0.0170s ]
SQL: SELECT * FROM `blue_article` WHERE ( position_id = 7 ) LIMIT 4   [ RunTime:0.0010s ]
SQL: SHOW COLUMNS FROM `blue_orders` [ RunTime:0.0170s ]
SQL: SHOW COLUMNS FROM `blue_currency` [ RunTime:0.0170s ]
SQL: SELECT * FROM `blue_currency` WHERE ( is_line=1  ) ORDER BY sort  [ RunTime:0.0010s ]
NOTIC: [8] Undefined variable: whereMark D:\WWW\xiao\App\Common\Controller\CommonController.class.php 第 106 行.
SQL: SELECT `currency_id`,`currency_name`,`currency_logo`,`currency_mark` FROM `blue_currency` LIMIT 1   [ RunTime:0.0000s ]
SQL: SELECT `currency_id`,`currency_name`,`currency_logo`,`currency_mark` FROM `blue_currency` WHERE `is_line` = 1  [ RunTime:0.0000s ]
SQL: SELECT `price` FROM `blue_orders` WHERE ( currency_id = 52 ) ORDER BY add_time desc LIMIT 1   [ RunTime:0.0000s ]
SQL: SELECT `price` FROM `blue_orders` WHERE ( currency_id = 53 ) ORDER BY add_time desc LIMIT 1   [ RunTime:0.0010s ]
SQL: SELECT `price` FROM `blue_orders` WHERE ( currency_id = 54 ) ORDER BY add_time desc LIMIT 1   [ RunTime:0.0000s ]
INFO: [ view_parse ] --START--
INFO: [ template_filter ] --START--
INFO: Run Behavior\ContentReplaceBehavior [ RunTime:0.000000s ]
INFO: [ template_filter ] --END-- [ RunTime:0.000000s ]
INFO: Run Behavior\ParseTemplateBehavior [ RunTime:0.015000s ]
INFO: [ view_parse ] --END-- [ RunTime:0.015000s ]
INFO: [ view_filter ] --START--
INFO: Run Behavior\WriteHtmlCacheBehavior [ RunTime:0.006000s ]
INFO: [ view_filter ] --END-- [ RunTime:0.006000s ]
INFO: [ app_end ] --START--
INFO: Run Behavior\ShowPageTraceBehavior [ RunTime:0.001000s ]
INFO: [ app_end ] --END-- [ RunTime:0.001000s ]

[ 2018-09-19T15:37:14+08:00 ] 127.0.0.1 /admin
INFO: [ app_init ] --START--
INFO: Run Behavior\BuildLiteBehavior [ RunTime:0.000000s ]
INFO: [ app_init ] --END-- [ RunTime:0.000000s ]
INFO: [ app_begin ] --START--
INFO: Run Behavior\ReadHtmlCacheBehavior [ RunTime:0.001000s ]
INFO: [ app_begin ] --END-- [ RunTime:0.001000s ]
SQL: SHOW COLUMNS FROM `blue_config` [ RunTime:0.0310s ]
SQL: SELECT * FROM `blue_config`  [ RunTime:0.0010s ]
SQL: SHOW COLUMNS FROM `blue_purse_download` [ RunTime:0.0230s ]
SQL: SELECT * FROM `blue_purse_download` ORDER BY add_time desc LIMIT 0,6   [ RunTime:0.0020s ]
SQL: SHOW COLUMNS FROM `blue_dividend_config` [ RunTime:0.0260s ]
SQL: SELECT * FROM `blue_dividend_config`  [ RunTime:0.0000s ]
SQL: SHOW COLUMNS FROM `blue_article_category` [ RunTime:0.0240s ]
SQL: SELECT * FROM `blue_article_category` WHERE ( parent_id = 6 ) LIMIT 4   [ RunTime:0.0030s ]
SQL: SHOW COLUMNS FROM `blue_article` [ RunTime:0.0230s ]
SQL: SELECT * FROM `blue_article` WHERE ( position_id = 7 ) LIMIT 4   [ RunTime:0.0010s ]
SQL: SHOW COLUMNS FROM `blue_orders` [ RunTime:0.0190s ]
SQL: SHOW COLUMNS FROM `blue_currency` [ RunTime:0.0170s ]
SQL: SELECT * FROM `blue_currency` WHERE ( is_line=1  ) ORDER BY sort  [ RunTime:0.0010s ]
NOTIC: [8] Undefined variable: whereMark D:\WWW\xiao\App\Common\Controller\CommonController.class.php 第 106 行.
SQL: SELECT `currency_id`,`currency_name`,`currency_logo`,`currency_mark` FROM `blue_currency` LIMIT 1   [ RunTime:0.0000s ]
SQL: SELECT `currency_id`,`currency_name`,`currency_logo`,`currency_mark` FROM `blue_currency` WHERE `is_line` = 1  [ RunTime:0.0000s ]
SQL: SELECT `price` FROM `blue_orders` WHERE ( currency_id = 52 ) ORDER BY add_time desc LIMIT 1   [ RunTime:0.0000s ]
SQL: SELECT `price` FROM `blue_orders` WHERE ( currency_id = 53 ) ORDER BY add_time desc LIMIT 1   [ RunTime:0.0000s ]
SQL: SELECT `price` FROM `blue_orders` WHERE ( currency_id = 54 ) ORDER BY add_time desc LIMIT 1   [ RunTime:0.0000s ]
SQL: SHOW COLUMNS FROM `blue_admin` [ RunTime:0.0230s ]
SQL: SELECT * FROM `blue_admin` WHERE ( admin_id='1' ) LIMIT 1   [ RunTime:0.0000s ]
SQL: SELECT `key`,`value` FROM `blue_config`  [ RunTime:0.0010s ]
SQL: SELECT `Nav` FROM `blue_admin` WHERE ( admin_id='1' ) LIMIT 1   [ RunTime:0.0000s ]
SQL: SHOW COLUMNS FROM `blue_nav` [ RunTime:0.0250s ]
SQL: SELECT * FROM `blue_nav` WHERE ( nav_id=1 ) LIMIT 1   [ RunTime:0.0010s ]
SQL: SELECT * FROM `blue_nav` WHERE ( nav_id=2 ) LIMIT 1   [ RunTime:0.0010s ]
SQL: SELECT * FROM `blue_nav` WHERE ( nav_id=3 ) LIMIT 1   [ RunTime:0.0000s ]
SQL: SELECT * FROM `blue_nav` WHERE ( nav_id=4 ) LIMIT 1   [ RunTime:0.0010s ]
SQL: SELECT * FROM `blue_nav` WHERE ( nav_id=6 ) LIMIT 1   [ RunTime:0.0000s ]
SQL: SELECT * FROM `blue_nav` WHERE ( nav_id=7 ) LIMIT 1   [ RunTime:0.0000s ]
SQL: SELECT * FROM `blue_nav` WHERE ( nav_id=8 ) LIMIT 1   [ RunTime:0.0010s ]
SQL: SELECT * FROM `blue_nav` WHERE ( nav_id=15 ) LIMIT 1   [ RunTime:0.0000s ]
SQL: SELECT * FROM `blue_nav` WHERE ( nav_id=9 ) LIMIT 1   [ RunTime:0.0000s ]
SQL: SELECT * FROM `blue_nav` WHERE ( nav_id=10 ) LIMIT 1   [ RunTime:0.0010s ]
SQL: SELECT * FROM `blue_nav` WHERE ( nav_id=11 ) LIMIT 1   [ RunTime:0.0000s ]
SQL: SELECT * FROM `blue_nav` WHERE ( nav_id=12 ) LIMIT 1   [ RunTime:0.0010s ]
SQL: SELECT * FROM `blue_nav` WHERE ( nav_id=13 ) LIMIT 1   [ RunTime:0.0000s ]
SQL: SELECT * FROM `blue_nav` WHERE ( nav_id=14 ) LIMIT 1   [ RunTime:0.0000s ]
SQL: SELECT * FROM `blue_nav` WHERE ( nav_id=17 ) LIMIT 1   [ RunTime:0.0000s ]
SQL: SELECT * FROM `blue_nav` WHERE ( nav_id=16 ) LIMIT 1   [ RunTime:0.0000s ]
SQL: SELECT * FROM `blue_nav` WHERE ( nav_id=21 ) LIMIT 1   [ RunTime:0.0000s ]
SQL: SELECT * FROM `blue_nav` WHERE ( nav_id=22 ) LIMIT 1   [ RunTime:0.0000s ]
SQL: SELECT * FROM `blue_nav` WHERE ( nav_id=26 ) LIMIT 1   [ RunTime:0.0000s ]
SQL: SELECT * FROM `blue_nav` WHERE ( nav_id=27 ) LIMIT 1   [ RunTime:0.0000s ]
SQL: SELECT * FROM `blue_nav` WHERE ( nav_id=28 ) LIMIT 1   [ RunTime:0.0000s ]
SQL: SELECT * FROM `blue_nav` WHERE ( nav_id=29 ) LIMIT 1   [ RunTime:0.0010s ]
SQL: SELECT * FROM `blue_nav` WHERE ( nav_id=30 ) LIMIT 1   [ RunTime:0.0000s ]
SQL: SELECT * FROM `blue_nav` WHERE ( nav_id=18 ) LIMIT 1   [ RunTime:0.0000s ]
SQL: SELECT * FROM `blue_nav` WHERE ( nav_id=33 ) LIMIT 1   [ RunTime:0.0010s ]
SQL: SELECT * FROM `blue_nav` WHERE ( nav_id=32 ) LIMIT 1   [ RunTime:0.0000s ]
SQL: SELECT * FROM `blue_nav` WHERE ( nav_id=35 ) LIMIT 1   [ RunTime:0.0000s ]
SQL: SELECT * FROM `blue_nav` WHERE ( nav_id=36 ) LIMIT 1   [ RunTime:0.0000s ]
SQL: SELECT * FROM `blue_nav` WHERE ( nav_id=40 ) LIMIT 1   [ RunTime:0.0010s ]
SQL: SELECT * FROM `blue_nav` WHERE ( nav_id=44 ) LIMIT 1   [ RunTime:0.0000s ]
SQL: SELECT * FROM `blue_nav` WHERE ( nav_id=41 ) LIMIT 1   [ RunTime:0.0000s ]
SQL: SELECT * FROM `blue_nav` WHERE ( nav_id=43 ) LIMIT 1   [ RunTime:0.0010s ]
SQL: SELECT * FROM `blue_nav` WHERE ( nav_id=45 ) LIMIT 1   [ RunTime:0.0000s ]
SQL: SELECT * FROM `blue_nav` WHERE ( nav_id=46 ) LIMIT 1   [ RunTime:0.0000s ]
SQL: SELECT * FROM `blue_nav` WHERE ( nav_id=47 ) LIMIT 1   [ RunTime:0.0010s ]
SQL: SELECT * FROM `blue_nav` WHERE ( nav_id=48 ) LIMIT 1   [ RunTime:0.0000s ]
SQL: SELECT * FROM `blue_nav` WHERE ( nav_id=49 ) LIMIT 1   [ RunTime:0.0000s ]
SQL: SELECT * FROM `blue_nav` WHERE ( nav_id=50 ) LIMIT 1   [ RunTime:0.0000s ]
SQL: SELECT * FROM `blue_nav` WHERE ( nav_id=51 ) LIMIT 1   [ RunTime:0.0010s ]
SQL: SELECT * FROM `blue_nav` WHERE ( nav_id=52 ) LIMIT 1   [ RunTime:0.0000s ]
SQL: SELECT * FROM `blue_nav` WHERE ( nav_id=53 ) LIMIT 1   [ RunTime:0.0000s ]
SQL: SELECT * FROM `blue_nav` WHERE ( nav_id=54 ) LIMIT 1   [ RunTime:0.0000s ]
SQL: SELECT * FROM `blue_nav` WHERE ( nav_id=56 ) LIMIT 1   [ RunTime:0.0000s ]
SQL: SELECT * FROM `blue_nav` WHERE ( nav_id=61 ) LIMIT 1   [ RunTime:0.0000s ]
SQL: SELECT * FROM `blue_nav` WHERE ( nav_id=57 ) LIMIT 1   [ RunTime:0.0000s ]
SQL: SELECT * FROM `blue_nav` WHERE ( nav_id=58 ) LIMIT 1   [ RunTime:0.0010s ]
SQL: SELECT * FROM `blue_nav` WHERE ( nav_id=59 ) LIMIT 1   [ RunTime:0.0000s ]
SQL: SELECT * FROM `blue_nav` WHERE ( nav_id=60 ) LIMIT 1   [ RunTime:0.0000s ]
SQL: SELECT * FROM `blue_nav` WHERE ( nav_id=66 ) LIMIT 1   [ RunTime:0.0010s ]
SQL: SELECT * FROM `blue_nav` WHERE ( nav_id=67 ) LIMIT 1   [ RunTime:0.0000s ]
SQL: SELECT * FROM `blue_nav` WHERE ( nav_id=68 ) LIMIT 1   [ RunTime:0.0010s ]
SQL: SELECT * FROM `blue_nav` WHERE ( nav_id=69 ) LIMIT 1   [ RunTime:0.0000s ]
SQL: SELECT * FROM `blue_nav` WHERE ( nav_id=70 ) LIMIT 1   [ RunTime:0.0000s ]
SQL: SELECT * FROM `blue_nav` WHERE ( nav_id=71 ) LIMIT 1   [ RunTime:0.0000s ]
SQL: SELECT * FROM `blue_nav` WHERE ( nav_id=72 ) LIMIT 1   [ RunTime:0.0000s ]
SQL: SELECT * FROM `blue_nav` WHERE ( nav_id=73 ) LIMIT 1   [ RunTime:0.0000s ]
SQL: SELECT * FROM `blue_nav` WHERE ( nav_id=74 ) LIMIT 1   [ RunTime:0.0000s ]
INFO: [ view_parse ] --START--
INFO: [ template_filter ] --START--
INFO: Run Behavior\ContentReplaceBehavior [ RunTime:0.000000s ]
INFO: [ template_filter ] --END-- [ RunTime:0.000000s ]
NOTIC: [8] Undefined variable: list D:\WWW\xiao\App\Runtime\Cache\Admin\9df924d9a2d217daa77a359c5bee0c33.php 第 214 行.
NOTIC: [8] Undefined variable: empty D:\WWW\xiao\App\Runtime\Cache\Admin\9df924d9a2d217daa77a359c5bee0c33.php 第 231 行.
NOTIC: [8] Use of undefined constant mysqlnd - assumed 'mysqlnd' D:\WWW\xiao\App\Runtime\Cache\Admin\9df924d9a2d217daa77a359c5bee0c33.php 第 294 行.
INFO: Run Behavior\ParseTemplateBehavior [ RunTime:0.096000s ]
INFO: [ view_parse ] --END-- [ RunTime:0.096000s ]
INFO: [ view_filter ] --START--
INFO: Run Behavior\WriteHtmlCacheBehavior [ RunTime:0.010000s ]
INFO: [ view_filter ] --END-- [ RunTime:0.010000s ]
INFO: [ app_end ] --START--
INFO: Run Behavior\ShowPageTraceBehavior [ RunTime:0.002000s ]
INFO: [ app_end ] --END-- [ RunTime:0.002000s ]

[ 2018-09-19T15:39:58+08:00 ] 127.0.0.1 /admin
INFO: [ app_init ] --START--
INFO: Run Behavior\BuildLiteBehavior [ RunTime:0.000000s ]
INFO: [ app_init ] --END-- [ RunTime:0.001000s ]
INFO: [ app_begin ] --START--
INFO: Run Behavior\ReadHtmlCacheBehavior [ RunTime:0.000000s ]
INFO: [ app_begin ] --END-- [ RunTime:0.000000s ]
SQL: SHOW COLUMNS FROM `blue_config` [ RunTime:0.0220s ]
SQL: SELECT * FROM `blue_config`  [ RunTime:0.0010s ]
SQL: SHOW COLUMNS FROM `blue_purse_download` [ RunTime:0.0180s ]
SQL: SELECT * FROM `blue_purse_download` ORDER BY add_time desc LIMIT 0,6   [ RunTime:0.0000s ]
SQL: SHOW COLUMNS FROM `blue_dividend_config` [ RunTime:0.0160s ]
SQL: SELECT * FROM `blue_dividend_config`  [ RunTime:0.0010s ]
SQL: SHOW COLUMNS FROM `blue_article_category` [ RunTime:0.0150s ]
SQL: SELECT * FROM `blue_article_category` WHERE ( parent_id = 6 ) LIMIT 4   [ RunTime:0.0010s ]
SQL: SHOW COLUMNS FROM `blue_article` [ RunTime:0.0140s ]
SQL: SELECT * FROM `blue_article` WHERE ( position_id = 7 ) LIMIT 4   [ RunTime:0.0000s ]
SQL: SHOW COLUMNS FROM `blue_orders` [ RunTime:0.0140s ]
SQL: SHOW COLUMNS FROM `blue_currency` [ RunTime:0.0140s ]
SQL: SELECT * FROM `blue_currency` WHERE ( is_line=1  ) ORDER BY sort  [ RunTime:0.0000s ]
NOTIC: [8] Undefined variable: whereMark D:\WWW\xiao\App\Common\Controller\CommonController.class.php 第 106 行.
SQL: SELECT `currency_id`,`currency_name`,`currency_logo`,`currency_mark` FROM `blue_currency` LIMIT 1   [ RunTime:0.0000s ]
SQL: SELECT `currency_id`,`currency_name`,`currency_logo`,`currency_mark` FROM `blue_currency` WHERE `is_line` = 1  [ RunTime:0.0000s ]
SQL: SELECT `price` FROM `blue_orders` WHERE ( currency_id = 52 ) ORDER BY add_time desc LIMIT 1   [ RunTime:0.0010s ]
SQL: SELECT `price` FROM `blue_orders` WHERE ( currency_id = 53 ) ORDER BY add_time desc LIMIT 1   [ RunTime:0.0010s ]
SQL: SELECT `price` FROM `blue_orders` WHERE ( currency_id = 54 ) ORDER BY add_time desc LIMIT 1   [ RunTime:0.0000s ]
SQL: SHOW COLUMNS FROM `blue_admin` [ RunTime:0.0140s ]
SQL: SELECT * FROM `blue_admin` WHERE ( admin_id='1' ) LIMIT 1   [ RunTime:0.0000s ]
SQL: SELECT `key`,`value` FROM `blue_config`  [ RunTime:0.0010s ]
SQL: SELECT `Nav` FROM `blue_admin` WHERE ( admin_id='1' ) LIMIT 1   [ RunTime:0.0000s ]
SQL: SHOW COLUMNS FROM `blue_nav` [ RunTime:0.0150s ]
SQL: SELECT * FROM `blue_nav` WHERE ( nav_id=1 ) LIMIT 1   [ RunTime:0.0010s ]
SQL: SELECT * FROM `blue_nav` WHERE ( nav_id=2 ) LIMIT 1   [ RunTime:0.0000s ]
SQL: SELECT * FROM `blue_nav` WHERE ( nav_id=3 ) LIMIT 1   [ RunTime:0.0010s ]
SQL: SELECT * FROM `blue_nav` WHERE ( nav_id=4 ) LIMIT 1   [ RunTime:0.0000s ]
SQL: SELECT * FROM `blue_nav` WHERE ( nav_id=6 ) LIMIT 1   [ RunTime:0.0000s ]
SQL: SELECT * FROM `blue_nav` WHERE ( nav_id=7 ) LIMIT 1   [ RunTime:0.0000s ]
SQL: SELECT * FROM `blue_nav` WHERE ( nav_id=8 ) LIMIT 1   [ RunTime:0.0000s ]
SQL: SELECT * FROM `blue_nav` WHERE ( nav_id=15 ) LIMIT 1   [ RunTime:0.0000s ]
SQL: SELECT * FROM `blue_nav` WHERE ( nav_id=9 ) LIMIT 1   [ RunTime:0.0000s ]
SQL: SELECT * FROM `blue_nav` WHERE ( nav_id=10 ) LIMIT 1   [ RunTime:0.0010s ]
SQL: SELECT * FROM `blue_nav` WHERE ( nav_id=11 ) LIMIT 1   [ RunTime:0.0000s ]
SQL: SELECT * FROM `blue_nav` WHERE ( nav_id=12 ) LIMIT 1   [ RunTime:0.0000s ]
SQL: SELECT * FROM `blue_nav` WHERE ( nav_id=13 ) LIMIT 1   [ RunTime:0.0000s ]
SQL: SELECT * FROM `blue_nav` WHERE ( nav_id=14 ) LIMIT 1   [ RunTime:0.0000s ]
SQL: SELECT * FROM `blue_nav` WHERE ( nav_id=17 ) LIMIT 1   [ RunTime:0.0000s ]
SQL: SELECT * FROM `blue_nav` WHERE ( nav_id=16 ) LIMIT 1   [ RunTime:0.0000s ]
SQL: SELECT * FROM `blue_nav` WHERE ( nav_id=21 ) LIMIT 1   [ RunTime:0.0010s ]
SQL: SELECT * FROM `blue_nav` WHERE ( nav_id=22 ) LIMIT 1   [ RunTime:0.0000s ]
SQL: SELECT * FROM `blue_nav` WHERE ( nav_id=26 ) LIMIT 1   [ RunTime:0.0000s ]
SQL: SELECT * FROM `blue_nav` WHERE ( nav_id=27 ) LIMIT 1   [ RunTime:0.0000s ]
SQL: SELECT * FROM `blue_nav` WHERE ( nav_id=28 ) LIMIT 1   [ RunTime:0.0010s ]
SQL: SELECT * FROM `blue_nav` WHERE ( nav_id=29 ) LIMIT 1   [ RunTime:0.0000s ]
SQL: SELECT * FROM `blue_nav` WHERE ( nav_id=30 ) LIMIT 1   [ RunTime:0.0000s ]
SQL: SELECT * FROM `blue_nav` WHERE ( nav_id=18 ) LIMIT 1   [ RunTime:0.0000s ]
SQL: SELECT * FROM `blue_nav` WHERE ( nav_id=33 ) LIMIT 1   [ RunTime:0.0000s ]
SQL: SELECT * FROM `blue_nav` WHERE ( nav_id=32 ) LIMIT 1   [ RunTime:0.0000s ]
SQL: SELECT * FROM `blue_nav` WHERE ( nav_id=35 ) LIMIT 1   [ RunTime:0.0000s ]
SQL: SELECT * FROM `blue_nav` WHERE ( nav_id=36 ) LIMIT 1   [ RunTime:0.0010s ]
SQL: SELECT * FROM `blue_nav` WHERE ( nav_id=40 ) LIMIT 1   [ RunTime:0.0000s ]
SQL: SELECT * FROM `blue_nav` WHERE ( nav_id=44 ) LIMIT 1   [ RunTime:0.0000s ]
SQL: SELECT * FROM `blue_nav` WHERE ( nav_id=41 ) LIMIT 1   [ RunTime:0.0000s ]
SQL: SELECT * FROM `blue_nav` WHERE ( nav_id=43 ) LIMIT 1   [ RunTime:0.0010s ]
SQL: SELECT * FROM `blue_nav` WHERE ( nav_id=45 ) LIMIT 1   [ RunTime:0.0000s ]
SQL: SELECT * FROM `blue_nav` WHERE ( nav_id=46 ) LIMIT 1   [ RunTime:0.0000s ]
SQL: SELECT * FROM `blue_nav` WHERE ( nav_id=47 ) LIMIT 1   [ RunTime:0.0000s ]
SQL: SELECT * FROM `blue_nav` WHERE ( nav_id=48 ) LIMIT 1   [ RunTime:0.0000s ]
SQL: SELECT * FROM `blue_nav` WHERE ( nav_id=49 ) LIMIT 1   [ RunTime:0.0000s ]
SQL: SELECT * FROM `blue_nav` WHERE ( nav_id=50 ) LIMIT 1   [ RunTime:0.0000s ]
SQL: SELECT * FROM `blue_nav` WHERE ( nav_id=51 ) LIMIT 1   [ RunTime:0.0010s ]
SQL: SELECT * FROM `blue_nav` WHERE ( nav_id=52 ) LIMIT 1   [ RunTime:0.0000s ]
SQL: SELECT * FROM `blue_nav` WHERE ( nav_id=53 ) LIMIT 1   [ RunTime:0.0000s ]
SQL: SELECT * FROM `blue_nav` WHERE ( nav_id=54 ) LIMIT 1   [ RunTime:0.0000s ]
SQL: SELECT * FROM `blue_nav` WHERE ( nav_id=56 ) LIMIT 1   [ RunTime:0.0000s ]
SQL: SELECT * FROM `blue_nav` WHERE ( nav_id=61 ) LIMIT 1   [ RunTime:0.0000s ]
SQL: SELECT * FROM `blue_nav` WHERE ( nav_id=57 ) LIMIT 1   [ RunTime:0.0000s ]
SQL: SELECT * FROM `blue_nav` WHERE ( nav_id=58 ) LIMIT 1   [ RunTime:0.0010s ]
SQL: SELECT * FROM `blue_nav` WHERE ( nav_id=59 ) LIMIT 1   [ RunTime:0.0000s ]
SQL: SELECT * FROM `blue_nav` WHERE ( nav_id=60 ) LIMIT 1   [ RunTime:0.0000s ]
SQL: SELECT * FROM `blue_nav` WHERE ( nav_id=66 ) LIMIT 1   [ RunTime:0.0000s ]
SQL: SELECT * FROM `blue_nav` WHERE ( nav_id=67 ) LIMIT 1   [ RunTime:0.0010s ]
SQL: SELECT * FROM `blue_nav` WHERE ( nav_id=68 ) LIMIT 1   [ RunTime:0.0000s ]
SQL: SELECT * FROM `blue_nav` WHERE ( nav_id=69 ) LIMIT 1   [ RunTime:0.0000s ]
SQL: SELECT * FROM `blue_nav` WHERE ( nav_id=70 ) LIMIT 1   [ RunTime:0.0010s ]
SQL: SELECT * FROM `blue_nav` WHERE ( nav_id=71 ) LIMIT 1   [ RunTime:0.0000s ]
SQL: SELECT * FROM `blue_nav` WHERE ( nav_id=72 ) LIMIT 1   [ RunTime:0.0000s ]
SQL: SELECT * FROM `blue_nav` WHERE ( nav_id=73 ) LIMIT 1   [ RunTime:0.0000s ]
SQL: SELECT * FROM `blue_nav` WHERE ( nav_id=74 ) LIMIT 1   [ RunTime:0.0010s ]
INFO: [ view_parse ] --START--
INFO: [ template_filter ] --START--
INFO: Run Behavior\ContentReplaceBehavior [ RunTime:0.000000s ]
INFO: [ template_filter ] --END-- [ RunTime:0.000000s ]
NOTIC: [8] Undefined variable: list D:\WWW\xiao\App\Runtime\Cache\Admin\9df924d9a2d217daa77a359c5bee0c33.php 第 214 行.
NOTIC: [8] Undefined variable: empty D:\WWW\xiao\App\Runtime\Cache\Admin\9df924d9a2d217daa77a359c5bee0c33.php 第 231 行.
NOTIC: [8] Use of undefined constant mysqlnd - assumed 'mysqlnd' D:\WWW\xiao\App\Runtime\Cache\Admin\9df924d9a2d217daa77a359c5bee0c33.php 第 294 行.
INFO: Run Behavior\ParseTemplateBehavior [ RunTime:0.039000s ]
INFO: [ view_parse ] --END-- [ RunTime:0.039000s ]
INFO: [ view_filter ] --START--
INFO: Run Behavior\WriteHtmlCacheBehavior [ RunTime:0.000000s ]
INFO: [ view_filter ] --END-- [ RunTime:0.000000s ]
INFO: [ app_end ] --START--
INFO: Run Behavior\ShowPageTraceBehavior [ RunTime:0.001000s ]
INFO: [ app_end ] --END-- [ RunTime:0.001000s ]

[ 2018-09-19T15:40:02+08:00 ] 127.0.0.1 /admin/Index/index.html
INFO: [ app_init ] --START--
INFO: Run Behavior\BuildLiteBehavior [ RunTime:0.000000s ]
INFO: [ app_init ] --END-- [ RunTime:0.001000s ]
INFO: [ app_begin ] --START--
INFO: Run Behavior\ReadHtmlCacheBehavior [ RunTime:0.001000s ]
INFO: [ app_begin ] --END-- [ RunTime:0.001000s ]
SQL: SHOW COLUMNS FROM `blue_config` [ RunTime:0.0170s ]
SQL: SELECT * FROM `blue_config`  [ RunTime:0.0010s ]
SQL: SHOW COLUMNS FROM `blue_purse_download` [ RunTime:0.0150s ]
SQL: SELECT * FROM `blue_purse_download` ORDER BY add_time desc LIMIT 0,6   [ RunTime:0.0010s ]
SQL: SHOW COLUMNS FROM `blue_dividend_config` [ RunTime:0.0170s ]
SQL: SELECT * FROM `blue_dividend_config`  [ RunTime:0.0000s ]
SQL: SHOW COLUMNS FROM `blue_article_category` [ RunTime:0.0150s ]
SQL: SELECT * FROM `blue_article_category` WHERE ( parent_id = 6 ) LIMIT 4   [ RunTime:0.0000s ]
SQL: SHOW COLUMNS FROM `blue_article` [ RunTime:0.0130s ]
SQL: SELECT * FROM `blue_article` WHERE ( position_id = 7 ) LIMIT 4   [ RunTime:0.0020s ]
SQL: SHOW COLUMNS FROM `blue_orders` [ RunTime:0.0150s ]
SQL: SHOW COLUMNS FROM `blue_currency` [ RunTime:0.0150s ]
SQL: SELECT * FROM `blue_currency` WHERE ( is_line=1  ) ORDER BY sort  [ RunTime:0.0000s ]
NOTIC: [8] Undefined variable: whereMark D:\WWW\xiao\App\Common\Controller\CommonController.class.php 第 106 行.
SQL: SELECT `currency_id`,`currency_name`,`currency_logo`,`currency_mark` FROM `blue_currency` LIMIT 1   [ RunTime:0.0000s ]
SQL: SELECT `currency_id`,`currency_name`,`currency_logo`,`currency_mark` FROM `blue_currency` WHERE `is_line` = 1  [ RunTime:0.0000s ]
SQL: SELECT `price` FROM `blue_orders` WHERE ( currency_id = 52 ) ORDER BY add_time desc LIMIT 1   [ RunTime:0.0000s ]
SQL: SELECT `price` FROM `blue_orders` WHERE ( currency_id = 53 ) ORDER BY add_time desc LIMIT 1   [ RunTime:0.0010s ]
SQL: SELECT `price` FROM `blue_orders` WHERE ( currency_id = 54 ) ORDER BY add_time desc LIMIT 1   [ RunTime:0.0000s ]
SQL: SHOW COLUMNS FROM `blue_admin` [ RunTime:0.0150s ]
SQL: SELECT * FROM `blue_admin` WHERE ( admin_id='1' ) LIMIT 1   [ RunTime:0.0000s ]
SQL: SELECT `key`,`value` FROM `blue_config`  [ RunTime:0.0010s ]
SQL: SELECT `Nav` FROM `blue_admin` WHERE ( admin_id='1' ) LIMIT 1   [ RunTime:0.0000s ]
SQL: SHOW COLUMNS FROM `blue_nav` [ RunTime:0.0150s ]
SQL: SELECT * FROM `blue_nav` WHERE ( nav_id=1 ) LIMIT 1   [ RunTime:0.0000s ]
SQL: SELECT * FROM `blue_nav` WHERE ( nav_id=2 ) LIMIT 1   [ RunTime:0.0010s ]
SQL: SELECT * FROM `blue_nav` WHERE ( nav_id=3 ) LIMIT 1   [ RunTime:0.0000s ]
SQL: SELECT * FROM `blue_nav` WHERE ( nav_id=4 ) LIMIT 1   [ RunTime:0.0000s ]
SQL: SELECT * FROM `blue_nav` WHERE ( nav_id=6 ) LIMIT 1   [ RunTime:0.0000s ]
SQL: SELECT * FROM `blue_nav` WHERE ( nav_id=7 ) LIMIT 1   [ RunTime:0.0010s ]
SQL: SELECT * FROM `blue_nav` WHERE ( nav_id=8 ) LIMIT 1   [ RunTime:0.0000s ]
SQL: SELECT * FROM `blue_nav` WHERE ( nav_id=15 ) LIMIT 1   [ RunTime:0.0000s ]
SQL: SELECT * FROM `blue_nav` WHERE ( nav_id=9 ) LIMIT 1   [ RunTime:0.0000s ]
SQL: SELECT * FROM `blue_nav` WHERE ( nav_id=10 ) LIMIT 1   [ RunTime:0.0000s ]
SQL: SELECT * FROM `blue_nav` WHERE ( nav_id=11 ) LIMIT 1   [ RunTime:0.0000s ]
SQL: SELECT * FROM `blue_nav` WHERE ( nav_id=12 ) LIMIT 1   [ RunTime:0.0000s ]
SQL: SELECT * FROM `blue_nav` WHERE ( nav_id=13 ) LIMIT 1   [ RunTime:0.0000s ]
SQL: SELECT * FROM `blue_nav` WHERE ( nav_id=14 ) LIMIT 1   [ RunTime:0.0000s ]
SQL: SELECT * FROM `blue_nav` WHERE ( nav_id=17 ) LIMIT 1   [ RunTime:0.0000s ]
SQL: SELECT * FROM `blue_nav` WHERE ( nav_id=16 ) LIMIT 1   [ RunTime:0.0010s ]
SQL: SELECT * FROM `blue_nav` WHERE ( nav_id=21 ) LIMIT 1   [ RunTime:0.0000s ]
SQL: SELECT * FROM `blue_nav` WHERE ( nav_id=22 ) LIMIT 1   [ RunTime:0.0000s ]
SQL: SELECT * FROM `blue_nav` WHERE ( nav_id=26 ) LIMIT 1   [ RunTime:0.0000s ]
SQL: SELECT * FROM `blue_nav` WHERE ( nav_id=27 ) LIMIT 1   [ RunTime:0.0010s ]
SQL: SELECT * FROM `blue_nav` WHERE ( nav_id=28 ) LIMIT 1   [ RunTime:0.0000s ]
SQL: SELECT * FROM `blue_nav` WHERE ( nav_id=29 ) LIMIT 1   [ RunTime:0.0000s ]
SQL: SELECT * FROM `blue_nav` WHERE ( nav_id=30 ) LIMIT 1   [ RunTime:0.0010s ]
SQL: SELECT * FROM `blue_nav` WHERE ( nav_id=18 ) LIMIT 1   [ RunTime:0.0000s ]
SQL: SELECT * FROM `blue_nav` WHERE ( nav_id=33 ) LIMIT 1   [ RunTime:0.0000s ]
SQL: SELECT * FROM `blue_nav` WHERE ( nav_id=32 ) LIMIT 1   [ RunTime:0.0000s ]
SQL: SELECT * FROM `blue_nav` WHERE ( nav_id=35 ) LIMIT 1   [ RunTime:0.0010s ]
SQL: SELECT * FROM `blue_nav` WHERE ( nav_id=36 ) LIMIT 1   [ RunTime:0.0000s ]
SQL: SELECT * FROM `blue_nav` WHERE ( nav_id=40 ) LIMIT 1   [ RunTime:0.0000s ]
SQL: SELECT * FROM `blue_nav` WHERE ( nav_id=44 ) LIMIT 1   [ RunTime:0.0010s ]
SQL: SELECT * FROM `blue_nav` WHERE ( nav_id=41 ) LIMIT 1   [ RunTime:0.0000s ]
SQL: SELECT * FROM `blue_nav` WHERE ( nav_id=43 ) LIMIT 1   [ RunTime:0.0000s ]
SQL: SELECT * FROM `blue_nav` WHERE ( nav_id=45 ) LIMIT 1   [ RunTime:0.0000s ]
SQL: SELECT * FROM `blue_nav` WHERE ( nav_id=46 ) LIMIT 1   [ RunTime:0.0010s ]
SQL: SELECT * FROM `blue_nav` WHERE ( nav_id=47 ) LIMIT 1   [ RunTime:0.0000s ]
SQL: SELECT * FROM `blue_nav` WHERE ( nav_id=48 ) LIMIT 1   [ RunTime:0.0000s ]
SQL: SELECT * FROM `blue_nav` WHERE ( nav_id=49 ) LIMIT 1   [ RunTime:0.0010s ]
SQL: SELECT * FROM `blue_nav` WHERE ( nav_id=50 ) LIMIT 1   [ RunTime:0.0000s ]
SQL: SELECT * FROM `blue_nav` WHERE ( nav_id=51 ) LIMIT 1   [ RunTime:0.0000s ]
SQL: SELECT * FROM `blue_nav` WHERE ( nav_id=52 ) LIMIT 1   [ RunTime:0.0000s ]
SQL: SELECT * FROM `blue_nav` WHERE ( nav_id=53 ) LIMIT 1   [ RunTime:0.0010s ]
SQL: SELECT * FROM `blue_nav` WHERE ( nav_id=54 ) LIMIT 1   [ RunTime:0.0000s ]
SQL: SELECT * FROM `blue_nav` WHERE ( nav_id=56 ) LIMIT 1   [ RunTime:0.0000s ]
SQL: SELECT * FROM `blue_nav` WHERE ( nav_id=61 ) LIMIT 1   [ RunTime:0.0000s ]
SQL: SELECT * FROM `blue_nav` WHERE ( nav_id=57 ) LIMIT 1   [ RunTime:0.0000s ]
SQL: SELECT * FROM `blue_nav` WHERE ( nav_id=58 ) LIMIT 1   [ RunTime:0.0000s ]
SQL: SELECT * FROM `blue_nav` WHERE ( nav_id=59 ) LIMIT 1   [ RunTime:0.0000s ]
SQL: SELECT * FROM `blue_nav` WHERE ( nav_id=60 ) LIMIT 1   [ RunTime:0.0010s ]
SQL: SELECT * FROM `blue_nav` WHERE ( nav_id=66 ) LIMIT 1   [ RunTime:0.0000s ]
SQL: SELECT * FROM `blue_nav` WHERE ( nav_id=67 ) LIMIT 1   [ RunTime:0.0000s ]
SQL: SELECT * FROM `blue_nav` WHERE ( nav_id=68 ) LIMIT 1   [ RunTime:0.0000s ]
SQL: SELECT * FROM `blue_nav` WHERE ( nav_id=69 ) LIMIT 1   [ RunTime:0.0000s ]
SQL: SELECT * FROM `blue_nav` WHERE ( nav_id=70 ) LIMIT 1   [ RunTime:0.0000s ]
SQL: SELECT * FROM `blue_nav` WHERE ( nav_id=71 ) LIMIT 1   [ RunTime:0.0000s ]
SQL: SELECT * FROM `blue_nav` WHERE ( nav_id=72 ) LIMIT 1   [ RunTime:0.0010s ]
SQL: SELECT * FROM `blue_nav` WHERE ( nav_id=73 ) LIMIT 1   [ RunTime:0.0000s ]
SQL: SELECT * FROM `blue_nav` WHERE ( nav_id=74 ) LIMIT 1   [ RunTime:0.0000s ]
INFO: [ view_parse ] --START--
INFO: [ template_filter ] --START--
INFO: Run Behavior\ContentReplaceBehavior [ RunTime:0.000000s ]
INFO: [ template_filter ] --END-- [ RunTime:0.000000s ]
NOTIC: [8] Undefined variable: list D:\WWW\xiao\App\Runtime\Cache\Admin\9df924d9a2d217daa77a359c5bee0c33.php 第 214 行.
NOTIC: [8] Undefined variable: empty D:\WWW\xiao\App\Runtime\Cache\Admin\9df924d9a2d217daa77a359c5bee0c33.php 第 231 行.
NOTIC: [8] Use of undefined constant mysqlnd - assumed 'mysqlnd' D:\WWW\xiao\App\Runtime\Cache\Admin\9df924d9a2d217daa77a359c5bee0c33.php 第 294 行.
INFO: Run Behavior\ParseTemplateBehavior [ RunTime:0.033000s ]
INFO: [ view_parse ] --END-- [ RunTime:0.033000s ]
INFO: [ view_filter ] --START--
INFO: Run Behavior\WriteHtmlCacheBehavior [ RunTime:0.001000s ]
INFO: [ view_filter ] --END-- [ RunTime:0.001000s ]
INFO: [ app_end ] --START--
INFO: Run Behavior\ShowPageTraceBehavior [ RunTime:0.001000s ]
INFO: [ app_end ] --END-- [ RunTime:0.001000s ]

