[ 2018-08-06T15:00:28+08:00 ] 127.0.0.1 /admin/Jingcai/index
INFO: [ app_init ] --START--
INFO: Run Behavior\BuildLiteBehavior [ RunTime:0.000000s ]
INFO: [ app_init ] --END-- [ RunTime:0.021002s ]
INFO: [ app_begin ] --START--
INFO: Run Behavior\ReadHtmlCacheBehavior [ RunTime:0.001000s ]
INFO: [ app_begin ] --END-- [ RunTime:0.001000s ]
SQL: SHOW COLUMNS FROM `blue_config` [ RunTime:0.0640s ]
SQL: SELECT * FROM `blue_config`  [ RunTime:0.0090s ]
SQL: SHOW COLUMNS FROM `blue_purse_download` [ RunTime:0.0340s ]
SQL: SELECT * FROM `blue_purse_download` ORDER BY add_time desc LIMIT 0,6   [ RunTime:0.0010s ]
SQL: SHOW COLUMNS FROM `blue_dividend_config` [ RunTime:0.0280s ]
SQL: SELECT * FROM `blue_dividend_config`  [ RunTime:0.0010s ]

[ 2018-08-06T15:00:29+08:00 ] 127.0.0.1 /admin/Login/index.html
INFO: [ app_init ] --START--
INFO: Run Behavior\BuildLiteBehavior [ RunTime:0.000000s ]
INFO: [ app_init ] --END-- [ RunTime:0.000000s ]
INFO: [ app_begin ] --START--
INFO: Run Behavior\ReadHtmlCacheBehavior [ RunTime:0.001000s ]
INFO: [ app_begin ] --END-- [ RunTime:0.001000s ]
SQL: SHOW COLUMNS FROM `blue_config` [ RunTime:0.0270s ]
SQL: SELECT * FROM `blue_config`  [ RunTime:0.0010s ]
SQL: SHOW COLUMNS FROM `blue_purse_download` [ RunTime:0.0190s ]
SQL: SELECT * FROM `blue_purse_download` ORDER BY add_time desc LIMIT 0,6   [ RunTime:0.0000s ]
SQL: SHOW COLUMNS FROM `blue_dividend_config` [ RunTime:0.0170s ]
SQL: SELECT * FROM `blue_dividend_config`  [ RunTime:0.0010s ]
SQL: SHOW COLUMNS FROM `blue_article_category` [ RunTime:0.0150s ]
SQL: SELECT * FROM `blue_article_category` WHERE ( parent_id = 6 ) LIMIT 4   [ RunTime:0.0240s ]
SQL: SHOW COLUMNS FROM `blue_article` [ RunTime:0.0140s ]
SQL: SELECT * FROM `blue_article` WHERE ( position_id = 7 ) LIMIT 4   [ RunTime:0.0110s ]
SQL: SHOW COLUMNS FROM `blue_orders` [ RunTime:0.0240s ]
SQL: SHOW COLUMNS FROM `blue_currency` [ RunTime:0.0130s ]
SQL: SELECT * FROM `blue_currency` WHERE ( is_line=1  ) ORDER BY sort  [ RunTime:0.0070s ]
NOTIC: [8] Undefined variable: whereMark D:\WWW\xiao\App\Common\Controller\CommonController.class.php 第 106 行.
SQL: SELECT `currency_id`,`currency_name`,`currency_logo`,`currency_mark` FROM `blue_currency` LIMIT 1   [ RunTime:0.0000s ]
SQL: SELECT `currency_id`,`currency_name`,`currency_logo`,`currency_mark` FROM `blue_currency` WHERE `is_line` = 1  [ RunTime:0.0010s ]
SQL: SELECT `price` FROM `blue_orders` WHERE ( currency_id = 52 ) ORDER BY add_time desc LIMIT 1   [ RunTime:0.0000s ]
SQL: SELECT `price` FROM `blue_orders` WHERE ( currency_id = 53 ) ORDER BY add_time desc LIMIT 1   [ RunTime:0.0010s ]
SQL: SELECT `price` FROM `blue_orders` WHERE ( currency_id = 54 ) ORDER BY add_time desc LIMIT 1   [ RunTime:0.0000s ]
INFO: [ view_parse ] --START--
INFO: [ template_filter ] --START--
INFO: Run Behavior\ContentReplaceBehavior [ RunTime:0.009001s ]
INFO: [ template_filter ] --END-- [ RunTime:0.009001s ]
INFO: Run Behavior\ParseTemplateBehavior [ RunTime:0.056005s ]
INFO: [ view_parse ] --END-- [ RunTime:0.056005s ]
INFO: [ view_filter ] --START--
INFO: Run Behavior\WriteHtmlCacheBehavior [ RunTime:0.006001s ]
INFO: [ view_filter ] --END-- [ RunTime:0.007001s ]
INFO: [ app_end ] --START--
INFO: Run Behavior\ShowPageTraceBehavior [ RunTime:0.002000s ]
INFO: [ app_end ] --END-- [ RunTime:0.002000s ]

[ 2018-08-06T15:00:49+08:00 ] 127.0.0.1 /admin/Lottery/add.html
INFO: [ app_init ] --START--
INFO: Run Behavior\BuildLiteBehavior [ RunTime:0.000000s ]
INFO: [ app_init ] --END-- [ RunTime:0.000000s ]
INFO: [ app_begin ] --START--
INFO: Run Behavior\ReadHtmlCacheBehavior [ RunTime:0.000000s ]
INFO: [ app_begin ] --END-- [ RunTime:0.000000s ]
SQL: SHOW COLUMNS FROM `blue_config` [ RunTime:0.0210s ]
SQL: SELECT * FROM `blue_config`  [ RunTime:0.0010s ]
SQL: SHOW COLUMNS FROM `blue_purse_download` [ RunTime:0.0170s ]
SQL: SELECT * FROM `blue_purse_download` ORDER BY add_time desc LIMIT 0,6   [ RunTime:0.0000s ]
SQL: SHOW COLUMNS FROM `blue_dividend_config` [ RunTime:0.0130s ]
SQL: SELECT * FROM `blue_dividend_config`  [ RunTime:0.0000s ]
SQL: SHOW COLUMNS FROM `blue_article_category` [ RunTime:0.0110s ]
SQL: SELECT * FROM `blue_article_category` WHERE ( parent_id = 6 ) LIMIT 4   [ RunTime:0.0000s ]
SQL: SHOW COLUMNS FROM `blue_article` [ RunTime:0.0130s ]
SQL: SELECT * FROM `blue_article` WHERE ( position_id = 7 ) LIMIT 4   [ RunTime:0.0010s ]
SQL: SHOW COLUMNS FROM `blue_orders` [ RunTime:0.0120s ]
SQL: SHOW COLUMNS FROM `blue_currency` [ RunTime:0.0110s ]
SQL: SELECT * FROM `blue_currency` WHERE ( is_line=1  ) ORDER BY sort  [ RunTime:0.0010s ]
NOTIC: [8] Undefined variable: whereMark D:\WWW\xiao\App\Common\Controller\CommonController.class.php 第 106 行.
SQL: SELECT `currency_id`,`currency_name`,`currency_logo`,`currency_mark` FROM `blue_currency` LIMIT 1   [ RunTime:0.0000s ]
SQL: SELECT `currency_id`,`currency_name`,`currency_logo`,`currency_mark` FROM `blue_currency` WHERE `is_line` = 1  [ RunTime:0.0000s ]
SQL: SELECT `price` FROM `blue_orders` WHERE ( currency_id = 52 ) ORDER BY add_time desc LIMIT 1   [ RunTime:0.0010s ]
SQL: SELECT `price` FROM `blue_orders` WHERE ( currency_id = 53 ) ORDER BY add_time desc LIMIT 1   [ RunTime:0.0000s ]
SQL: SELECT `price` FROM `blue_orders` WHERE ( currency_id = 54 ) ORDER BY add_time desc LIMIT 1   [ RunTime:0.0000s ]
SQL: SHOW COLUMNS FROM `blue_admin` [ RunTime:0.0100s ]
SQL: SELECT * FROM `blue_admin` WHERE ( admin_id='1' ) LIMIT 1   [ RunTime:0.0000s ]
SQL: SELECT `key`,`value` FROM `blue_config`  [ RunTime:0.0000s ]
SQL: SELECT `Nav` FROM `blue_admin` WHERE ( admin_id='1' ) LIMIT 1   [ RunTime:0.0010s ]
SQL: SHOW COLUMNS FROM `blue_nav` [ RunTime:0.0110s ]
SQL: SELECT * FROM `blue_nav` WHERE ( nav_id=1 ) LIMIT 1   [ RunTime:0.0070s ]
SQL: SELECT * FROM `blue_nav` WHERE ( nav_id=2 ) LIMIT 1   [ RunTime:0.0010s ]
SQL: SELECT * FROM `blue_nav` WHERE ( nav_id=3 ) LIMIT 1   [ RunTime:0.0000s ]
SQL: SELECT * FROM `blue_nav` WHERE ( nav_id=4 ) LIMIT 1   [ RunTime:0.0000s ]
SQL: SELECT * FROM `blue_nav` WHERE ( nav_id=6 ) LIMIT 1   [ RunTime:0.0000s ]
SQL: SELECT * FROM `blue_nav` WHERE ( nav_id=7 ) LIMIT 1   [ RunTime:0.0010s ]
SQL: SELECT * FROM `blue_nav` WHERE ( nav_id=8 ) LIMIT 1   [ RunTime:0.0000s ]
SQL: SELECT * FROM `blue_nav` WHERE ( nav_id=15 ) LIMIT 1   [ RunTime:0.0000s ]
SQL: SELECT * FROM `blue_nav` WHERE ( nav_id=9 ) LIMIT 1   [ RunTime:0.0000s ]
SQL: SELECT * FROM `blue_nav` WHERE ( nav_id=10 ) LIMIT 1   [ RunTime:0.0010s ]
SQL: SELECT * FROM `blue_nav` WHERE ( nav_id=11 ) LIMIT 1   [ RunTime:0.0000s ]
SQL: SELECT * FROM `blue_nav` WHERE ( nav_id=12 ) LIMIT 1   [ RunTime:0.0000s ]
SQL: SELECT * FROM `blue_nav` WHERE ( nav_id=13 ) LIMIT 1   [ RunTime:0.0000s ]
SQL: SELECT * FROM `blue_nav` WHERE ( nav_id=14 ) LIMIT 1   [ RunTime:0.0000s ]
SQL: SELECT * FROM `blue_nav` WHERE ( nav_id=17 ) LIMIT 1   [ RunTime:0.0000s ]
SQL: SELECT * FROM `blue_nav` WHERE ( nav_id=16 ) LIMIT 1   [ RunTime:0.0000s ]
SQL: SELECT * FROM `blue_nav` WHERE ( nav_id=21 ) LIMIT 1   [ RunTime:0.0000s ]
SQL: SELECT * FROM `blue_nav` WHERE ( nav_id=22 ) LIMIT 1   [ RunTime:0.0010s ]
SQL: SELECT * FROM `blue_nav` WHERE ( nav_id=26 ) LIMIT 1   [ RunTime:0.0000s ]
SQL: SELECT * FROM `blue_nav` WHERE ( nav_id=27 ) LIMIT 1   [ RunTime:0.0000s ]
SQL: SELECT * FROM `blue_nav` WHERE ( nav_id=28 ) LIMIT 1   [ RunTime:0.0000s ]
SQL: SELECT * FROM `blue_nav` WHERE ( nav_id=29 ) LIMIT 1   [ RunTime:0.0010s ]
SQL: SELECT * FROM `blue_nav` WHERE ( nav_id=30 ) LIMIT 1   [ RunTime:0.0000s ]
SQL: SELECT * FROM `blue_nav` WHERE ( nav_id=18 ) LIMIT 1   [ RunTime:0.0000s ]
SQL: SELECT * FROM `blue_nav` WHERE ( nav_id=33 ) LIMIT 1   [ RunTime:0.0000s ]
SQL: SELECT * FROM `blue_nav` WHERE ( nav_id=32 ) LIMIT 1   [ RunTime:0.0010s ]
SQL: SELECT * FROM `blue_nav` WHERE ( nav_id=35 ) LIMIT 1   [ RunTime:0.0000s ]
SQL: SELECT * FROM `blue_nav` WHERE ( nav_id=36 ) LIMIT 1   [ RunTime:0.0000s ]
SQL: SELECT * FROM `blue_nav` WHERE ( nav_id=40 ) LIMIT 1   [ RunTime:0.0000s ]
SQL: SELECT * FROM `blue_nav` WHERE ( nav_id=44 ) LIMIT 1   [ RunTime:0.0010s ]
SQL: SELECT * FROM `blue_nav` WHERE ( nav_id=41 ) LIMIT 1   [ RunTime:0.0000s ]
SQL: SELECT * FROM `blue_nav` WHERE ( nav_id=43 ) LIMIT 1   [ RunTime:0.0000s ]
SQL: SELECT * FROM `blue_nav` WHERE ( nav_id=45 ) LIMIT 1   [ RunTime:0.0000s ]
SQL: SELECT * FROM `blue_nav` WHERE ( nav_id=46 ) LIMIT 1   [ RunTime:0.0010s ]
SQL: SELECT * FROM `blue_nav` WHERE ( nav_id=47 ) LIMIT 1   [ RunTime:0.0000s ]
SQL: SELECT * FROM `blue_nav` WHERE ( nav_id=48 ) LIMIT 1   [ RunTime:0.0000s ]
SQL: SELECT * FROM `blue_nav` WHERE ( nav_id=49 ) LIMIT 1   [ RunTime:0.0000s ]
SQL: SELECT * FROM `blue_nav` WHERE ( nav_id=50 ) LIMIT 1   [ RunTime:0.0010s ]
SQL: SELECT * FROM `blue_nav` WHERE ( nav_id=51 ) LIMIT 1   [ RunTime:0.0000s ]
SQL: SELECT * FROM `blue_nav` WHERE ( nav_id=52 ) LIMIT 1   [ RunTime:0.0000s ]
SQL: SELECT * FROM `blue_nav` WHERE ( nav_id=53 ) LIMIT 1   [ RunTime:0.0000s ]
SQL: SELECT * FROM `blue_nav` WHERE ( nav_id=54 ) LIMIT 1   [ RunTime:0.0000s ]
SQL: SELECT * FROM `blue_nav` WHERE ( nav_id=56 ) LIMIT 1   [ RunTime:0.0000s ]
SQL: SELECT * FROM `blue_nav` WHERE ( nav_id=61 ) LIMIT 1   [ RunTime:0.0000s ]
SQL: SELECT * FROM `blue_nav` WHERE ( nav_id=57 ) LIMIT 1   [ RunTime:0.0000s ]
SQL: SELECT * FROM `blue_nav` WHERE ( nav_id=58 ) LIMIT 1   [ RunTime:0.0000s ]
SQL: SELECT * FROM `blue_nav` WHERE ( nav_id=59 ) LIMIT 1   [ RunTime:0.0010s ]
SQL: SELECT * FROM `blue_nav` WHERE ( nav_id=60 ) LIMIT 1   [ RunTime:0.0000s ]
SQL: SELECT * FROM `blue_nav` WHERE ( nav_id=66 ) LIMIT 1   [ RunTime:0.0000s ]
SQL: SELECT * FROM `blue_nav` WHERE ( nav_id=67 ) LIMIT 1   [ RunTime:0.0000s ]
SQL: SELECT * FROM `blue_nav` WHERE ( nav_id=68 ) LIMIT 1   [ RunTime:0.0010s ]
SQL: SELECT * FROM `blue_nav` WHERE ( nav_id=69 ) LIMIT 1   [ RunTime:0.0000s ]
SQL: SELECT * FROM `blue_nav` WHERE ( nav_id=70 ) LIMIT 1   [ RunTime:0.0000s ]
SQL: SELECT * FROM `blue_nav` WHERE ( nav_id=71 ) LIMIT 1   [ RunTime:0.0000s ]
SQL: SELECT * FROM `blue_nav` WHERE ( nav_id=72 ) LIMIT 1   [ RunTime:0.0000s ]
SQL: SELECT * FROM `blue_nav` WHERE ( nav_id=73 ) LIMIT 1   [ RunTime:0.0000s ]
SQL: SELECT * FROM `blue_nav` WHERE ( nav_id=74 ) LIMIT 1   [ RunTime:0.0000s ]
INFO: [ view_parse ] --START--
INFO: [ template_filter ] --START--
INFO: Run Behavior\ContentReplaceBehavior [ RunTime:0.000000s ]
INFO: [ template_filter ] --END-- [ RunTime:0.000000s ]
INFO: Run Behavior\ParseTemplateBehavior [ RunTime:0.047004s ]
INFO: [ view_parse ] --END-- [ RunTime:0.047004s ]
INFO: [ view_filter ] --START--
INFO: Run Behavior\WriteHtmlCacheBehavior [ RunTime:0.000000s ]
INFO: [ view_filter ] --END-- [ RunTime:0.000000s ]
INFO: [ app_end ] --START--
INFO: Run Behavior\ShowPageTraceBehavior [ RunTime:0.001000s ]
INFO: [ app_end ] --END-- [ RunTime:0.001000s ]

[ 2018-08-06T15:04:34+08:00 ] 127.0.0.1 /admin/Member/index
INFO: [ app_init ] --START--
INFO: Run Behavior\BuildLiteBehavior [ RunTime:0.000000s ]
INFO: [ app_init ] --END-- [ RunTime:0.001000s ]
INFO: [ app_begin ] --START--
INFO: Run Behavior\ReadHtmlCacheBehavior [ RunTime:0.001000s ]
INFO: [ app_begin ] --END-- [ RunTime:0.001000s ]
NOTIC: [2048] Declaration of Admin\Controller\MemberController::show() should be compatible with Think\Controller::show($content, $charset = '', $contentType = '', $prefix = '') D:\WWW\xiao\App\Admin\Controller\MemberController.class.php 第 12 行.
SQL: SHOW COLUMNS FROM `blue_config` [ RunTime:0.0160s ]
SQL: SELECT * FROM `blue_config`  [ RunTime:0.0010s ]
SQL: SHOW COLUMNS FROM `blue_purse_download` [ RunTime:0.0160s ]
SQL: SELECT * FROM `blue_purse_download` ORDER BY add_time desc LIMIT 0,6   [ RunTime:0.0000s ]
SQL: SHOW COLUMNS FROM `blue_dividend_config` [ RunTime:0.0170s ]
SQL: SELECT * FROM `blue_dividend_config`  [ RunTime:0.0000s ]
SQL: SHOW COLUMNS FROM `blue_article_category` [ RunTime:0.0160s ]
SQL: SELECT * FROM `blue_article_category` WHERE ( parent_id = 6 ) LIMIT 4   [ RunTime:0.0000s ]
SQL: SHOW COLUMNS FROM `blue_article` [ RunTime:0.0150s ]
SQL: SELECT * FROM `blue_article` WHERE ( position_id = 7 ) LIMIT 4   [ RunTime:0.0010s ]
SQL: SHOW COLUMNS FROM `blue_member` [ RunTime:0.0160s ]
SQL: SELECT *,(rmb+forzen_rmb) as count FROM `blue_member` WHERE ( member_id='10375' ) LIMIT 1   [ RunTime:0.0000s ]
SQL: SHOW COLUMNS FROM `blue_orders` [ RunTime:0.0160s ]
SQL: SHOW COLUMNS FROM `blue_message` [ RunTime:0.0160s ]
SQL: SELECT COUNT(*) AS tp_count FROM `blue_message` WHERE `member_id` = '10375' AND `status` = 0 LIMIT 1   [ RunTime:0.0010s ]
SQL: SHOW COLUMNS FROM `blue_currency` [ RunTime:0.0160s ]
SQL: SELECT * FROM `blue_currency` WHERE ( is_line=1  ) ORDER BY sort  [ RunTime:0.0010s ]
NOTIC: [8] Undefined variable: whereMark D:\WWW\xiao\App\Common\Controller\CommonController.class.php 第 106 行.
SQL: SELECT `currency_id`,`currency_name`,`currency_logo`,`currency_mark` FROM `blue_currency` LIMIT 1   [ RunTime:0.0000s ]
SQL: SELECT `currency_id`,`currency_name`,`currency_logo`,`currency_mark` FROM `blue_currency` WHERE `is_line` = 1  [ RunTime:0.0010s ]
SQL: SELECT `price` FROM `blue_orders` WHERE ( currency_id = 52 ) ORDER BY add_time desc LIMIT 1   [ RunTime:0.0000s ]
SQL: SELECT `price` FROM `blue_orders` WHERE ( currency_id = 53 ) ORDER BY add_time desc LIMIT 1   [ RunTime:0.0010s ]
SQL: SELECT `price` FROM `blue_orders` WHERE ( currency_id = 54 ) ORDER BY add_time desc LIMIT 1   [ RunTime:0.0010s ]
SQL: SHOW COLUMNS FROM `blue_admin` [ RunTime:0.0160s ]
SQL: SELECT * FROM `blue_admin` WHERE ( admin_id='1' ) LIMIT 1   [ RunTime:0.0000s ]
SQL: SELECT `key`,`value` FROM `blue_config`  [ RunTime:0.0000s ]
SQL: SELECT `Nav` FROM `blue_admin` WHERE ( admin_id='1' ) LIMIT 1   [ RunTime:0.0010s ]
SQL: SHOW COLUMNS FROM `blue_nav` [ RunTime:0.0160s ]
SQL: SELECT * FROM `blue_nav` WHERE ( nav_id=1 ) LIMIT 1   [ RunTime:0.0000s ]
SQL: SELECT * FROM `blue_nav` WHERE ( nav_id=2 ) LIMIT 1   [ RunTime:0.0000s ]
SQL: SELECT * FROM `blue_nav` WHERE ( nav_id=3 ) LIMIT 1   [ RunTime:0.0000s ]
SQL: SELECT * FROM `blue_nav` WHERE ( nav_id=4 ) LIMIT 1   [ RunTime:0.0010s ]
SQL: SELECT * FROM `blue_nav` WHERE ( nav_id=6 ) LIMIT 1   [ RunTime:0.0000s ]
SQL: SELECT * FROM `blue_nav` WHERE ( nav_id=7 ) LIMIT 1   [ RunTime:0.0010s ]
SQL: SELECT * FROM `blue_nav` WHERE ( nav_id=8 ) LIMIT 1   [ RunTime:0.0000s ]
SQL: SELECT * FROM `blue_nav` WHERE ( nav_id=15 ) LIMIT 1   [ RunTime:0.0000s ]
SQL: SELECT * FROM `blue_nav` WHERE ( nav_id=9 ) LIMIT 1   [ RunTime:0.0010s ]
SQL: SELECT * FROM `blue_nav` WHERE ( nav_id=10 ) LIMIT 1   [ RunTime:0.0000s ]
SQL: SELECT * FROM `blue_nav` WHERE ( nav_id=11 ) LIMIT 1   [ RunTime:0.0000s ]
SQL: SELECT * FROM `blue_nav` WHERE ( nav_id=12 ) LIMIT 1   [ RunTime:0.0010s ]
SQL: SELECT * FROM `blue_nav` WHERE ( nav_id=13 ) LIMIT 1   [ RunTime:0.0000s ]
SQL: SELECT * FROM `blue_nav` WHERE ( nav_id=14 ) LIMIT 1   [ RunTime:0.0000s ]
SQL: SELECT * FROM `blue_nav` WHERE ( nav_id=17 ) LIMIT 1   [ RunTime:0.0010s ]
SQL: SELECT * FROM `blue_nav` WHERE ( nav_id=16 ) LIMIT 1   [ RunTime:0.0000s ]
SQL: SELECT * FROM `blue_nav` WHERE ( nav_id=21 ) LIMIT 1   [ RunTime:0.0000s ]
SQL: SELECT * FROM `blue_nav` WHERE ( nav_id=22 ) LIMIT 1   [ RunTime:0.0000s ]
SQL: SELECT * FROM `blue_nav` WHERE ( nav_id=26 ) LIMIT 1   [ RunTime:0.0000s ]
SQL: SELECT * FROM `blue_nav` WHERE ( nav_id=27 ) LIMIT 1   [ RunTime:0.0010s ]
SQL: SELECT * FROM `blue_nav` WHERE ( nav_id=28 ) LIMIT 1   [ RunTime:0.0000s ]
SQL: SELECT * FROM `blue_nav` WHERE ( nav_id=29 ) LIMIT 1   [ RunTime:0.0000s ]
SQL: SELECT * FROM `blue_nav` WHERE ( nav_id=30 ) LIMIT 1   [ RunTime:0.0010s ]
SQL: SELECT * FROM `blue_nav` WHERE ( nav_id=18 ) LIMIT 1   [ RunTime:0.0000s ]
SQL: SELECT * FROM `blue_nav` WHERE ( nav_id=33 ) LIMIT 1   [ RunTime:0.0000s ]
SQL: SELECT * FROM `blue_nav` WHERE ( nav_id=32 ) LIMIT 1   [ RunTime:0.0000s ]
SQL: SELECT * FROM `blue_nav` WHERE ( nav_id=35 ) LIMIT 1   [ RunTime:0.0000s ]
SQL: SELECT * FROM `blue_nav` WHERE ( nav_id=36 ) LIMIT 1   [ RunTime:0.0010s ]
SQL: SELECT * FROM `blue_nav` WHERE ( nav_id=40 ) LIMIT 1   [ RunTime:0.0000s ]
SQL: SELECT * FROM `blue_nav` WHERE ( nav_id=44 ) LIMIT 1   [ RunTime:0.0000s ]
SQL: SELECT * FROM `blue_nav` WHERE ( nav_id=41 ) LIMIT 1   [ RunTime:0.0010s ]
SQL: SELECT * FROM `blue_nav` WHERE ( nav_id=43 ) LIMIT 1   [ RunTime:0.0000s ]
SQL: SELECT * FROM `blue_nav` WHERE ( nav_id=45 ) LIMIT 1   [ RunTime:0.0000s ]
SQL: SELECT * FROM `blue_nav` WHERE ( nav_id=46 ) LIMIT 1   [ RunTime:0.0000s ]
SQL: SELECT * FROM `blue_nav` WHERE ( nav_id=47 ) LIMIT 1   [ RunTime:0.0000s ]
SQL: SELECT * FROM `blue_nav` WHERE ( nav_id=48 ) LIMIT 1   [ RunTime:0.0010s ]
SQL: SELECT * FROM `blue_nav` WHERE ( nav_id=49 ) LIMIT 1   [ RunTime:0.0000s ]
SQL: SELECT * FROM `blue_nav` WHERE ( nav_id=50 ) LIMIT 1   [ RunTime:0.0000s ]
SQL: SELECT * FROM `blue_nav` WHERE ( nav_id=51 ) LIMIT 1   [ RunTime:0.0000s ]
SQL: SELECT * FROM `blue_nav` WHERE ( nav_id=52 ) LIMIT 1   [ RunTime:0.0000s ]
SQL: SELECT * FROM `blue_nav` WHERE ( nav_id=53 ) LIMIT 1   [ RunTime:0.0010s ]
SQL: SELECT * FROM `blue_nav` WHERE ( nav_id=54 ) LIMIT 1   [ RunTime:0.0000s ]
SQL: SELECT * FROM `blue_nav` WHERE ( nav_id=56 ) LIMIT 1   [ RunTime:0.0000s ]
SQL: SELECT * FROM `blue_nav` WHERE ( nav_id=61 ) LIMIT 1   [ RunTime:0.0010s ]
SQL: SELECT * FROM `blue_nav` WHERE ( nav_id=57 ) LIMIT 1   [ RunTime:0.0000s ]
SQL: SELECT * FROM `blue_nav` WHERE ( nav_id=58 ) LIMIT 1   [ RunTime:0.0000s ]
SQL: SELECT * FROM `blue_nav` WHERE ( nav_id=59 ) LIMIT 1   [ RunTime:0.0010s ]
SQL: SELECT * FROM `blue_nav` WHERE ( nav_id=60 ) LIMIT 1   [ RunTime:0.0000s ]
SQL: SELECT * FROM `blue_nav` WHERE ( nav_id=66 ) LIMIT 1   [ RunTime:0.0000s ]
SQL: SELECT * FROM `blue_nav` WHERE ( nav_id=67 ) LIMIT 1   [ RunTime:0.0000s ]
SQL: SELECT * FROM `blue_nav` WHERE ( nav_id=68 ) LIMIT 1   [ RunTime:0.0000s ]
SQL: SELECT * FROM `blue_nav` WHERE ( nav_id=69 ) LIMIT 1   [ RunTime:0.0010s ]
SQL: SELECT * FROM `blue_nav` WHERE ( nav_id=70 ) LIMIT 1   [ RunTime:0.0000s ]
SQL: SELECT * FROM `blue_nav` WHERE ( nav_id=71 ) LIMIT 1   [ RunTime:0.0000s ]
SQL: SELECT * FROM `blue_nav` WHERE ( nav_id=72 ) LIMIT 1   [ RunTime:0.0010s ]
SQL: SELECT * FROM `blue_nav` WHERE ( nav_id=73 ) LIMIT 1   [ RunTime:0.0000s ]
SQL: SELECT * FROM `blue_nav` WHERE ( nav_id=74 ) LIMIT 1   [ RunTime:0.0000s ]
NOTIC: [8] Undefined variable: where D:\WWW\xiao\App\Admin\Controller\MemberController.class.php 第 38 行.
SQL: SELECT COUNT(*) AS tp_count FROM `blue_member` LIMIT 1   [ RunTime:0.0000s ]
NOTIC: [8] Undefined variable: where D:\WWW\xiao\App\Admin\Controller\MemberController.class.php 第 48 行.
SQL: SELECT * FROM `blue_member` ORDER BY  member_id desc  LIMIT 0,20   [ RunTime:0.0000s ]
SQL: SHOW COLUMNS FROM `blue_member_grade` [ RunTime:0.0160s ]
SQL: SELECT `id`,`name`,`title`,`status` FROM `blue_member_grade` WHERE `status` = 1  [ RunTime:0.0100s ]
INFO: [ view_parse ] --START--
INFO: [ template_filter ] --START--
INFO: Run Behavior\ContentReplaceBehavior [ RunTime:0.000000s ]
INFO: [ template_filter ] --END-- [ RunTime:0.000000s ]
SQL: SELECT `title` FROM `blue_member_grade` WHERE `id` = 1 LIMIT 1   [ RunTime:0.0010s ]
SQL: SELECT `title` FROM `blue_member_grade` WHERE `id` = 1 LIMIT 1   [ RunTime:0.0000s ]
SQL: SELECT `title` FROM `blue_member_grade` WHERE `id` = 1 LIMIT 1   [ RunTime:0.0000s ]
SQL: SELECT `title` FROM `blue_member_grade` WHERE `id` = 1 LIMIT 1   [ RunTime:0.0000s ]
SQL: SELECT `title` FROM `blue_member_grade` WHERE `id` = 1 LIMIT 1   [ RunTime:0.0010s ]
SQL: SELECT `title` FROM `blue_member_grade` WHERE `id` = 1 LIMIT 1   [ RunTime:0.0000s ]
SQL: SELECT `title` FROM `blue_member_grade` WHERE `id` = 1 LIMIT 1   [ RunTime:0.0000s ]
SQL: SELECT `title` FROM `blue_member_grade` WHERE `id` = 1 LIMIT 1   [ RunTime:0.0000s ]
SQL: SELECT `title` FROM `blue_member_grade` WHERE `id` = 1 LIMIT 1   [ RunTime:0.0010s ]
SQL: SELECT `title` FROM `blue_member_grade` WHERE `id` = 1 LIMIT 1   [ RunTime:0.0010s ]
SQL: SELECT `title` FROM `blue_member_grade` WHERE `id` = 1 LIMIT 1   [ RunTime:0.0000s ]
SQL: SELECT `title` FROM `blue_member_grade` WHERE `id` = 1 LIMIT 1   [ RunTime:0.0000s ]
SQL: SELECT `title` FROM `blue_member_grade` WHERE `id` = 2 LIMIT 1   [ RunTime:0.0000s ]
SQL: SELECT `title` FROM `blue_member_grade` WHERE `id` = 3 LIMIT 1   [ RunTime:0.0010s ]
SQL: SELECT `title` FROM `blue_member_grade` WHERE `id` = 1 LIMIT 1   [ RunTime:0.0010s ]
SQL: SELECT `title` FROM `blue_member_grade` WHERE `id` = 1 LIMIT 1   [ RunTime:0.0000s ]
SQL: SELECT `title` FROM `blue_member_grade` WHERE `id` = 1 LIMIT 1   [ RunTime:0.0000s ]
SQL: SELECT `title` FROM `blue_member_grade` WHERE `id` = 1 LIMIT 1   [ RunTime:0.0000s ]
SQL: SELECT `title` FROM `blue_member_grade` WHERE `id` = 4 LIMIT 1   [ RunTime:0.0010s ]
INFO: Run Behavior\ParseTemplateBehavior [ RunTime:0.086009s ]
INFO: [ view_parse ] --END-- [ RunTime:0.086009s ]
INFO: [ view_filter ] --START--
INFO: Run Behavior\WriteHtmlCacheBehavior [ RunTime:0.008000s ]
INFO: [ view_filter ] --END-- [ RunTime:0.008000s ]
INFO: [ app_end ] --START--
INFO: Run Behavior\ShowPageTraceBehavior [ RunTime:0.002000s ]
INFO: [ app_end ] --END-- [ RunTime:0.002000s ]

[ 2018-08-06T15:04:37+08:00 ] 127.0.0.1 /admin/Membergrade/index
INFO: [ app_init ] --START--
INFO: Run Behavior\BuildLiteBehavior [ RunTime:0.000000s ]
INFO: [ app_init ] --END-- [ RunTime:0.000000s ]
INFO: [ app_begin ] --START--
INFO: Run Behavior\ReadHtmlCacheBehavior [ RunTime:0.001000s ]
INFO: [ app_begin ] --END-- [ RunTime:0.001000s ]
SQL: SHOW COLUMNS FROM `blue_config` [ RunTime:0.0260s ]
SQL: SELECT * FROM `blue_config`  [ RunTime:0.0010s ]
SQL: SHOW COLUMNS FROM `blue_purse_download` [ RunTime:0.0280s ]
SQL: SELECT * FROM `blue_purse_download` ORDER BY add_time desc LIMIT 0,6   [ RunTime:0.0000s ]
SQL: SHOW COLUMNS FROM `blue_dividend_config` [ RunTime:0.0250s ]
SQL: SELECT * FROM `blue_dividend_config`  [ RunTime:0.0000s ]
SQL: SHOW COLUMNS FROM `blue_article_category` [ RunTime:0.0160s ]
SQL: SELECT * FROM `blue_article_category` WHERE ( parent_id = 6 ) LIMIT 4   [ RunTime:0.0010s ]
SQL: SHOW COLUMNS FROM `blue_article` [ RunTime:0.0150s ]
SQL: SELECT * FROM `blue_article` WHERE ( position_id = 7 ) LIMIT 4   [ RunTime:0.0000s ]
SQL: SHOW COLUMNS FROM `blue_member` [ RunTime:0.0140s ]
SQL: SELECT *,(rmb+forzen_rmb) as count FROM `blue_member` WHERE ( member_id='10375' ) LIMIT 1   [ RunTime:0.0000s ]
SQL: SHOW COLUMNS FROM `blue_orders` [ RunTime:0.0140s ]
SQL: SHOW COLUMNS FROM `blue_message` [ RunTime:0.0120s ]
SQL: SELECT COUNT(*) AS tp_count FROM `blue_message` WHERE `member_id` = '10375' AND `status` = 0 LIMIT 1   [ RunTime:0.0000s ]
SQL: SHOW COLUMNS FROM `blue_currency` [ RunTime:0.0130s ]
SQL: SELECT * FROM `blue_currency` WHERE ( is_line=1  ) ORDER BY sort  [ RunTime:0.0010s ]
NOTIC: [8] Undefined variable: whereMark D:\WWW\xiao\App\Common\Controller\CommonController.class.php 第 106 行.
SQL: SELECT `currency_id`,`currency_name`,`currency_logo`,`currency_mark` FROM `blue_currency` LIMIT 1   [ RunTime:0.0000s ]
SQL: SELECT `currency_id`,`currency_name`,`currency_logo`,`currency_mark` FROM `blue_currency` WHERE `is_line` = 1  [ RunTime:0.0000s ]
SQL: SELECT `price` FROM `blue_orders` WHERE ( currency_id = 52 ) ORDER BY add_time desc LIMIT 1   [ RunTime:0.0000s ]
SQL: SELECT `price` FROM `blue_orders` WHERE ( currency_id = 53 ) ORDER BY add_time desc LIMIT 1   [ RunTime:0.0000s ]
SQL: SELECT `price` FROM `blue_orders` WHERE ( currency_id = 54 ) ORDER BY add_time desc LIMIT 1   [ RunTime:0.0000s ]
SQL: SHOW COLUMNS FROM `blue_admin` [ RunTime:0.0140s ]
SQL: SELECT * FROM `blue_admin` WHERE ( admin_id='1' ) LIMIT 1   [ RunTime:0.0000s ]
SQL: SELECT `key`,`value` FROM `blue_config`  [ RunTime:0.0010s ]
SQL: SELECT `Nav` FROM `blue_admin` WHERE ( admin_id='1' ) LIMIT 1   [ RunTime:0.0000s ]
SQL: SHOW COLUMNS FROM `blue_nav` [ RunTime:0.0120s ]
SQL: SELECT * FROM `blue_nav` WHERE ( nav_id=1 ) LIMIT 1   [ RunTime:0.0000s ]
SQL: SELECT * FROM `blue_nav` WHERE ( nav_id=2 ) LIMIT 1   [ RunTime:0.0000s ]
SQL: SELECT * FROM `blue_nav` WHERE ( nav_id=3 ) LIMIT 1   [ RunTime:0.0000s ]
SQL: SELECT * FROM `blue_nav` WHERE ( nav_id=4 ) LIMIT 1   [ RunTime:0.0000s ]
SQL: SELECT * FROM `blue_nav` WHERE ( nav_id=6 ) LIMIT 1   [ RunTime:0.0000s ]
SQL: SELECT * FROM `blue_nav` WHERE ( nav_id=7 ) LIMIT 1   [ RunTime:0.0000s ]
SQL: SELECT * FROM `blue_nav` WHERE ( nav_id=8 ) LIMIT 1   [ RunTime:0.0010s ]
SQL: SELECT * FROM `blue_nav` WHERE ( nav_id=15 ) LIMIT 1   [ RunTime:0.0000s ]
SQL: SELECT * FROM `blue_nav` WHERE ( nav_id=9 ) LIMIT 1   [ RunTime:0.0000s ]
SQL: SELECT * FROM `blue_nav` WHERE ( nav_id=10 ) LIMIT 1   [ RunTime:0.0010s ]
SQL: SELECT * FROM `blue_nav` WHERE ( nav_id=11 ) LIMIT 1   [ RunTime:0.0000s ]
SQL: SELECT * FROM `blue_nav` WHERE ( nav_id=12 ) LIMIT 1   [ RunTime:0.0000s ]
SQL: SELECT * FROM `blue_nav` WHERE ( nav_id=13 ) LIMIT 1   [ RunTime:0.0000s ]
SQL: SELECT * FROM `blue_nav` WHERE ( nav_id=14 ) LIMIT 1   [ RunTime:0.0010s ]
SQL: SELECT * FROM `blue_nav` WHERE ( nav_id=17 ) LIMIT 1   [ RunTime:0.0000s ]
SQL: SELECT * FROM `blue_nav` WHERE ( nav_id=16 ) LIMIT 1   [ RunTime:0.0000s ]
SQL: SELECT * FROM `blue_nav` WHERE ( nav_id=21 ) LIMIT 1   [ RunTime:0.0000s ]
SQL: SELECT * FROM `blue_nav` WHERE ( nav_id=22 ) LIMIT 1   [ RunTime:0.0000s ]
SQL: SELECT * FROM `blue_nav` WHERE ( nav_id=26 ) LIMIT 1   [ RunTime:0.0000s ]
SQL: SELECT * FROM `blue_nav` WHERE ( nav_id=27 ) LIMIT 1   [ RunTime:0.0000s ]
SQL: SELECT * FROM `blue_nav` WHERE ( nav_id=28 ) LIMIT 1   [ RunTime:0.0000s ]
SQL: SELECT * FROM `blue_nav` WHERE ( nav_id=29 ) LIMIT 1   [ RunTime:0.0000s ]
SQL: SELECT * FROM `blue_nav` WHERE ( nav_id=30 ) LIMIT 1   [ RunTime:0.0000s ]
SQL: SELECT * FROM `blue_nav` WHERE ( nav_id=18 ) LIMIT 1   [ RunTime:0.0000s ]
SQL: SELECT * FROM `blue_nav` WHERE ( nav_id=33 ) LIMIT 1   [ RunTime:0.0000s ]
SQL: SELECT * FROM `blue_nav` WHERE ( nav_id=32 ) LIMIT 1   [ RunTime:0.0010s ]
SQL: SELECT * FROM `blue_nav` WHERE ( nav_id=35 ) LIMIT 1   [ RunTime:0.0000s ]
SQL: SELECT * FROM `blue_nav` WHERE ( nav_id=36 ) LIMIT 1   [ RunTime:0.0000s ]
SQL: SELECT * FROM `blue_nav` WHERE ( nav_id=40 ) LIMIT 1   [ RunTime:0.0010s ]
SQL: SELECT * FROM `blue_nav` WHERE ( nav_id=44 ) LIMIT 1   [ RunTime:0.0000s ]
SQL: SELECT * FROM `blue_nav` WHERE ( nav_id=41 ) LIMIT 1   [ RunTime:0.0000s ]
SQL: SELECT * FROM `blue_nav` WHERE ( nav_id=43 ) LIMIT 1   [ RunTime:0.0000s ]
SQL: SELECT * FROM `blue_nav` WHERE ( nav_id=45 ) LIMIT 1   [ RunTime:0.0000s ]
SQL: SELECT * FROM `blue_nav` WHERE ( nav_id=46 ) LIMIT 1   [ RunTime:0.0000s ]
SQL: SELECT * FROM `blue_nav` WHERE ( nav_id=47 ) LIMIT 1   [ RunTime:0.0000s ]
SQL: SELECT * FROM `blue_nav` WHERE ( nav_id=48 ) LIMIT 1   [ RunTime:0.0000s ]
SQL: SELECT * FROM `blue_nav` WHERE ( nav_id=49 ) LIMIT 1   [ RunTime:0.0000s ]
SQL: SELECT * FROM `blue_nav` WHERE ( nav_id=50 ) LIMIT 1   [ RunTime:0.0010s ]
SQL: SELECT * FROM `blue_nav` WHERE ( nav_id=51 ) LIMIT 1   [ RunTime:0.0000s ]
SQL: SELECT * FROM `blue_nav` WHERE ( nav_id=52 ) LIMIT 1   [ RunTime:0.0000s ]
SQL: SELECT * FROM `blue_nav` WHERE ( nav_id=53 ) LIMIT 1   [ RunTime:0.0000s ]
SQL: SELECT * FROM `blue_nav` WHERE ( nav_id=54 ) LIMIT 1   [ RunTime:0.0010s ]
SQL: SELECT * FROM `blue_nav` WHERE ( nav_id=56 ) LIMIT 1   [ RunTime:0.0000s ]
SQL: SELECT * FROM `blue_nav` WHERE ( nav_id=61 ) LIMIT 1   [ RunTime:0.0000s ]
SQL: SELECT * FROM `blue_nav` WHERE ( nav_id=57 ) LIMIT 1   [ RunTime:0.0000s ]
SQL: SELECT * FROM `blue_nav` WHERE ( nav_id=58 ) LIMIT 1   [ RunTime:0.0010s ]
SQL: SELECT * FROM `blue_nav` WHERE ( nav_id=59 ) LIMIT 1   [ RunTime:0.0000s ]
SQL: SELECT * FROM `blue_nav` WHERE ( nav_id=60 ) LIMIT 1   [ RunTime:0.0000s ]
SQL: SELECT * FROM `blue_nav` WHERE ( nav_id=66 ) LIMIT 1   [ RunTime:0.0000s ]
SQL: SELECT * FROM `blue_nav` WHERE ( nav_id=67 ) LIMIT 1   [ RunTime:0.0000s ]
SQL: SELECT * FROM `blue_nav` WHERE ( nav_id=68 ) LIMIT 1   [ RunTime:0.0000s ]
SQL: SELECT * FROM `blue_nav` WHERE ( nav_id=69 ) LIMIT 1   [ RunTime:0.0000s ]
SQL: SELECT * FROM `blue_nav` WHERE ( nav_id=70 ) LIMIT 1   [ RunTime:0.0000s ]
SQL: SELECT * FROM `blue_nav` WHERE ( nav_id=71 ) LIMIT 1   [ RunTime:0.0000s ]
SQL: SELECT * FROM `blue_nav` WHERE ( nav_id=72 ) LIMIT 1   [ RunTime:0.0010s ]
SQL: SELECT * FROM `blue_nav` WHERE ( nav_id=73 ) LIMIT 1   [ RunTime:0.0000s ]
SQL: SELECT * FROM `blue_nav` WHERE ( nav_id=74 ) LIMIT 1   [ RunTime:0.0000s ]
SQL: SHOW COLUMNS FROM `blue_member_grade` [ RunTime:0.0130s ]
SQL: SELECT * FROM `blue_member_grade`  [ RunTime:0.0000s ]
INFO: [ view_parse ] --START--
INFO: [ template_filter ] --START--
INFO: Run Behavior\ContentReplaceBehavior [ RunTime:0.000000s ]
INFO: [ template_filter ] --END-- [ RunTime:0.001000s ]
INFO: Run Behavior\ParseTemplateBehavior [ RunTime:0.033003s ]
INFO: [ view_parse ] --END-- [ RunTime:0.033003s ]
INFO: [ view_filter ] --START--
INFO: Run Behavior\WriteHtmlCacheBehavior [ RunTime:0.000000s ]
INFO: [ view_filter ] --END-- [ RunTime:0.000000s ]
INFO: [ app_end ] --START--
INFO: Run Behavior\ShowPageTraceBehavior [ RunTime:0.000000s ]
INFO: [ app_end ] --END-- [ RunTime:0.000000s ]

[ 2018-08-06T15:04:42+08:00 ] 127.0.0.1 /admin/Membergrade/edit/id/1.html
INFO: [ app_init ] --START--
INFO: Run Behavior\BuildLiteBehavior [ RunTime:0.000000s ]
INFO: [ app_init ] --END-- [ RunTime:0.000000s ]
INFO: [ app_begin ] --START--
INFO: Run Behavior\ReadHtmlCacheBehavior [ RunTime:0.001000s ]
INFO: [ app_begin ] --END-- [ RunTime:0.001000s ]
NOTIC: [2] preg_match(): Delimiter must not be alphanumeric or backslash D:\WWW\xiao\App\Common\Common\function.php 第 614 行.
SQL: SHOW COLUMNS FROM `blue_config` [ RunTime:0.0430s ]
SQL: SELECT * FROM `blue_config`  [ RunTime:0.0010s ]
SQL: SHOW COLUMNS FROM `blue_purse_download` [ RunTime:0.0330s ]
SQL: SELECT * FROM `blue_purse_download` ORDER BY add_time desc LIMIT 0,6   [ RunTime:0.0000s ]
SQL: SHOW COLUMNS FROM `blue_dividend_config` [ RunTime:0.0150s ]
SQL: SELECT * FROM `blue_dividend_config`  [ RunTime:0.0000s ]
SQL: SHOW COLUMNS FROM `blue_article_category` [ RunTime:0.0170s ]
SQL: SELECT * FROM `blue_article_category` WHERE ( parent_id = 6 ) LIMIT 4   [ RunTime:0.0010s ]
SQL: SHOW COLUMNS FROM `blue_article` [ RunTime:0.0140s ]
SQL: SELECT * FROM `blue_article` WHERE ( position_id = 7 ) LIMIT 4   [ RunTime:0.0000s ]
SQL: SHOW COLUMNS FROM `blue_member` [ RunTime:0.0140s ]
SQL: SELECT *,(rmb+forzen_rmb) as count FROM `blue_member` WHERE ( member_id='10375' ) LIMIT 1   [ RunTime:0.0000s ]
SQL: SHOW COLUMNS FROM `blue_orders` [ RunTime:0.0120s ]
SQL: SHOW COLUMNS FROM `blue_message` [ RunTime:0.0130s ]
SQL: SELECT COUNT(*) AS tp_count FROM `blue_message` WHERE `member_id` = '10375' AND `status` = 0 LIMIT 1   [ RunTime:0.0000s ]
SQL: SHOW COLUMNS FROM `blue_currency` [ RunTime:0.0130s ]
SQL: SELECT * FROM `blue_currency` WHERE ( is_line=1  ) ORDER BY sort  [ RunTime:0.0000s ]
NOTIC: [8] Undefined variable: whereMark D:\WWW\xiao\App\Common\Controller\CommonController.class.php 第 106 行.
SQL: SELECT `currency_id`,`currency_name`,`currency_logo`,`currency_mark` FROM `blue_currency` LIMIT 1   [ RunTime:0.0010s ]
SQL: SELECT `currency_id`,`currency_name`,`currency_logo`,`currency_mark` FROM `blue_currency` WHERE `is_line` = 1  [ RunTime:0.0000s ]
SQL: SELECT `price` FROM `blue_orders` WHERE ( currency_id = 52 ) ORDER BY add_time desc LIMIT 1   [ RunTime:0.0000s ]
SQL: SELECT `price` FROM `blue_orders` WHERE ( currency_id = 53 ) ORDER BY add_time desc LIMIT 1   [ RunTime:0.0010s ]
SQL: SELECT `price` FROM `blue_orders` WHERE ( currency_id = 54 ) ORDER BY add_time desc LIMIT 1   [ RunTime:0.0000s ]
SQL: SHOW COLUMNS FROM `blue_admin` [ RunTime:0.0130s ]
SQL: SELECT * FROM `blue_admin` WHERE ( admin_id='1' ) LIMIT 1   [ RunTime:0.0000s ]
SQL: SELECT `key`,`value` FROM `blue_config`  [ RunTime:0.0010s ]
SQL: SELECT `Nav` FROM `blue_admin` WHERE ( admin_id='1' ) LIMIT 1   [ RunTime:0.0000s ]
SQL: SHOW COLUMNS FROM `blue_nav` [ RunTime:0.0120s ]
SQL: SELECT * FROM `blue_nav` WHERE ( nav_id=1 ) LIMIT 1   [ RunTime:0.0000s ]
SQL: SELECT * FROM `blue_nav` WHERE ( nav_id=2 ) LIMIT 1   [ RunTime:0.0000s ]
SQL: SELECT * FROM `blue_nav` WHERE ( nav_id=3 ) LIMIT 1   [ RunTime:0.0000s ]
SQL: SELECT * FROM `blue_nav` WHERE ( nav_id=4 ) LIMIT 1   [ RunTime:0.0010s ]
SQL: SELECT * FROM `blue_nav` WHERE ( nav_id=6 ) LIMIT 1   [ RunTime:0.0000s ]
SQL: SELECT * FROM `blue_nav` WHERE ( nav_id=7 ) LIMIT 1   [ RunTime:0.0000s ]
SQL: SELECT * FROM `blue_nav` WHERE ( nav_id=8 ) LIMIT 1   [ RunTime:0.0000s ]
SQL: SELECT * FROM `blue_nav` WHERE ( nav_id=15 ) LIMIT 1   [ RunTime:0.0000s ]
SQL: SELECT * FROM `blue_nav` WHERE ( nav_id=9 ) LIMIT 1   [ RunTime:0.0000s ]
SQL: SELECT * FROM `blue_nav` WHERE ( nav_id=10 ) LIMIT 1   [ RunTime:0.0000s ]
SQL: SELECT * FROM `blue_nav` WHERE ( nav_id=11 ) LIMIT 1   [ RunTime:0.0000s ]
SQL: SELECT * FROM `blue_nav` WHERE ( nav_id=12 ) LIMIT 1   [ RunTime:0.0000s ]
SQL: SELECT * FROM `blue_nav` WHERE ( nav_id=13 ) LIMIT 1   [ RunTime:0.0010s ]
SQL: SELECT * FROM `blue_nav` WHERE ( nav_id=14 ) LIMIT 1   [ RunTime:0.0000s ]
SQL: SELECT * FROM `blue_nav` WHERE ( nav_id=17 ) LIMIT 1   [ RunTime:0.0000s ]
SQL: SELECT * FROM `blue_nav` WHERE ( nav_id=16 ) LIMIT 1   [ RunTime:0.0000s ]
SQL: SELECT * FROM `blue_nav` WHERE ( nav_id=21 ) LIMIT 1   [ RunTime:0.0000s ]
SQL: SELECT * FROM `blue_nav` WHERE ( nav_id=22 ) LIMIT 1   [ RunTime:0.0000s ]
SQL: SELECT * FROM `blue_nav` WHERE ( nav_id=26 ) LIMIT 1   [ RunTime:0.0000s ]
SQL: SELECT * FROM `blue_nav` WHERE ( nav_id=27 ) LIMIT 1   [ RunTime:0.0000s ]
SQL: SELECT * FROM `blue_nav` WHERE ( nav_id=28 ) LIMIT 1   [ RunTime:0.0000s ]
SQL: SELECT * FROM `blue_nav` WHERE ( nav_id=29 ) LIMIT 1   [ RunTime:0.0010s ]
SQL: SELECT * FROM `blue_nav` WHERE ( nav_id=30 ) LIMIT 1   [ RunTime:0.0000s ]
SQL: SELECT * FROM `blue_nav` WHERE ( nav_id=18 ) LIMIT 1   [ RunTime:0.0000s ]
SQL: SELECT * FROM `blue_nav` WHERE ( nav_id=33 ) LIMIT 1   [ RunTime:0.0000s ]
SQL: SELECT * FROM `blue_nav` WHERE ( nav_id=32 ) LIMIT 1   [ RunTime:0.0000s ]
SQL: SELECT * FROM `blue_nav` WHERE ( nav_id=35 ) LIMIT 1   [ RunTime:0.0000s ]
SQL: SELECT * FROM `blue_nav` WHERE ( nav_id=36 ) LIMIT 1   [ RunTime:0.0000s ]
SQL: SELECT * FROM `blue_nav` WHERE ( nav_id=40 ) LIMIT 1   [ RunTime:0.0000s ]
SQL: SELECT * FROM `blue_nav` WHERE ( nav_id=44 ) LIMIT 1   [ RunTime:0.0000s ]
SQL: SELECT * FROM `blue_nav` WHERE ( nav_id=41 ) LIMIT 1   [ RunTime:0.0010s ]
SQL: SELECT * FROM `blue_nav` WHERE ( nav_id=43 ) LIMIT 1   [ RunTime:0.0000s ]
SQL: SELECT * FROM `blue_nav` WHERE ( nav_id=45 ) LIMIT 1   [ RunTime:0.0000s ]
SQL: SELECT * FROM `blue_nav` WHERE ( nav_id=46 ) LIMIT 1   [ RunTime:0.0000s ]
SQL: SELECT * FROM `blue_nav` WHERE ( nav_id=47 ) LIMIT 1   [ RunTime:0.0000s ]
SQL: SELECT * FROM `blue_nav` WHERE ( nav_id=48 ) LIMIT 1   [ RunTime:0.0000s ]
SQL: SELECT * FROM `blue_nav` WHERE ( nav_id=49 ) LIMIT 1   [ RunTime:0.0000s ]
SQL: SELECT * FROM `blue_nav` WHERE ( nav_id=50 ) LIMIT 1   [ RunTime:0.0000s ]
SQL: SELECT * FROM `blue_nav` WHERE ( nav_id=51 ) LIMIT 1   [ RunTime:0.0000s ]
SQL: SELECT * FROM `blue_nav` WHERE ( nav_id=52 ) LIMIT 1   [ RunTime:0.0010s ]
SQL: SELECT * FROM `blue_nav` WHERE ( nav_id=53 ) LIMIT 1   [ RunTime:0.0000s ]
SQL: SELECT * FROM `blue_nav` WHERE ( nav_id=54 ) LIMIT 1   [ RunTime:0.0000s ]
SQL: SELECT * FROM `blue_nav` WHERE ( nav_id=56 ) LIMIT 1   [ RunTime:0.0000s ]
SQL: SELECT * FROM `blue_nav` WHERE ( nav_id=61 ) LIMIT 1   [ RunTime:0.0000s ]
SQL: SELECT * FROM `blue_nav` WHERE ( nav_id=57 ) LIMIT 1   [ RunTime:0.0010s ]
SQL: SELECT * FROM `blue_nav` WHERE ( nav_id=58 ) LIMIT 1   [ RunTime:0.0000s ]
SQL: SELECT * FROM `blue_nav` WHERE ( nav_id=59 ) LIMIT 1   [ RunTime:0.0000s ]
SQL: SELECT * FROM `blue_nav` WHERE ( nav_id=60 ) LIMIT 1   [ RunTime:0.0000s ]
SQL: SELECT * FROM `blue_nav` WHERE ( nav_id=66 ) LIMIT 1   [ RunTime:0.0010s ]
SQL: SELECT * FROM `blue_nav` WHERE ( nav_id=67 ) LIMIT 1   [ RunTime:0.0000s ]
SQL: SELECT * FROM `blue_nav` WHERE ( nav_id=68 ) LIMIT 1   [ RunTime:0.0000s ]
SQL: SELECT * FROM `blue_nav` WHERE ( nav_id=69 ) LIMIT 1   [ RunTime:0.0000s ]
SQL: SELECT * FROM `blue_nav` WHERE ( nav_id=70 ) LIMIT 1   [ RunTime:0.0010s ]
SQL: SELECT * FROM `blue_nav` WHERE ( nav_id=71 ) LIMIT 1   [ RunTime:0.0000s ]
SQL: SELECT * FROM `blue_nav` WHERE ( nav_id=72 ) LIMIT 1   [ RunTime:0.0000s ]
SQL: SELECT * FROM `blue_nav` WHERE ( nav_id=73 ) LIMIT 1   [ RunTime:0.0000s ]
SQL: SELECT * FROM `blue_nav` WHERE ( nav_id=74 ) LIMIT 1   [ RunTime:0.0010s ]
SQL: SHOW COLUMNS FROM `blue_member_grade` [ RunTime:0.0120s ]
SQL: SELECT * FROM `blue_member_grade` WHERE `id` = 1 LIMIT 1   [ RunTime:0.0000s ]
INFO: [ view_parse ] --START--
INFO: [ template_filter ] --START--
INFO: Run Behavior\ContentReplaceBehavior [ RunTime:0.000000s ]
INFO: [ template_filter ] --END-- [ RunTime:0.000000s ]
INFO: Run Behavior\ParseTemplateBehavior [ RunTime:0.029003s ]
INFO: [ view_parse ] --END-- [ RunTime:0.029003s ]
INFO: [ view_filter ] --START--
INFO: Run Behavior\WriteHtmlCacheBehavior [ RunTime:0.000000s ]
INFO: [ view_filter ] --END-- [ RunTime:0.000000s ]
INFO: [ app_end ] --START--
INFO: Run Behavior\ShowPageTraceBehavior [ RunTime:0.001000s ]
INFO: [ app_end ] --END-- [ RunTime:0.001000s ]

[ 2018-08-06T15:05:44+08:00 ] 127.0.0.1 /admin/Config/index
INFO: [ app_init ] --START--
INFO: Run Behavior\BuildLiteBehavior [ RunTime:0.000000s ]
INFO: [ app_init ] --END-- [ RunTime:0.000000s ]
INFO: [ app_begin ] --START--
INFO: Run Behavior\ReadHtmlCacheBehavior [ RunTime:0.001001s ]
INFO: [ app_begin ] --END-- [ RunTime:0.001001s ]
SQL: SHOW COLUMNS FROM `blue_config` [ RunTime:0.0300s ]
SQL: SELECT * FROM `blue_config`  [ RunTime:0.0000s ]
SQL: SHOW COLUMNS FROM `blue_purse_download` [ RunTime:0.0210s ]
SQL: SELECT * FROM `blue_purse_download` ORDER BY add_time desc LIMIT 0,6   [ RunTime:0.0000s ]
SQL: SHOW COLUMNS FROM `blue_dividend_config` [ RunTime:0.0130s ]
SQL: SELECT * FROM `blue_dividend_config`  [ RunTime:0.0000s ]
SQL: SHOW COLUMNS FROM `blue_article_category` [ RunTime:0.0140s ]
SQL: SELECT * FROM `blue_article_category` WHERE ( parent_id = 6 ) LIMIT 4   [ RunTime:0.0000s ]
SQL: SHOW COLUMNS FROM `blue_article` [ RunTime:0.0130s ]
SQL: SELECT * FROM `blue_article` WHERE ( position_id = 7 ) LIMIT 4   [ RunTime:0.0000s ]
SQL: SHOW COLUMNS FROM `blue_member` [ RunTime:0.0120s ]
SQL: SELECT *,(rmb+forzen_rmb) as count FROM `blue_member` WHERE ( member_id='10375' ) LIMIT 1   [ RunTime:0.0010s ]
SQL: SHOW COLUMNS FROM `blue_orders` [ RunTime:0.0130s ]
SQL: SHOW COLUMNS FROM `blue_message` [ RunTime:0.0130s ]
SQL: SELECT COUNT(*) AS tp_count FROM `blue_message` WHERE `member_id` = '10375' AND `status` = 0 LIMIT 1   [ RunTime:0.0000s ]
SQL: SHOW COLUMNS FROM `blue_currency` [ RunTime:0.0130s ]
SQL: SELECT * FROM `blue_currency` WHERE ( is_line=1  ) ORDER BY sort  [ RunTime:0.0010s ]
NOTIC: [8] Undefined variable: whereMark D:\WWW\xiao\App\Common\Controller\CommonController.class.php 第 106 行.
SQL: SELECT `currency_id`,`currency_name`,`currency_logo`,`currency_mark` FROM `blue_currency` LIMIT 1   [ RunTime:0.0000s ]
SQL: SELECT `currency_id`,`currency_name`,`currency_logo`,`currency_mark` FROM `blue_currency` WHERE `is_line` = 1  [ RunTime:0.0010s ]
SQL: SELECT `price` FROM `blue_orders` WHERE ( currency_id = 52 ) ORDER BY add_time desc LIMIT 1   [ RunTime:0.0000s ]
SQL: SELECT `price` FROM `blue_orders` WHERE ( currency_id = 53 ) ORDER BY add_time desc LIMIT 1   [ RunTime:0.0010s ]
SQL: SELECT `price` FROM `blue_orders` WHERE ( currency_id = 54 ) ORDER BY add_time desc LIMIT 1   [ RunTime:0.0000s ]
SQL: SHOW COLUMNS FROM `blue_admin` [ RunTime:0.0130s ]
SQL: SELECT * FROM `blue_admin` WHERE ( admin_id='1' ) LIMIT 1   [ RunTime:0.0000s ]
SQL: SELECT `key`,`value` FROM `blue_config`  [ RunTime:0.0000s ]
SQL: SELECT `Nav` FROM `blue_admin` WHERE ( admin_id='1' ) LIMIT 1   [ RunTime:0.0010s ]
SQL: SHOW COLUMNS FROM `blue_nav` [ RunTime:0.0130s ]
SQL: SELECT * FROM `blue_nav` WHERE ( nav_id=1 ) LIMIT 1   [ RunTime:0.0000s ]
SQL: SELECT * FROM `blue_nav` WHERE ( nav_id=2 ) LIMIT 1   [ RunTime:0.0000s ]
SQL: SELECT * FROM `blue_nav` WHERE ( nav_id=3 ) LIMIT 1   [ RunTime:0.0000s ]
SQL: SELECT * FROM `blue_nav` WHERE ( nav_id=4 ) LIMIT 1   [ RunTime:0.0000s ]
SQL: SELECT * FROM `blue_nav` WHERE ( nav_id=6 ) LIMIT 1   [ RunTime:0.0010s ]
SQL: SELECT * FROM `blue_nav` WHERE ( nav_id=7 ) LIMIT 1   [ RunTime:0.0000s ]
SQL: SELECT * FROM `blue_nav` WHERE ( nav_id=8 ) LIMIT 1   [ RunTime:0.0000s ]
SQL: SELECT * FROM `blue_nav` WHERE ( nav_id=15 ) LIMIT 1   [ RunTime:0.0000s ]
SQL: SELECT * FROM `blue_nav` WHERE ( nav_id=9 ) LIMIT 1   [ RunTime:0.0010s ]
SQL: SELECT * FROM `blue_nav` WHERE ( nav_id=10 ) LIMIT 1   [ RunTime:0.0000s ]
SQL: SELECT * FROM `blue_nav` WHERE ( nav_id=11 ) LIMIT 1   [ RunTime:0.0000s ]
SQL: SELECT * FROM `blue_nav` WHERE ( nav_id=12 ) LIMIT 1   [ RunTime:0.0000s ]
SQL: SELECT * FROM `blue_nav` WHERE ( nav_id=13 ) LIMIT 1   [ RunTime:0.0010s ]
SQL: SELECT * FROM `blue_nav` WHERE ( nav_id=14 ) LIMIT 1   [ RunTime:0.0000s ]
SQL: SELECT * FROM `blue_nav` WHERE ( nav_id=17 ) LIMIT 1   [ RunTime:0.0000s ]
SQL: SELECT * FROM `blue_nav` WHERE ( nav_id=16 ) LIMIT 1   [ RunTime:0.0000s ]
SQL: SELECT * FROM `blue_nav` WHERE ( nav_id=21 ) LIMIT 1   [ RunTime:0.0000s ]
SQL: SELECT * FROM `blue_nav` WHERE ( nav_id=22 ) LIMIT 1   [ RunTime:0.0000s ]
SQL: SELECT * FROM `blue_nav` WHERE ( nav_id=26 ) LIMIT 1   [ RunTime:0.0000s ]
SQL: SELECT * FROM `blue_nav` WHERE ( nav_id=27 ) LIMIT 1   [ RunTime:0.0000s ]
SQL: SELECT * FROM `blue_nav` WHERE ( nav_id=28 ) LIMIT 1   [ RunTime:0.0000s ]
SQL: SELECT * FROM `blue_nav` WHERE ( nav_id=29 ) LIMIT 1   [ RunTime:0.0010s ]
SQL: SELECT * FROM `blue_nav` WHERE ( nav_id=30 ) LIMIT 1   [ RunTime:0.0000s ]
SQL: SELECT * FROM `blue_nav` WHERE ( nav_id=18 ) LIMIT 1   [ RunTime:0.0000s ]
SQL: SELECT * FROM `blue_nav` WHERE ( nav_id=33 ) LIMIT 1   [ RunTime:0.0000s ]
SQL: SELECT * FROM `blue_nav` WHERE ( nav_id=32 ) LIMIT 1   [ RunTime:0.0010s ]
SQL: SELECT * FROM `blue_nav` WHERE ( nav_id=35 ) LIMIT 1   [ RunTime:0.0000s ]
SQL: SELECT * FROM `blue_nav` WHERE ( nav_id=36 ) LIMIT 1   [ RunTime:0.0000s ]
SQL: SELECT * FROM `blue_nav` WHERE ( nav_id=40 ) LIMIT 1   [ RunTime:0.0000s ]
SQL: SELECT * FROM `blue_nav` WHERE ( nav_id=44 ) LIMIT 1   [ RunTime:0.0000s ]
SQL: SELECT * FROM `blue_nav` WHERE ( nav_id=41 ) LIMIT 1   [ RunTime:0.0010s ]
SQL: SELECT * FROM `blue_nav` WHERE ( nav_id=43 ) LIMIT 1   [ RunTime:0.0000s ]
SQL: SELECT * FROM `blue_nav` WHERE ( nav_id=45 ) LIMIT 1   [ RunTime:0.0000s ]
SQL: SELECT * FROM `blue_nav` WHERE ( nav_id=46 ) LIMIT 1   [ RunTime:0.0000s ]
SQL: SELECT * FROM `blue_nav` WHERE ( nav_id=47 ) LIMIT 1   [ RunTime:0.0010s ]
SQL: SELECT * FROM `blue_nav` WHERE ( nav_id=48 ) LIMIT 1   [ RunTime:0.0000s ]
SQL: SELECT * FROM `blue_nav` WHERE ( nav_id=49 ) LIMIT 1   [ RunTime:0.0000s ]
SQL: SELECT * FROM `blue_nav` WHERE ( nav_id=50 ) LIMIT 1   [ RunTime:0.0000s ]
SQL: SELECT * FROM `blue_nav` WHERE ( nav_id=51 ) LIMIT 1   [ RunTime:0.0000s ]
SQL: SELECT * FROM `blue_nav` WHERE ( nav_id=52 ) LIMIT 1   [ RunTime:0.0000s ]
SQL: SELECT * FROM `blue_nav` WHERE ( nav_id=53 ) LIMIT 1   [ RunTime:0.0000s ]
SQL: SELECT * FROM `blue_nav` WHERE ( nav_id=54 ) LIMIT 1   [ RunTime:0.0000s ]
SQL: SELECT * FROM `blue_nav` WHERE ( nav_id=56 ) LIMIT 1   [ RunTime:0.0000s ]
SQL: SELECT * FROM `blue_nav` WHERE ( nav_id=61 ) LIMIT 1   [ RunTime:0.0010s ]
SQL: SELECT * FROM `blue_nav` WHERE ( nav_id=57 ) LIMIT 1   [ RunTime:0.0000s ]
SQL: SELECT * FROM `blue_nav` WHERE ( nav_id=58 ) LIMIT 1   [ RunTime:0.0000s ]
SQL: SELECT * FROM `blue_nav` WHERE ( nav_id=59 ) LIMIT 1   [ RunTime:0.0000s ]
SQL: SELECT * FROM `blue_nav` WHERE ( nav_id=60 ) LIMIT 1   [ RunTime:0.0010s ]
SQL: SELECT * FROM `blue_nav` WHERE ( nav_id=66 ) LIMIT 1   [ RunTime:0.0000s ]
SQL: SELECT * FROM `blue_nav` WHERE ( nav_id=67 ) LIMIT 1   [ RunTime:0.0000s ]
SQL: SELECT * FROM `blue_nav` WHERE ( nav_id=68 ) LIMIT 1   [ RunTime:0.0000s ]
SQL: SELECT * FROM `blue_nav` WHERE ( nav_id=69 ) LIMIT 1   [ RunTime:0.0000s ]
SQL: SELECT * FROM `blue_nav` WHERE ( nav_id=70 ) LIMIT 1   [ RunTime:0.0010s ]
SQL: SELECT * FROM `blue_nav` WHERE ( nav_id=71 ) LIMIT 1   [ RunTime:0.0000s ]
SQL: SELECT * FROM `blue_nav` WHERE ( nav_id=72 ) LIMIT 1   [ RunTime:0.0000s ]
SQL: SELECT * FROM `blue_nav` WHERE ( nav_id=73 ) LIMIT 1   [ RunTime:0.0000s ]
SQL: SELECT * FROM `blue_nav` WHERE ( nav_id=74 ) LIMIT 1   [ RunTime:0.0010s ]
SQL: SELECT * FROM `blue_config`  [ RunTime:0.0000s ]
SQL: SHOW COLUMNS FROM `blue_currency` [ RunTime:0.0140s ]
SQL: SELECT * FROM `blue_currency`  [ RunTime:0.0000s ]
INFO: [ view_parse ] --START--
INFO: [ template_filter ] --START--
INFO: Run Behavior\ContentReplaceBehavior [ RunTime:0.000000s ]
INFO: [ template_filter ] --END-- [ RunTime:0.001000s ]
INFO: Run Behavior\ParseTemplateBehavior [ RunTime:0.036004s ]
INFO: [ view_parse ] --END-- [ RunTime:0.036004s ]
INFO: [ view_filter ] --START--
INFO: Run Behavior\WriteHtmlCacheBehavior [ RunTime:0.001000s ]
INFO: [ view_filter ] --END-- [ RunTime:0.001000s ]
INFO: [ app_end ] --START--
INFO: Run Behavior\ShowPageTraceBehavior [ RunTime:0.001000s ]
INFO: [ app_end ] --END-- [ RunTime:0.001000s ]

[ 2018-08-06T15:07:21+08:00 ] 127.0.0.1 /admin/Membergrade/index
INFO: [ app_init ] --START--
INFO: Run Behavior\BuildLiteBehavior [ RunTime:0.000000s ]
INFO: [ app_init ] --END-- [ RunTime:0.001000s ]
INFO: [ app_begin ] --START--
INFO: Run Behavior\ReadHtmlCacheBehavior [ RunTime:0.001000s ]
INFO: [ app_begin ] --END-- [ RunTime:0.001000s ]
SQL: SHOW COLUMNS FROM `blue_config` [ RunTime:0.0400s ]
SQL: SELECT * FROM `blue_config`  [ RunTime:0.0010s ]
SQL: SHOW COLUMNS FROM `blue_purse_download` [ RunTime:0.0230s ]
SQL: SELECT * FROM `blue_purse_download` ORDER BY add_time desc LIMIT 0,6   [ RunTime:0.0000s ]
SQL: SHOW COLUMNS FROM `blue_dividend_config` [ RunTime:0.0240s ]
SQL: SELECT * FROM `blue_dividend_config`  [ RunTime:0.0000s ]
SQL: SHOW COLUMNS FROM `blue_article_category` [ RunTime:0.0180s ]
SQL: SELECT * FROM `blue_article_category` WHERE ( parent_id = 6 ) LIMIT 4   [ RunTime:0.0000s ]
SQL: SHOW COLUMNS FROM `blue_article` [ RunTime:0.0120s ]
SQL: SELECT * FROM `blue_article` WHERE ( position_id = 7 ) LIMIT 4   [ RunTime:0.0010s ]
SQL: SHOW COLUMNS FROM `blue_member` [ RunTime:0.0120s ]
SQL: SELECT *,(rmb+forzen_rmb) as count FROM `blue_member` WHERE ( member_id='10375' ) LIMIT 1   [ RunTime:0.0000s ]
SQL: SHOW COLUMNS FROM `blue_orders` [ RunTime:0.0130s ]
SQL: SHOW COLUMNS FROM `blue_message` [ RunTime:0.0130s ]
SQL: SELECT COUNT(*) AS tp_count FROM `blue_message` WHERE `member_id` = '10375' AND `status` = 0 LIMIT 1   [ RunTime:0.0000s ]
SQL: SHOW COLUMNS FROM `blue_currency` [ RunTime:0.0140s ]
SQL: SELECT * FROM `blue_currency` WHERE ( is_line=1  ) ORDER BY sort  [ RunTime:0.0010s ]
NOTIC: [8] Undefined variable: whereMark D:\WWW\xiao\App\Common\Controller\CommonController.class.php 第 106 行.
SQL: SELECT `currency_id`,`currency_name`,`currency_logo`,`currency_mark` FROM `blue_currency` LIMIT 1   [ RunTime:0.0000s ]
SQL: SELECT `currency_id`,`currency_name`,`currency_logo`,`currency_mark` FROM `blue_currency` WHERE `is_line` = 1  [ RunTime:0.0010s ]
SQL: SELECT `price` FROM `blue_orders` WHERE ( currency_id = 52 ) ORDER BY add_time desc LIMIT 1   [ RunTime:0.0000s ]
SQL: SELECT `price` FROM `blue_orders` WHERE ( currency_id = 53 ) ORDER BY add_time desc LIMIT 1   [ RunTime:0.0000s ]
SQL: SELECT `price` FROM `blue_orders` WHERE ( currency_id = 54 ) ORDER BY add_time desc LIMIT 1   [ RunTime:0.0000s ]
SQL: SHOW COLUMNS FROM `blue_admin` [ RunTime:0.0130s ]
SQL: SELECT * FROM `blue_admin` WHERE ( admin_id='1' ) LIMIT 1   [ RunTime:0.0000s ]
SQL: SELECT `key`,`value` FROM `blue_config`  [ RunTime:0.0000s ]
SQL: SELECT `Nav` FROM `blue_admin` WHERE ( admin_id='1' ) LIMIT 1   [ RunTime:0.0010s ]
SQL: SHOW COLUMNS FROM `blue_nav` [ RunTime:0.0130s ]
SQL: SELECT * FROM `blue_nav` WHERE ( nav_id=1 ) LIMIT 1   [ RunTime:0.0000s ]
SQL: SELECT * FROM `blue_nav` WHERE ( nav_id=2 ) LIMIT 1   [ RunTime:0.0010s ]
SQL: SELECT * FROM `blue_nav` WHERE ( nav_id=3 ) LIMIT 1   [ RunTime:0.0000s ]
SQL: SELECT * FROM `blue_nav` WHERE ( nav_id=4 ) LIMIT 1   [ RunTime:0.0000s ]
SQL: SELECT * FROM `blue_nav` WHERE ( nav_id=6 ) LIMIT 1   [ RunTime:0.0000s ]
SQL: SELECT * FROM `blue_nav` WHERE ( nav_id=7 ) LIMIT 1   [ RunTime:0.0010s ]
SQL: SELECT * FROM `blue_nav` WHERE ( nav_id=8 ) LIMIT 1   [ RunTime:0.0000s ]
SQL: SELECT * FROM `blue_nav` WHERE ( nav_id=15 ) LIMIT 1   [ RunTime:0.0000s ]
SQL: SELECT * FROM `blue_nav` WHERE ( nav_id=9 ) LIMIT 1   [ RunTime:0.0000s ]
SQL: SELECT * FROM `blue_nav` WHERE ( nav_id=10 ) LIMIT 1   [ RunTime:0.0010s ]
SQL: SELECT * FROM `blue_nav` WHERE ( nav_id=11 ) LIMIT 1   [ RunTime:0.0000s ]
SQL: SELECT * FROM `blue_nav` WHERE ( nav_id=12 ) LIMIT 1   [ RunTime:0.0000s ]
SQL: SELECT * FROM `blue_nav` WHERE ( nav_id=13 ) LIMIT 1   [ RunTime:0.0000s ]
SQL: SELECT * FROM `blue_nav` WHERE ( nav_id=14 ) LIMIT 1   [ RunTime:0.0010s ]
SQL: SELECT * FROM `blue_nav` WHERE ( nav_id=17 ) LIMIT 1   [ RunTime:0.0000s ]
SQL: SELECT * FROM `blue_nav` WHERE ( nav_id=16 ) LIMIT 1   [ RunTime:0.0000s ]
SQL: SELECT * FROM `blue_nav` WHERE ( nav_id=21 ) LIMIT 1   [ RunTime:0.0000s ]
SQL: SELECT * FROM `blue_nav` WHERE ( nav_id=22 ) LIMIT 1   [ RunTime:0.0010s ]
SQL: SELECT * FROM `blue_nav` WHERE ( nav_id=26 ) LIMIT 1   [ RunTime:0.0000s ]
SQL: SELECT * FROM `blue_nav` WHERE ( nav_id=27 ) LIMIT 1   [ RunTime:0.0000s ]
SQL: SELECT * FROM `blue_nav` WHERE ( nav_id=28 ) LIMIT 1   [ RunTime:0.0000s ]
SQL: SELECT * FROM `blue_nav` WHERE ( nav_id=29 ) LIMIT 1   [ RunTime:0.0010s ]
SQL: SELECT * FROM `blue_nav` WHERE ( nav_id=30 ) LIMIT 1   [ RunTime:0.0000s ]
SQL: SELECT * FROM `blue_nav` WHERE ( nav_id=18 ) LIMIT 1   [ RunTime:0.0000s ]
SQL: SELECT * FROM `blue_nav` WHERE ( nav_id=33 ) LIMIT 1   [ RunTime:0.0000s ]
SQL: SELECT * FROM `blue_nav` WHERE ( nav_id=32 ) LIMIT 1   [ RunTime:0.0010s ]
SQL: SELECT * FROM `blue_nav` WHERE ( nav_id=35 ) LIMIT 1   [ RunTime:0.0000s ]
SQL: SELECT * FROM `blue_nav` WHERE ( nav_id=36 ) LIMIT 1   [ RunTime:0.0000s ]
SQL: SELECT * FROM `blue_nav` WHERE ( nav_id=40 ) LIMIT 1   [ RunTime:0.0000s ]
SQL: SELECT * FROM `blue_nav` WHERE ( nav_id=44 ) LIMIT 1   [ RunTime:0.0010s ]
SQL: SELECT * FROM `blue_nav` WHERE ( nav_id=41 ) LIMIT 1   [ RunTime:0.0000s ]
SQL: SELECT * FROM `blue_nav` WHERE ( nav_id=43 ) LIMIT 1   [ RunTime:0.0000s ]
SQL: SELECT * FROM `blue_nav` WHERE ( nav_id=45 ) LIMIT 1   [ RunTime:0.0000s ]
SQL: SELECT * FROM `blue_nav` WHERE ( nav_id=46 ) LIMIT 1   [ RunTime:0.0000s ]
SQL: SELECT * FROM `blue_nav` WHERE ( nav_id=47 ) LIMIT 1   [ RunTime:0.0000s ]
SQL: SELECT * FROM `blue_nav` WHERE ( nav_id=48 ) LIMIT 1   [ RunTime:0.0000s ]
SQL: SELECT * FROM `blue_nav` WHERE ( nav_id=49 ) LIMIT 1   [ RunTime:0.0000s ]
SQL: SELECT * FROM `blue_nav` WHERE ( nav_id=50 ) LIMIT 1   [ RunTime:0.0000s ]
SQL: SELECT * FROM `blue_nav` WHERE ( nav_id=51 ) LIMIT 1   [ RunTime:0.0010s ]
SQL: SELECT * FROM `blue_nav` WHERE ( nav_id=52 ) LIMIT 1   [ RunTime:0.0000s ]
SQL: SELECT * FROM `blue_nav` WHERE ( nav_id=53 ) LIMIT 1   [ RunTime:0.0000s ]
SQL: SELECT * FROM `blue_nav` WHERE ( nav_id=54 ) LIMIT 1   [ RunTime:0.0000s ]
SQL: SELECT * FROM `blue_nav` WHERE ( nav_id=56 ) LIMIT 1   [ RunTime:0.0000s ]
SQL: SELECT * FROM `blue_nav` WHERE ( nav_id=61 ) LIMIT 1   [ RunTime:0.0000s ]
SQL: SELECT * FROM `blue_nav` WHERE ( nav_id=57 ) LIMIT 1   [ RunTime:0.0000s ]
SQL: SELECT * FROM `blue_nav` WHERE ( nav_id=58 ) LIMIT 1   [ RunTime:0.0000s ]
SQL: SELECT * FROM `blue_nav` WHERE ( nav_id=59 ) LIMIT 1   [ RunTime:0.0000s ]
SQL: SELECT * FROM `blue_nav` WHERE ( nav_id=60 ) LIMIT 1   [ RunTime:0.0010s ]
SQL: SELECT * FROM `blue_nav` WHERE ( nav_id=66 ) LIMIT 1   [ RunTime:0.0000s ]
SQL: SELECT * FROM `blue_nav` WHERE ( nav_id=67 ) LIMIT 1   [ RunTime:0.0000s ]
SQL: SELECT * FROM `blue_nav` WHERE ( nav_id=68 ) LIMIT 1   [ RunTime:0.0000s ]
SQL: SELECT * FROM `blue_nav` WHERE ( nav_id=69 ) LIMIT 1   [ RunTime:0.0000s ]
SQL: SELECT * FROM `blue_nav` WHERE ( nav_id=70 ) LIMIT 1   [ RunTime:0.0000s ]
SQL: SELECT * FROM `blue_nav` WHERE ( nav_id=71 ) LIMIT 1   [ RunTime:0.0000s ]
SQL: SELECT * FROM `blue_nav` WHERE ( nav_id=72 ) LIMIT 1   [ RunTime:0.0000s ]
SQL: SELECT * FROM `blue_nav` WHERE ( nav_id=73 ) LIMIT 1   [ RunTime:0.0000s ]
SQL: SELECT * FROM `blue_nav` WHERE ( nav_id=74 ) LIMIT 1   [ RunTime:0.0010s ]
SQL: SHOW COLUMNS FROM `blue_member_grade` [ RunTime:0.0130s ]
SQL: SELECT * FROM `blue_member_grade`  [ RunTime:0.0010s ]
INFO: [ view_parse ] --START--
INFO: [ template_filter ] --START--
INFO: Run Behavior\ContentReplaceBehavior [ RunTime:0.000000s ]
INFO: [ template_filter ] --END-- [ RunTime:0.000000s ]
INFO: Run Behavior\ParseTemplateBehavior [ RunTime:0.019002s ]
INFO: [ view_parse ] --END-- [ RunTime:0.019002s ]
INFO: [ view_filter ] --START--
INFO: Run Behavior\WriteHtmlCacheBehavior [ RunTime:0.000000s ]
INFO: [ view_filter ] --END-- [ RunTime:0.000000s ]
INFO: [ app_end ] --START--
INFO: Run Behavior\ShowPageTraceBehavior [ RunTime:0.001000s ]
INFO: [ app_end ] --END-- [ RunTime:0.001000s ]

[ 2018-08-06T15:07:24+08:00 ] 127.0.0.1 /admin/Membergrade/add.html
INFO: [ app_init ] --START--
INFO: Run Behavior\BuildLiteBehavior [ RunTime:0.000000s ]
INFO: [ app_init ] --END-- [ RunTime:0.000000s ]
INFO: [ app_begin ] --START--
INFO: Run Behavior\ReadHtmlCacheBehavior [ RunTime:0.001000s ]
INFO: [ app_begin ] --END-- [ RunTime:0.001000s ]
SQL: SHOW COLUMNS FROM `blue_config` [ RunTime:0.0270s ]
SQL: SELECT * FROM `blue_config`  [ RunTime:0.0010s ]
SQL: SHOW COLUMNS FROM `blue_purse_download` [ RunTime:0.0180s ]
SQL: SELECT * FROM `blue_purse_download` ORDER BY add_time desc LIMIT 0,6   [ RunTime:0.0000s ]
SQL: SHOW COLUMNS FROM `blue_dividend_config` [ RunTime:0.0140s ]
SQL: SELECT * FROM `blue_dividend_config`  [ RunTime:0.0000s ]
SQL: SHOW COLUMNS FROM `blue_article_category` [ RunTime:0.0140s ]
SQL: SELECT * FROM `blue_article_category` WHERE ( parent_id = 6 ) LIMIT 4   [ RunTime:0.0000s ]
SQL: SHOW COLUMNS FROM `blue_article` [ RunTime:0.0130s ]
SQL: SELECT * FROM `blue_article` WHERE ( position_id = 7 ) LIMIT 4   [ RunTime:0.0010s ]
SQL: SHOW COLUMNS FROM `blue_member` [ RunTime:0.0140s ]
SQL: SELECT *,(rmb+forzen_rmb) as count FROM `blue_member` WHERE ( member_id='10375' ) LIMIT 1   [ RunTime:0.0000s ]
SQL: SHOW COLUMNS FROM `blue_orders` [ RunTime:0.0140s ]
SQL: SHOW COLUMNS FROM `blue_message` [ RunTime:0.0130s ]
SQL: SELECT COUNT(*) AS tp_count FROM `blue_message` WHERE `member_id` = '10375' AND `status` = 0 LIMIT 1   [ RunTime:0.0010s ]
SQL: SHOW COLUMNS FROM `blue_currency` [ RunTime:0.0130s ]
SQL: SELECT * FROM `blue_currency` WHERE ( is_line=1  ) ORDER BY sort  [ RunTime:0.0000s ]
NOTIC: [8] Undefined variable: whereMark D:\WWW\xiao\App\Common\Controller\CommonController.class.php 第 106 行.
SQL: SELECT `currency_id`,`currency_name`,`currency_logo`,`currency_mark` FROM `blue_currency` LIMIT 1   [ RunTime:0.0000s ]
SQL: SELECT `currency_id`,`currency_name`,`currency_logo`,`currency_mark` FROM `blue_currency` WHERE `is_line` = 1  [ RunTime:0.0000s ]
SQL: SELECT `price` FROM `blue_orders` WHERE ( currency_id = 52 ) ORDER BY add_time desc LIMIT 1   [ RunTime:0.0000s ]
SQL: SELECT `price` FROM `blue_orders` WHERE ( currency_id = 53 ) ORDER BY add_time desc LIMIT 1   [ RunTime:0.0010s ]
SQL: SELECT `price` FROM `blue_orders` WHERE ( currency_id = 54 ) ORDER BY add_time desc LIMIT 1   [ RunTime:0.0000s ]
SQL: SHOW COLUMNS FROM `blue_admin` [ RunTime:0.0130s ]
SQL: SELECT * FROM `blue_admin` WHERE ( admin_id='1' ) LIMIT 1   [ RunTime:0.0010s ]
SQL: SELECT `key`,`value` FROM `blue_config`  [ RunTime:0.0000s ]
SQL: SELECT `Nav` FROM `blue_admin` WHERE ( admin_id='1' ) LIMIT 1   [ RunTime:0.0010s ]
SQL: SHOW COLUMNS FROM `blue_nav` [ RunTime:0.0130s ]
SQL: SELECT * FROM `blue_nav` WHERE ( nav_id=1 ) LIMIT 1   [ RunTime:0.0010s ]
SQL: SELECT * FROM `blue_nav` WHERE ( nav_id=2 ) LIMIT 1   [ RunTime:0.0000s ]
SQL: SELECT * FROM `blue_nav` WHERE ( nav_id=3 ) LIMIT 1   [ RunTime:0.0000s ]
SQL: SELECT * FROM `blue_nav` WHERE ( nav_id=4 ) LIMIT 1   [ RunTime:0.0010s ]
SQL: SELECT * FROM `blue_nav` WHERE ( nav_id=6 ) LIMIT 1   [ RunTime:0.0000s ]
SQL: SELECT * FROM `blue_nav` WHERE ( nav_id=7 ) LIMIT 1   [ RunTime:0.0000s ]
SQL: SELECT * FROM `blue_nav` WHERE ( nav_id=8 ) LIMIT 1   [ RunTime:0.0000s ]
SQL: SELECT * FROM `blue_nav` WHERE ( nav_id=15 ) LIMIT 1   [ RunTime:0.0010s ]
SQL: SELECT * FROM `blue_nav` WHERE ( nav_id=9 ) LIMIT 1   [ RunTime:0.0000s ]
SQL: SELECT * FROM `blue_nav` WHERE ( nav_id=10 ) LIMIT 1   [ RunTime:0.0000s ]
SQL: SELECT * FROM `blue_nav` WHERE ( nav_id=11 ) LIMIT 1   [ RunTime:0.0000s ]
SQL: SELECT * FROM `blue_nav` WHERE ( nav_id=12 ) LIMIT 1   [ RunTime:0.0010s ]
SQL: SELECT * FROM `blue_nav` WHERE ( nav_id=13 ) LIMIT 1   [ RunTime:0.0000s ]
SQL: SELECT * FROM `blue_nav` WHERE ( nav_id=14 ) LIMIT 1   [ RunTime:0.0000s ]
SQL: SELECT * FROM `blue_nav` WHERE ( nav_id=17 ) LIMIT 1   [ RunTime:0.0000s ]
SQL: SELECT * FROM `blue_nav` WHERE ( nav_id=16 ) LIMIT 1   [ RunTime:0.0010s ]
SQL: SELECT * FROM `blue_nav` WHERE ( nav_id=21 ) LIMIT 1   [ RunTime:0.0000s ]
SQL: SELECT * FROM `blue_nav` WHERE ( nav_id=22 ) LIMIT 1   [ RunTime:0.0000s ]
SQL: SELECT * FROM `blue_nav` WHERE ( nav_id=26 ) LIMIT 1   [ RunTime:0.0000s ]
SQL: SELECT * FROM `blue_nav` WHERE ( nav_id=27 ) LIMIT 1   [ RunTime:0.0010s ]
SQL: SELECT * FROM `blue_nav` WHERE ( nav_id=28 ) LIMIT 1   [ RunTime:0.0000s ]
SQL: SELECT * FROM `blue_nav` WHERE ( nav_id=29 ) LIMIT 1   [ RunTime:0.0000s ]
SQL: SELECT * FROM `blue_nav` WHERE ( nav_id=30 ) LIMIT 1   [ RunTime:0.0000s ]
SQL: SELECT * FROM `blue_nav` WHERE ( nav_id=18 ) LIMIT 1   [ RunTime:0.0010s ]
SQL: SELECT * FROM `blue_nav` WHERE ( nav_id=33 ) LIMIT 1   [ RunTime:0.0000s ]
SQL: SELECT * FROM `blue_nav` WHERE ( nav_id=32 ) LIMIT 1   [ RunTime:0.0000s ]
SQL: SELECT * FROM `blue_nav` WHERE ( nav_id=35 ) LIMIT 1   [ RunTime:0.0000s ]
SQL: SELECT * FROM `blue_nav` WHERE ( nav_id=36 ) LIMIT 1   [ RunTime:0.0010s ]
SQL: SELECT * FROM `blue_nav` WHERE ( nav_id=40 ) LIMIT 1   [ RunTime:0.0000s ]
SQL: SELECT * FROM `blue_nav` WHERE ( nav_id=44 ) LIMIT 1   [ RunTime:0.0000s ]
SQL: SELECT * FROM `blue_nav` WHERE ( nav_id=41 ) LIMIT 1   [ RunTime:0.0000s ]
SQL: SELECT * FROM `blue_nav` WHERE ( nav_id=43 ) LIMIT 1   [ RunTime:0.0010s ]
SQL: SELECT * FROM `blue_nav` WHERE ( nav_id=45 ) LIMIT 1   [ RunTime:0.0000s ]
SQL: SELECT * FROM `blue_nav` WHERE ( nav_id=46 ) LIMIT 1   [ RunTime:0.0000s ]
SQL: SELECT * FROM `blue_nav` WHERE ( nav_id=47 ) LIMIT 1   [ RunTime:0.0000s ]
SQL: SELECT * FROM `blue_nav` WHERE ( nav_id=48 ) LIMIT 1   [ RunTime:0.0010s ]
SQL: SELECT * FROM `blue_nav` WHERE ( nav_id=49 ) LIMIT 1   [ RunTime:0.0000s ]
SQL: SELECT * FROM `blue_nav` WHERE ( nav_id=50 ) LIMIT 1   [ RunTime:0.0000s ]
SQL: SELECT * FROM `blue_nav` WHERE ( nav_id=51 ) LIMIT 1   [ RunTime:0.0000s ]
SQL: SELECT * FROM `blue_nav` WHERE ( nav_id=52 ) LIMIT 1   [ RunTime:0.0010s ]
SQL: SELECT * FROM `blue_nav` WHERE ( nav_id=53 ) LIMIT 1   [ RunTime:0.0000s ]
SQL: SELECT * FROM `blue_nav` WHERE ( nav_id=54 ) LIMIT 1   [ RunTime:0.0000s ]
SQL: SELECT * FROM `blue_nav` WHERE ( nav_id=56 ) LIMIT 1   [ RunTime:0.0000s ]
SQL: SELECT * FROM `blue_nav` WHERE ( nav_id=61 ) LIMIT 1   [ RunTime:0.0010s ]
SQL: SELECT * FROM `blue_nav` WHERE ( nav_id=57 ) LIMIT 1   [ RunTime:0.0000s ]
SQL: SELECT * FROM `blue_nav` WHERE ( nav_id=58 ) LIMIT 1   [ RunTime:0.0000s ]
SQL: SELECT * FROM `blue_nav` WHERE ( nav_id=59 ) LIMIT 1   [ RunTime:0.0000s ]
SQL: SELECT * FROM `blue_nav` WHERE ( nav_id=60 ) LIMIT 1   [ RunTime:0.0010s ]
SQL: SELECT * FROM `blue_nav` WHERE ( nav_id=66 ) LIMIT 1   [ RunTime:0.0000s ]
SQL: SELECT * FROM `blue_nav` WHERE ( nav_id=67 ) LIMIT 1   [ RunTime:0.0000s ]
SQL: SELECT * FROM `blue_nav` WHERE ( nav_id=68 ) LIMIT 1   [ RunTime:0.0000s ]
SQL: SELECT * FROM `blue_nav` WHERE ( nav_id=69 ) LIMIT 1   [ RunTime:0.0010s ]
SQL: SELECT * FROM `blue_nav` WHERE ( nav_id=70 ) LIMIT 1   [ RunTime:0.0000s ]
SQL: SELECT * FROM `blue_nav` WHERE ( nav_id=71 ) LIMIT 1   [ RunTime:0.0000s ]
SQL: SELECT * FROM `blue_nav` WHERE ( nav_id=72 ) LIMIT 1   [ RunTime:0.0000s ]
SQL: SELECT * FROM `blue_nav` WHERE ( nav_id=73 ) LIMIT 1   [ RunTime:0.0010s ]
SQL: SELECT * FROM `blue_nav` WHERE ( nav_id=74 ) LIMIT 1   [ RunTime:0.0000s ]
SQL: SHOW COLUMNS FROM `blue_member_grade` [ RunTime:0.0130s ]
INFO: [ view_parse ] --START--
INFO: [ template_filter ] --START--
INFO: Run Behavior\ContentReplaceBehavior [ RunTime:0.000000s ]
INFO: [ template_filter ] --END-- [ RunTime:0.000000s ]
NOTIC: [8] Undefined variable: list D:\WWW\xiao\App\Runtime\Cache\Admin\007c9ddb0c0e3d6ab6b165b540531732.php 第 191 行.
NOTIC: [8] Undefined variable: list D:\WWW\xiao\App\Runtime\Cache\Admin\007c9ddb0c0e3d6ab6b165b540531732.php 第 195 行.
INFO: Run Behavior\ParseTemplateBehavior [ RunTime:0.019002s ]
INFO: [ view_parse ] --END-- [ RunTime:0.019002s ]
INFO: [ view_filter ] --START--
INFO: Run Behavior\WriteHtmlCacheBehavior [ RunTime:0.000000s ]
INFO: [ view_filter ] --END-- [ RunTime:0.000000s ]
INFO: [ app_end ] --START--
INFO: Run Behavior\ShowPageTraceBehavior [ RunTime:0.001000s ]
INFO: [ app_end ] --END-- [ RunTime:0.001000s ]

[ 2018-08-06T15:08:20+08:00 ] 127.0.0.1 /admin/Config/index
INFO: [ app_init ] --START--
INFO: Run Behavior\BuildLiteBehavior [ RunTime:0.000000s ]
INFO: [ app_init ] --END-- [ RunTime:0.000000s ]
INFO: [ app_begin ] --START--
INFO: Run Behavior\ReadHtmlCacheBehavior [ RunTime:0.000000s ]
INFO: [ app_begin ] --END-- [ RunTime:0.000000s ]
SQL: SHOW COLUMNS FROM `blue_config` [ RunTime:0.0410s ]
SQL: SELECT * FROM `blue_config`  [ RunTime:0.0010s ]
SQL: SHOW COLUMNS FROM `blue_purse_download` [ RunTime:0.0330s ]
SQL: SELECT * FROM `blue_purse_download` ORDER BY add_time desc LIMIT 0,6   [ RunTime:0.0010s ]
SQL: SHOW COLUMNS FROM `blue_dividend_config` [ RunTime:0.0210s ]
SQL: SELECT * FROM `blue_dividend_config`  [ RunTime:0.0000s ]
SQL: SHOW COLUMNS FROM `blue_article_category` [ RunTime:0.0180s ]
SQL: SELECT * FROM `blue_article_category` WHERE ( parent_id = 6 ) LIMIT 4   [ RunTime:0.0000s ]
SQL: SHOW COLUMNS FROM `blue_article` [ RunTime:0.0120s ]
SQL: SELECT * FROM `blue_article` WHERE ( position_id = 7 ) LIMIT 4   [ RunTime:0.0000s ]
SQL: SHOW COLUMNS FROM `blue_member` [ RunTime:0.0130s ]
SQL: SELECT *,(rmb+forzen_rmb) as count FROM `blue_member` WHERE ( member_id='10375' ) LIMIT 1   [ RunTime:0.0000s ]
SQL: SHOW COLUMNS FROM `blue_orders` [ RunTime:0.0110s ]
SQL: SHOW COLUMNS FROM `blue_message` [ RunTime:0.0130s ]
SQL: SELECT COUNT(*) AS tp_count FROM `blue_message` WHERE `member_id` = '10375' AND `status` = 0 LIMIT 1   [ RunTime:0.0000s ]
SQL: SHOW COLUMNS FROM `blue_currency` [ RunTime:0.0130s ]
SQL: SELECT * FROM `blue_currency` WHERE ( is_line=1  ) ORDER BY sort  [ RunTime:0.0010s ]
NOTIC: [8] Undefined variable: whereMark D:\WWW\xiao\App\Common\Controller\CommonController.class.php 第 106 行.
SQL: SELECT `currency_id`,`currency_name`,`currency_logo`,`currency_mark` FROM `blue_currency` LIMIT 1   [ RunTime:0.0000s ]
SQL: SELECT `currency_id`,`currency_name`,`currency_logo`,`currency_mark` FROM `blue_currency` WHERE `is_line` = 1  [ RunTime:0.0000s ]
SQL: SELECT `price` FROM `blue_orders` WHERE ( currency_id = 52 ) ORDER BY add_time desc LIMIT 1   [ RunTime:0.0000s ]
SQL: SELECT `price` FROM `blue_orders` WHERE ( currency_id = 53 ) ORDER BY add_time desc LIMIT 1   [ RunTime:0.0010s ]
SQL: SELECT `price` FROM `blue_orders` WHERE ( currency_id = 54 ) ORDER BY add_time desc LIMIT 1   [ RunTime:0.0000s ]
SQL: SHOW COLUMNS FROM `blue_admin` [ RunTime:0.0130s ]
SQL: SELECT * FROM `blue_admin` WHERE ( admin_id='1' ) LIMIT 1   [ RunTime:0.0000s ]
SQL: SELECT `key`,`value` FROM `blue_config`  [ RunTime:0.0000s ]
SQL: SELECT `Nav` FROM `blue_admin` WHERE ( admin_id='1' ) LIMIT 1   [ RunTime:0.0000s ]
SQL: SHOW COLUMNS FROM `blue_nav` [ RunTime:0.0130s ]
SQL: SELECT * FROM `blue_nav` WHERE ( nav_id=1 ) LIMIT 1   [ RunTime:0.0000s ]
SQL: SELECT * FROM `blue_nav` WHERE ( nav_id=2 ) LIMIT 1   [ RunTime:0.0000s ]
SQL: SELECT * FROM `blue_nav` WHERE ( nav_id=3 ) LIMIT 1   [ RunTime:0.0000s ]
SQL: SELECT * FROM `blue_nav` WHERE ( nav_id=4 ) LIMIT 1   [ RunTime:0.0010s ]
SQL: SELECT * FROM `blue_nav` WHERE ( nav_id=6 ) LIMIT 1   [ RunTime:0.0000s ]
SQL: SELECT * FROM `blue_nav` WHERE ( nav_id=7 ) LIMIT 1   [ RunTime:0.0000s ]
SQL: SELECT * FROM `blue_nav` WHERE ( nav_id=8 ) LIMIT 1   [ RunTime:0.0000s ]
SQL: SELECT * FROM `blue_nav` WHERE ( nav_id=15 ) LIMIT 1   [ RunTime:0.0010s ]
SQL: SELECT * FROM `blue_nav` WHERE ( nav_id=9 ) LIMIT 1   [ RunTime:0.0000s ]
SQL: SELECT * FROM `blue_nav` WHERE ( nav_id=10 ) LIMIT 1   [ RunTime:0.0000s ]
SQL: SELECT * FROM `blue_nav` WHERE ( nav_id=11 ) LIMIT 1   [ RunTime:0.0000s ]
SQL: SELECT * FROM `blue_nav` WHERE ( nav_id=12 ) LIMIT 1   [ RunTime:0.0010s ]
SQL: SELECT * FROM `blue_nav` WHERE ( nav_id=13 ) LIMIT 1   [ RunTime:0.0000s ]
SQL: SELECT * FROM `blue_nav` WHERE ( nav_id=14 ) LIMIT 1   [ RunTime:0.0000s ]
SQL: SELECT * FROM `blue_nav` WHERE ( nav_id=17 ) LIMIT 1   [ RunTime:0.0000s ]
SQL: SELECT * FROM `blue_nav` WHERE ( nav_id=16 ) LIMIT 1   [ RunTime:0.0000s ]
SQL: SELECT * FROM `blue_nav` WHERE ( nav_id=21 ) LIMIT 1   [ RunTime:0.0000s ]
SQL: SELECT * FROM `blue_nav` WHERE ( nav_id=22 ) LIMIT 1   [ RunTime:0.0000s ]
SQL: SELECT * FROM `blue_nav` WHERE ( nav_id=26 ) LIMIT 1   [ RunTime:0.0000s ]
SQL: SELECT * FROM `blue_nav` WHERE ( nav_id=27 ) LIMIT 1   [ RunTime:0.0000s ]
SQL: SELECT * FROM `blue_nav` WHERE ( nav_id=28 ) LIMIT 1   [ RunTime:0.0010s ]
SQL: SELECT * FROM `blue_nav` WHERE ( nav_id=29 ) LIMIT 1   [ RunTime:0.0000s ]
SQL: SELECT * FROM `blue_nav` WHERE ( nav_id=30 ) LIMIT 1   [ RunTime:0.0000s ]
SQL: SELECT * FROM `blue_nav` WHERE ( nav_id=18 ) LIMIT 1   [ RunTime:0.0000s ]
SQL: SELECT * FROM `blue_nav` WHERE ( nav_id=33 ) LIMIT 1   [ RunTime:0.0010s ]
SQL: SELECT * FROM `blue_nav` WHERE ( nav_id=32 ) LIMIT 1   [ RunTime:0.0000s ]
SQL: SELECT * FROM `blue_nav` WHERE ( nav_id=35 ) LIMIT 1   [ RunTime:0.0000s ]
SQL: SELECT * FROM `blue_nav` WHERE ( nav_id=36 ) LIMIT 1   [ RunTime:0.0000s ]
SQL: SELECT * FROM `blue_nav` WHERE ( nav_id=40 ) LIMIT 1   [ RunTime:0.0000s ]
SQL: SELECT * FROM `blue_nav` WHERE ( nav_id=44 ) LIMIT 1   [ RunTime:0.0010s ]
SQL: SELECT * FROM `blue_nav` WHERE ( nav_id=41 ) LIMIT 1   [ RunTime:0.0000s ]
SQL: SELECT * FROM `blue_nav` WHERE ( nav_id=43 ) LIMIT 1   [ RunTime:0.0000s ]
SQL: SELECT * FROM `blue_nav` WHERE ( nav_id=45 ) LIMIT 1   [ RunTime:0.0000s ]
SQL: SELECT * FROM `blue_nav` WHERE ( nav_id=46 ) LIMIT 1   [ RunTime:0.0010s ]
SQL: SELECT * FROM `blue_nav` WHERE ( nav_id=47 ) LIMIT 1   [ RunTime:0.0000s ]
SQL: SELECT * FROM `blue_nav` WHERE ( nav_id=48 ) LIMIT 1   [ RunTime:0.0000s ]
SQL: SELECT * FROM `blue_nav` WHERE ( nav_id=49 ) LIMIT 1   [ RunTime:0.0000s ]
SQL: SELECT * FROM `blue_nav` WHERE ( nav_id=50 ) LIMIT 1   [ RunTime:0.0000s ]
SQL: SELECT * FROM `blue_nav` WHERE ( nav_id=51 ) LIMIT 1   [ RunTime:0.0000s ]
SQL: SELECT * FROM `blue_nav` WHERE ( nav_id=52 ) LIMIT 1   [ RunTime:0.0000s ]
SQL: SELECT * FROM `blue_nav` WHERE ( nav_id=53 ) LIMIT 1   [ RunTime:0.0000s ]
SQL: SELECT * FROM `blue_nav` WHERE ( nav_id=54 ) LIMIT 1   [ RunTime:0.0000s ]
SQL: SELECT * FROM `blue_nav` WHERE ( nav_id=56 ) LIMIT 1   [ RunTime:0.0010s ]
SQL: SELECT * FROM `blue_nav` WHERE ( nav_id=61 ) LIMIT 1   [ RunTime:0.0000s ]
SQL: SELECT * FROM `blue_nav` WHERE ( nav_id=57 ) LIMIT 1   [ RunTime:0.0000s ]
SQL: SELECT * FROM `blue_nav` WHERE ( nav_id=58 ) LIMIT 1   [ RunTime:0.0000s ]
SQL: SELECT * FROM `blue_nav` WHERE ( nav_id=59 ) LIMIT 1   [ RunTime:0.0000s ]
SQL: SELECT * FROM `blue_nav` WHERE ( nav_id=60 ) LIMIT 1   [ RunTime:0.0000s ]
SQL: SELECT * FROM `blue_nav` WHERE ( nav_id=66 ) LIMIT 1   [ RunTime:0.0000s ]
SQL: SELECT * FROM `blue_nav` WHERE ( nav_id=67 ) LIMIT 1   [ RunTime:0.0000s ]
SQL: SELECT * FROM `blue_nav` WHERE ( nav_id=68 ) LIMIT 1   [ RunTime:0.0000s ]
SQL: SELECT * FROM `blue_nav` WHERE ( nav_id=69 ) LIMIT 1   [ RunTime:0.0010s ]
SQL: SELECT * FROM `blue_nav` WHERE ( nav_id=70 ) LIMIT 1   [ RunTime:0.0000s ]
SQL: SELECT * FROM `blue_nav` WHERE ( nav_id=71 ) LIMIT 1   [ RunTime:0.0000s ]
SQL: SELECT * FROM `blue_nav` WHERE ( nav_id=72 ) LIMIT 1   [ RunTime:0.0000s ]
SQL: SELECT * FROM `blue_nav` WHERE ( nav_id=73 ) LIMIT 1   [ RunTime:0.0010s ]
SQL: SELECT * FROM `blue_nav` WHERE ( nav_id=74 ) LIMIT 1   [ RunTime:0.0000s ]
SQL: SELECT * FROM `blue_config`  [ RunTime:0.0000s ]
SQL: SHOW COLUMNS FROM `blue_currency` [ RunTime:0.0130s ]
SQL: SELECT * FROM `blue_currency`  [ RunTime:0.0000s ]
INFO: [ view_parse ] --START--
INFO: [ template_filter ] --START--
INFO: Run Behavior\ContentReplaceBehavior [ RunTime:0.000000s ]
INFO: [ template_filter ] --END-- [ RunTime:0.000000s ]
INFO: Run Behavior\ParseTemplateBehavior [ RunTime:0.020002s ]
INFO: [ view_parse ] --END-- [ RunTime:0.020002s ]
INFO: [ view_filter ] --START--
INFO: Run Behavior\WriteHtmlCacheBehavior [ RunTime:0.000000s ]
INFO: [ view_filter ] --END-- [ RunTime:0.000000s ]
INFO: [ app_end ] --START--
INFO: Run Behavior\ShowPageTraceBehavior [ RunTime:0.001000s ]
INFO: [ app_end ] --END-- [ RunTime:0.001000s ]

