[ 2019-03-11T10:35:56+08:00 ] 127.0.0.1 /admin/Transfer/record
INFO: [ app_init ] --START--
INFO: Run Behavior\BuildLiteBehavior [ RunTime:0.000000s ]
INFO: [ app_init ] --END-- [ RunTime:0.002000s ]
INFO: [ app_begin ] --START--
INFO: Run Behavior\ReadHtmlCacheBehavior [ RunTime:0.001000s ]
INFO: [ app_begin ] --END-- [ RunTime:0.001000s ]
SQL: SHOW COLUMNS FROM `blue_config` [ RunTime:0.0860s ]
SQL: SELECT * FROM `blue_config`  [ RunTime:0.0020s ]
SQL: SHOW COLUMNS FROM `blue_purse_download` [ RunTime:0.0220s ]
SQL: SELECT * FROM `blue_purse_download` ORDER BY add_time desc LIMIT 0,6   [ RunTime:0.0010s ]
SQL: SHOW COLUMNS FROM `blue_dividend_config` [ RunTime:0.0120s ]
SQL: SELECT * FROM `blue_dividend_config`  [ RunTime:0.0010s ]

[ 2019-03-11T10:35:57+08:00 ] 127.0.0.1 /admin/Login/index.html
INFO: [ app_init ] --START--
INFO: Run Behavior\BuildLiteBehavior [ RunTime:0.000000s ]
INFO: [ app_init ] --END-- [ RunTime:0.000000s ]
INFO: [ app_begin ] --START--
INFO: Run Behavior\ReadHtmlCacheBehavior [ RunTime:0.000000s ]
INFO: [ app_begin ] --END-- [ RunTime:0.000000s ]
SQL: SHOW COLUMNS FROM `blue_config` [ RunTime:0.0110s ]
SQL: SELECT * FROM `blue_config`  [ RunTime:0.0010s ]
SQL: SHOW COLUMNS FROM `blue_purse_download` [ RunTime:0.0100s ]
SQL: SELECT * FROM `blue_purse_download` ORDER BY add_time desc LIMIT 0,6   [ RunTime:0.0030s ]
SQL: SHOW COLUMNS FROM `blue_dividend_config` [ RunTime:0.0110s ]
SQL: SELECT * FROM `blue_dividend_config`  [ RunTime:0.0010s ]
SQL: SHOW COLUMNS FROM `blue_article_category` [ RunTime:0.0190s ]
SQL: SELECT * FROM `blue_article_category` WHERE ( parent_id = 6 ) LIMIT 4   [ RunTime:0.0620s ]
SQL: SHOW COLUMNS FROM `blue_article` [ RunTime:0.0290s ]
SQL: SELECT * FROM `blue_article` WHERE ( position_id = 7 ) LIMIT 4   [ RunTime:0.0060s ]
SQL: SHOW COLUMNS FROM `blue_orders` [ RunTime:0.0330s ]
SQL: SHOW COLUMNS FROM `blue_currency` [ RunTime:0.0120s ]
SQL: SELECT * FROM `blue_currency` WHERE ( is_line=1  ) ORDER BY sort  [ RunTime:0.0020s ]
NOTIC: [8] Undefined variable: whereMark D:\WWW\task_1\App\Common\Controller\CommonController.class.php 第 106 行.
SQL: SELECT `currency_id`,`currency_name`,`currency_logo`,`currency_mark` FROM `blue_currency` LIMIT 1   [ RunTime:0.0010s ]
SQL: SELECT `currency_id`,`currency_name`,`currency_logo`,`currency_mark` FROM `blue_currency` WHERE `is_line` = 1  [ RunTime:0.0000s ]
SQL: SELECT `price` FROM `blue_orders` WHERE ( currency_id = 52 ) ORDER BY add_time desc LIMIT 1   [ RunTime:0.0020s ]
SQL: SELECT `price` FROM `blue_orders` WHERE ( currency_id = 53 ) ORDER BY add_time desc LIMIT 1   [ RunTime:0.0000s ]
SQL: SELECT `price` FROM `blue_orders` WHERE ( currency_id = 54 ) ORDER BY add_time desc LIMIT 1   [ RunTime:0.0000s ]
SQL: SELECT `price` FROM `blue_orders` WHERE ( currency_id = 55 ) ORDER BY add_time desc LIMIT 1   [ RunTime:0.0010s ]
SQL: SELECT `price` FROM `blue_orders` WHERE ( currency_id = 56 ) ORDER BY add_time desc LIMIT 1   [ RunTime:0.0000s ]
SQL: SELECT `price` FROM `blue_orders` WHERE ( currency_id = 57 ) ORDER BY add_time desc LIMIT 1   [ RunTime:0.0010s ]
SQL: SELECT `price` FROM `blue_orders` WHERE ( currency_id = 59 ) ORDER BY add_time desc LIMIT 1   [ RunTime:0.0000s ]
INFO: [ view_parse ] --START--
INFO: [ template_filter ] --START--
INFO: Run Behavior\ContentReplaceBehavior [ RunTime:0.021002s ]
INFO: [ template_filter ] --END-- [ RunTime:0.021002s ]
INFO: Run Behavior\ParseTemplateBehavior [ RunTime:0.137014s ]
INFO: [ view_parse ] --END-- [ RunTime:0.138014s ]
INFO: [ view_filter ] --START--
INFO: Run Behavior\WriteHtmlCacheBehavior [ RunTime:0.024002s ]
INFO: [ view_filter ] --END-- [ RunTime:0.024002s ]
INFO: [ app_end ] --START--
INFO: Run Behavior\ShowPageTraceBehavior [ RunTime:0.003001s ]
INFO: [ app_end ] --END-- [ RunTime:0.003001s ]

