[ 2019-01-13T11:20:49+08:00 ] 127.0.0.1 /admin/Lottery/index.html
INFO: [ app_init ] --START--
INFO: Run Behavior\BuildLiteBehavior [ RunTime:0.000016s ]
INFO: [ app_init ] --END-- [ RunTime:0.000406s ]
INFO: [ app_begin ] --START--
INFO: Run Behavior\ReadHtmlCacheBehavior [ RunTime:0.001199s ]
INFO: [ app_begin ] --END-- [ RunTime:0.001297s ]
SQL: SHOW COLUMNS FROM `blue_config` [ RunTime:0.0023s ]
SQL: SELECT * FROM `blue_config`  [ RunTime:0.0009s ]
SQL: SHOW COLUMNS FROM `blue_purse_download` [ RunTime:0.0024s ]
SQL: SELECT * FROM `blue_purse_download` ORDER BY add_time desc LIMIT 0,6   [ RunTime:0.0002s ]
SQL: SHOW COLUMNS FROM `blue_dividend_config` [ RunTime:0.0018s ]
SQL: SELECT * FROM `blue_dividend_config`  [ RunTime:0.0006s ]
SQL: SHOW COLUMNS FROM `blue_article_category` [ RunTime:0.0037s ]
SQL: SELECT * FROM `blue_article_category` WHERE ( parent_id = 6 ) LIMIT 4   [ RunTime:0.0005s ]
SQL: SHOW COLUMNS FROM `blue_article` [ RunTime:0.0015s ]
SQL: SELECT * FROM `blue_article` WHERE ( position_id = 7 ) LIMIT 4   [ RunTime:0.0004s ]
SQL: SHOW COLUMNS FROM `blue_member` [ RunTime:0.0015s ]
SQL: SELECT *,(rmb+forzen_rmb) as count FROM `blue_member` WHERE ( member_id='10378' ) LIMIT 1   [ RunTime:0.0004s ]
SQL: SHOW COLUMNS FROM `blue_orders` [ RunTime:0.0015s ]
SQL: SHOW COLUMNS FROM `blue_message` [ RunTime:0.0014s ]
SQL: SELECT COUNT(*) AS tp_count FROM `blue_message` WHERE `member_id` = '10378' AND `status` = 0 LIMIT 1   [ RunTime:0.0003s ]
SQL: SHOW COLUMNS FROM `blue_currency` [ RunTime:0.0016s ]
SQL: SELECT * FROM `blue_currency` WHERE ( is_line=1  ) ORDER BY sort  [ RunTime:0.0010s ]
NOTIC: [8] Undefined variable: whereMark /Applications/MAMP/htdocs/project/xiao_1/App/Common/Controller/CommonController.class.php 第 106 行.
SQL: SELECT `currency_id`,`currency_name`,`currency_logo`,`currency_mark` FROM `blue_currency` LIMIT 1   [ RunTime:0.0005s ]
SQL: SELECT `currency_id`,`currency_name`,`currency_logo`,`currency_mark` FROM `blue_currency` WHERE `is_line` = 1  [ RunTime:0.0005s ]
SQL: SELECT `price` FROM `blue_orders` WHERE ( currency_id = 52 ) ORDER BY add_time desc LIMIT 1   [ RunTime:0.0009s ]
SQL: SELECT `price` FROM `blue_orders` WHERE ( currency_id = 53 ) ORDER BY add_time desc LIMIT 1   [ RunTime:0.0007s ]
SQL: SELECT `price` FROM `blue_orders` WHERE ( currency_id = 54 ) ORDER BY add_time desc LIMIT 1   [ RunTime:0.0010s ]
SQL: SELECT `price` FROM `blue_orders` WHERE ( currency_id = 55 ) ORDER BY add_time desc LIMIT 1   [ RunTime:0.0007s ]
SQL: SELECT `price` FROM `blue_orders` WHERE ( currency_id = 56 ) ORDER BY add_time desc LIMIT 1   [ RunTime:0.0008s ]
SQL: SELECT `price` FROM `blue_orders` WHERE ( currency_id = 57 ) ORDER BY add_time desc LIMIT 1   [ RunTime:0.0006s ]
SQL: SELECT `price` FROM `blue_orders` WHERE ( currency_id = 59 ) ORDER BY add_time desc LIMIT 1   [ RunTime:0.0005s ]
SQL: SHOW COLUMNS FROM `blue_admin` [ RunTime:0.0043s ]
SQL: SELECT * FROM `blue_admin` WHERE ( admin_id='1' ) LIMIT 1   [ RunTime:0.0006s ]
SQL: SELECT `key`,`value` FROM `blue_config`  [ RunTime:0.0004s ]
SQL: SELECT `Nav` FROM `blue_admin` WHERE ( admin_id='1' ) LIMIT 1   [ RunTime:0.0003s ]
SQL: SHOW COLUMNS FROM `blue_nav` [ RunTime:0.0020s ]
SQL: SELECT * FROM `blue_nav` WHERE ( nav_id=1 ) LIMIT 1   [ RunTime:0.0007s ]
SQL: SELECT * FROM `blue_nav` WHERE ( nav_id=2 ) LIMIT 1   [ RunTime:0.0005s ]
SQL: SELECT * FROM `blue_nav` WHERE ( nav_id=3 ) LIMIT 1   [ RunTime:0.0009s ]
SQL: SELECT * FROM `blue_nav` WHERE ( nav_id=4 ) LIMIT 1   [ RunTime:0.0004s ]
SQL: SELECT * FROM `blue_nav` WHERE ( nav_id=6 ) LIMIT 1   [ RunTime:0.0003s ]
SQL: SELECT * FROM `blue_nav` WHERE ( nav_id=7 ) LIMIT 1   [ RunTime:0.0003s ]
SQL: SELECT * FROM `blue_nav` WHERE ( nav_id=8 ) LIMIT 1   [ RunTime:0.0003s ]
SQL: SELECT * FROM `blue_nav` WHERE ( nav_id=15 ) LIMIT 1   [ RunTime:0.0002s ]
SQL: SELECT * FROM `blue_nav` WHERE ( nav_id=9 ) LIMIT 1   [ RunTime:0.0002s ]
SQL: SELECT * FROM `blue_nav` WHERE ( nav_id=10 ) LIMIT 1   [ RunTime:0.0002s ]
SQL: SELECT * FROM `blue_nav` WHERE ( nav_id=11 ) LIMIT 1   [ RunTime:0.0002s ]
SQL: SELECT * FROM `blue_nav` WHERE ( nav_id=12 ) LIMIT 1   [ RunTime:0.0002s ]
SQL: SELECT * FROM `blue_nav` WHERE ( nav_id=13 ) LIMIT 1   [ RunTime:0.0004s ]
SQL: SELECT * FROM `blue_nav` WHERE ( nav_id=14 ) LIMIT 1   [ RunTime:0.0003s ]
SQL: SELECT * FROM `blue_nav` WHERE ( nav_id=17 ) LIMIT 1   [ RunTime:0.0002s ]
SQL: SELECT * FROM `blue_nav` WHERE ( nav_id=16 ) LIMIT 1   [ RunTime:0.0003s ]
SQL: SELECT * FROM `blue_nav` WHERE ( nav_id=21 ) LIMIT 1   [ RunTime:0.0002s ]
SQL: SELECT * FROM `blue_nav` WHERE ( nav_id=22 ) LIMIT 1   [ RunTime:0.0002s ]
SQL: SELECT * FROM `blue_nav` WHERE ( nav_id=26 ) LIMIT 1   [ RunTime:0.0002s ]
SQL: SELECT * FROM `blue_nav` WHERE ( nav_id=27 ) LIMIT 1   [ RunTime:0.0002s ]
SQL: SELECT * FROM `blue_nav` WHERE ( nav_id=28 ) LIMIT 1   [ RunTime:0.0002s ]
SQL: SELECT * FROM `blue_nav` WHERE ( nav_id=29 ) LIMIT 1   [ RunTime:0.0002s ]
SQL: SELECT * FROM `blue_nav` WHERE ( nav_id=30 ) LIMIT 1   [ RunTime:0.0002s ]
SQL: SELECT * FROM `blue_nav` WHERE ( nav_id=18 ) LIMIT 1   [ RunTime:0.0002s ]
SQL: SELECT * FROM `blue_nav` WHERE ( nav_id=33 ) LIMIT 1   [ RunTime:0.0002s ]
SQL: SELECT * FROM `blue_nav` WHERE ( nav_id=32 ) LIMIT 1   [ RunTime:0.0002s ]
SQL: SELECT * FROM `blue_nav` WHERE ( nav_id=35 ) LIMIT 1   [ RunTime:0.0004s ]
SQL: SELECT * FROM `blue_nav` WHERE ( nav_id=36 ) LIMIT 1   [ RunTime:0.0003s ]
SQL: SELECT * FROM `blue_nav` WHERE ( nav_id=40 ) LIMIT 1   [ RunTime:0.0003s ]
SQL: SELECT * FROM `blue_nav` WHERE ( nav_id=44 ) LIMIT 1   [ RunTime:0.0003s ]
SQL: SELECT * FROM `blue_nav` WHERE ( nav_id=41 ) LIMIT 1   [ RunTime:0.0003s ]
SQL: SELECT * FROM `blue_nav` WHERE ( nav_id=43 ) LIMIT 1   [ RunTime:0.0004s ]
SQL: SELECT * FROM `blue_nav` WHERE ( nav_id=45 ) LIMIT 1   [ RunTime:0.0004s ]
SQL: SELECT * FROM `blue_nav` WHERE ( nav_id=46 ) LIMIT 1   [ RunTime:0.0003s ]
SQL: SELECT * FROM `blue_nav` WHERE ( nav_id=47 ) LIMIT 1   [ RunTime:0.0003s ]
SQL: SELECT * FROM `blue_nav` WHERE ( nav_id=48 ) LIMIT 1   [ RunTime:0.0003s ]
SQL: SELECT * FROM `blue_nav` WHERE ( nav_id=49 ) LIMIT 1   [ RunTime:0.0003s ]
SQL: SELECT * FROM `blue_nav` WHERE ( nav_id=50 ) LIMIT 1   [ RunTime:0.0002s ]
SQL: SELECT * FROM `blue_nav` WHERE ( nav_id=51 ) LIMIT 1   [ RunTime:0.0002s ]
SQL: SELECT * FROM `blue_nav` WHERE ( nav_id=52 ) LIMIT 1   [ RunTime:0.0002s ]
SQL: SELECT * FROM `blue_nav` WHERE ( nav_id=53 ) LIMIT 1   [ RunTime:0.0003s ]
SQL: SELECT * FROM `blue_nav` WHERE ( nav_id=54 ) LIMIT 1   [ RunTime:0.0003s ]
SQL: SELECT * FROM `blue_nav` WHERE ( nav_id=56 ) LIMIT 1   [ RunTime:0.0002s ]
SQL: SELECT * FROM `blue_nav` WHERE ( nav_id=61 ) LIMIT 1   [ RunTime:0.0002s ]
SQL: SELECT * FROM `blue_nav` WHERE ( nav_id=57 ) LIMIT 1   [ RunTime:0.0002s ]
SQL: SELECT * FROM `blue_nav` WHERE ( nav_id=58 ) LIMIT 1   [ RunTime:0.0002s ]
SQL: SELECT * FROM `blue_nav` WHERE ( nav_id=59 ) LIMIT 1   [ RunTime:0.0002s ]
SQL: SELECT * FROM `blue_nav` WHERE ( nav_id=60 ) LIMIT 1   [ RunTime:0.0003s ]
SQL: SELECT * FROM `blue_nav` WHERE ( nav_id=66 ) LIMIT 1   [ RunTime:0.0003s ]
SQL: SELECT * FROM `blue_nav` WHERE ( nav_id=67 ) LIMIT 1   [ RunTime:0.0005s ]
SQL: SELECT * FROM `blue_nav` WHERE ( nav_id=68 ) LIMIT 1   [ RunTime:0.0003s ]
SQL: SELECT * FROM `blue_nav` WHERE ( nav_id=69 ) LIMIT 1   [ RunTime:0.0002s ]
SQL: SELECT * FROM `blue_nav` WHERE ( nav_id=70 ) LIMIT 1   [ RunTime:0.0002s ]
SQL: SELECT * FROM `blue_nav` WHERE ( nav_id=71 ) LIMIT 1   [ RunTime:0.0002s ]
SQL: SELECT * FROM `blue_nav` WHERE ( nav_id=72 ) LIMIT 1   [ RunTime:0.0002s ]
SQL: SELECT * FROM `blue_nav` WHERE ( nav_id=73 ) LIMIT 1   [ RunTime:0.0002s ]
SQL: SELECT * FROM `blue_nav` WHERE ( nav_id=74 ) LIMIT 1   [ RunTime:0.0002s ]
SQL: SELECT * FROM `blue_nav` WHERE ( nav_id=75 ) LIMIT 1   [ RunTime:0.0002s ]
SQL: SELECT * FROM `blue_nav` WHERE ( nav_id=76 ) LIMIT 1   [ RunTime:0.0002s ]
SQL: SELECT * FROM `blue_nav` WHERE ( nav_id=77 ) LIMIT 1   [ RunTime:0.0003s ]
SQL: SELECT * FROM `blue_nav` WHERE ( nav_id=78 ) LIMIT 1   [ RunTime:0.0002s ]
SQL: SELECT * FROM `blue_nav` WHERE ( nav_id=79 ) LIMIT 1   [ RunTime:0.0004s ]
SQL: SELECT * FROM `blue_nav` WHERE ( nav_id=80 ) LIMIT 1   [ RunTime:0.0003s ]
SQL: SELECT * FROM `blue_nav` WHERE ( nav_id=81 ) LIMIT 1   [ RunTime:0.0003s ]
SQL: SELECT * FROM `blue_nav` WHERE ( nav_id=82 ) LIMIT 1   [ RunTime:0.0002s ]
SQL: SELECT * FROM `blue_nav` WHERE ( nav_id=83 ) LIMIT 1   [ RunTime:0.0002s ]
SQL: SELECT * FROM `blue_nav` WHERE ( nav_id=84 ) LIMIT 1   [ RunTime:0.0002s ]
SQL: SELECT * FROM `blue_nav` WHERE ( nav_id=85 ) LIMIT 1   [ RunTime:0.0005s ]
SQL: SELECT * FROM `blue_nav` WHERE ( nav_id=86 ) LIMIT 1   [ RunTime:0.0003s ]
SQL: SHOW COLUMNS FROM `blue_lottery_conf` [ RunTime:0.0024s ]
SQL: SELECT COUNT(*) AS tp_count FROM `blue_lottery_conf` LIMIT 1   [ RunTime:0.0003s ]
SQL: SELECT * FROM `blue_lottery_conf` ORDER BY id desc LIMIT 0,20   [ RunTime:0.0007s ]
SQL: SELECT `username` FROM `blue_admin` WHERE `admin_id` = 1 LIMIT 1   [ RunTime:0.0003s ]
SQL: SELECT `username` FROM `blue_admin` WHERE `admin_id` = 1 LIMIT 1   [ RunTime:0.0002s ]
SQL: SELECT `username` FROM `blue_admin` WHERE `admin_id` = 1 LIMIT 1   [ RunTime:0.0002s ]
SQL: SELECT `username` FROM `blue_admin` WHERE `admin_id` = 1 LIMIT 1   [ RunTime:0.0002s ]
SQL: SELECT `username` FROM `blue_admin` WHERE `admin_id` = 1 LIMIT 1   [ RunTime:0.0004s ]
INFO: [ view_parse ] --START--
INFO: [ template_filter ] --START--
INFO: Run Behavior\ContentReplaceBehavior [ RunTime:0.000379s ]
INFO: [ template_filter ] --END-- [ RunTime:0.000429s ]
INFO: Run Behavior\ParseTemplateBehavior [ RunTime:0.024443s ]
INFO: [ view_parse ] --END-- [ RunTime:0.024513s ]
INFO: [ view_filter ] --START--
INFO: Run Behavior\WriteHtmlCacheBehavior [ RunTime:0.000169s ]
INFO: [ view_filter ] --END-- [ RunTime:0.000198s ]
INFO: [ app_end ] --START--
INFO: Run Behavior\ShowPageTraceBehavior [ RunTime:0.000640s ]
INFO: [ app_end ] --END-- [ RunTime:0.000701s ]

[ 2019-01-13T11:20:56+08:00 ] 127.0.0.1 /admin/Config/index
INFO: [ app_init ] --START--
INFO: Run Behavior\BuildLiteBehavior [ RunTime:0.000037s ]
INFO: [ app_init ] --END-- [ RunTime:0.000760s ]
INFO: [ app_begin ] --START--
INFO: Run Behavior\ReadHtmlCacheBehavior [ RunTime:0.000650s ]
INFO: [ app_begin ] --END-- [ RunTime:0.000702s ]
SQL: SHOW COLUMNS FROM `blue_config` [ RunTime:0.0015s ]
SQL: SELECT * FROM `blue_config`  [ RunTime:0.0005s ]
SQL: SHOW COLUMNS FROM `blue_purse_download` [ RunTime:0.0015s ]
SQL: SELECT * FROM `blue_purse_download` ORDER BY add_time desc LIMIT 0,6   [ RunTime:0.0002s ]
SQL: SHOW COLUMNS FROM `blue_dividend_config` [ RunTime:0.0018s ]
SQL: SELECT * FROM `blue_dividend_config`  [ RunTime:0.0004s ]
SQL: SHOW COLUMNS FROM `blue_article_category` [ RunTime:0.0017s ]
SQL: SELECT * FROM `blue_article_category` WHERE ( parent_id = 6 ) LIMIT 4   [ RunTime:0.0005s ]
SQL: SHOW COLUMNS FROM `blue_article` [ RunTime:0.0018s ]
SQL: SELECT * FROM `blue_article` WHERE ( position_id = 7 ) LIMIT 4   [ RunTime:0.0003s ]
SQL: SHOW COLUMNS FROM `blue_member` [ RunTime:0.0018s ]
SQL: SELECT *,(rmb+forzen_rmb) as count FROM `blue_member` WHERE ( member_id='10378' ) LIMIT 1   [ RunTime:0.0004s ]
SQL: SHOW COLUMNS FROM `blue_orders` [ RunTime:0.0014s ]
SQL: SHOW COLUMNS FROM `blue_message` [ RunTime:0.0023s ]
SQL: SELECT COUNT(*) AS tp_count FROM `blue_message` WHERE `member_id` = '10378' AND `status` = 0 LIMIT 1   [ RunTime:0.0005s ]
SQL: SHOW COLUMNS FROM `blue_currency` [ RunTime:0.0022s ]
SQL: SELECT * FROM `blue_currency` WHERE ( is_line=1  ) ORDER BY sort  [ RunTime:0.0006s ]
NOTIC: [8] Undefined variable: whereMark /Applications/MAMP/htdocs/project/xiao_1/App/Common/Controller/CommonController.class.php 第 106 行.
SQL: SELECT `currency_id`,`currency_name`,`currency_logo`,`currency_mark` FROM `blue_currency` LIMIT 1   [ RunTime:0.0003s ]
SQL: SELECT `currency_id`,`currency_name`,`currency_logo`,`currency_mark` FROM `blue_currency` WHERE `is_line` = 1  [ RunTime:0.0003s ]
SQL: SELECT `price` FROM `blue_orders` WHERE ( currency_id = 52 ) ORDER BY add_time desc LIMIT 1   [ RunTime:0.0008s ]
SQL: SELECT `price` FROM `blue_orders` WHERE ( currency_id = 53 ) ORDER BY add_time desc LIMIT 1   [ RunTime:0.0008s ]
SQL: SELECT `price` FROM `blue_orders` WHERE ( currency_id = 54 ) ORDER BY add_time desc LIMIT 1   [ RunTime:0.0009s ]
SQL: SELECT `price` FROM `blue_orders` WHERE ( currency_id = 55 ) ORDER BY add_time desc LIMIT 1   [ RunTime:0.0006s ]
SQL: SELECT `price` FROM `blue_orders` WHERE ( currency_id = 56 ) ORDER BY add_time desc LIMIT 1   [ RunTime:0.0005s ]
SQL: SELECT `price` FROM `blue_orders` WHERE ( currency_id = 57 ) ORDER BY add_time desc LIMIT 1   [ RunTime:0.0006s ]
SQL: SELECT `price` FROM `blue_orders` WHERE ( currency_id = 59 ) ORDER BY add_time desc LIMIT 1   [ RunTime:0.0006s ]
SQL: SHOW COLUMNS FROM `blue_admin` [ RunTime:0.0013s ]
SQL: SELECT * FROM `blue_admin` WHERE ( admin_id='1' ) LIMIT 1   [ RunTime:0.0003s ]
SQL: SELECT `key`,`value` FROM `blue_config`  [ RunTime:0.0003s ]
SQL: SELECT `Nav` FROM `blue_admin` WHERE ( admin_id='1' ) LIMIT 1   [ RunTime:0.0005s ]
SQL: SHOW COLUMNS FROM `blue_nav` [ RunTime:0.0024s ]
SQL: SELECT * FROM `blue_nav` WHERE ( nav_id=1 ) LIMIT 1   [ RunTime:0.0004s ]
SQL: SELECT * FROM `blue_nav` WHERE ( nav_id=2 ) LIMIT 1   [ RunTime:0.0003s ]
SQL: SELECT * FROM `blue_nav` WHERE ( nav_id=3 ) LIMIT 1   [ RunTime:0.0002s ]
SQL: SELECT * FROM `blue_nav` WHERE ( nav_id=4 ) LIMIT 1   [ RunTime:0.0004s ]
SQL: SELECT * FROM `blue_nav` WHERE ( nav_id=6 ) LIMIT 1   [ RunTime:0.0003s ]
SQL: SELECT * FROM `blue_nav` WHERE ( nav_id=7 ) LIMIT 1   [ RunTime:0.0002s ]
SQL: SELECT * FROM `blue_nav` WHERE ( nav_id=8 ) LIMIT 1   [ RunTime:0.0002s ]
SQL: SELECT * FROM `blue_nav` WHERE ( nav_id=15 ) LIMIT 1   [ RunTime:0.0002s ]
SQL: SELECT * FROM `blue_nav` WHERE ( nav_id=9 ) LIMIT 1   [ RunTime:0.0002s ]
SQL: SELECT * FROM `blue_nav` WHERE ( nav_id=10 ) LIMIT 1   [ RunTime:0.0002s ]
SQL: SELECT * FROM `blue_nav` WHERE ( nav_id=11 ) LIMIT 1   [ RunTime:0.0002s ]
SQL: SELECT * FROM `blue_nav` WHERE ( nav_id=12 ) LIMIT 1   [ RunTime:0.0002s ]
SQL: SELECT * FROM `blue_nav` WHERE ( nav_id=13 ) LIMIT 1   [ RunTime:0.0003s ]
SQL: SELECT * FROM `blue_nav` WHERE ( nav_id=14 ) LIMIT 1   [ RunTime:0.0003s ]
SQL: SELECT * FROM `blue_nav` WHERE ( nav_id=17 ) LIMIT 1   [ RunTime:0.0004s ]
SQL: SELECT * FROM `blue_nav` WHERE ( nav_id=16 ) LIMIT 1   [ RunTime:0.0003s ]
SQL: SELECT * FROM `blue_nav` WHERE ( nav_id=21 ) LIMIT 1   [ RunTime:0.0002s ]
SQL: SELECT * FROM `blue_nav` WHERE ( nav_id=22 ) LIMIT 1   [ RunTime:0.0002s ]
SQL: SELECT * FROM `blue_nav` WHERE ( nav_id=26 ) LIMIT 1   [ RunTime:0.0002s ]
SQL: SELECT * FROM `blue_nav` WHERE ( nav_id=27 ) LIMIT 1   [ RunTime:0.0002s ]
SQL: SELECT * FROM `blue_nav` WHERE ( nav_id=28 ) LIMIT 1   [ RunTime:0.0003s ]
SQL: SELECT * FROM `blue_nav` WHERE ( nav_id=29 ) LIMIT 1   [ RunTime:0.0004s ]
SQL: SELECT * FROM `blue_nav` WHERE ( nav_id=30 ) LIMIT 1   [ RunTime:0.0003s ]
SQL: SELECT * FROM `blue_nav` WHERE ( nav_id=18 ) LIMIT 1   [ RunTime:0.0002s ]
SQL: SELECT * FROM `blue_nav` WHERE ( nav_id=33 ) LIMIT 1   [ RunTime:0.0002s ]
SQL: SELECT * FROM `blue_nav` WHERE ( nav_id=32 ) LIMIT 1   [ RunTime:0.0002s ]
SQL: SELECT * FROM `blue_nav` WHERE ( nav_id=35 ) LIMIT 1   [ RunTime:0.0004s ]
SQL: SELECT * FROM `blue_nav` WHERE ( nav_id=36 ) LIMIT 1   [ RunTime:0.0003s ]
SQL: SELECT * FROM `blue_nav` WHERE ( nav_id=40 ) LIMIT 1   [ RunTime:0.0003s ]
SQL: SELECT * FROM `blue_nav` WHERE ( nav_id=44 ) LIMIT 1   [ RunTime:0.0003s ]
SQL: SELECT * FROM `blue_nav` WHERE ( nav_id=41 ) LIMIT 1   [ RunTime:0.0002s ]
SQL: SELECT * FROM `blue_nav` WHERE ( nav_id=43 ) LIMIT 1   [ RunTime:0.0002s ]
SQL: SELECT * FROM `blue_nav` WHERE ( nav_id=45 ) LIMIT 1   [ RunTime:0.0008s ]
SQL: SELECT * FROM `blue_nav` WHERE ( nav_id=46 ) LIMIT 1   [ RunTime:0.0005s ]
SQL: SELECT * FROM `blue_nav` WHERE ( nav_id=47 ) LIMIT 1   [ RunTime:0.0003s ]
SQL: SELECT * FROM `blue_nav` WHERE ( nav_id=48 ) LIMIT 1   [ RunTime:0.0003s ]
SQL: SELECT * FROM `blue_nav` WHERE ( nav_id=49 ) LIMIT 1   [ RunTime:0.0003s ]
SQL: SELECT * FROM `blue_nav` WHERE ( nav_id=50 ) LIMIT 1   [ RunTime:0.0002s ]
SQL: SELECT * FROM `blue_nav` WHERE ( nav_id=51 ) LIMIT 1   [ RunTime:0.0002s ]
SQL: SELECT * FROM `blue_nav` WHERE ( nav_id=52 ) LIMIT 1   [ RunTime:0.0002s ]
SQL: SELECT * FROM `blue_nav` WHERE ( nav_id=53 ) LIMIT 1   [ RunTime:0.0002s ]
SQL: SELECT * FROM `blue_nav` WHERE ( nav_id=54 ) LIMIT 1   [ RunTime:0.0002s ]
SQL: SELECT * FROM `blue_nav` WHERE ( nav_id=56 ) LIMIT 1   [ RunTime:0.0003s ]
SQL: SELECT * FROM `blue_nav` WHERE ( nav_id=61 ) LIMIT 1   [ RunTime:0.0002s ]
SQL: SELECT * FROM `blue_nav` WHERE ( nav_id=57 ) LIMIT 1   [ RunTime:0.0002s ]
SQL: SELECT * FROM `blue_nav` WHERE ( nav_id=58 ) LIMIT 1   [ RunTime:0.0002s ]
SQL: SELECT * FROM `blue_nav` WHERE ( nav_id=59 ) LIMIT 1   [ RunTime:0.0003s ]
SQL: SELECT * FROM `blue_nav` WHERE ( nav_id=60 ) LIMIT 1   [ RunTime:0.0002s ]
SQL: SELECT * FROM `blue_nav` WHERE ( nav_id=66 ) LIMIT 1   [ RunTime:0.0002s ]
SQL: SELECT * FROM `blue_nav` WHERE ( nav_id=67 ) LIMIT 1   [ RunTime:0.0002s ]
SQL: SELECT * FROM `blue_nav` WHERE ( nav_id=68 ) LIMIT 1   [ RunTime:0.0003s ]
SQL: SELECT * FROM `blue_nav` WHERE ( nav_id=69 ) LIMIT 1   [ RunTime:0.0002s ]
SQL: SELECT * FROM `blue_nav` WHERE ( nav_id=70 ) LIMIT 1   [ RunTime:0.0002s ]
SQL: SELECT * FROM `blue_nav` WHERE ( nav_id=71 ) LIMIT 1   [ RunTime:0.0002s ]
SQL: SELECT * FROM `blue_nav` WHERE ( nav_id=72 ) LIMIT 1   [ RunTime:0.0002s ]
SQL: SELECT * FROM `blue_nav` WHERE ( nav_id=73 ) LIMIT 1   [ RunTime:0.0002s ]
SQL: SELECT * FROM `blue_nav` WHERE ( nav_id=74 ) LIMIT 1   [ RunTime:0.0003s ]
SQL: SELECT * FROM `blue_nav` WHERE ( nav_id=75 ) LIMIT 1   [ RunTime:0.0003s ]
SQL: SELECT * FROM `blue_nav` WHERE ( nav_id=76 ) LIMIT 1   [ RunTime:0.0002s ]
SQL: SELECT * FROM `blue_nav` WHERE ( nav_id=77 ) LIMIT 1   [ RunTime:0.0003s ]
SQL: SELECT * FROM `blue_nav` WHERE ( nav_id=78 ) LIMIT 1   [ RunTime:0.0003s ]
SQL: SELECT * FROM `blue_nav` WHERE ( nav_id=79 ) LIMIT 1   [ RunTime:0.0003s ]
SQL: SELECT * FROM `blue_nav` WHERE ( nav_id=80 ) LIMIT 1   [ RunTime:0.0002s ]
SQL: SELECT * FROM `blue_nav` WHERE ( nav_id=81 ) LIMIT 1   [ RunTime:0.0003s ]
SQL: SELECT * FROM `blue_nav` WHERE ( nav_id=82 ) LIMIT 1   [ RunTime:0.0002s ]
SQL: SELECT * FROM `blue_nav` WHERE ( nav_id=83 ) LIMIT 1   [ RunTime:0.0002s ]
SQL: SELECT * FROM `blue_nav` WHERE ( nav_id=84 ) LIMIT 1   [ RunTime:0.0002s ]
SQL: SELECT * FROM `blue_nav` WHERE ( nav_id=85 ) LIMIT 1   [ RunTime:0.0003s ]
SQL: SELECT * FROM `blue_nav` WHERE ( nav_id=86 ) LIMIT 1   [ RunTime:0.0006s ]
SQL: SELECT * FROM `blue_config`  [ RunTime:0.0006s ]
SQL: SHOW COLUMNS FROM `blue_currency` [ RunTime:0.0017s ]
SQL: SELECT * FROM `blue_currency`  [ RunTime:0.0004s ]
INFO: [ view_parse ] --START--
INFO: [ template_filter ] --START--
INFO: Run Behavior\ContentReplaceBehavior [ RunTime:0.000431s ]
INFO: [ template_filter ] --END-- [ RunTime:0.000473s ]
INFO: Run Behavior\ParseTemplateBehavior [ RunTime:0.022790s ]
INFO: [ view_parse ] --END-- [ RunTime:0.022839s ]
INFO: [ view_filter ] --START--
INFO: Run Behavior\WriteHtmlCacheBehavior [ RunTime:0.000151s ]
INFO: [ view_filter ] --END-- [ RunTime:0.000176s ]
INFO: [ app_end ] --START--
INFO: Run Behavior\ShowPageTraceBehavior [ RunTime:0.001314s ]
INFO: [ app_end ] --END-- [ RunTime:0.001384s ]

