[ 2018-09-20T10:00:45+08:00 ] 127.0.0.1 http://www.xiao2.com/favicon.ico
INFO: [ app_init ] --START--
INFO: Run Behavior\BuildLiteBehavior [ RunTime:0.000000s ]
INFO: [ app_init ] --END-- [ RunTime:0.006000s ]
ERR: 无法加载模块:Favicon

[ 2018-09-20T10:00:48+08:00 ] 127.0.0.1 http://www.xiao2.com/Uploads/Public/Uploads/2018-05-06/5aef215f7e280.png
INFO: [ app_init ] --START--
INFO: Run Behavior\BuildLiteBehavior [ RunTime:0.000000s ]
INFO: [ app_init ] --END-- [ RunTime:0.001000s ]
ERR: 无法加载模块:Uploads

[ 2018-09-20T10:01:09+08:00 ] 127.0.0.1 http://www.xiao2.com/favicon.ico
INFO: [ app_init ] --START--
INFO: Run Behavior\BuildLiteBehavior [ RunTime:0.000000s ]
INFO: [ app_init ] --END-- [ RunTime:0.000000s ]
ERR: 无法加载模块:Favicon

[ 2018-09-20T10:01:52+08:00 ] 127.0.0.1 http://www.xiao2.com/Public/Mobile/js/new/utils.js
INFO: [ app_init ] --START--
INFO: Run Behavior\BuildLiteBehavior [ RunTime:0.000000s ]
INFO: [ app_init ] --END-- [ RunTime:0.000000s ]
ERR: 无法加载模块:Public

[ 2018-09-20T10:02:42+08:00 ] 127.0.0.1 http://www.xiao2.com/Public/Mobile/js/new/utils.js
INFO: [ app_init ] --START--
INFO: Run Behavior\BuildLiteBehavior [ RunTime:0.001000s ]
INFO: [ app_init ] --END-- [ RunTime:0.001000s ]
ERR: 无法加载模块:Public

[ 2018-09-20T10:02:42+08:00 ] 127.0.0.1 http://www.xiao2.com/Public/Mobile/css/bootstrap.min.css.map
INFO: [ app_init ] --START--
INFO: Run Behavior\BuildLiteBehavior [ RunTime:0.000000s ]
INFO: [ app_init ] --END-- [ RunTime:0.000000s ]
ERR: 无法加载模块:Public

[ 2018-09-20T10:02:56+08:00 ] 127.0.0.1 /Uploads/Public/Uploads/2018-05-06/5aef215f7e280.png
INFO: [ app_init ] --START--
INFO: Run Behavior\BuildLiteBehavior [ RunTime:0.000000s ]
INFO: [ app_init ] --END-- [ RunTime:0.001000s ]
ERR: 无法加载模块:Uploads

[ 2018-09-20T10:02:56+08:00 ] 127.0.0.1 /images/jubi/zhuce.png
INFO: [ app_init ] --START--
INFO: Run Behavior\BuildLiteBehavior [ RunTime:0.000000s ]
INFO: [ app_init ] --END-- [ RunTime:0.001000s ]
ERR: 无法加载模块:Images

[ 2018-09-20T10:03:00+08:00 ] 127.0.0.1 /Uploads/Public/Uploads/2018-05-06/5aef215f7e280.png
INFO: [ app_init ] --START--
INFO: Run Behavior\BuildLiteBehavior [ RunTime:0.000000s ]
INFO: [ app_init ] --END-- [ RunTime:0.001000s ]
ERR: 无法加载模块:Uploads

[ 2018-09-20T10:03:00+08:00 ] 127.0.0.1 /images/jubi/zhuce.png
INFO: [ app_init ] --START--
INFO: Run Behavior\BuildLiteBehavior [ RunTime:0.001000s ]
INFO: [ app_init ] --END-- [ RunTime:0.001000s ]
ERR: 无法加载模块:Images

[ 2018-09-20T10:03:55+08:00 ] 127.0.0.1 /Uploads/Public/Uploads/2018-05-06/5aef215f7e280.png
INFO: [ app_init ] --START--
INFO: Run Behavior\BuildLiteBehavior [ RunTime:0.000000s ]
INFO: [ app_init ] --END-- [ RunTime:0.000000s ]
ERR: 无法加载模块:Uploads

[ 2018-09-20T10:03:55+08:00 ] 127.0.0.1 /images/jubi/zhuce.png
INFO: [ app_init ] --START--
INFO: Run Behavior\BuildLiteBehavior [ RunTime:0.000000s ]
INFO: [ app_init ] --END-- [ RunTime:0.001000s ]
ERR: 无法加载模块:Images

[ 2018-09-20T10:04:02+08:00 ] 127.0.0.1 /Public/Mobile/js/new/utils.js
INFO: [ app_init ] --START--
INFO: Run Behavior\BuildLiteBehavior [ RunTime:0.000000s ]
INFO: [ app_init ] --END-- [ RunTime:0.001000s ]
ERR: 无法加载模块:Public

[ 2018-09-20T10:04:02+08:00 ] 127.0.0.1 /Public/Mobile/css/bootstrap.min.css.map
INFO: [ app_init ] --START--
INFO: Run Behavior\BuildLiteBehavior [ RunTime:0.000000s ]
INFO: [ app_init ] --END-- [ RunTime:0.001000s ]
ERR: 无法加载模块:Public

[ 2018-09-20T10:04:57+08:00 ] 127.0.0.1 /Public/Mobile/js/new/utils.js
INFO: [ app_init ] --START--
INFO: Run Behavior\BuildLiteBehavior [ RunTime:0.000000s ]
INFO: [ app_init ] --END-- [ RunTime:0.001000s ]
ERR: 无法加载模块:Public

[ 2018-09-20T10:04:57+08:00 ] 127.0.0.1 /Public/Mobile/js/new/utils.js
INFO: [ app_init ] --START--
INFO: Run Behavior\BuildLiteBehavior [ RunTime:0.000000s ]
INFO: [ app_init ] --END-- [ RunTime:0.001000s ]
ERR: 无法加载模块:Public

[ 2018-09-20T10:04:57+08:00 ] 127.0.0.1 /Public/Mobile/css/bootstrap.min.css.map
INFO: [ app_init ] --START--
INFO: Run Behavior\BuildLiteBehavior [ RunTime:0.000000s ]
INFO: [ app_init ] --END-- [ RunTime:0.001000s ]
ERR: 无法加载模块:Public

[ 2018-09-20T10:10:47+08:00 ] 127.0.0.1 /Public/Mobile/js/new/utils.js
INFO: [ app_init ] --START--
INFO: Run Behavior\BuildLiteBehavior [ RunTime:0.000000s ]
INFO: [ app_init ] --END-- [ RunTime:0.000000s ]
ERR: 无法加载模块:Public

[ 2018-09-20T10:10:48+08:00 ] 127.0.0.1 /Public/Mobile/js/new/utils.js
INFO: [ app_init ] --START--
INFO: Run Behavior\BuildLiteBehavior [ RunTime:0.000000s ]
INFO: [ app_init ] --END-- [ RunTime:0.001000s ]
ERR: 无法加载模块:Public

[ 2018-09-20T10:10:48+08:00 ] 127.0.0.1 /Public/Mobile/css/bootstrap.min.css.map
INFO: [ app_init ] --START--
INFO: Run Behavior\BuildLiteBehavior [ RunTime:0.000000s ]
INFO: [ app_init ] --END-- [ RunTime:0.002000s ]
ERR: 无法加载模块:Public

[ 2018-09-20T10:12:28+08:00 ] 127.0.0.1 /Public/Mobile/css/bootstrap.min.css.map
INFO: [ app_init ] --START--
INFO: Run Behavior\BuildLiteBehavior [ RunTime:0.000000s ]
INFO: [ app_init ] --END-- [ RunTime:0.001000s ]
ERR: 无法加载模块:Public

[ 2018-09-20T10:13:32+08:00 ] 127.0.0.1 /Public/Mobile/css/bootstrap.min.css.map
INFO: [ app_init ] --START--
INFO: Run Behavior\BuildLiteBehavior [ RunTime:0.000000s ]
INFO: [ app_init ] --END-- [ RunTime:0.000000s ]
ERR: 无法加载模块:Public

[ 2018-09-20T10:19:54+08:00 ] 127.0.0.1 /Uploads/Public/Uploads/2018-05-06/5aef215f7e280.png
INFO: [ app_init ] --START--
INFO: Run Behavior\BuildLiteBehavior [ RunTime:0.000000s ]
INFO: [ app_init ] --END-- [ RunTime:0.001001s ]
ERR: 无法加载模块:Uploads

[ 2018-09-20T10:20:04+08:00 ] 127.0.0.1 /Public/Mobile/css/bootstrap.min.css.map
INFO: [ app_init ] --START--
INFO: Run Behavior\BuildLiteBehavior [ RunTime:0.000000s ]
INFO: [ app_init ] --END-- [ RunTime:0.000000s ]
ERR: 无法加载模块:Public

[ 2018-09-20T10:20:17+08:00 ] 127.0.0.1 /Public/Mobile/css/bootstrap.min.css.map
INFO: [ app_init ] --START--
INFO: Run Behavior\BuildLiteBehavior [ RunTime:0.000000s ]
INFO: [ app_init ] --END-- [ RunTime:0.000000s ]
ERR: 无法加载模块:Public

[ 2018-09-20T10:29:02+08:00 ] 127.0.0.1 /Public/Mobile/css/bootstrap.min.css.map
INFO: [ app_init ] --START--
INFO: Run Behavior\BuildLiteBehavior [ RunTime:0.000000s ]
INFO: [ app_init ] --END-- [ RunTime:0.000000s ]
ERR: 无法加载模块:Public

[ 2018-09-20T10:32:06+08:00 ] 127.0.0.1 /Public/Mobile/css/bootstrap.min.css.map
INFO: [ app_init ] --START--
INFO: Run Behavior\BuildLiteBehavior [ RunTime:0.000000s ]
INFO: [ app_init ] --END-- [ RunTime:0.001000s ]
ERR: 无法加载模块:Public

[ 2018-09-20T10:32:31+08:00 ] 127.0.0.1 /Public/Mobile/css/bootstrap.min.css.map
INFO: [ app_init ] --START--
INFO: Run Behavior\BuildLiteBehavior [ RunTime:0.000000s ]
INFO: [ app_init ] --END-- [ RunTime:0.001000s ]
ERR: 无法加载模块:Public

[ 2018-09-20T10:32:39+08:00 ] 127.0.0.1 /Public/Mobile/css/bootstrap.min.css.map
INFO: [ app_init ] --START--
INFO: Run Behavior\BuildLiteBehavior [ RunTime:0.000000s ]
INFO: [ app_init ] --END-- [ RunTime:0.000000s ]
ERR: 无法加载模块:Public

[ 2018-09-20T10:32:44+08:00 ] 127.0.0.1 /Public/Mobile/css/bootstrap.min.css.map
INFO: [ app_init ] --START--
INFO: Run Behavior\BuildLiteBehavior [ RunTime:0.000000s ]
INFO: [ app_init ] --END-- [ RunTime:0.001000s ]
ERR: 无法加载模块:Public

[ 2018-09-20T10:33:31+08:00 ] 127.0.0.1 /Public/Mobile/css/bootstrap.min.css.map
INFO: [ app_init ] --START--
INFO: Run Behavior\BuildLiteBehavior [ RunTime:0.000000s ]
INFO: [ app_init ] --END-- [ RunTime:0.001000s ]
ERR: 无法加载模块:Public

[ 2018-09-20T10:33:34+08:00 ] 127.0.0.1 /Public/Mobile/css/bootstrap.min.css.map
INFO: [ app_init ] --START--
INFO: Run Behavior\BuildLiteBehavior [ RunTime:0.000000s ]
INFO: [ app_init ] --END-- [ RunTime:0.000000s ]
ERR: 无法加载模块:Public

[ 2018-09-20T10:39:59+08:00 ] 127.0.0.1 /Public/Mobile/css/bootstrap.min.css.map
INFO: [ app_init ] --START--
INFO: Run Behavior\BuildLiteBehavior [ RunTime:0.000000s ]
INFO: [ app_init ] --END-- [ RunTime:0.000000s ]
ERR: 无法加载模块:Public

[ 2018-09-20T10:52:07+08:00 ] 127.0.0.1 /new1/qiandao.html?vip=0
INFO: [ app_init ] --START--
INFO: Run Behavior\BuildLiteBehavior [ RunTime:0.000000s ]
INFO: [ app_init ] --END-- [ RunTime:0.001000s ]
ERR: 无法加载模块:New1

[ 2018-09-20T10:52:11+08:00 ] 127.0.0.1 /Public/Mobile/css/bootstrap.min.css.map
INFO: [ app_init ] --START--
INFO: Run Behavior\BuildLiteBehavior [ RunTime:0.000000s ]
INFO: [ app_init ] --END-- [ RunTime:0.000000s ]
ERR: 无法加载模块:Public

[ 2018-09-20T10:52:12+08:00 ] 127.0.0.1 /Public/Mobile/css/bootstrap.min.css.map
INFO: [ app_init ] --START--
INFO: Run Behavior\BuildLiteBehavior [ RunTime:0.000000s ]
INFO: [ app_init ] --END-- [ RunTime:0.000000s ]
ERR: 无法加载模块:Public

[ 2018-09-20T10:54:26+08:00 ] 127.0.0.1 /Public/Mobile/css/bootstrap.min.css.map
INFO: [ app_init ] --START--
INFO: Run Behavior\BuildLiteBehavior [ RunTime:0.000000s ]
INFO: [ app_init ] --END-- [ RunTime:0.001000s ]
ERR: 无法加载模块:Public

[ 2018-09-20T10:55:29+08:00 ] 127.0.0.1 /Public/Mobile/css/bootstrap.min.css.map
INFO: [ app_init ] --START--
INFO: Run Behavior\BuildLiteBehavior [ RunTime:0.000000s ]
INFO: [ app_init ] --END-- [ RunTime:0.001000s ]
ERR: 无法加载模块:Public

[ 2018-09-20T10:56:00+08:00 ] 127.0.0.1 /Public/Mobile/css/bootstrap.min.css.map
INFO: [ app_init ] --START--
INFO: Run Behavior\BuildLiteBehavior [ RunTime:0.000000s ]
INFO: [ app_init ] --END-- [ RunTime:0.000000s ]
ERR: 无法加载模块:Public

[ 2018-09-20T10:56:53+08:00 ] 127.0.0.1 /Public/Mobile/css/bootstrap.min.css.map
INFO: [ app_init ] --START--
INFO: Run Behavior\BuildLiteBehavior [ RunTime:0.000000s ]
INFO: [ app_init ] --END-- [ RunTime:0.001001s ]
ERR: 无法加载模块:Public

[ 2018-09-20T10:57:31+08:00 ] 127.0.0.1 /Public/Mobile/css/bootstrap.min.css.map
INFO: [ app_init ] --START--
INFO: Run Behavior\BuildLiteBehavior [ RunTime:0.000000s ]
INFO: [ app_init ] --END-- [ RunTime:0.000000s ]
ERR: 无法加载模块:Public

[ 2018-09-20T10:57:33+08:00 ] 127.0.0.1 /Public/Mobile/css/bootstrap.min.css.map
INFO: [ app_init ] --START--
INFO: Run Behavior\BuildLiteBehavior [ RunTime:0.000000s ]
INFO: [ app_init ] --END-- [ RunTime:0.001001s ]
ERR: 无法加载模块:Public

[ 2018-09-20T11:04:59+08:00 ] 127.0.0.1 /Public/Mobile/css/bootstrap.min.css.map
INFO: [ app_init ] --START--
INFO: Run Behavior\BuildLiteBehavior [ RunTime:0.000000s ]
INFO: [ app_init ] --END-- [ RunTime:0.001000s ]
ERR: 无法加载模块:Public

[ 2018-09-20T11:07:23+08:00 ] 127.0.0.1 /Public/Mobile/css/bootstrap.min.css.map
INFO: [ app_init ] --START--
INFO: Run Behavior\BuildLiteBehavior [ RunTime:0.000000s ]
INFO: [ app_init ] --END-- [ RunTime:0.000000s ]
ERR: 无法加载模块:Public

[ 2018-09-20T11:12:25+08:00 ] 127.0.0.1 /Public/Admin/iconfont/iconfont/iconfont.woff?t=1458976880
INFO: [ app_init ] --START--
INFO: Run Behavior\BuildLiteBehavior [ RunTime:0.000000s ]
INFO: [ app_init ] --END-- [ RunTime:0.000000s ]
ERR: 无法加载模块:Public

[ 2018-09-20T11:13:10+08:00 ] 127.0.0.1 /Public/Mobile/css/bootstrap.min.css.map
INFO: [ app_init ] --START--
INFO: Run Behavior\BuildLiteBehavior [ RunTime:0.000000s ]
INFO: [ app_init ] --END-- [ RunTime:0.000000s ]
ERR: 无法加载模块:Public

[ 2018-09-20T11:13:13+08:00 ] 127.0.0.1 /Public/Mobile/css/bootstrap.min.css.map
INFO: [ app_init ] --START--
INFO: Run Behavior\BuildLiteBehavior [ RunTime:0.000000s ]
INFO: [ app_init ] --END-- [ RunTime:0.000000s ]
ERR: 无法加载模块:Public

[ 2018-09-20T11:16:20+08:00 ] 127.0.0.1 /Public/Mobile/css/bootstrap.min.css.map
INFO: [ app_init ] --START--
INFO: Run Behavior\BuildLiteBehavior [ RunTime:0.000000s ]
INFO: [ app_init ] --END-- [ RunTime:0.000000s ]
ERR: 无法加载模块:Public

[ 2018-09-20T11:16:24+08:00 ] 127.0.0.1 /Public/Mobile/css/bootstrap.min.css.map
INFO: [ app_init ] --START--
INFO: Run Behavior\BuildLiteBehavior [ RunTime:0.000000s ]
INFO: [ app_init ] --END-- [ RunTime:0.001000s ]
ERR: 无法加载模块:Public

[ 2018-09-20T11:16:35+08:00 ] 127.0.0.1 /Public/Mobile/css/bootstrap.min.css.map
INFO: [ app_init ] --START--
INFO: Run Behavior\BuildLiteBehavior [ RunTime:0.000000s ]
INFO: [ app_init ] --END-- [ RunTime:0.001000s ]
ERR: 无法加载模块:Public

[ 2018-09-20T11:16:38+08:00 ] 127.0.0.1 /Public/Mobile/css/bootstrap.min.css.map
INFO: [ app_init ] --START--
INFO: Run Behavior\BuildLiteBehavior [ RunTime:0.000000s ]
INFO: [ app_init ] --END-- [ RunTime:0.001000s ]
ERR: 无法加载模块:Public

[ 2018-09-20T11:24:50+08:00 ] 127.0.0.1 /Public/Mobile/css/bootstrap.min.css.map
INFO: [ app_init ] --START--
INFO: Run Behavior\BuildLiteBehavior [ RunTime:0.000000s ]
INFO: [ app_init ] --END-- [ RunTime:0.001000s ]
ERR: 无法加载模块:Public

[ 2018-09-20T11:25:16+08:00 ] 127.0.0.1 /Public/Mobile/css/bootstrap.min.css.map
INFO: [ app_init ] --START--
INFO: Run Behavior\BuildLiteBehavior [ RunTime:0.000000s ]
INFO: [ app_init ] --END-- [ RunTime:0.001000s ]
ERR: 无法加载模块:Public

[ 2018-09-20T11:25:30+08:00 ] 127.0.0.1 /Public/Mobile/css/bootstrap.min.css.map
INFO: [ app_init ] --START--
INFO: Run Behavior\BuildLiteBehavior [ RunTime:0.000000s ]
INFO: [ app_init ] --END-- [ RunTime:0.001000s ]
ERR: 无法加载模块:Public

[ 2018-09-20T11:25:39+08:00 ] 127.0.0.1 /Public/Mobile/css/bootstrap.min.css.map
INFO: [ app_init ] --START--
INFO: Run Behavior\BuildLiteBehavior [ RunTime:0.000000s ]
INFO: [ app_init ] --END-- [ RunTime:0.001000s ]
ERR: 无法加载模块:Public

[ 2018-09-20T11:25:40+08:00 ] 127.0.0.1 /Public/Mobile/css/bootstrap.min.css.map
INFO: [ app_init ] --START--
INFO: Run Behavior\BuildLiteBehavior [ RunTime:0.000000s ]
INFO: [ app_init ] --END-- [ RunTime:0.001000s ]
ERR: 无法加载模块:Public

[ 2018-09-20T11:26:12+08:00 ] 127.0.0.1 /Public/Mobile/css/bootstrap.min.css.map
INFO: [ app_init ] --START--
INFO: Run Behavior\BuildLiteBehavior [ RunTime:0.000000s ]
INFO: [ app_init ] --END-- [ RunTime:0.000000s ]
ERR: 无法加载模块:Public

[ 2018-09-20T11:26:34+08:00 ] 127.0.0.1 /Public/Mobile/css/bootstrap.min.css.map
INFO: [ app_init ] --START--
INFO: Run Behavior\BuildLiteBehavior [ RunTime:0.000000s ]
INFO: [ app_init ] --END-- [ RunTime:0.001001s ]
ERR: 无法加载模块:Public

[ 2018-09-20T11:27:29+08:00 ] 127.0.0.1 /Public/Mobile/css/bootstrap.min.css.map
INFO: [ app_init ] --START--
INFO: Run Behavior\BuildLiteBehavior [ RunTime:0.000000s ]
INFO: [ app_init ] --END-- [ RunTime:0.000000s ]
ERR: 无法加载模块:Public

[ 2018-09-20T11:29:20+08:00 ] 127.0.0.1 /Public/Mobile/css/bootstrap.min.css.map
INFO: [ app_init ] --START--
INFO: Run Behavior\BuildLiteBehavior [ RunTime:0.000000s ]
INFO: [ app_init ] --END-- [ RunTime:0.001001s ]
ERR: 无法加载模块:Public

[ 2018-09-20T11:35:09+08:00 ] 127.0.0.1 /Public/Mobile/css/bootstrap.min.css.map
INFO: [ app_init ] --START--
INFO: Run Behavior\BuildLiteBehavior [ RunTime:0.000000s ]
INFO: [ app_init ] --END-- [ RunTime:0.000000s ]
ERR: 无法加载模块:Public

[ 2018-09-20T11:35:11+08:00 ] 127.0.0.1 /new1/jingyanjilu.html
INFO: [ app_init ] --START--
INFO: Run Behavior\BuildLiteBehavior [ RunTime:0.000000s ]
INFO: [ app_init ] --END-- [ RunTime:0.000000s ]
ERR: 无法加载模块:New1

[ 2018-09-20T11:35:13+08:00 ] 127.0.0.1 /Public/Mobile/css/bootstrap.min.css.map
INFO: [ app_init ] --START--
INFO: Run Behavior\BuildLiteBehavior [ RunTime:0.000000s ]
INFO: [ app_init ] --END-- [ RunTime:0.001000s ]
ERR: 无法加载模块:Public

[ 2018-09-20T11:44:51+08:00 ] 127.0.0.1 /Public/Mobile/css/bootstrap.min.css.map
INFO: [ app_init ] --START--
INFO: Run Behavior\BuildLiteBehavior [ RunTime:0.000000s ]
INFO: [ app_init ] --END-- [ RunTime:0.001000s ]
ERR: 无法加载模块:Public

[ 2018-09-20T11:44:53+08:00 ] 127.0.0.1 /Public/Mobile/css/bootstrap.min.css.map
INFO: [ app_init ] --START--
INFO: Run Behavior\BuildLiteBehavior [ RunTime:0.000000s ]
INFO: [ app_init ] --END-- [ RunTime:0.000000s ]
ERR: 无法加载模块:Public

[ 2018-09-20T11:44:56+08:00 ] 127.0.0.1 /Public/Mobile/css/bootstrap.min.css.map
INFO: [ app_init ] --START--
INFO: Run Behavior\BuildLiteBehavior [ RunTime:0.000000s ]
INFO: [ app_init ] --END-- [ RunTime:0.001000s ]
ERR: 无法加载模块:Public

[ 2018-09-20T11:45:00+08:00 ] 127.0.0.1 /Public/Mobile/css/bootstrap.min.css.map
INFO: [ app_init ] --START--
INFO: Run Behavior\BuildLiteBehavior [ RunTime:0.000000s ]
INFO: [ app_init ] --END-- [ RunTime:0.000000s ]
ERR: 无法加载模块:Public

[ 2018-09-20T11:45:02+08:00 ] 127.0.0.1 /new1/jingyanjilu.html
INFO: [ app_init ] --START--
INFO: Run Behavior\BuildLiteBehavior [ RunTime:0.000000s ]
INFO: [ app_init ] --END-- [ RunTime:0.000000s ]
ERR: 无法加载模块:New1

[ 2018-09-20T11:45:04+08:00 ] 127.0.0.1 /Public/Mobile/css/bootstrap.min.css.map
INFO: [ app_init ] --START--
INFO: Run Behavior\BuildLiteBehavior [ RunTime:0.000000s ]
INFO: [ app_init ] --END-- [ RunTime:0.000000s ]
ERR: 无法加载模块:Public

[ 2018-09-20T12:24:39+08:00 ] 127.0.0.1 /Public/Mobile/css/bootstrap.min.css.map
INFO: [ app_init ] --START--
INFO: Run Behavior\BuildLiteBehavior [ RunTime:0.000000s ]
INFO: [ app_init ] --END-- [ RunTime:0.023003s ]
ERR: 无法加载模块:Public

[ 2018-09-20T12:24:42+08:00 ] 127.0.0.1 /Public/Mobile/css/bootstrap.min.css.map
INFO: [ app_init ] --START--
INFO: Run Behavior\BuildLiteBehavior [ RunTime:0.000000s ]
INFO: [ app_init ] --END-- [ RunTime:0.001000s ]
ERR: 无法加载模块:Public

[ 2018-09-20T12:25:48+08:00 ] 127.0.0.1 /Public/Mobile/css/bootstrap.min.css.map
INFO: [ app_init ] --START--
INFO: Run Behavior\BuildLiteBehavior [ RunTime:0.000000s ]
INFO: [ app_init ] --END-- [ RunTime:0.000000s ]
ERR: 无法加载模块:Public

[ 2018-09-20T12:26:11+08:00 ] 127.0.0.1 /Public/Mobile/css/bootstrap.min.css.map
INFO: [ app_init ] --START--
INFO: Run Behavior\BuildLiteBehavior [ RunTime:0.000000s ]
INFO: [ app_init ] --END-- [ RunTime:0.000000s ]
ERR: 无法加载模块:Public

[ 2018-09-20T12:26:15+08:00 ] 127.0.0.1 /Public/Mobile/css/bootstrap.min.css.map
INFO: [ app_init ] --START--
INFO: Run Behavior\BuildLiteBehavior [ RunTime:0.000000s ]
INFO: [ app_init ] --END-- [ RunTime:0.000000s ]
ERR: 无法加载模块:Public

[ 2018-09-20T12:26:22+08:00 ] 127.0.0.1 /Public/Mobile/css/bootstrap.min.css.map
INFO: [ app_init ] --START--
INFO: Run Behavior\BuildLiteBehavior [ RunTime:0.000000s ]
INFO: [ app_init ] --END-- [ RunTime:0.001000s ]
ERR: 无法加载模块:Public

[ 2018-09-20T12:26:29+08:00 ] 127.0.0.1 /Public/Mobile/css/bootstrap.min.css.map
INFO: [ app_init ] --START--
INFO: Run Behavior\BuildLiteBehavior [ RunTime:0.000000s ]
INFO: [ app_init ] --END-- [ RunTime:0.001000s ]
ERR: 无法加载模块:Public

[ 2018-09-20T12:26:34+08:00 ] 127.0.0.1 /Public/Mobile/css/bootstrap.min.css.map
INFO: [ app_init ] --START--
INFO: Run Behavior\BuildLiteBehavior [ RunTime:0.000000s ]
INFO: [ app_init ] --END-- [ RunTime:0.000000s ]
ERR: 无法加载模块:Public

[ 2018-09-20T12:27:14+08:00 ] 127.0.0.1 /Public/Mobile/css/bootstrap.min.css.map
INFO: [ app_init ] --START--
INFO: Run Behavior\BuildLiteBehavior [ RunTime:0.000000s ]
INFO: [ app_init ] --END-- [ RunTime:0.000000s ]
ERR: 无法加载模块:Public

[ 2018-09-20T12:27:18+08:00 ] 127.0.0.1 /Public/Mobile/css/bootstrap.min.css.map
INFO: [ app_init ] --START--
INFO: Run Behavior\BuildLiteBehavior [ RunTime:0.000000s ]
INFO: [ app_init ] --END-- [ RunTime:0.001000s ]
ERR: 无法加载模块:Public

[ 2018-09-20T12:28:17+08:00 ] 127.0.0.1 /Public/Mobile/css/bootstrap.min.css.map
INFO: [ app_init ] --START--
INFO: Run Behavior\BuildLiteBehavior [ RunTime:0.000000s ]
INFO: [ app_init ] --END-- [ RunTime:0.001000s ]
ERR: 无法加载模块:Public

[ 2018-09-20T12:29:38+08:00 ] 127.0.0.1 /Public/Mobile/css/bootstrap.min.css.map
INFO: [ app_init ] --START--
INFO: Run Behavior\BuildLiteBehavior [ RunTime:0.000000s ]
INFO: [ app_init ] --END-- [ RunTime:0.000000s ]
ERR: 无法加载模块:Public

[ 2018-09-20T12:29:42+08:00 ] 127.0.0.1 /Public/Mobile/css/bootstrap.min.css.map
INFO: [ app_init ] --START--
INFO: Run Behavior\BuildLiteBehavior [ RunTime:0.000000s ]
INFO: [ app_init ] --END-- [ RunTime:0.000000s ]
ERR: 无法加载模块:Public

[ 2018-09-20T12:29:44+08:00 ] 127.0.0.1 /Public/Mobile/css/bootstrap.min.css.map
INFO: [ app_init ] --START--
INFO: Run Behavior\BuildLiteBehavior [ RunTime:0.000000s ]
INFO: [ app_init ] --END-- [ RunTime:0.000000s ]
ERR: 无法加载模块:Public

[ 2018-09-20T12:34:22+08:00 ] 127.0.0.1 /Public/Mobile/css/bootstrap.min.css.map
INFO: [ app_init ] --START--
INFO: Run Behavior\BuildLiteBehavior [ RunTime:0.001000s ]
INFO: [ app_init ] --END-- [ RunTime:0.001000s ]
ERR: 无法加载模块:Public

[ 2018-09-20T12:34:56+08:00 ] 127.0.0.1 /Public/Mobile/css/bootstrap.min.css.map
INFO: [ app_init ] --START--
INFO: Run Behavior\BuildLiteBehavior [ RunTime:0.000000s ]
INFO: [ app_init ] --END-- [ RunTime:0.000000s ]
ERR: 无法加载模块:Public

[ 2018-09-20T12:34:59+08:00 ] 127.0.0.1 /Public/Mobile/css/bootstrap.min.css.map
INFO: [ app_init ] --START--
INFO: Run Behavior\BuildLiteBehavior [ RunTime:0.000000s ]
INFO: [ app_init ] --END-- [ RunTime:0.000000s ]
ERR: 无法加载模块:Public

[ 2018-09-20T12:35:34+08:00 ] 127.0.0.1 /Public/Mobile/css/bootstrap.min.css.map
INFO: [ app_init ] --START--
INFO: Run Behavior\BuildLiteBehavior [ RunTime:0.000000s ]
INFO: [ app_init ] --END-- [ RunTime:0.000000s ]
ERR: 无法加载模块:Public

[ 2018-09-20T12:35:36+08:00 ] 127.0.0.1 /Public/Mobile/css/bootstrap.min.css.map
INFO: [ app_init ] --START--
INFO: Run Behavior\BuildLiteBehavior [ RunTime:0.000000s ]
INFO: [ app_init ] --END-- [ RunTime:0.000000s ]
ERR: 无法加载模块:Public

[ 2018-09-20T12:35:42+08:00 ] 127.0.0.1 /Public/Mobile/css/bootstrap.min.css.map
INFO: [ app_init ] --START--
INFO: Run Behavior\BuildLiteBehavior [ RunTime:0.000000s ]
INFO: [ app_init ] --END-- [ RunTime:0.002000s ]
ERR: 无法加载模块:Public

[ 2018-09-20T12:36:20+08:00 ] 127.0.0.1 /Public/Mobile/css/bootstrap.min.css.map
INFO: [ app_init ] --START--
INFO: Run Behavior\BuildLiteBehavior [ RunTime:0.000000s ]
INFO: [ app_init ] --END-- [ RunTime:0.001000s ]
ERR: 无法加载模块:Public

[ 2018-09-20T12:36:22+08:00 ] 127.0.0.1 /Public/Mobile/css/bootstrap.min.css.map
INFO: [ app_init ] --START--
INFO: Run Behavior\BuildLiteBehavior [ RunTime:0.000000s ]
INFO: [ app_init ] --END-- [ RunTime:0.001000s ]
ERR: 无法加载模块:Public

[ 2018-09-20T12:36:24+08:00 ] 127.0.0.1 /Public/Mobile/css/bootstrap.min.css.map
INFO: [ app_init ] --START--
INFO: Run Behavior\BuildLiteBehavior [ RunTime:0.000000s ]
INFO: [ app_init ] --END-- [ RunTime:0.001000s ]
ERR: 无法加载模块:Public

[ 2018-09-20T12:36:26+08:00 ] 127.0.0.1 /Public/Mobile/css/bootstrap.min.css.map
INFO: [ app_init ] --START--
INFO: Run Behavior\BuildLiteBehavior [ RunTime:0.000000s ]
INFO: [ app_init ] --END-- [ RunTime:0.000000s ]
ERR: 无法加载模块:Public

[ 2018-09-20T12:36:42+08:00 ] 127.0.0.1 /Public/Mobile/css/bootstrap.min.css.map
INFO: [ app_init ] --START--
INFO: Run Behavior\BuildLiteBehavior [ RunTime:0.000000s ]
INFO: [ app_init ] --END-- [ RunTime:0.000000s ]
ERR: 无法加载模块:Public

[ 2018-09-20T12:36:52+08:00 ] 127.0.0.1 /Public/Mobile/css/bootstrap.min.css.map
INFO: [ app_init ] --START--
INFO: Run Behavior\BuildLiteBehavior [ RunTime:0.000000s ]
INFO: [ app_init ] --END-- [ RunTime:0.000000s ]
ERR: 无法加载模块:Public

[ 2018-09-20T12:36:54+08:00 ] 127.0.0.1 /Public/Mobile/css/bootstrap.min.css.map
INFO: [ app_init ] --START--
INFO: Run Behavior\BuildLiteBehavior [ RunTime:0.000000s ]
INFO: [ app_init ] --END-- [ RunTime:0.001000s ]
ERR: 无法加载模块:Public

[ 2018-09-20T12:36:59+08:00 ] 127.0.0.1 /Public/Mobile/css/bootstrap.min.css.map
INFO: [ app_init ] --START--
INFO: Run Behavior\BuildLiteBehavior [ RunTime:0.000000s ]
INFO: [ app_init ] --END-- [ RunTime:0.000000s ]
ERR: 无法加载模块:Public

[ 2018-09-20T12:37:02+08:00 ] 127.0.0.1 /Public/Mobile/css/bootstrap.min.css.map
INFO: [ app_init ] --START--
INFO: Run Behavior\BuildLiteBehavior [ RunTime:0.000000s ]
INFO: [ app_init ] --END-- [ RunTime:0.001000s ]
ERR: 无法加载模块:Public

[ 2018-09-20T12:37:09+08:00 ] 127.0.0.1 /Public/Mobile/css/bootstrap.min.css.map
INFO: [ app_init ] --START--
INFO: Run Behavior\BuildLiteBehavior [ RunTime:0.000000s ]
INFO: [ app_init ] --END-- [ RunTime:0.001000s ]
ERR: 无法加载模块:Public

[ 2018-09-20T12:37:14+08:00 ] 127.0.0.1 /Public/Mobile/css/bootstrap.min.css.map
INFO: [ app_init ] --START--
INFO: Run Behavior\BuildLiteBehavior [ RunTime:0.000000s ]
INFO: [ app_init ] --END-- [ RunTime:0.000000s ]
ERR: 无法加载模块:Public

[ 2018-09-20T12:38:39+08:00 ] 127.0.0.1 /Public/Mobile/css/bootstrap.min.css.map
INFO: [ app_init ] --START--
INFO: Run Behavior\BuildLiteBehavior [ RunTime:0.000000s ]
INFO: [ app_init ] --END-- [ RunTime:0.000000s ]
ERR: 无法加载模块:Public

[ 2018-09-20T12:42:16+08:00 ] 127.0.0.1 /Public/Mobile/css/bootstrap.min.css.map
INFO: [ app_init ] --START--
INFO: Run Behavior\BuildLiteBehavior [ RunTime:0.000000s ]
INFO: [ app_init ] --END-- [ RunTime:0.001000s ]
ERR: 无法加载模块:Public

[ 2018-09-20T12:42:25+08:00 ] 127.0.0.1 /Public/Mobile/css/bootstrap.min.css.map
INFO: [ app_init ] --START--
INFO: Run Behavior\BuildLiteBehavior [ RunTime:0.000000s ]
INFO: [ app_init ] --END-- [ RunTime:0.000000s ]
ERR: 无法加载模块:Public

[ 2018-09-20T12:42:25+08:00 ] 127.0.0.1 /Public/Mobile/css/bootstrap.min.css.map
INFO: [ app_init ] --START--
INFO: Run Behavior\BuildLiteBehavior [ RunTime:0.000000s ]
INFO: [ app_init ] --END-- [ RunTime:0.000000s ]
ERR: 无法加载模块:Public

[ 2018-09-20T12:43:16+08:00 ] 127.0.0.1 /Public/Mobile/css/bootstrap.min.css.map
INFO: [ app_init ] --START--
INFO: Run Behavior\BuildLiteBehavior [ RunTime:0.000000s ]
INFO: [ app_init ] --END-- [ RunTime:0.001000s ]
ERR: 无法加载模块:Public

[ 2018-09-20T12:43:23+08:00 ] 127.0.0.1 /Public/Mobile/css/bootstrap.min.css.map
INFO: [ app_init ] --START--
INFO: Run Behavior\BuildLiteBehavior [ RunTime:0.000000s ]
INFO: [ app_init ] --END-- [ RunTime:0.001000s ]
ERR: 无法加载模块:Public

[ 2018-09-20T15:04:44+08:00 ] 127.0.0.1 /Public/Mobile/css/bootstrap.min.css.map
INFO: [ app_init ] --START--
INFO: Run Behavior\BuildLiteBehavior [ RunTime:0.000000s ]
INFO: [ app_init ] --END-- [ RunTime:0.001000s ]
ERR: 无法加载模块:Public

[ 2018-09-20T17:03:54+08:00 ] 127.0.0.1 /Public/Mobile/css/bootstrap.min.css.map
INFO: [ app_init ] --START--
INFO: Run Behavior\BuildLiteBehavior [ RunTime:0.000000s ]
INFO: [ app_init ] --END-- [ RunTime:0.007000s ]
ERR: 无法加载模块:Public

[ 2018-09-20T17:05:07+08:00 ] 127.0.0.1 /Public/Mobile/css/bootstrap.min.css.map
INFO: [ app_init ] --START--
INFO: Run Behavior\BuildLiteBehavior [ RunTime:0.000000s ]
INFO: [ app_init ] --END-- [ RunTime:0.001000s ]
ERR: 无法加载模块:Public

[ 2018-09-20T17:05:17+08:00 ] 127.0.0.1 /Public/Mobile/css/bootstrap.min.css.map
INFO: [ app_init ] --START--
INFO: Run Behavior\BuildLiteBehavior [ RunTime:0.000000s ]
INFO: [ app_init ] --END-- [ RunTime:0.001000s ]
ERR: 无法加载模块:Public

[ 2018-09-20T17:05:20+08:00 ] 127.0.0.1 /Public/Mobile/css/bootstrap.min.css.map
INFO: [ app_init ] --START--
INFO: Run Behavior\BuildLiteBehavior [ RunTime:0.000000s ]
INFO: [ app_init ] --END-- [ RunTime:0.001000s ]
ERR: 无法加载模块:Public

[ 2018-09-20T17:05:24+08:00 ] 127.0.0.1 /Public/Mobile/css/bootstrap.min.css.map
INFO: [ app_init ] --START--
INFO: Run Behavior\BuildLiteBehavior [ RunTime:0.000000s ]
INFO: [ app_init ] --END-- [ RunTime:0.000000s ]
ERR: 无法加载模块:Public

[ 2018-09-20T17:05:27+08:00 ] 127.0.0.1 /Public/Mobile/css/bootstrap.min.css.map
INFO: [ app_init ] --START--
INFO: Run Behavior\BuildLiteBehavior [ RunTime:0.000000s ]
INFO: [ app_init ] --END-- [ RunTime:0.000000s ]
ERR: 无法加载模块:Public

[ 2018-09-20T17:06:22+08:00 ] 127.0.0.1 /Public/Mobile/css/bootstrap.min.css.map
INFO: [ app_init ] --START--
INFO: Run Behavior\BuildLiteBehavior [ RunTime:0.000000s ]
INFO: [ app_init ] --END-- [ RunTime:0.000000s ]
ERR: 无法加载模块:Public

[ 2018-09-20T17:06:42+08:00 ] 127.0.0.1 /new1/yaoqing_xize.html
INFO: [ app_init ] --START--
INFO: Run Behavior\BuildLiteBehavior [ RunTime:0.000000s ]
INFO: [ app_init ] --END-- [ RunTime:0.001000s ]
ERR: 无法加载模块:New1

[ 2018-09-20T18:08:31+08:00 ] 127.0.0.1 /Public/Mobile/css/bootstrap.min.css.map
INFO: [ app_init ] --START--
INFO: Run Behavior\BuildLiteBehavior [ RunTime:0.000000s ]
INFO: [ app_init ] --END-- [ RunTime:0.000000s ]
ERR: 无法加载模块:Public

[ 2018-09-20T20:34:35+08:00 ] 127.0.0.1 /Public/Mobile/css/bootstrap.min.css.map
INFO: [ app_init ] --START--
INFO: Run Behavior\BuildLiteBehavior [ RunTime:0.000000s ]
INFO: [ app_init ] --END-- [ RunTime:0.003000s ]
ERR: 无法加载模块:Public

