[ 2018-07-17T21:52:00+08:00 ] 101.226.114.195 /Mobile/index/index.html
INFO: [ app_init ] --START--
INFO: Run Behavior\BuildLiteBehavior [ RunTime:0.000000s ]
INFO: [ app_init ] --END-- [ RunTime:0.000000s ]
INFO: [ app_begin ] --START--
INFO: Run Behavior\ReadHtmlCacheBehavior [ RunTime:0.000000s ]
INFO: [ app_begin ] --END-- [ RunTime:0.000000s ]
SQL: SELECT * FROM `blue_config`  [ RunTime:0.0000s ]
SQL: SELECT * FROM `blue_purse_download` ORDER BY add_time desc LIMIT 0,6   [ RunTime:0.0000s ]
SQL: SELECT * FROM `blue_dividend_config`  [ RunTime:0.0000s ]
SQL: SELECT * FROM `blue_article_category` WHERE ( parent_id = 6 ) LIMIT 4   [ RunTime:0.0000s ]
SQL: SELECT * FROM `blue_article` WHERE ( position_id = 7 ) LIMIT 4   [ RunTime:0.0000s ]
NOTIC: [8] Undefined index: USER_KEY_ID C:\phpStudy\WWW\App\Common\Controller\CommonController.class.php 第 100 行.
SQL: SELECT * FROM `blue_currency` WHERE ( is_line=1  ) ORDER BY sort  [ RunTime:0.0000s ]
NOTIC: [8] Undefined variable: whereMark C:\phpStudy\WWW\App\Common\Controller\CommonController.class.php 第 106 行.
SQL: SELECT `currency_id`,`currency_name`,`currency_logo`,`currency_mark` FROM `blue_currency` LIMIT 1   [ RunTime:0.0000s ]
SQL: SELECT `currency_id`,`currency_name`,`currency_logo`,`currency_mark` FROM `blue_currency` WHERE `is_line` = 1  [ RunTime:0.0000s ]
SQL: SELECT `price` FROM `blue_orders` WHERE ( currency_id = 52 ) ORDER BY add_time desc LIMIT 1   [ RunTime:0.0000s ]
SQL: SELECT `price` FROM `blue_orders` WHERE ( currency_id = 53 ) ORDER BY add_time desc LIMIT 1   [ RunTime:0.0000s ]
SQL: SELECT * FROM `blue_article` INNER JOIN blue_article_category ON blue_article.position_id = blue_article_category.id  WHERE blue_article_category.id = 1 AND ( blue_article.sign = 0 ) ORDER BY add_time desc LIMIT 0,6   [ RunTime:0.0000s ]
SQL: SELECT * FROM `blue_article` INNER JOIN blue_article_category ON blue_article.position_id = blue_article_category.id  WHERE blue_article_category.id = 1 AND ( blue_article.sign = 1 ) ORDER BY add_time desc LIMIT 0,4   [ RunTime:0.0000s ]
SQL: SELECT * FROM `blue_article` INNER JOIN blue_article_category ON blue_article.position_id = blue_article_category.id  WHERE blue_article_category.id = 2 AND ( blue_article.sign = 0 ) ORDER BY add_time desc LIMIT 0,6   [ RunTime:0.0000s ]
SQL: SELECT * FROM `blue_article` INNER JOIN blue_article_category ON blue_article.position_id = blue_article_category.id  WHERE blue_article_category.id = 2 AND ( blue_article.sign = 1 ) ORDER BY add_time desc LIMIT 0,4   [ RunTime:0.0000s ]
SQL: SELECT * FROM `blue_article` INNER JOIN blue_article_category ON blue_article.position_id = blue_article_category.id  WHERE blue_article_category.id = 127 AND ( blue_article.sign = 0 ) ORDER BY add_time desc LIMIT 0,6   [ RunTime:0.0000s ]
SQL: SELECT * FROM `blue_flash` ORDER BY sort LIMIT 6   [ RunTime:0.0000s ]
SQL: SELECT * FROM `blue_currency` WHERE ( is_line=1  ) ORDER BY sort  [ RunTime:0.0000s ]
SQL: SELECT * FROM `blue_trade` WHERE `currency_id` = 52 AND ( add_time>1531756800 ) ORDER BY price asc LIMIT 1   [ RunTime:0.0000s ]
SQL: SELECT * FROM `blue_trade` WHERE `currency_id` = 52 AND ( add_time>1531756800 ) ORDER BY price desc LIMIT 1   [ RunTime:0.0000s ]
SQL: SELECT * FROM `blue_trade` WHERE `currency_id` = 52 ORDER BY add_time desc LIMIT 1   [ RunTime:0.0000s ]
SQL: SELECT * FROM `blue_trade` WHERE `currency_id` = 52 AND ( add_time<1531756800 ) ORDER BY add_time desc LIMIT 1   [ RunTime:0.0000s ]
SQL: SELECT * FROM `blue_trade` WHERE `currency_id` = 52 AND ( add_time<1531756800 ) ORDER BY add_time desc LIMIT 1   [ RunTime:0.0000s ]
SQL: SELECT * FROM `blue_trade` WHERE `currency_id` = 52 AND ( add_time<1531835520-60*60*24*7 ) ORDER BY add_time desc LIMIT 1   [ RunTime:0.0000s ]
SQL: SELECT SUM(num) AS tp_sum FROM `blue_trade` WHERE `currency_id` = 52 AND ( add_time>1531835520-60*60*24 ) LIMIT 1   [ RunTime:0.0000s ]
SQL: SELECT SUM(num*price) AS tp_sum FROM `blue_trade` WHERE `currency_id` = 52 AND ( add_time>1531835520-60*60*24 ) LIMIT 1   [ RunTime:0.0156s ]
SQL: SELECT `price` FROM `blue_trade` WHERE `currency_id` = 52 ORDER BY price asc LIMIT 1   [ RunTime:0.0000s ]
SQL: SELECT `price` FROM `blue_trade` WHERE `currency_id` = 52 ORDER BY price desc LIMIT 1   [ RunTime:0.0000s ]
SQL: SELECT `price` FROM `blue_orders` WHERE `currency_id` = 52 AND `type` = 'buy' AND `status` IN (0,1) ORDER BY price desc LIMIT 1   [ RunTime:0.0000s ]
SQL: SELECT `price` FROM `blue_orders` WHERE `currency_id` = 52 AND `type` = 'sell' AND `status` IN (0,1) ORDER BY price asc LIMIT 1   [ RunTime:0.0000s ]
SQL: SELECT * FROM `blue_trade` WHERE `currency_id` = 53 AND ( add_time>1531756800 ) ORDER BY price asc LIMIT 1   [ RunTime:0.0000s ]
SQL: SELECT * FROM `blue_trade` WHERE `currency_id` = 53 AND ( add_time>1531756800 ) ORDER BY price desc LIMIT 1   [ RunTime:0.0000s ]
SQL: SELECT * FROM `blue_trade` WHERE `currency_id` = 53 ORDER BY add_time desc LIMIT 1   [ RunTime:0.0000s ]
SQL: SELECT * FROM `blue_trade` WHERE `currency_id` = 53 AND ( add_time<1531756800 ) ORDER BY add_time desc LIMIT 1   [ RunTime:0.0000s ]
SQL: SELECT * FROM `blue_trade` WHERE `currency_id` = 53 AND ( add_time<1531756800 ) ORDER BY add_time desc LIMIT 1   [ RunTime:0.0000s ]
SQL: SELECT * FROM `blue_trade` WHERE `currency_id` = 53 AND ( add_time<1531835520-60*60*24*7 ) ORDER BY add_time desc LIMIT 1   [ RunTime:0.0000s ]
SQL: SELECT SUM(num) AS tp_sum FROM `blue_trade` WHERE `currency_id` = 53 AND ( add_time>1531835520-60*60*24 ) LIMIT 1   [ RunTime:0.0000s ]
SQL: SELECT SUM(num*price) AS tp_sum FROM `blue_trade` WHERE `currency_id` = 53 AND ( add_time>1531835520-60*60*24 ) LIMIT 1   [ RunTime:0.0000s ]
SQL: SELECT `price` FROM `blue_trade` WHERE `currency_id` = 53 ORDER BY price asc LIMIT 1   [ RunTime:0.0000s ]
SQL: SELECT `price` FROM `blue_trade` WHERE `currency_id` = 53 ORDER BY price desc LIMIT 1   [ RunTime:0.0000s ]
SQL: SELECT `price` FROM `blue_orders` WHERE `currency_id` = 53 AND `type` = 'buy' AND `status` IN (0,1) ORDER BY price desc LIMIT 1   [ RunTime:0.0000s ]
SQL: SELECT `price` FROM `blue_orders` WHERE `currency_id` = 53 AND `type` = 'sell' AND `status` IN (0,1) ORDER BY price asc LIMIT 1   [ RunTime:0.0000s ]
NOTIC: [8] Undefined index: USER_KEY_ID C:\phpStudy\WWW\App\Mobile\Controller\IndexController.class.php 第 54 行.
SQL: SELECT blue_currency_user.*,(blue_currency_user.num+blue_currency_user.forzen_num) as count,blue_currency.currency_name,blue_currency.currency_mark FROM `blue_currency_user` left join blue_currency on blue_currency.currency_id=blue_currency_user.currency_id  WHERE `member_id` = null ORDER BY sort  [ RunTime:0.0000s ]
SQL: SELECT SUM(money) AS tp_sum FROM `blue_trade` LIMIT 1   [ RunTime:0.0000s ]
SQL: SELECT * FROM `blue_link`  [ RunTime:0.0000s ]
SQL: SELECT blue_issue.*,blue_currency.currency_name as name FROM `blue_issue` left join blue_currency on blue_currency.currency_id=blue_issue.currency_id  ORDER BY  id desc   [ RunTime:0.0000s ]
SQL: SELECT * FROM `blue_article_category` WHERE ( id=127 ) LIMIT 1   [ RunTime:0.0000s ]
SQL: SELECT * FROM `blue_article` WHERE ( position_id=127 ) ORDER BY article_id desc  LIMIT 0,7   [ RunTime:0.0000s ]
SQL: SELECT * FROM `blue_article_category` WHERE ( id=128 ) LIMIT 1   [ RunTime:0.0000s ]
SQL: SELECT * FROM `blue_article` WHERE ( position_id=128 ) ORDER BY article_id desc  LIMIT 0,7   [ RunTime:0.0000s ]
SQL: SELECT * FROM `blue_article_category` WHERE ( id=129 ) LIMIT 1   [ RunTime:0.0000s ]
SQL: SELECT * FROM `blue_article` WHERE ( position_id=129 ) ORDER BY article_id desc  LIMIT 0,7   [ RunTime:0.0000s ]
INFO: [ view_parse ] --START--
INFO: [ template_filter ] --START--
INFO: Run Behavior\ContentReplaceBehavior [ RunTime:0.000000s ]
INFO: [ template_filter ] --END-- [ RunTime:0.000000s ]
NOTIC: [8] Undefined index: 24H_done_num_status C:\phpStudy\WWW\App\Runtime\Cache\Mobile\42b8df715104a68a83a65e315494a3ed.php 第 86 行.
NOTIC: [8] Undefined index: 24H_done_num_status C:\phpStudy\WWW\App\Runtime\Cache\Mobile\42b8df715104a68a83a65e315494a3ed.php 第 86 行.
INFO: Run Behavior\ParseTemplateBehavior [ RunTime:0.015625s ]
INFO: [ view_parse ] --END-- [ RunTime:0.015625s ]
INFO: [ view_filter ] --START--
INFO: Run Behavior\WriteHtmlCacheBehavior [ RunTime:0.000000s ]
INFO: [ view_filter ] --END-- [ RunTime:0.000000s ]
INFO: [ app_end ] --START--
INFO: Run Behavior\ShowPageTraceBehavior [ RunTime:0.000000s ]
INFO: [ app_end ] --END-- [ RunTime:0.000000s ]

[ 2018-07-17T23:04:59+08:00 ] 125.69.41.16 /Mobile/index/index.html
INFO: [ app_init ] --START--
INFO: Run Behavior\BuildLiteBehavior [ RunTime:0.000000s ]
INFO: [ app_init ] --END-- [ RunTime:0.000000s ]
INFO: [ app_begin ] --START--
INFO: Run Behavior\ReadHtmlCacheBehavior [ RunTime:0.000000s ]
INFO: [ app_begin ] --END-- [ RunTime:0.000000s ]
SQL: SELECT * FROM `blue_config`  [ RunTime:0.0000s ]
SQL: SELECT * FROM `blue_purse_download` ORDER BY add_time desc LIMIT 0,6   [ RunTime:0.0000s ]
SQL: SELECT * FROM `blue_dividend_config`  [ RunTime:0.0000s ]
SQL: SELECT * FROM `blue_article_category` WHERE ( parent_id = 6 ) LIMIT 4   [ RunTime:0.0000s ]
SQL: SELECT * FROM `blue_article` WHERE ( position_id = 7 ) LIMIT 4   [ RunTime:0.0000s ]
NOTIC: [8] Undefined index: USER_KEY_ID C:\phpStudy\WWW\App\Common\Controller\CommonController.class.php 第 100 行.
SQL: SELECT * FROM `blue_currency` WHERE ( is_line=1  ) ORDER BY sort  [ RunTime:0.0000s ]
NOTIC: [8] Undefined variable: whereMark C:\phpStudy\WWW\App\Common\Controller\CommonController.class.php 第 106 行.
SQL: SELECT `currency_id`,`currency_name`,`currency_logo`,`currency_mark` FROM `blue_currency` LIMIT 1   [ RunTime:0.0000s ]
SQL: SELECT `currency_id`,`currency_name`,`currency_logo`,`currency_mark` FROM `blue_currency` WHERE `is_line` = 1  [ RunTime:0.0000s ]
SQL: SELECT `price` FROM `blue_orders` WHERE ( currency_id = 52 ) ORDER BY add_time desc LIMIT 1   [ RunTime:0.0000s ]
SQL: SELECT `price` FROM `blue_orders` WHERE ( currency_id = 53 ) ORDER BY add_time desc LIMIT 1   [ RunTime:0.0000s ]
SQL: SELECT `price` FROM `blue_orders` WHERE ( currency_id = 54 ) ORDER BY add_time desc LIMIT 1   [ RunTime:0.0000s ]
SQL: SELECT * FROM `blue_article` INNER JOIN blue_article_category ON blue_article.position_id = blue_article_category.id  WHERE blue_article_category.id = 1 AND ( blue_article.sign = 0 ) ORDER BY add_time desc LIMIT 0,6   [ RunTime:0.0000s ]
SQL: SELECT * FROM `blue_article` INNER JOIN blue_article_category ON blue_article.position_id = blue_article_category.id  WHERE blue_article_category.id = 1 AND ( blue_article.sign = 1 ) ORDER BY add_time desc LIMIT 0,4   [ RunTime:0.0000s ]
SQL: SELECT * FROM `blue_article` INNER JOIN blue_article_category ON blue_article.position_id = blue_article_category.id  WHERE blue_article_category.id = 2 AND ( blue_article.sign = 0 ) ORDER BY add_time desc LIMIT 0,6   [ RunTime:0.0000s ]
SQL: SELECT * FROM `blue_article` INNER JOIN blue_article_category ON blue_article.position_id = blue_article_category.id  WHERE blue_article_category.id = 2 AND ( blue_article.sign = 1 ) ORDER BY add_time desc LIMIT 0,4   [ RunTime:0.0000s ]
SQL: SELECT * FROM `blue_article` INNER JOIN blue_article_category ON blue_article.position_id = blue_article_category.id  WHERE blue_article_category.id = 127 AND ( blue_article.sign = 0 ) ORDER BY add_time desc LIMIT 0,6   [ RunTime:0.0000s ]
SQL: SELECT * FROM `blue_flash` ORDER BY sort LIMIT 6   [ RunTime:0.0000s ]
SQL: SELECT * FROM `blue_currency` WHERE ( is_line=1  ) ORDER BY sort  [ RunTime:0.0000s ]
SQL: SELECT * FROM `blue_trade` WHERE `currency_id` = 52 AND ( add_time>1531756800 ) ORDER BY price asc LIMIT 1   [ RunTime:0.0000s ]
SQL: SELECT * FROM `blue_trade` WHERE `currency_id` = 52 AND ( add_time>1531756800 ) ORDER BY price desc LIMIT 1   [ RunTime:0.0000s ]
SQL: SELECT * FROM `blue_trade` WHERE `currency_id` = 52 ORDER BY add_time desc LIMIT 1   [ RunTime:0.0000s ]
SQL: SELECT * FROM `blue_trade` WHERE `currency_id` = 52 AND ( add_time<1531756800 ) ORDER BY add_time desc LIMIT 1   [ RunTime:0.0000s ]
SQL: SELECT * FROM `blue_trade` WHERE `currency_id` = 52 AND ( add_time<1531756800 ) ORDER BY add_time desc LIMIT 1   [ RunTime:0.0156s ]
SQL: SELECT * FROM `blue_trade` WHERE `currency_id` = 52 AND ( add_time<1531839899-60*60*24*7 ) ORDER BY add_time desc LIMIT 1   [ RunTime:0.0000s ]
SQL: SELECT SUM(num) AS tp_sum FROM `blue_trade` WHERE `currency_id` = 52 AND ( add_time>1531839899-60*60*24 ) LIMIT 1   [ RunTime:0.0000s ]
SQL: SELECT SUM(num*price) AS tp_sum FROM `blue_trade` WHERE `currency_id` = 52 AND ( add_time>1531839899-60*60*24 ) LIMIT 1   [ RunTime:0.0000s ]
SQL: SELECT `price` FROM `blue_trade` WHERE `currency_id` = 52 ORDER BY price asc LIMIT 1   [ RunTime:0.0000s ]
SQL: SELECT `price` FROM `blue_trade` WHERE `currency_id` = 52 ORDER BY price desc LIMIT 1   [ RunTime:0.0000s ]
SQL: SELECT `price` FROM `blue_orders` WHERE `currency_id` = 52 AND `type` = 'buy' AND `status` IN (0,1) ORDER BY price desc LIMIT 1   [ RunTime:0.0000s ]
SQL: SELECT `price` FROM `blue_orders` WHERE `currency_id` = 52 AND `type` = 'sell' AND `status` IN (0,1) ORDER BY price asc LIMIT 1   [ RunTime:0.0000s ]
SQL: SELECT * FROM `blue_trade` WHERE `currency_id` = 53 AND ( add_time>1531756800 ) ORDER BY price asc LIMIT 1   [ RunTime:0.0000s ]
SQL: SELECT * FROM `blue_trade` WHERE `currency_id` = 53 AND ( add_time>1531756800 ) ORDER BY price desc LIMIT 1   [ RunTime:0.0000s ]
SQL: SELECT * FROM `blue_trade` WHERE `currency_id` = 53 ORDER BY add_time desc LIMIT 1   [ RunTime:0.0000s ]
SQL: SELECT * FROM `blue_trade` WHERE `currency_id` = 53 AND ( add_time<1531756800 ) ORDER BY add_time desc LIMIT 1   [ RunTime:0.0000s ]
SQL: SELECT * FROM `blue_trade` WHERE `currency_id` = 53 AND ( add_time<1531756800 ) ORDER BY add_time desc LIMIT 1   [ RunTime:0.0000s ]
SQL: SELECT * FROM `blue_trade` WHERE `currency_id` = 53 AND ( add_time<1531839899-60*60*24*7 ) ORDER BY add_time desc LIMIT 1   [ RunTime:0.0000s ]
SQL: SELECT SUM(num) AS tp_sum FROM `blue_trade` WHERE `currency_id` = 53 AND ( add_time>1531839899-60*60*24 ) LIMIT 1   [ RunTime:0.0000s ]
SQL: SELECT SUM(num*price) AS tp_sum FROM `blue_trade` WHERE `currency_id` = 53 AND ( add_time>1531839899-60*60*24 ) LIMIT 1   [ RunTime:0.0000s ]
SQL: SELECT `price` FROM `blue_trade` WHERE `currency_id` = 53 ORDER BY price asc LIMIT 1   [ RunTime:0.0000s ]
SQL: SELECT `price` FROM `blue_trade` WHERE `currency_id` = 53 ORDER BY price desc LIMIT 1   [ RunTime:0.0000s ]
SQL: SELECT `price` FROM `blue_orders` WHERE `currency_id` = 53 AND `type` = 'buy' AND `status` IN (0,1) ORDER BY price desc LIMIT 1   [ RunTime:0.0000s ]
SQL: SELECT `price` FROM `blue_orders` WHERE `currency_id` = 53 AND `type` = 'sell' AND `status` IN (0,1) ORDER BY price asc LIMIT 1   [ RunTime:0.0000s ]
SQL: SELECT * FROM `blue_trade` WHERE `currency_id` = 54 AND ( add_time>1531756800 ) ORDER BY price asc LIMIT 1   [ RunTime:0.0000s ]
SQL: SELECT * FROM `blue_trade` WHERE `currency_id` = 54 AND ( add_time>1531756800 ) ORDER BY price desc LIMIT 1   [ RunTime:0.0000s ]
SQL: SELECT * FROM `blue_trade` WHERE `currency_id` = 54 ORDER BY add_time desc LIMIT 1   [ RunTime:0.0000s ]
SQL: SELECT * FROM `blue_trade` WHERE `currency_id` = 54 AND ( add_time<1531756800 ) ORDER BY add_time desc LIMIT 1   [ RunTime:0.0000s ]
SQL: SELECT * FROM `blue_trade` WHERE `currency_id` = 54 AND ( add_time<1531756800 ) ORDER BY add_time desc LIMIT 1   [ RunTime:0.0000s ]
SQL: SELECT * FROM `blue_trade` WHERE `currency_id` = 54 AND ( add_time<1531839899-60*60*24*7 ) ORDER BY add_time desc LIMIT 1   [ RunTime:0.0000s ]
SQL: SELECT SUM(num) AS tp_sum FROM `blue_trade` WHERE `currency_id` = 54 AND ( add_time>1531839899-60*60*24 ) LIMIT 1   [ RunTime:0.0000s ]
SQL: SELECT SUM(num*price) AS tp_sum FROM `blue_trade` WHERE `currency_id` = 54 AND ( add_time>1531839899-60*60*24 ) LIMIT 1   [ RunTime:0.0000s ]
SQL: SELECT `price` FROM `blue_trade` WHERE `currency_id` = 54 ORDER BY price asc LIMIT 1   [ RunTime:0.0000s ]
SQL: SELECT `price` FROM `blue_trade` WHERE `currency_id` = 54 ORDER BY price desc LIMIT 1   [ RunTime:0.0000s ]
SQL: SELECT `price` FROM `blue_orders` WHERE `currency_id` = 54 AND `type` = 'buy' AND `status` IN (0,1) ORDER BY price desc LIMIT 1   [ RunTime:0.0000s ]
SQL: SELECT `price` FROM `blue_orders` WHERE `currency_id` = 54 AND `type` = 'sell' AND `status` IN (0,1) ORDER BY price asc LIMIT 1   [ RunTime:0.0000s ]
NOTIC: [8] Undefined index: USER_KEY_ID C:\phpStudy\WWW\App\Mobile\Controller\IndexController.class.php 第 54 行.
SQL: SELECT blue_currency_user.*,(blue_currency_user.num+blue_currency_user.forzen_num) as count,blue_currency.currency_name,blue_currency.currency_mark FROM `blue_currency_user` left join blue_currency on blue_currency.currency_id=blue_currency_user.currency_id  WHERE `member_id` = null ORDER BY sort  [ RunTime:0.0000s ]
SQL: SELECT SUM(money) AS tp_sum FROM `blue_trade` LIMIT 1   [ RunTime:0.0000s ]
SQL: SELECT * FROM `blue_link`  [ RunTime:0.0000s ]
SQL: SELECT blue_issue.*,blue_currency.currency_name as name FROM `blue_issue` left join blue_currency on blue_currency.currency_id=blue_issue.currency_id  ORDER BY  id desc   [ RunTime:0.0000s ]
SQL: SELECT * FROM `blue_article_category` WHERE ( id=127 ) LIMIT 1   [ RunTime:0.0000s ]
SQL: SELECT * FROM `blue_article` WHERE ( position_id=127 ) ORDER BY article_id desc  LIMIT 0,7   [ RunTime:0.0000s ]
SQL: SELECT * FROM `blue_article_category` WHERE ( id=128 ) LIMIT 1   [ RunTime:0.0000s ]
SQL: SELECT * FROM `blue_article` WHERE ( position_id=128 ) ORDER BY article_id desc  LIMIT 0,7   [ RunTime:0.0000s ]
SQL: SELECT * FROM `blue_article_category` WHERE ( id=129 ) LIMIT 1   [ RunTime:0.0000s ]
SQL: SELECT * FROM `blue_article` WHERE ( position_id=129 ) ORDER BY article_id desc  LIMIT 0,7   [ RunTime:0.0000s ]
INFO: [ view_parse ] --START--
INFO: [ template_filter ] --START--
INFO: Run Behavior\ContentReplaceBehavior [ RunTime:0.000000s ]
INFO: [ template_filter ] --END-- [ RunTime:0.000000s ]
NOTIC: [8] Undefined index: 24H_done_num_status C:\phpStudy\WWW\App\Runtime\Cache\Mobile\42b8df715104a68a83a65e315494a3ed.php 第 86 行.
NOTIC: [8] Undefined index: 24H_done_num_status C:\phpStudy\WWW\App\Runtime\Cache\Mobile\42b8df715104a68a83a65e315494a3ed.php 第 86 行.
NOTIC: [8] Undefined index: 24H_done_num_status C:\phpStudy\WWW\App\Runtime\Cache\Mobile\42b8df715104a68a83a65e315494a3ed.php 第 86 行.
INFO: Run Behavior\ParseTemplateBehavior [ RunTime:0.015625s ]
INFO: [ view_parse ] --END-- [ RunTime:0.015625s ]
INFO: [ view_filter ] --START--
INFO: Run Behavior\WriteHtmlCacheBehavior [ RunTime:0.000000s ]
INFO: [ view_filter ] --END-- [ RunTime:0.000000s ]
INFO: [ app_end ] --START--
INFO: Run Behavior\ShowPageTraceBehavior [ RunTime:0.000000s ]
INFO: [ app_end ] --END-- [ RunTime:0.000000s ]

[ 2018-07-17T23:04:59+08:00 ] 58.251.121.186 /Mobile/index/index.html
INFO: [ app_init ] --START--
INFO: Run Behavior\BuildLiteBehavior [ RunTime:0.000000s ]
INFO: [ app_init ] --END-- [ RunTime:0.015625s ]
INFO: [ app_begin ] --START--
INFO: Run Behavior\ReadHtmlCacheBehavior [ RunTime:0.000000s ]
INFO: [ app_begin ] --END-- [ RunTime:0.000000s ]
SQL: SELECT * FROM `blue_config`  [ RunTime:0.0000s ]
SQL: SELECT * FROM `blue_purse_download` ORDER BY add_time desc LIMIT 0,6   [ RunTime:0.0000s ]
SQL: SELECT * FROM `blue_dividend_config`  [ RunTime:0.0000s ]
SQL: SELECT * FROM `blue_article_category` WHERE ( parent_id = 6 ) LIMIT 4   [ RunTime:0.0000s ]
SQL: SELECT * FROM `blue_article` WHERE ( position_id = 7 ) LIMIT 4   [ RunTime:0.0000s ]
NOTIC: [8] Undefined index: USER_KEY_ID C:\phpStudy\WWW\App\Common\Controller\CommonController.class.php 第 100 行.
SQL: SELECT * FROM `blue_currency` WHERE ( is_line=1  ) ORDER BY sort  [ RunTime:0.0000s ]
NOTIC: [8] Undefined variable: whereMark C:\phpStudy\WWW\App\Common\Controller\CommonController.class.php 第 106 行.
SQL: SELECT `currency_id`,`currency_name`,`currency_logo`,`currency_mark` FROM `blue_currency` LIMIT 1   [ RunTime:0.0000s ]
SQL: SELECT `currency_id`,`currency_name`,`currency_logo`,`currency_mark` FROM `blue_currency` WHERE `is_line` = 1  [ RunTime:0.0000s ]
SQL: SELECT `price` FROM `blue_orders` WHERE ( currency_id = 52 ) ORDER BY add_time desc LIMIT 1   [ RunTime:0.0000s ]
SQL: SELECT `price` FROM `blue_orders` WHERE ( currency_id = 53 ) ORDER BY add_time desc LIMIT 1   [ RunTime:0.0000s ]
SQL: SELECT `price` FROM `blue_orders` WHERE ( currency_id = 54 ) ORDER BY add_time desc LIMIT 1   [ RunTime:0.0000s ]
SQL: SELECT * FROM `blue_article` INNER JOIN blue_article_category ON blue_article.position_id = blue_article_category.id  WHERE blue_article_category.id = 1 AND ( blue_article.sign = 0 ) ORDER BY add_time desc LIMIT 0,6   [ RunTime:0.0000s ]
SQL: SELECT * FROM `blue_article` INNER JOIN blue_article_category ON blue_article.position_id = blue_article_category.id  WHERE blue_article_category.id = 1 AND ( blue_article.sign = 1 ) ORDER BY add_time desc LIMIT 0,4   [ RunTime:0.0000s ]
SQL: SELECT * FROM `blue_article` INNER JOIN blue_article_category ON blue_article.position_id = blue_article_category.id  WHERE blue_article_category.id = 2 AND ( blue_article.sign = 0 ) ORDER BY add_time desc LIMIT 0,6   [ RunTime:0.0000s ]
SQL: SELECT * FROM `blue_article` INNER JOIN blue_article_category ON blue_article.position_id = blue_article_category.id  WHERE blue_article_category.id = 2 AND ( blue_article.sign = 1 ) ORDER BY add_time desc LIMIT 0,4   [ RunTime:0.0000s ]
SQL: SELECT * FROM `blue_article` INNER JOIN blue_article_category ON blue_article.position_id = blue_article_category.id  WHERE blue_article_category.id = 127 AND ( blue_article.sign = 0 ) ORDER BY add_time desc LIMIT 0,6   [ RunTime:0.0000s ]
SQL: SELECT * FROM `blue_flash` ORDER BY sort LIMIT 6   [ RunTime:0.0000s ]
SQL: SELECT * FROM `blue_currency` WHERE ( is_line=1  ) ORDER BY sort  [ RunTime:0.0000s ]
SQL: SELECT * FROM `blue_trade` WHERE `currency_id` = 52 AND ( add_time>1531756800 ) ORDER BY price asc LIMIT 1   [ RunTime:0.0000s ]
SQL: SELECT * FROM `blue_trade` WHERE `currency_id` = 52 AND ( add_time>1531756800 ) ORDER BY price desc LIMIT 1   [ RunTime:0.0000s ]
SQL: SELECT * FROM `blue_trade` WHERE `currency_id` = 52 ORDER BY add_time desc LIMIT 1   [ RunTime:0.0000s ]
SQL: SELECT * FROM `blue_trade` WHERE `currency_id` = 52 AND ( add_time<1531756800 ) ORDER BY add_time desc LIMIT 1   [ RunTime:0.0000s ]
SQL: SELECT * FROM `blue_trade` WHERE `currency_id` = 52 AND ( add_time<1531756800 ) ORDER BY add_time desc LIMIT 1   [ RunTime:0.0000s ]
SQL: SELECT * FROM `blue_trade` WHERE `currency_id` = 52 AND ( add_time<1531839899-60*60*24*7 ) ORDER BY add_time desc LIMIT 1   [ RunTime:0.0000s ]
SQL: SELECT SUM(num) AS tp_sum FROM `blue_trade` WHERE `currency_id` = 52 AND ( add_time>1531839899-60*60*24 ) LIMIT 1   [ RunTime:0.0156s ]
SQL: SELECT SUM(num*price) AS tp_sum FROM `blue_trade` WHERE `currency_id` = 52 AND ( add_time>1531839899-60*60*24 ) LIMIT 1   [ RunTime:0.0000s ]
SQL: SELECT `price` FROM `blue_trade` WHERE `currency_id` = 52 ORDER BY price asc LIMIT 1   [ RunTime:0.0000s ]
SQL: SELECT `price` FROM `blue_trade` WHERE `currency_id` = 52 ORDER BY price desc LIMIT 1   [ RunTime:0.0000s ]
SQL: SELECT `price` FROM `blue_orders` WHERE `currency_id` = 52 AND `type` = 'buy' AND `status` IN (0,1) ORDER BY price desc LIMIT 1   [ RunTime:0.0000s ]
SQL: SELECT `price` FROM `blue_orders` WHERE `currency_id` = 52 AND `type` = 'sell' AND `status` IN (0,1) ORDER BY price asc LIMIT 1   [ RunTime:0.0000s ]
SQL: SELECT * FROM `blue_trade` WHERE `currency_id` = 53 AND ( add_time>1531756800 ) ORDER BY price asc LIMIT 1   [ RunTime:0.0000s ]
SQL: SELECT * FROM `blue_trade` WHERE `currency_id` = 53 AND ( add_time>1531756800 ) ORDER BY price desc LIMIT 1   [ RunTime:0.0000s ]
SQL: SELECT * FROM `blue_trade` WHERE `currency_id` = 53 ORDER BY add_time desc LIMIT 1   [ RunTime:0.0000s ]
SQL: SELECT * FROM `blue_trade` WHERE `currency_id` = 53 AND ( add_time<1531756800 ) ORDER BY add_time desc LIMIT 1   [ RunTime:0.0000s ]
SQL: SELECT * FROM `blue_trade` WHERE `currency_id` = 53 AND ( add_time<1531756800 ) ORDER BY add_time desc LIMIT 1   [ RunTime:0.0000s ]
SQL: SELECT * FROM `blue_trade` WHERE `currency_id` = 53 AND ( add_time<1531839899-60*60*24*7 ) ORDER BY add_time desc LIMIT 1   [ RunTime:0.0000s ]
SQL: SELECT SUM(num) AS tp_sum FROM `blue_trade` WHERE `currency_id` = 53 AND ( add_time>1531839899-60*60*24 ) LIMIT 1   [ RunTime:0.0000s ]
SQL: SELECT SUM(num*price) AS tp_sum FROM `blue_trade` WHERE `currency_id` = 53 AND ( add_time>1531839899-60*60*24 ) LIMIT 1   [ RunTime:0.0000s ]
SQL: SELECT `price` FROM `blue_trade` WHERE `currency_id` = 53 ORDER BY price asc LIMIT 1   [ RunTime:0.0000s ]
SQL: SELECT `price` FROM `blue_trade` WHERE `currency_id` = 53 ORDER BY price desc LIMIT 1   [ RunTime:0.0000s ]
SQL: SELECT `price` FROM `blue_orders` WHERE `currency_id` = 53 AND `type` = 'buy' AND `status` IN (0,1) ORDER BY price desc LIMIT 1   [ RunTime:0.0000s ]
SQL: SELECT `price` FROM `blue_orders` WHERE `currency_id` = 53 AND `type` = 'sell' AND `status` IN (0,1) ORDER BY price asc LIMIT 1   [ RunTime:0.0000s ]
SQL: SELECT * FROM `blue_trade` WHERE `currency_id` = 54 AND ( add_time>1531756800 ) ORDER BY price asc LIMIT 1   [ RunTime:0.0000s ]
SQL: SELECT * FROM `blue_trade` WHERE `currency_id` = 54 AND ( add_time>1531756800 ) ORDER BY price desc LIMIT 1   [ RunTime:0.0000s ]
SQL: SELECT * FROM `blue_trade` WHERE `currency_id` = 54 ORDER BY add_time desc LIMIT 1   [ RunTime:0.0000s ]
SQL: SELECT * FROM `blue_trade` WHERE `currency_id` = 54 AND ( add_time<1531756800 ) ORDER BY add_time desc LIMIT 1   [ RunTime:0.0000s ]
SQL: SELECT * FROM `blue_trade` WHERE `currency_id` = 54 AND ( add_time<1531756800 ) ORDER BY add_time desc LIMIT 1   [ RunTime:0.0000s ]
SQL: SELECT * FROM `blue_trade` WHERE `currency_id` = 54 AND ( add_time<1531839899-60*60*24*7 ) ORDER BY add_time desc LIMIT 1   [ RunTime:0.0000s ]
SQL: SELECT SUM(num) AS tp_sum FROM `blue_trade` WHERE `currency_id` = 54 AND ( add_time>1531839899-60*60*24 ) LIMIT 1   [ RunTime:0.0000s ]
SQL: SELECT SUM(num*price) AS tp_sum FROM `blue_trade` WHERE `currency_id` = 54 AND ( add_time>1531839899-60*60*24 ) LIMIT 1   [ RunTime:0.0000s ]
SQL: SELECT `price` FROM `blue_trade` WHERE `currency_id` = 54 ORDER BY price asc LIMIT 1   [ RunTime:0.0000s ]
SQL: SELECT `price` FROM `blue_trade` WHERE `currency_id` = 54 ORDER BY price desc LIMIT 1   [ RunTime:0.0000s ]
SQL: SELECT `price` FROM `blue_orders` WHERE `currency_id` = 54 AND `type` = 'buy' AND `status` IN (0,1) ORDER BY price desc LIMIT 1   [ RunTime:0.0000s ]
SQL: SELECT `price` FROM `blue_orders` WHERE `currency_id` = 54 AND `type` = 'sell' AND `status` IN (0,1) ORDER BY price asc LIMIT 1   [ RunTime:0.0156s ]
NOTIC: [8] Undefined index: USER_KEY_ID C:\phpStudy\WWW\App\Mobile\Controller\IndexController.class.php 第 54 行.
SQL: SELECT blue_currency_user.*,(blue_currency_user.num+blue_currency_user.forzen_num) as count,blue_currency.currency_name,blue_currency.currency_mark FROM `blue_currency_user` left join blue_currency on blue_currency.currency_id=blue_currency_user.currency_id  WHERE `member_id` = null ORDER BY sort  [ RunTime:0.0000s ]
SQL: SELECT SUM(money) AS tp_sum FROM `blue_trade` LIMIT 1   [ RunTime:0.0000s ]
SQL: SELECT * FROM `blue_link`  [ RunTime:0.0000s ]
SQL: SELECT blue_issue.*,blue_currency.currency_name as name FROM `blue_issue` left join blue_currency on blue_currency.currency_id=blue_issue.currency_id  ORDER BY  id desc   [ RunTime:0.0000s ]
SQL: SELECT * FROM `blue_article_category` WHERE ( id=127 ) LIMIT 1   [ RunTime:0.0000s ]
SQL: SELECT * FROM `blue_article` WHERE ( position_id=127 ) ORDER BY article_id desc  LIMIT 0,7   [ RunTime:0.0000s ]
SQL: SELECT * FROM `blue_article_category` WHERE ( id=128 ) LIMIT 1   [ RunTime:0.0000s ]
SQL: SELECT * FROM `blue_article` WHERE ( position_id=128 ) ORDER BY article_id desc  LIMIT 0,7   [ RunTime:0.0000s ]
SQL: SELECT * FROM `blue_article_category` WHERE ( id=129 ) LIMIT 1   [ RunTime:0.0000s ]
SQL: SELECT * FROM `blue_article` WHERE ( position_id=129 ) ORDER BY article_id desc  LIMIT 0,7   [ RunTime:0.0000s ]
INFO: [ view_parse ] --START--
INFO: [ template_filter ] --START--
INFO: Run Behavior\ContentReplaceBehavior [ RunTime:0.000000s ]
INFO: [ template_filter ] --END-- [ RunTime:0.000000s ]
NOTIC: [8] Undefined index: 24H_done_num_status C:\phpStudy\WWW\App\Runtime\Cache\Mobile\42b8df715104a68a83a65e315494a3ed.php 第 86 行.
NOTIC: [8] Undefined index: 24H_done_num_status C:\phpStudy\WWW\App\Runtime\Cache\Mobile\42b8df715104a68a83a65e315494a3ed.php 第 86 行.
NOTIC: [8] Undefined index: 24H_done_num_status C:\phpStudy\WWW\App\Runtime\Cache\Mobile\42b8df715104a68a83a65e315494a3ed.php 第 86 行.
INFO: Run Behavior\ParseTemplateBehavior [ RunTime:0.015625s ]
INFO: [ view_parse ] --END-- [ RunTime:0.015625s ]
INFO: [ view_filter ] --START--
INFO: Run Behavior\WriteHtmlCacheBehavior [ RunTime:0.000000s ]
INFO: [ view_filter ] --END-- [ RunTime:0.000000s ]
INFO: [ app_end ] --START--
INFO: Run Behavior\ShowPageTraceBehavior [ RunTime:0.000000s ]
INFO: [ app_end ] --END-- [ RunTime:0.000000s ]

[ 2018-07-17T23:05:06+08:00 ] 125.69.41.16 /Mobile/User/home.html
INFO: [ app_init ] --START--
INFO: Run Behavior\BuildLiteBehavior [ RunTime:0.000000s ]
INFO: [ app_init ] --END-- [ RunTime:0.000000s ]
INFO: [ app_begin ] --START--
INFO: Run Behavior\ReadHtmlCacheBehavior [ RunTime:0.000000s ]
INFO: [ app_begin ] --END-- [ RunTime:0.000000s ]
SQL: SELECT * FROM `blue_config`  [ RunTime:0.0000s ]
SQL: SELECT * FROM `blue_purse_download` ORDER BY add_time desc LIMIT 0,6   [ RunTime:0.0000s ]
SQL: SELECT * FROM `blue_dividend_config`  [ RunTime:0.0000s ]
SQL: SELECT * FROM `blue_article_category` WHERE ( parent_id = 6 ) LIMIT 4   [ RunTime:0.0000s ]
SQL: SELECT * FROM `blue_article` WHERE ( position_id = 7 ) LIMIT 4   [ RunTime:0.0000s ]
NOTIC: [8] Undefined index: USER_KEY_ID C:\phpStudy\WWW\App\Common\Controller\CommonController.class.php 第 100 行.
SQL: SELECT * FROM `blue_currency` WHERE ( is_line=1  ) ORDER BY sort  [ RunTime:0.0000s ]
NOTIC: [8] Undefined variable: whereMark C:\phpStudy\WWW\App\Common\Controller\CommonController.class.php 第 106 行.
SQL: SELECT `currency_id`,`currency_name`,`currency_logo`,`currency_mark` FROM `blue_currency` LIMIT 1   [ RunTime:0.0000s ]
SQL: SELECT `currency_id`,`currency_name`,`currency_logo`,`currency_mark` FROM `blue_currency` WHERE `is_line` = 1  [ RunTime:0.0000s ]
SQL: SELECT `price` FROM `blue_orders` WHERE ( currency_id = 52 ) ORDER BY add_time desc LIMIT 1   [ RunTime:0.0000s ]
SQL: SELECT `price` FROM `blue_orders` WHERE ( currency_id = 53 ) ORDER BY add_time desc LIMIT 1   [ RunTime:0.0000s ]
SQL: SELECT `price` FROM `blue_orders` WHERE ( currency_id = 54 ) ORDER BY add_time desc LIMIT 1   [ RunTime:0.0000s ]

[ 2018-07-17T23:05:07+08:00 ] 125.69.41.16 /Mobile/Login/index.html
INFO: [ app_init ] --START--
INFO: Run Behavior\BuildLiteBehavior [ RunTime:0.000000s ]
INFO: [ app_init ] --END-- [ RunTime:0.000000s ]
INFO: [ app_begin ] --START--
INFO: Run Behavior\ReadHtmlCacheBehavior [ RunTime:0.000000s ]
INFO: [ app_begin ] --END-- [ RunTime:0.000000s ]
SQL: SELECT * FROM `blue_config`  [ RunTime:0.0000s ]
SQL: SELECT * FROM `blue_purse_download` ORDER BY add_time desc LIMIT 0,6   [ RunTime:0.0000s ]
SQL: SELECT * FROM `blue_dividend_config`  [ RunTime:0.0000s ]
SQL: SELECT * FROM `blue_article_category` WHERE ( parent_id = 6 ) LIMIT 4   [ RunTime:0.0000s ]
SQL: SELECT * FROM `blue_article` WHERE ( position_id = 7 ) LIMIT 4   [ RunTime:0.0000s ]
NOTIC: [8] Undefined index: USER_KEY_ID C:\phpStudy\WWW\App\Common\Controller\CommonController.class.php 第 100 行.
SQL: SELECT * FROM `blue_currency` WHERE ( is_line=1  ) ORDER BY sort  [ RunTime:0.0000s ]
NOTIC: [8] Undefined variable: whereMark C:\phpStudy\WWW\App\Common\Controller\CommonController.class.php 第 106 行.
SQL: SELECT `currency_id`,`currency_name`,`currency_logo`,`currency_mark` FROM `blue_currency` LIMIT 1   [ RunTime:0.0000s ]
SQL: SELECT `currency_id`,`currency_name`,`currency_logo`,`currency_mark` FROM `blue_currency` WHERE `is_line` = 1  [ RunTime:0.0000s ]
SQL: SELECT `price` FROM `blue_orders` WHERE ( currency_id = 52 ) ORDER BY add_time desc LIMIT 1   [ RunTime:0.0000s ]
SQL: SELECT `price` FROM `blue_orders` WHERE ( currency_id = 53 ) ORDER BY add_time desc LIMIT 1   [ RunTime:0.0000s ]
SQL: SELECT `price` FROM `blue_orders` WHERE ( currency_id = 54 ) ORDER BY add_time desc LIMIT 1   [ RunTime:0.0000s ]
INFO: [ view_parse ] --START--
INFO: [ template_filter ] --START--
INFO: Run Behavior\ContentReplaceBehavior [ RunTime:0.000000s ]
INFO: [ template_filter ] --END-- [ RunTime:0.000000s ]
INFO: Run Behavior\ParseTemplateBehavior [ RunTime:0.000000s ]
INFO: [ view_parse ] --END-- [ RunTime:0.000000s ]
INFO: [ view_filter ] --START--
INFO: Run Behavior\WriteHtmlCacheBehavior [ RunTime:0.000000s ]
INFO: [ view_filter ] --END-- [ RunTime:0.000000s ]
INFO: [ app_end ] --START--
INFO: Run Behavior\ShowPageTraceBehavior [ RunTime:0.000000s ]
INFO: [ app_end ] --END-- [ RunTime:0.000000s ]

[ 2018-07-17T23:05:08+08:00 ] 101.226.114.195 /Mobile/Login/index.html
INFO: [ app_init ] --START--
INFO: Run Behavior\BuildLiteBehavior [ RunTime:0.000000s ]
INFO: [ app_init ] --END-- [ RunTime:0.000000s ]
INFO: [ app_begin ] --START--
INFO: Run Behavior\ReadHtmlCacheBehavior [ RunTime:0.000000s ]
INFO: [ app_begin ] --END-- [ RunTime:0.000000s ]
SQL: SELECT * FROM `blue_config`  [ RunTime:0.0000s ]
SQL: SELECT * FROM `blue_purse_download` ORDER BY add_time desc LIMIT 0,6   [ RunTime:0.0000s ]
SQL: SELECT * FROM `blue_dividend_config`  [ RunTime:0.0000s ]
SQL: SELECT * FROM `blue_article_category` WHERE ( parent_id = 6 ) LIMIT 4   [ RunTime:0.0000s ]
SQL: SELECT * FROM `blue_article` WHERE ( position_id = 7 ) LIMIT 4   [ RunTime:0.0000s ]
NOTIC: [8] Undefined index: USER_KEY_ID C:\phpStudy\WWW\App\Common\Controller\CommonController.class.php 第 100 行.
SQL: SELECT * FROM `blue_currency` WHERE ( is_line=1  ) ORDER BY sort  [ RunTime:0.0000s ]
NOTIC: [8] Undefined variable: whereMark C:\phpStudy\WWW\App\Common\Controller\CommonController.class.php 第 106 行.
SQL: SELECT `currency_id`,`currency_name`,`currency_logo`,`currency_mark` FROM `blue_currency` LIMIT 1   [ RunTime:0.0000s ]
SQL: SELECT `currency_id`,`currency_name`,`currency_logo`,`currency_mark` FROM `blue_currency` WHERE `is_line` = 1  [ RunTime:0.0000s ]
SQL: SELECT `price` FROM `blue_orders` WHERE ( currency_id = 52 ) ORDER BY add_time desc LIMIT 1   [ RunTime:0.0000s ]
SQL: SELECT `price` FROM `blue_orders` WHERE ( currency_id = 53 ) ORDER BY add_time desc LIMIT 1   [ RunTime:0.0000s ]
SQL: SELECT `price` FROM `blue_orders` WHERE ( currency_id = 54 ) ORDER BY add_time desc LIMIT 1   [ RunTime:0.0000s ]
INFO: [ view_parse ] --START--
INFO: [ template_filter ] --START--
INFO: Run Behavior\ContentReplaceBehavior [ RunTime:0.000000s ]
INFO: [ template_filter ] --END-- [ RunTime:0.000000s ]
INFO: Run Behavior\ParseTemplateBehavior [ RunTime:0.000000s ]
INFO: [ view_parse ] --END-- [ RunTime:0.000000s ]
INFO: [ view_filter ] --START--
INFO: Run Behavior\WriteHtmlCacheBehavior [ RunTime:0.000000s ]
INFO: [ view_filter ] --END-- [ RunTime:0.000000s ]
INFO: [ app_end ] --START--
INFO: Run Behavior\ShowPageTraceBehavior [ RunTime:0.000000s ]
INFO: [ app_end ] --END-- [ RunTime:0.000000s ]

[ 2018-07-17T23:05:08+08:00 ] 125.69.41.16 /Mobile/User/home.html
INFO: [ app_init ] --START--
INFO: Run Behavior\BuildLiteBehavior [ RunTime:0.000000s ]
INFO: [ app_init ] --END-- [ RunTime:0.000000s ]
INFO: [ app_begin ] --START--
INFO: Run Behavior\ReadHtmlCacheBehavior [ RunTime:0.000000s ]
INFO: [ app_begin ] --END-- [ RunTime:0.000000s ]
SQL: SELECT * FROM `blue_config`  [ RunTime:0.0000s ]
SQL: SELECT * FROM `blue_purse_download` ORDER BY add_time desc LIMIT 0,6   [ RunTime:0.0000s ]
SQL: SELECT * FROM `blue_dividend_config`  [ RunTime:0.0000s ]
SQL: SELECT * FROM `blue_article_category` WHERE ( parent_id = 6 ) LIMIT 4   [ RunTime:0.0000s ]
SQL: SELECT * FROM `blue_article` WHERE ( position_id = 7 ) LIMIT 4   [ RunTime:0.0000s ]
NOTIC: [8] Undefined index: USER_KEY_ID C:\phpStudy\WWW\App\Common\Controller\CommonController.class.php 第 100 行.
SQL: SELECT * FROM `blue_currency` WHERE ( is_line=1  ) ORDER BY sort  [ RunTime:0.0000s ]
NOTIC: [8] Undefined variable: whereMark C:\phpStudy\WWW\App\Common\Controller\CommonController.class.php 第 106 行.
SQL: SELECT `currency_id`,`currency_name`,`currency_logo`,`currency_mark` FROM `blue_currency` LIMIT 1   [ RunTime:0.0000s ]
SQL: SELECT `currency_id`,`currency_name`,`currency_logo`,`currency_mark` FROM `blue_currency` WHERE `is_line` = 1  [ RunTime:0.0000s ]
SQL: SELECT `price` FROM `blue_orders` WHERE ( currency_id = 52 ) ORDER BY add_time desc LIMIT 1   [ RunTime:0.0000s ]
SQL: SELECT `price` FROM `blue_orders` WHERE ( currency_id = 53 ) ORDER BY add_time desc LIMIT 1   [ RunTime:0.0000s ]
SQL: SELECT `price` FROM `blue_orders` WHERE ( currency_id = 54 ) ORDER BY add_time desc LIMIT 1   [ RunTime:0.0000s ]

[ 2018-07-17T23:05:09+08:00 ] 125.69.41.16 /Mobile/Login/index.html
INFO: [ app_init ] --START--
INFO: Run Behavior\BuildLiteBehavior [ RunTime:0.000000s ]
INFO: [ app_init ] --END-- [ RunTime:0.000000s ]
INFO: [ app_begin ] --START--
INFO: Run Behavior\ReadHtmlCacheBehavior [ RunTime:0.000000s ]
INFO: [ app_begin ] --END-- [ RunTime:0.000000s ]
SQL: SELECT * FROM `blue_config`  [ RunTime:0.0000s ]
SQL: SELECT * FROM `blue_purse_download` ORDER BY add_time desc LIMIT 0,6   [ RunTime:0.0000s ]
SQL: SELECT * FROM `blue_dividend_config`  [ RunTime:0.0000s ]
SQL: SELECT * FROM `blue_article_category` WHERE ( parent_id = 6 ) LIMIT 4   [ RunTime:0.0000s ]
SQL: SELECT * FROM `blue_article` WHERE ( position_id = 7 ) LIMIT 4   [ RunTime:0.0000s ]
NOTIC: [8] Undefined index: USER_KEY_ID C:\phpStudy\WWW\App\Common\Controller\CommonController.class.php 第 100 行.
SQL: SELECT * FROM `blue_currency` WHERE ( is_line=1  ) ORDER BY sort  [ RunTime:0.0000s ]
NOTIC: [8] Undefined variable: whereMark C:\phpStudy\WWW\App\Common\Controller\CommonController.class.php 第 106 行.
SQL: SELECT `currency_id`,`currency_name`,`currency_logo`,`currency_mark` FROM `blue_currency` LIMIT 1   [ RunTime:0.0000s ]
SQL: SELECT `currency_id`,`currency_name`,`currency_logo`,`currency_mark` FROM `blue_currency` WHERE `is_line` = 1  [ RunTime:0.0000s ]
SQL: SELECT `price` FROM `blue_orders` WHERE ( currency_id = 52 ) ORDER BY add_time desc LIMIT 1   [ RunTime:0.0000s ]
SQL: SELECT `price` FROM `blue_orders` WHERE ( currency_id = 53 ) ORDER BY add_time desc LIMIT 1   [ RunTime:0.0000s ]
SQL: SELECT `price` FROM `blue_orders` WHERE ( currency_id = 54 ) ORDER BY add_time desc LIMIT 1   [ RunTime:0.0000s ]
INFO: [ view_parse ] --START--
INFO: [ template_filter ] --START--
INFO: Run Behavior\ContentReplaceBehavior [ RunTime:0.000000s ]
INFO: [ template_filter ] --END-- [ RunTime:0.000000s ]
INFO: Run Behavior\ParseTemplateBehavior [ RunTime:0.000000s ]
INFO: [ view_parse ] --END-- [ RunTime:0.000000s ]
INFO: [ view_filter ] --START--
INFO: Run Behavior\WriteHtmlCacheBehavior [ RunTime:0.000000s ]
INFO: [ view_filter ] --END-- [ RunTime:0.000000s ]
INFO: [ app_end ] --START--
INFO: Run Behavior\ShowPageTraceBehavior [ RunTime:0.000000s ]
INFO: [ app_end ] --END-- [ RunTime:0.000000s ]

[ 2018-07-17T23:05:13+08:00 ] 125.69.41.16 /Mobile/Reg/reg.html
INFO: [ app_init ] --START--
INFO: Run Behavior\BuildLiteBehavior [ RunTime:0.000000s ]
INFO: [ app_init ] --END-- [ RunTime:0.000000s ]
INFO: [ app_begin ] --START--
INFO: Run Behavior\ReadHtmlCacheBehavior [ RunTime:0.000000s ]
INFO: [ app_begin ] --END-- [ RunTime:0.000000s ]
SQL: SELECT * FROM `blue_config`  [ RunTime:0.0000s ]
SQL: SELECT * FROM `blue_purse_download` ORDER BY add_time desc LIMIT 0,6   [ RunTime:0.0000s ]
SQL: SELECT * FROM `blue_dividend_config`  [ RunTime:0.0000s ]
SQL: SELECT * FROM `blue_article_category` WHERE ( parent_id = 6 ) LIMIT 4   [ RunTime:0.0000s ]
SQL: SELECT * FROM `blue_article` WHERE ( position_id = 7 ) LIMIT 4   [ RunTime:0.0000s ]
NOTIC: [8] Undefined index: USER_KEY_ID C:\phpStudy\WWW\App\Common\Controller\CommonController.class.php 第 100 行.
SQL: SELECT * FROM `blue_currency` WHERE ( is_line=1  ) ORDER BY sort  [ RunTime:0.0000s ]
NOTIC: [8] Undefined variable: whereMark C:\phpStudy\WWW\App\Common\Controller\CommonController.class.php 第 106 行.
SQL: SELECT `currency_id`,`currency_name`,`currency_logo`,`currency_mark` FROM `blue_currency` LIMIT 1   [ RunTime:0.0000s ]
SQL: SELECT `currency_id`,`currency_name`,`currency_logo`,`currency_mark` FROM `blue_currency` WHERE `is_line` = 1  [ RunTime:0.0000s ]
SQL: SELECT `price` FROM `blue_orders` WHERE ( currency_id = 52 ) ORDER BY add_time desc LIMIT 1   [ RunTime:0.0000s ]
SQL: SELECT `price` FROM `blue_orders` WHERE ( currency_id = 53 ) ORDER BY add_time desc LIMIT 1   [ RunTime:0.0000s ]
SQL: SELECT `price` FROM `blue_orders` WHERE ( currency_id = 54 ) ORDER BY add_time desc LIMIT 1   [ RunTime:0.0000s ]
INFO: [ view_parse ] --START--
INFO: [ template_filter ] --START--
INFO: Run Behavior\ContentReplaceBehavior [ RunTime:0.000000s ]
INFO: [ template_filter ] --END-- [ RunTime:0.000000s ]
INFO: Run Behavior\ParseTemplateBehavior [ RunTime:0.000000s ]
INFO: [ view_parse ] --END-- [ RunTime:0.000000s ]
INFO: [ view_filter ] --START--
INFO: Run Behavior\WriteHtmlCacheBehavior [ RunTime:0.000000s ]
INFO: [ view_filter ] --END-- [ RunTime:0.000000s ]
INFO: [ app_end ] --START--
INFO: Run Behavior\ShowPageTraceBehavior [ RunTime:0.000000s ]
INFO: [ app_end ] --END-- [ RunTime:0.000000s ]

[ 2018-07-17T23:05:15+08:00 ] 125.69.41.16 /Mobile/Reg/verifys
INFO: [ app_init ] --START--
INFO: Run Behavior\BuildLiteBehavior [ RunTime:0.000000s ]
INFO: [ app_init ] --END-- [ RunTime:0.000000s ]
INFO: [ app_begin ] --START--
INFO: Run Behavior\ReadHtmlCacheBehavior [ RunTime:0.000000s ]
INFO: [ app_begin ] --END-- [ RunTime:0.000000s ]
SQL: SELECT * FROM `blue_config`  [ RunTime:0.0000s ]
SQL: SELECT * FROM `blue_purse_download` ORDER BY add_time desc LIMIT 0,6   [ RunTime:0.0000s ]
SQL: SELECT * FROM `blue_dividend_config`  [ RunTime:0.0000s ]
SQL: SELECT * FROM `blue_article_category` WHERE ( parent_id = 6 ) LIMIT 4   [ RunTime:0.0000s ]
SQL: SELECT * FROM `blue_article` WHERE ( position_id = 7 ) LIMIT 4   [ RunTime:0.0000s ]
NOTIC: [8] Undefined index: USER_KEY_ID C:\phpStudy\WWW\App\Common\Controller\CommonController.class.php 第 100 行.
SQL: SELECT * FROM `blue_currency` WHERE ( is_line=1  ) ORDER BY sort  [ RunTime:0.0000s ]
NOTIC: [8] Undefined variable: whereMark C:\phpStudy\WWW\App\Common\Controller\CommonController.class.php 第 106 行.
SQL: SELECT `currency_id`,`currency_name`,`currency_logo`,`currency_mark` FROM `blue_currency` LIMIT 1   [ RunTime:0.0000s ]
SQL: SELECT `currency_id`,`currency_name`,`currency_logo`,`currency_mark` FROM `blue_currency` WHERE `is_line` = 1  [ RunTime:0.0000s ]
SQL: SELECT `price` FROM `blue_orders` WHERE ( currency_id = 52 ) ORDER BY add_time desc LIMIT 1   [ RunTime:0.0000s ]
SQL: SELECT `price` FROM `blue_orders` WHERE ( currency_id = 53 ) ORDER BY add_time desc LIMIT 1   [ RunTime:0.0000s ]
SQL: SELECT `price` FROM `blue_orders` WHERE ( currency_id = 54 ) ORDER BY add_time desc LIMIT 1   [ RunTime:0.0000s ]
INFO: [ app_end ] --START--
INFO: Run Behavior\ShowPageTraceBehavior [ RunTime:0.000000s ]
INFO: [ app_end ] --END-- [ RunTime:0.000000s ]

