[ 2018-08-06T15:00:58+08:00 ] 127.0.0.1 /Mobile/User/jingcai/currency_id/53.html
INFO: [ app_init ] --START--
INFO: Run Behavior\BuildLiteBehavior [ RunTime:0.000000s ]
INFO: [ app_init ] --END-- [ RunTime:0.001000s ]
INFO: [ app_begin ] --START--
INFO: Run Behavior\ReadHtmlCacheBehavior [ RunTime:0.001000s ]
INFO: [ app_begin ] --END-- [ RunTime:0.001000s ]
NOTIC: [2] preg_match(): Delimiter must not be alphanumeric or backslash D:\WWW\xiao\App\Common\Common\function.php 第 614 行.
SQL: SHOW COLUMNS FROM `blue_config` [ RunTime:0.0170s ]
SQL: SELECT * FROM `blue_config`  [ RunTime:0.0010s ]
SQL: SHOW COLUMNS FROM `blue_purse_download` [ RunTime:0.0170s ]
SQL: SELECT * FROM `blue_purse_download` ORDER BY add_time desc LIMIT 0,6   [ RunTime:0.0000s ]
SQL: SHOW COLUMNS FROM `blue_dividend_config` [ RunTime:0.0150s ]
SQL: SELECT * FROM `blue_dividend_config`  [ RunTime:0.0010s ]
SQL: SHOW COLUMNS FROM `blue_article_category` [ RunTime:0.0130s ]
SQL: SELECT * FROM `blue_article_category` WHERE ( parent_id = 6 ) LIMIT 4   [ RunTime:0.0010s ]
SQL: SHOW COLUMNS FROM `blue_article` [ RunTime:0.0140s ]
SQL: SELECT * FROM `blue_article` WHERE ( position_id = 7 ) LIMIT 4   [ RunTime:0.0000s ]
SQL: SHOW COLUMNS FROM `blue_orders` [ RunTime:0.0140s ]
SQL: SHOW COLUMNS FROM `blue_currency` [ RunTime:0.0160s ]
SQL: SELECT * FROM `blue_currency` WHERE ( is_line=1  ) ORDER BY sort  [ RunTime:0.0000s ]
NOTIC: [8] Undefined variable: whereMark D:\WWW\xiao\App\Common\Controller\CommonController.class.php 第 106 行.
SQL: SELECT `currency_id`,`currency_name`,`currency_logo`,`currency_mark` FROM `blue_currency` LIMIT 1   [ RunTime:0.0000s ]
SQL: SELECT `currency_id`,`currency_name`,`currency_logo`,`currency_mark` FROM `blue_currency` WHERE `is_line` = 1  [ RunTime:0.0000s ]
SQL: SELECT `price` FROM `blue_orders` WHERE ( currency_id = 52 ) ORDER BY add_time desc LIMIT 1   [ RunTime:0.0000s ]
SQL: SELECT `price` FROM `blue_orders` WHERE ( currency_id = 53 ) ORDER BY add_time desc LIMIT 1   [ RunTime:0.0010s ]
SQL: SELECT `price` FROM `blue_orders` WHERE ( currency_id = 54 ) ORDER BY add_time desc LIMIT 1   [ RunTime:0.0000s ]

[ 2018-08-06T15:00:59+08:00 ] 127.0.0.1 /Mobile/Login/index.html
INFO: [ app_init ] --START--
INFO: Run Behavior\BuildLiteBehavior [ RunTime:0.000000s ]
INFO: [ app_init ] --END-- [ RunTime:0.000000s ]
INFO: [ app_begin ] --START--
INFO: Run Behavior\ReadHtmlCacheBehavior [ RunTime:0.001000s ]
INFO: [ app_begin ] --END-- [ RunTime:0.001000s ]
SQL: SHOW COLUMNS FROM `blue_config` [ RunTime:0.0170s ]
SQL: SELECT * FROM `blue_config`  [ RunTime:0.0000s ]
SQL: SHOW COLUMNS FROM `blue_purse_download` [ RunTime:0.0190s ]
SQL: SELECT * FROM `blue_purse_download` ORDER BY add_time desc LIMIT 0,6   [ RunTime:0.0010s ]
SQL: SHOW COLUMNS FROM `blue_dividend_config` [ RunTime:0.0190s ]
SQL: SELECT * FROM `blue_dividend_config`  [ RunTime:0.0000s ]
SQL: SHOW COLUMNS FROM `blue_article_category` [ RunTime:0.0130s ]
SQL: SELECT * FROM `blue_article_category` WHERE ( parent_id = 6 ) LIMIT 4   [ RunTime:0.0010s ]
SQL: SHOW COLUMNS FROM `blue_article` [ RunTime:0.0150s ]
SQL: SELECT * FROM `blue_article` WHERE ( position_id = 7 ) LIMIT 4   [ RunTime:0.0000s ]
SQL: SHOW COLUMNS FROM `blue_orders` [ RunTime:0.0160s ]
SQL: SHOW COLUMNS FROM `blue_currency` [ RunTime:0.0140s ]
SQL: SELECT * FROM `blue_currency` WHERE ( is_line=1  ) ORDER BY sort  [ RunTime:0.0000s ]
NOTIC: [8] Undefined variable: whereMark D:\WWW\xiao\App\Common\Controller\CommonController.class.php 第 106 行.
SQL: SELECT `currency_id`,`currency_name`,`currency_logo`,`currency_mark` FROM `blue_currency` LIMIT 1   [ RunTime:0.0000s ]
SQL: SELECT `currency_id`,`currency_name`,`currency_logo`,`currency_mark` FROM `blue_currency` WHERE `is_line` = 1  [ RunTime:0.0000s ]
SQL: SELECT `price` FROM `blue_orders` WHERE ( currency_id = 52 ) ORDER BY add_time desc LIMIT 1   [ RunTime:0.0000s ]
SQL: SELECT `price` FROM `blue_orders` WHERE ( currency_id = 53 ) ORDER BY add_time desc LIMIT 1   [ RunTime:0.0010s ]
SQL: SELECT `price` FROM `blue_orders` WHERE ( currency_id = 54 ) ORDER BY add_time desc LIMIT 1   [ RunTime:0.0000s ]
INFO: [ view_parse ] --START--
INFO: [ template_filter ] --START--
INFO: Run Behavior\ContentReplaceBehavior [ RunTime:0.001000s ]
INFO: [ template_filter ] --END-- [ RunTime:0.001000s ]
INFO: Run Behavior\ParseTemplateBehavior [ RunTime:0.014001s ]
INFO: [ view_parse ] --END-- [ RunTime:0.014001s ]
INFO: [ view_filter ] --START--
INFO: Run Behavior\WriteHtmlCacheBehavior [ RunTime:0.001000s ]
INFO: [ view_filter ] --END-- [ RunTime:0.001000s ]
INFO: [ app_end ] --START--
INFO: Run Behavior\ShowPageTraceBehavior [ RunTime:0.000000s ]
INFO: [ app_end ] --END-- [ RunTime:0.000000s ]

[ 2018-08-06T15:01:01+08:00 ] 127.0.0.1 /Mobile/User/count_licai_rate_num.html
INFO: [ app_init ] --START--
INFO: Run Behavior\BuildLiteBehavior [ RunTime:0.000000s ]
INFO: [ app_init ] --END-- [ RunTime:0.000000s ]
INFO: [ app_begin ] --START--
INFO: Run Behavior\ReadHtmlCacheBehavior [ RunTime:0.001000s ]
INFO: [ app_begin ] --END-- [ RunTime:0.001000s ]
SQL: SHOW COLUMNS FROM `blue_config` [ RunTime:0.0370s ]
SQL: SELECT * FROM `blue_config`  [ RunTime:0.0000s ]
SQL: SHOW COLUMNS FROM `blue_purse_download` [ RunTime:0.0210s ]
SQL: SELECT * FROM `blue_purse_download` ORDER BY add_time desc LIMIT 0,6   [ RunTime:0.0000s ]
SQL: SHOW COLUMNS FROM `blue_dividend_config` [ RunTime:0.0150s ]
SQL: SELECT * FROM `blue_dividend_config`  [ RunTime:0.0000s ]
SQL: SHOW COLUMNS FROM `blue_article_category` [ RunTime:0.0120s ]
SQL: SELECT * FROM `blue_article_category` WHERE ( parent_id = 6 ) LIMIT 4   [ RunTime:0.0000s ]
SQL: SHOW COLUMNS FROM `blue_article` [ RunTime:0.0130s ]
SQL: SELECT * FROM `blue_article` WHERE ( position_id = 7 ) LIMIT 4   [ RunTime:0.0000s ]
SQL: SHOW COLUMNS FROM `blue_orders` [ RunTime:0.0130s ]
SQL: SHOW COLUMNS FROM `blue_currency` [ RunTime:0.0130s ]
SQL: SELECT * FROM `blue_currency` WHERE ( is_line=1  ) ORDER BY sort  [ RunTime:0.0000s ]
NOTIC: [8] Undefined variable: whereMark D:\WWW\xiao\App\Common\Controller\CommonController.class.php 第 106 行.
SQL: SELECT `currency_id`,`currency_name`,`currency_logo`,`currency_mark` FROM `blue_currency` LIMIT 1   [ RunTime:0.0010s ]
SQL: SELECT `currency_id`,`currency_name`,`currency_logo`,`currency_mark` FROM `blue_currency` WHERE `is_line` = 1  [ RunTime:0.0000s ]
SQL: SELECT `price` FROM `blue_orders` WHERE ( currency_id = 52 ) ORDER BY add_time desc LIMIT 1   [ RunTime:0.0010s ]
SQL: SELECT `price` FROM `blue_orders` WHERE ( currency_id = 53 ) ORDER BY add_time desc LIMIT 1   [ RunTime:0.0000s ]
SQL: SELECT `price` FROM `blue_orders` WHERE ( currency_id = 54 ) ORDER BY add_time desc LIMIT 1   [ RunTime:0.0010s ]

[ 2018-08-06T15:01:02+08:00 ] 127.0.0.1 /Mobile/Login/index.html
INFO: [ app_init ] --START--
INFO: Run Behavior\BuildLiteBehavior [ RunTime:0.000000s ]
INFO: [ app_init ] --END-- [ RunTime:0.000000s ]
INFO: [ app_begin ] --START--
INFO: Run Behavior\ReadHtmlCacheBehavior [ RunTime:0.000000s ]
INFO: [ app_begin ] --END-- [ RunTime:0.000000s ]
SQL: SHOW COLUMNS FROM `blue_config` [ RunTime:0.0180s ]
SQL: SELECT * FROM `blue_config`  [ RunTime:0.0010s ]
SQL: SHOW COLUMNS FROM `blue_purse_download` [ RunTime:0.0190s ]
SQL: SELECT * FROM `blue_purse_download` ORDER BY add_time desc LIMIT 0,6   [ RunTime:0.0000s ]
SQL: SHOW COLUMNS FROM `blue_dividend_config` [ RunTime:0.0130s ]
SQL: SELECT * FROM `blue_dividend_config`  [ RunTime:0.0000s ]
SQL: SHOW COLUMNS FROM `blue_article_category` [ RunTime:0.0130s ]
SQL: SELECT * FROM `blue_article_category` WHERE ( parent_id = 6 ) LIMIT 4   [ RunTime:0.0010s ]
SQL: SHOW COLUMNS FROM `blue_article` [ RunTime:0.0130s ]
SQL: SELECT * FROM `blue_article` WHERE ( position_id = 7 ) LIMIT 4   [ RunTime:0.0000s ]
SQL: SHOW COLUMNS FROM `blue_orders` [ RunTime:0.0130s ]
SQL: SHOW COLUMNS FROM `blue_currency` [ RunTime:0.0120s ]
SQL: SELECT * FROM `blue_currency` WHERE ( is_line=1  ) ORDER BY sort  [ RunTime:0.0010s ]
NOTIC: [8] Undefined variable: whereMark D:\WWW\xiao\App\Common\Controller\CommonController.class.php 第 106 行.
SQL: SELECT `currency_id`,`currency_name`,`currency_logo`,`currency_mark` FROM `blue_currency` LIMIT 1   [ RunTime:0.0000s ]
SQL: SELECT `currency_id`,`currency_name`,`currency_logo`,`currency_mark` FROM `blue_currency` WHERE `is_line` = 1  [ RunTime:0.0000s ]
SQL: SELECT `price` FROM `blue_orders` WHERE ( currency_id = 52 ) ORDER BY add_time desc LIMIT 1   [ RunTime:0.0010s ]
SQL: SELECT `price` FROM `blue_orders` WHERE ( currency_id = 53 ) ORDER BY add_time desc LIMIT 1   [ RunTime:0.0000s ]
SQL: SELECT `price` FROM `blue_orders` WHERE ( currency_id = 54 ) ORDER BY add_time desc LIMIT 1   [ RunTime:0.0010s ]
INFO: [ view_parse ] --START--
INFO: [ template_filter ] --START--
INFO: Run Behavior\ContentReplaceBehavior [ RunTime:0.000000s ]
INFO: [ template_filter ] --END-- [ RunTime:0.000000s ]
INFO: Run Behavior\ParseTemplateBehavior [ RunTime:0.007001s ]
INFO: [ view_parse ] --END-- [ RunTime:0.007001s ]
INFO: [ view_filter ] --START--
INFO: Run Behavior\WriteHtmlCacheBehavior [ RunTime:0.000000s ]
INFO: [ view_filter ] --END-- [ RunTime:0.000000s ]
INFO: [ app_end ] --START--
INFO: Run Behavior\ShowPageTraceBehavior [ RunTime:0.000000s ]
INFO: [ app_end ] --END-- [ RunTime:0.000000s ]

[ 2018-08-06T15:01:03+08:00 ] 127.0.0.1 /Mobile/Login/checkLog.html
INFO: [ app_init ] --START--
INFO: Run Behavior\BuildLiteBehavior [ RunTime:0.000000s ]
INFO: [ app_init ] --END-- [ RunTime:0.000000s ]
INFO: [ app_begin ] --START--
INFO: Run Behavior\ReadHtmlCacheBehavior [ RunTime:0.001000s ]
INFO: [ app_begin ] --END-- [ RunTime:0.001000s ]
NOTIC: [2] preg_match(): Delimiter must not be alphanumeric or backslash D:\WWW\xiao\App\Common\Common\function.php 第 614 行.
NOTIC: [2] preg_match(): Delimiter must not be alphanumeric or backslash D:\WWW\xiao\App\Common\Common\function.php 第 614 行.
SQL: SHOW COLUMNS FROM `blue_config` [ RunTime:0.0130s ]
SQL: SELECT * FROM `blue_config`  [ RunTime:0.0000s ]
SQL: SHOW COLUMNS FROM `blue_purse_download` [ RunTime:0.0180s ]
SQL: SELECT * FROM `blue_purse_download` ORDER BY add_time desc LIMIT 0,6   [ RunTime:0.0000s ]
SQL: SHOW COLUMNS FROM `blue_dividend_config` [ RunTime:0.0190s ]
SQL: SELECT * FROM `blue_dividend_config`  [ RunTime:0.0010s ]
SQL: SHOW COLUMNS FROM `blue_article_category` [ RunTime:0.0140s ]
SQL: SELECT * FROM `blue_article_category` WHERE ( parent_id = 6 ) LIMIT 4   [ RunTime:0.0000s ]
SQL: SHOW COLUMNS FROM `blue_article` [ RunTime:0.0120s ]
SQL: SELECT * FROM `blue_article` WHERE ( position_id = 7 ) LIMIT 4   [ RunTime:0.0000s ]
SQL: SHOW COLUMNS FROM `blue_orders` [ RunTime:0.0120s ]
SQL: SHOW COLUMNS FROM `blue_currency` [ RunTime:0.0140s ]
SQL: SELECT * FROM `blue_currency` WHERE ( is_line=1  ) ORDER BY sort  [ RunTime:0.0010s ]
NOTIC: [8] Undefined variable: whereMark D:\WWW\xiao\App\Common\Controller\CommonController.class.php 第 106 行.
SQL: SELECT `currency_id`,`currency_name`,`currency_logo`,`currency_mark` FROM `blue_currency` LIMIT 1   [ RunTime:0.0000s ]
SQL: SELECT `currency_id`,`currency_name`,`currency_logo`,`currency_mark` FROM `blue_currency` WHERE `is_line` = 1  [ RunTime:0.0000s ]
SQL: SELECT `price` FROM `blue_orders` WHERE ( currency_id = 52 ) ORDER BY add_time desc LIMIT 1   [ RunTime:0.0010s ]
SQL: SELECT `price` FROM `blue_orders` WHERE ( currency_id = 53 ) ORDER BY add_time desc LIMIT 1   [ RunTime:0.0000s ]
SQL: SELECT `price` FROM `blue_orders` WHERE ( currency_id = 54 ) ORDER BY add_time desc LIMIT 1   [ RunTime:0.0000s ]
SQL: SHOW COLUMNS FROM `blue_member` [ RunTime:0.0120s ]
SQL: SELECT * FROM `blue_member` WHERE `username` = '376499985' LIMIT 1   [ RunTime:0.0000s ]
NOTIC: [8] Undefined variable: new_ip D:\WWW\xiao\App\Mobile\Controller\LoginController.class.php 第 141 行.
SQL: UPDATE `blue_member` SET `login_ip`=NULL,`login_time`='1533538863' WHERE `member_id` = 10375 [ RunTime:0.0370s ]

[ 2018-08-06T15:01:05+08:00 ] 127.0.0.1 /Mobile/Login/checkLog.html
INFO: [ app_init ] --START--
INFO: Run Behavior\BuildLiteBehavior [ RunTime:0.000000s ]
INFO: [ app_init ] --END-- [ RunTime:0.000000s ]
INFO: [ app_begin ] --START--
INFO: Run Behavior\ReadHtmlCacheBehavior [ RunTime:0.001000s ]
INFO: [ app_begin ] --END-- [ RunTime:0.001000s ]
NOTIC: [2] preg_match(): Delimiter must not be alphanumeric or backslash D:\WWW\xiao\App\Common\Common\function.php 第 614 行.
NOTIC: [2] preg_match(): Delimiter must not be alphanumeric or backslash D:\WWW\xiao\App\Common\Common\function.php 第 614 行.
SQL: SHOW COLUMNS FROM `blue_config` [ RunTime:0.0270s ]
SQL: SELECT * FROM `blue_config`  [ RunTime:0.0000s ]
SQL: SHOW COLUMNS FROM `blue_purse_download` [ RunTime:0.0140s ]
SQL: SELECT * FROM `blue_purse_download` ORDER BY add_time desc LIMIT 0,6   [ RunTime:0.0000s ]
SQL: SHOW COLUMNS FROM `blue_dividend_config` [ RunTime:0.0130s ]
SQL: SELECT * FROM `blue_dividend_config`  [ RunTime:0.0000s ]
SQL: SHOW COLUMNS FROM `blue_article_category` [ RunTime:0.0120s ]
SQL: SELECT * FROM `blue_article_category` WHERE ( parent_id = 6 ) LIMIT 4   [ RunTime:0.0010s ]
SQL: SHOW COLUMNS FROM `blue_article` [ RunTime:0.0130s ]
SQL: SELECT * FROM `blue_article` WHERE ( position_id = 7 ) LIMIT 4   [ RunTime:0.0000s ]
SQL: SHOW COLUMNS FROM `blue_member` [ RunTime:0.0130s ]
SQL: SELECT *,(rmb+forzen_rmb) as count FROM `blue_member` WHERE ( member_id='10375' ) LIMIT 1   [ RunTime:0.0010s ]
SQL: SHOW COLUMNS FROM `blue_orders` [ RunTime:0.0100s ]
SQL: SHOW COLUMNS FROM `blue_message` [ RunTime:0.0270s ]
SQL: SELECT COUNT(*) AS tp_count FROM `blue_message` WHERE `member_id` = '10375' AND `status` = 0 LIMIT 1   [ RunTime:0.0000s ]
SQL: SHOW COLUMNS FROM `blue_currency` [ RunTime:0.0120s ]
SQL: SELECT * FROM `blue_currency` WHERE ( is_line=1  ) ORDER BY sort  [ RunTime:0.0000s ]
NOTIC: [8] Undefined variable: whereMark D:\WWW\xiao\App\Common\Controller\CommonController.class.php 第 106 行.
SQL: SELECT `currency_id`,`currency_name`,`currency_logo`,`currency_mark` FROM `blue_currency` LIMIT 1   [ RunTime:0.0000s ]
SQL: SELECT `currency_id`,`currency_name`,`currency_logo`,`currency_mark` FROM `blue_currency` WHERE `is_line` = 1  [ RunTime:0.0000s ]
SQL: SELECT `price` FROM `blue_orders` WHERE ( currency_id = 52 ) ORDER BY add_time desc LIMIT 1   [ RunTime:0.0010s ]
SQL: SELECT `price` FROM `blue_orders` WHERE ( currency_id = 53 ) ORDER BY add_time desc LIMIT 1   [ RunTime:0.0000s ]
SQL: SELECT `price` FROM `blue_orders` WHERE ( currency_id = 54 ) ORDER BY add_time desc LIMIT 1   [ RunTime:0.0010s ]
SQL: SHOW COLUMNS FROM `blue_member` [ RunTime:0.0120s ]
SQL: SELECT * FROM `blue_member` WHERE `username` = '376499985' LIMIT 1   [ RunTime:0.0010s ]
NOTIC: [8] Undefined variable: new_ip D:\WWW\xiao\App\Mobile\Controller\LoginController.class.php 第 141 行.
SQL: UPDATE `blue_member` SET `login_ip`=NULL,`login_time`='1533538865' WHERE `member_id` = 10375 [ RunTime:0.0190s ]

[ 2018-08-06T15:01:06+08:00 ] 127.0.0.1 /Mobile/user/home.html
INFO: [ app_init ] --START--
INFO: Run Behavior\BuildLiteBehavior [ RunTime:0.000000s ]
INFO: [ app_init ] --END-- [ RunTime:0.001000s ]
INFO: [ app_begin ] --START--
INFO: Run Behavior\ReadHtmlCacheBehavior [ RunTime:0.001000s ]
INFO: [ app_begin ] --END-- [ RunTime:0.001000s ]
SQL: SHOW COLUMNS FROM `blue_config` [ RunTime:0.0290s ]
SQL: SELECT * FROM `blue_config`  [ RunTime:0.0000s ]
SQL: SHOW COLUMNS FROM `blue_purse_download` [ RunTime:0.0140s ]
SQL: SELECT * FROM `blue_purse_download` ORDER BY add_time desc LIMIT 0,6   [ RunTime:0.0000s ]
SQL: SHOW COLUMNS FROM `blue_dividend_config` [ RunTime:0.0140s ]
SQL: SELECT * FROM `blue_dividend_config`  [ RunTime:0.0000s ]
SQL: SHOW COLUMNS FROM `blue_article_category` [ RunTime:0.0130s ]
SQL: SELECT * FROM `blue_article_category` WHERE ( parent_id = 6 ) LIMIT 4   [ RunTime:0.0000s ]
SQL: SHOW COLUMNS FROM `blue_article` [ RunTime:0.0130s ]
SQL: SELECT * FROM `blue_article` WHERE ( position_id = 7 ) LIMIT 4   [ RunTime:0.0000s ]
SQL: SHOW COLUMNS FROM `blue_member` [ RunTime:0.0120s ]
SQL: SELECT *,(rmb+forzen_rmb) as count FROM `blue_member` WHERE ( member_id='10375' ) LIMIT 1   [ RunTime:0.0000s ]
SQL: SHOW COLUMNS FROM `blue_orders` [ RunTime:0.0140s ]
SQL: SHOW COLUMNS FROM `blue_message` [ RunTime:0.0140s ]
SQL: SELECT COUNT(*) AS tp_count FROM `blue_message` WHERE `member_id` = '10375' AND `status` = 0 LIMIT 1   [ RunTime:0.0000s ]
SQL: SHOW COLUMNS FROM `blue_currency` [ RunTime:0.0140s ]
SQL: SELECT * FROM `blue_currency` WHERE ( is_line=1  ) ORDER BY sort  [ RunTime:0.0000s ]
NOTIC: [8] Undefined variable: whereMark D:\WWW\xiao\App\Common\Controller\CommonController.class.php 第 106 行.
SQL: SELECT `currency_id`,`currency_name`,`currency_logo`,`currency_mark` FROM `blue_currency` LIMIT 1   [ RunTime:0.0010s ]
SQL: SELECT `currency_id`,`currency_name`,`currency_logo`,`currency_mark` FROM `blue_currency` WHERE `is_line` = 1  [ RunTime:0.0000s ]
SQL: SELECT `price` FROM `blue_orders` WHERE ( currency_id = 52 ) ORDER BY add_time desc LIMIT 1   [ RunTime:0.0010s ]
SQL: SELECT `price` FROM `blue_orders` WHERE ( currency_id = 53 ) ORDER BY add_time desc LIMIT 1   [ RunTime:0.0000s ]
SQL: SELECT `price` FROM `blue_orders` WHERE ( currency_id = 54 ) ORDER BY add_time desc LIMIT 1   [ RunTime:0.0000s ]
SQL: SELECT * FROM `blue_member` WHERE ( member_id =10375 ) LIMIT 1   [ RunTime:0.0000s ]
SQL: SHOW COLUMNS FROM `blue_trade` [ RunTime:0.0130s ]
SQL: SELECT * FROM `blue_currency`  [ RunTime:0.0000s ]
SQL: SHOW COLUMNS FROM `blue_currency_user` [ RunTime:0.0130s ]
SQL: SELECT *,(num+forzen_num) as count FROM `blue_currency_user` WHERE `member_id` = 10375 AND `currency_id` = 52 LIMIT 1   [ RunTime:0.0000s ]
SQL: SELECT *,(num+forzen_num) as count FROM `blue_currency_user` WHERE `member_id` = 10375 AND `currency_id` = 53 LIMIT 1   [ RunTime:0.0000s ]
SQL: SELECT *,(num+forzen_num) as count FROM `blue_currency_user` WHERE `member_id` = 10375 AND `currency_id` = 54 LIMIT 1   [ RunTime:0.0000s ]
SQL: SHOW COLUMNS FROM `blue_issue_log` [ RunTime:0.0140s ]
SQL: SELECT * FROM `blue_issue_log` WHERE ( deal>0 and add_time<1533538866-60*60*24 and uid=10375 and status=0 )  [ RunTime:0.0000s ]
SQL: SELECT * FROM `blue_member` WHERE `member_id` = 10375 LIMIT 1   [ RunTime:0.0000s ]
INFO: [ view_parse ] --START--
INFO: [ template_filter ] --START--
INFO: Run Behavior\ContentReplaceBehavior [ RunTime:0.000000s ]
INFO: [ template_filter ] --END-- [ RunTime:0.000000s ]
SQL: SHOW COLUMNS FROM `blue_member_grade` [ RunTime:0.0130s ]
SQL: SELECT `title` FROM `blue_member_grade` WHERE `id` = 1 LIMIT 1   [ RunTime:0.0120s ]
INFO: Run Behavior\ParseTemplateBehavior [ RunTime:0.041004s ]
INFO: [ view_parse ] --END-- [ RunTime:0.041004s ]
INFO: [ view_filter ] --START--
INFO: Run Behavior\WriteHtmlCacheBehavior [ RunTime:0.000000s ]
INFO: [ view_filter ] --END-- [ RunTime:0.000000s ]
INFO: [ app_end ] --START--
INFO: Run Behavior\ShowPageTraceBehavior [ RunTime:0.001000s ]
INFO: [ app_end ] --END-- [ RunTime:0.001000s ]

[ 2018-08-06T15:01:07+08:00 ] 127.0.0.1 /Mobile/user/home.html
INFO: [ app_init ] --START--
INFO: Run Behavior\BuildLiteBehavior [ RunTime:0.000000s ]
INFO: [ app_init ] --END-- [ RunTime:0.000000s ]
INFO: [ app_begin ] --START--
INFO: Run Behavior\ReadHtmlCacheBehavior [ RunTime:0.000000s ]
INFO: [ app_begin ] --END-- [ RunTime:0.000000s ]
SQL: SHOW COLUMNS FROM `blue_config` [ RunTime:0.0190s ]
SQL: SELECT * FROM `blue_config`  [ RunTime:0.0010s ]
SQL: SHOW COLUMNS FROM `blue_purse_download` [ RunTime:0.0180s ]
SQL: SELECT * FROM `blue_purse_download` ORDER BY add_time desc LIMIT 0,6   [ RunTime:0.0000s ]
SQL: SHOW COLUMNS FROM `blue_dividend_config` [ RunTime:0.0140s ]
SQL: SELECT * FROM `blue_dividend_config`  [ RunTime:0.0000s ]
SQL: SHOW COLUMNS FROM `blue_article_category` [ RunTime:0.0130s ]
SQL: SELECT * FROM `blue_article_category` WHERE ( parent_id = 6 ) LIMIT 4   [ RunTime:0.0000s ]
SQL: SHOW COLUMNS FROM `blue_article` [ RunTime:0.0130s ]
SQL: SELECT * FROM `blue_article` WHERE ( position_id = 7 ) LIMIT 4   [ RunTime:0.0000s ]
SQL: SHOW COLUMNS FROM `blue_member` [ RunTime:0.0120s ]
SQL: SELECT *,(rmb+forzen_rmb) as count FROM `blue_member` WHERE ( member_id='10375' ) LIMIT 1   [ RunTime:0.0010s ]
SQL: SHOW COLUMNS FROM `blue_orders` [ RunTime:0.0100s ]
SQL: SHOW COLUMNS FROM `blue_message` [ RunTime:0.0100s ]
SQL: SELECT COUNT(*) AS tp_count FROM `blue_message` WHERE `member_id` = '10375' AND `status` = 0 LIMIT 1   [ RunTime:0.0010s ]
SQL: SHOW COLUMNS FROM `blue_currency` [ RunTime:0.0110s ]
SQL: SELECT * FROM `blue_currency` WHERE ( is_line=1  ) ORDER BY sort  [ RunTime:0.0000s ]
NOTIC: [8] Undefined variable: whereMark D:\WWW\xiao\App\Common\Controller\CommonController.class.php 第 106 行.
SQL: SELECT `currency_id`,`currency_name`,`currency_logo`,`currency_mark` FROM `blue_currency` LIMIT 1   [ RunTime:0.0010s ]
SQL: SELECT `currency_id`,`currency_name`,`currency_logo`,`currency_mark` FROM `blue_currency` WHERE `is_line` = 1  [ RunTime:0.0000s ]
SQL: SELECT `price` FROM `blue_orders` WHERE ( currency_id = 52 ) ORDER BY add_time desc LIMIT 1   [ RunTime:0.0000s ]
SQL: SELECT `price` FROM `blue_orders` WHERE ( currency_id = 53 ) ORDER BY add_time desc LIMIT 1   [ RunTime:0.0010s ]
SQL: SELECT `price` FROM `blue_orders` WHERE ( currency_id = 54 ) ORDER BY add_time desc LIMIT 1   [ RunTime:0.0000s ]
SQL: SELECT * FROM `blue_member` WHERE ( member_id =10375 ) LIMIT 1   [ RunTime:0.0000s ]
SQL: SHOW COLUMNS FROM `blue_trade` [ RunTime:0.0110s ]
SQL: SELECT * FROM `blue_currency`  [ RunTime:0.0000s ]
SQL: SHOW COLUMNS FROM `blue_currency_user` [ RunTime:0.0100s ]
SQL: SELECT *,(num+forzen_num) as count FROM `blue_currency_user` WHERE `member_id` = 10375 AND `currency_id` = 52 LIMIT 1   [ RunTime:0.0000s ]
SQL: SELECT *,(num+forzen_num) as count FROM `blue_currency_user` WHERE `member_id` = 10375 AND `currency_id` = 53 LIMIT 1   [ RunTime:0.0000s ]
SQL: SELECT *,(num+forzen_num) as count FROM `blue_currency_user` WHERE `member_id` = 10375 AND `currency_id` = 54 LIMIT 1   [ RunTime:0.0000s ]
SQL: SHOW COLUMNS FROM `blue_issue_log` [ RunTime:0.0110s ]
SQL: SELECT * FROM `blue_issue_log` WHERE ( deal>0 and add_time<1533538867-60*60*24 and uid=10375 and status=0 )  [ RunTime:0.0000s ]
SQL: SELECT * FROM `blue_member` WHERE `member_id` = 10375 LIMIT 1   [ RunTime:0.0010s ]
INFO: [ view_parse ] --START--
INFO: [ template_filter ] --START--
INFO: Run Behavior\ContentReplaceBehavior [ RunTime:0.000000s ]
INFO: [ template_filter ] --END-- [ RunTime:0.000000s ]
SQL: SHOW COLUMNS FROM `blue_member_grade` [ RunTime:0.0110s ]
SQL: SELECT `title` FROM `blue_member_grade` WHERE `id` = 1 LIMIT 1   [ RunTime:0.0000s ]
INFO: Run Behavior\ParseTemplateBehavior [ RunTime:0.022002s ]
INFO: [ view_parse ] --END-- [ RunTime:0.022002s ]
INFO: [ view_filter ] --START--
INFO: Run Behavior\WriteHtmlCacheBehavior [ RunTime:0.000000s ]
INFO: [ view_filter ] --END-- [ RunTime:0.000000s ]
INFO: [ app_end ] --START--
INFO: Run Behavior\ShowPageTraceBehavior [ RunTime:0.001000s ]
INFO: [ app_end ] --END-- [ RunTime:0.001000s ]

[ 2018-08-06T15:01:09+08:00 ] 127.0.0.1 /Mobile/User/count_licai_rate_num.html
INFO: [ app_init ] --START--
INFO: Run Behavior\BuildLiteBehavior [ RunTime:0.000000s ]
INFO: [ app_init ] --END-- [ RunTime:0.000000s ]
INFO: [ app_begin ] --START--
INFO: Run Behavior\ReadHtmlCacheBehavior [ RunTime:0.000000s ]
INFO: [ app_begin ] --END-- [ RunTime:0.000000s ]
SQL: SHOW COLUMNS FROM `blue_config` [ RunTime:0.0240s ]
SQL: SELECT * FROM `blue_config`  [ RunTime:0.0010s ]
SQL: SHOW COLUMNS FROM `blue_purse_download` [ RunTime:0.0150s ]
SQL: SELECT * FROM `blue_purse_download` ORDER BY add_time desc LIMIT 0,6   [ RunTime:0.0000s ]
SQL: SHOW COLUMNS FROM `blue_dividend_config` [ RunTime:0.0120s ]
SQL: SELECT * FROM `blue_dividend_config`  [ RunTime:0.0010s ]
SQL: SHOW COLUMNS FROM `blue_article_category` [ RunTime:0.0120s ]
SQL: SELECT * FROM `blue_article_category` WHERE ( parent_id = 6 ) LIMIT 4   [ RunTime:0.0000s ]
SQL: SHOW COLUMNS FROM `blue_article` [ RunTime:0.0110s ]
SQL: SELECT * FROM `blue_article` WHERE ( position_id = 7 ) LIMIT 4   [ RunTime:0.0000s ]
SQL: SHOW COLUMNS FROM `blue_member` [ RunTime:0.0110s ]
SQL: SELECT *,(rmb+forzen_rmb) as count FROM `blue_member` WHERE ( member_id='10375' ) LIMIT 1   [ RunTime:0.0000s ]
SQL: SHOW COLUMNS FROM `blue_orders` [ RunTime:0.0110s ]
SQL: SHOW COLUMNS FROM `blue_message` [ RunTime:0.0100s ]
SQL: SELECT COUNT(*) AS tp_count FROM `blue_message` WHERE `member_id` = '10375' AND `status` = 0 LIMIT 1   [ RunTime:0.0000s ]
SQL: SHOW COLUMNS FROM `blue_currency` [ RunTime:0.0110s ]
SQL: SELECT * FROM `blue_currency` WHERE ( is_line=1  ) ORDER BY sort  [ RunTime:0.0010s ]
NOTIC: [8] Undefined variable: whereMark D:\WWW\xiao\App\Common\Controller\CommonController.class.php 第 106 行.
SQL: SELECT `currency_id`,`currency_name`,`currency_logo`,`currency_mark` FROM `blue_currency` LIMIT 1   [ RunTime:0.0000s ]
SQL: SELECT `currency_id`,`currency_name`,`currency_logo`,`currency_mark` FROM `blue_currency` WHERE `is_line` = 1  [ RunTime:0.0000s ]
SQL: SELECT `price` FROM `blue_orders` WHERE ( currency_id = 52 ) ORDER BY add_time desc LIMIT 1   [ RunTime:0.0010s ]
SQL: SELECT `price` FROM `blue_orders` WHERE ( currency_id = 53 ) ORDER BY add_time desc LIMIT 1   [ RunTime:0.0000s ]
SQL: SELECT `price` FROM `blue_orders` WHERE ( currency_id = 54 ) ORDER BY add_time desc LIMIT 1   [ RunTime:0.0010s ]
SQL: SELECT * FROM `blue_member` WHERE ( member_id =10375 ) LIMIT 1   [ RunTime:0.0000s ]
SQL: SHOW COLUMNS FROM `blue_trade` [ RunTime:0.0110s ]
SQL: SELECT * FROM `blue_currency`  [ RunTime:0.0000s ]
SQL: SHOW COLUMNS FROM `blue_currency_user` [ RunTime:0.0110s ]
SQL: SELECT *,(num+forzen_num) as count FROM `blue_currency_user` WHERE `member_id` = 10375 AND `currency_id` = 52 LIMIT 1   [ RunTime:0.0010s ]
SQL: SELECT *,(num+forzen_num) as count FROM `blue_currency_user` WHERE `member_id` = 10375 AND `currency_id` = 53 LIMIT 1   [ RunTime:0.0000s ]
SQL: SELECT *,(num+forzen_num) as count FROM `blue_currency_user` WHERE `member_id` = 10375 AND `currency_id` = 54 LIMIT 1   [ RunTime:0.0000s ]
SQL: SHOW COLUMNS FROM `blue_issue_log` [ RunTime:0.0110s ]
SQL: SELECT * FROM `blue_issue_log` WHERE ( deal>0 and add_time<1533538869-60*60*24 and uid=10375 and status=0 )  [ RunTime:0.0000s ]
SQL: SHOW COLUMNS FROM `blue_currency_user` [ RunTime:0.0110s ]
SQL: SHOW COLUMNS FROM `blue_currency_rate_record` [ RunTime:0.0100s ]
SQL: SHOW COLUMNS FROM `blue_licai_currency_user` [ RunTime:0.0120s ]
SQL: SHOW COLUMNS FROM `blue_licai_currency` [ RunTime:0.0100s ]
SQL: SELECT blue_licai_currency_user.* FROM `blue_licai_currency_user` INNER JOIN blue_licai_currency on blue_licai_currency_user.currency_id=blue_licai_currency.currency_id  WHERE blue_licai_currency_user.member_id = '10375' AND blue_licai_currency_user.status = 0 AND blue_licai_currency_user.type = 1 AND blue_licai_currency_user.add_time < 1533484800 AND blue_licai_currency.status = 1  [ RunTime:0.0000s ]
SQL: SELECT blue_currency_user.*,blue_licai_currency.rate FROM `blue_currency_user` INNER JOIN blue_licai_currency on blue_currency_user.currency_id=blue_licai_currency.currency_id  WHERE blue_currency_user.member_id = '10375' AND blue_licai_currency.status = 1  [ RunTime:0.0000s ]
SQL: SELECT `rate` FROM `blue_licai_currency` WHERE `currency_id` = 52 LIMIT 1   [ RunTime:0.0010s ]
SQL: SELECT * FROM `blue_currency_rate_record` WHERE `member_id` = 10375 AND `currency_id` = 52 ORDER BY update_time desc LIMIT 1   [ RunTime:0.0080s ]
SQL: SELECT `rate` FROM `blue_licai_currency` WHERE `currency_id` = 53 LIMIT 1   [ RunTime:0.0000s ]
SQL: SELECT * FROM `blue_currency_rate_record` WHERE `member_id` = 10375 AND `currency_id` = 53 ORDER BY update_time desc LIMIT 1   [ RunTime:0.0000s ]
SQL: SELECT `rate` FROM `blue_licai_currency` WHERE `currency_id` = 54 LIMIT 1   [ RunTime:0.0010s ]
SQL: SELECT * FROM `blue_currency_rate_record` WHERE `member_id` = 10375 AND `currency_id` = 54 ORDER BY update_time desc LIMIT 1   [ RunTime:0.0000s ]
SQL: SELECT `total_licai_currency` FROM `blue_currency_user` WHERE `member_id` = 10375 AND `currency_id` = 52 LIMIT 1   [ RunTime:0.0000s ]
SQL: SELECT `rate` FROM `blue_licai_currency` WHERE `currency_id` = 52 LIMIT 1   [ RunTime:0.0000s ]
SQL: INSERT INTO `blue_currency_rate_record` (`member_id`,`currency_id`,`rate_num`,`rate`,`update_time`,`currency_num`) VALUES ('10375','52','10484.04236112','0.2','1533538869','24885.19945057') [ RunTime:0.0000s ]
NOTIC: [8] Undefined offset: 52 D:\WWW\xiao\App\Mobile\Controller\UserController.class.php 第 1314 行.
SQL: UPDATE `blue_currency_user` SET `total_licai_currency`=total_licai_currency+10484.04236112,`no_profit_licai_currency`=no_profit_licai_currency-0 WHERE `member_id` = 10375 AND `currency_id` = 52 [ RunTime:0.0210s ]
SQL: UPDATE `blue_licai_currency_user` SET `status`='1' WHERE `member_id` = 10375 AND `currency_id` = 52 AND `add_time` < 1533484800 [ RunTime:0.0130s ]
SQL: SHOW COLUMNS FROM `blue_member` [ RunTime:0.0200s ]
SQL: SELECT `pid` FROM `blue_member` WHERE `member_id` = 10375 LIMIT 1   [ RunTime:0.0010s ]
SQL: SHOW COLUMNS FROM `blue_currency` [ RunTime:0.0170s ]
SQL: SELECT `currency_name` FROM `blue_currency` WHERE `currency_id` = 52 LIMIT 1   [ RunTime:0.0000s ]
SQL: SELECT `total_licai_currency` FROM `blue_currency_user` WHERE `member_id` = 10375 AND `currency_id` = 53 LIMIT 1   [ RunTime:0.0010s ]
SQL: SELECT `rate` FROM `blue_licai_currency` WHERE `currency_id` = 53 LIMIT 1   [ RunTime:0.0000s ]
SQL: INSERT INTO `blue_currency_rate_record` (`member_id`,`currency_id`,`rate_num`,`rate`,`update_time`,`currency_num`) VALUES ('10375','53','26576.922143573','0.5','1533538869','37767.205151393') [ RunTime:0.0010s ]
NOTIC: [8] Undefined offset: 53 D:\WWW\xiao\App\Mobile\Controller\UserController.class.php 第 1314 行.
SQL: UPDATE `blue_currency_user` SET `total_licai_currency`=total_licai_currency+26576.922143573,`no_profit_licai_currency`=no_profit_licai_currency-0 WHERE `member_id` = 10375 AND `currency_id` = 53 [ RunTime:0.0210s ]
SQL: UPDATE `blue_licai_currency_user` SET `status`='1' WHERE `member_id` = 10375 AND `currency_id` = 53 AND `add_time` < 1533484800 [ RunTime:0.0110s ]
SQL: SELECT `pid` FROM `blue_member` WHERE `member_id` = 10375 LIMIT 1   [ RunTime:0.0000s ]
SQL: SELECT `currency_name` FROM `blue_currency` WHERE `currency_id` = 53 LIMIT 1   [ RunTime:0.0010s ]
SQL: SELECT `total_licai_currency` FROM `blue_currency_user` WHERE `member_id` = 10375 AND `currency_id` = 54 LIMIT 1   [ RunTime:0.0000s ]
SQL: SELECT `rate` FROM `blue_licai_currency` WHERE `currency_id` = 54 LIMIT 1   [ RunTime:0.0000s ]
SQL: INSERT INTO `blue_currency_rate_record` (`member_id`,`currency_id`,`rate_num`,`rate`,`update_time`,`currency_num`) VALUES ('10375','54','5.07743428878','0.3','1533538869','9.31923402878') [ RunTime:0.0000s ]
NOTIC: [8] Undefined offset: 54 D:\WWW\xiao\App\Mobile\Controller\UserController.class.php 第 1314 行.
SQL: UPDATE `blue_currency_user` SET `total_licai_currency`=total_licai_currency+5.07743428878,`no_profit_licai_currency`=no_profit_licai_currency-0 WHERE `member_id` = 10375 AND `currency_id` = 54 [ RunTime:0.0190s ]
SQL: UPDATE `blue_licai_currency_user` SET `status`='1' WHERE `member_id` = 10375 AND `currency_id` = 54 AND `add_time` < 1533484800 [ RunTime:0.0120s ]
SQL: SELECT `pid` FROM `blue_member` WHERE `member_id` = 10375 LIMIT 1   [ RunTime:0.0000s ]
SQL: SELECT `currency_name` FROM `blue_currency` WHERE `currency_id` = 54 LIMIT 1   [ RunTime:0.0010s ]

[ 2018-08-06T15:01:10+08:00 ] 127.0.0.1 /Mobile/User/addLicai.html
INFO: [ app_init ] --START--
INFO: Run Behavior\BuildLiteBehavior [ RunTime:0.000000s ]
INFO: [ app_init ] --END-- [ RunTime:0.000000s ]
INFO: [ app_begin ] --START--
INFO: Run Behavior\ReadHtmlCacheBehavior [ RunTime:0.001000s ]
INFO: [ app_begin ] --END-- [ RunTime:0.001000s ]
SQL: SHOW COLUMNS FROM `blue_config` [ RunTime:0.0440s ]
SQL: SELECT * FROM `blue_config`  [ RunTime:0.0020s ]
SQL: SHOW COLUMNS FROM `blue_purse_download` [ RunTime:0.0330s ]
SQL: SELECT * FROM `blue_purse_download` ORDER BY add_time desc LIMIT 0,6   [ RunTime:0.0000s ]
SQL: SHOW COLUMNS FROM `blue_dividend_config` [ RunTime:0.0210s ]
SQL: SELECT * FROM `blue_dividend_config`  [ RunTime:0.0000s ]
SQL: SHOW COLUMNS FROM `blue_article_category` [ RunTime:0.0110s ]
SQL: SELECT * FROM `blue_article_category` WHERE ( parent_id = 6 ) LIMIT 4   [ RunTime:0.0010s ]
SQL: SHOW COLUMNS FROM `blue_article` [ RunTime:0.0110s ]
SQL: SELECT * FROM `blue_article` WHERE ( position_id = 7 ) LIMIT 4   [ RunTime:0.0000s ]
SQL: SHOW COLUMNS FROM `blue_member` [ RunTime:0.0130s ]
SQL: SELECT *,(rmb+forzen_rmb) as count FROM `blue_member` WHERE ( member_id='10375' ) LIMIT 1   [ RunTime:0.0000s ]
SQL: SHOW COLUMNS FROM `blue_orders` [ RunTime:0.0110s ]
SQL: SHOW COLUMNS FROM `blue_message` [ RunTime:0.0110s ]
SQL: SELECT COUNT(*) AS tp_count FROM `blue_message` WHERE `member_id` = '10375' AND `status` = 0 LIMIT 1   [ RunTime:0.0000s ]
SQL: SHOW COLUMNS FROM `blue_currency` [ RunTime:0.0110s ]
SQL: SELECT * FROM `blue_currency` WHERE ( is_line=1  ) ORDER BY sort  [ RunTime:0.0000s ]
NOTIC: [8] Undefined variable: whereMark D:\WWW\xiao\App\Common\Controller\CommonController.class.php 第 106 行.
SQL: SELECT `currency_id`,`currency_name`,`currency_logo`,`currency_mark` FROM `blue_currency` LIMIT 1   [ RunTime:0.0000s ]
SQL: SELECT `currency_id`,`currency_name`,`currency_logo`,`currency_mark` FROM `blue_currency` WHERE `is_line` = 1  [ RunTime:0.0010s ]
SQL: SELECT `price` FROM `blue_orders` WHERE ( currency_id = 52 ) ORDER BY add_time desc LIMIT 1   [ RunTime:0.0000s ]
SQL: SELECT `price` FROM `blue_orders` WHERE ( currency_id = 53 ) ORDER BY add_time desc LIMIT 1   [ RunTime:0.0010s ]
SQL: SELECT `price` FROM `blue_orders` WHERE ( currency_id = 54 ) ORDER BY add_time desc LIMIT 1   [ RunTime:0.0000s ]
SQL: SELECT * FROM `blue_member` WHERE ( member_id =10375 ) LIMIT 1   [ RunTime:0.0000s ]
SQL: SHOW COLUMNS FROM `blue_trade` [ RunTime:0.0110s ]
SQL: SELECT * FROM `blue_currency`  [ RunTime:0.0010s ]
SQL: SHOW COLUMNS FROM `blue_currency_user` [ RunTime:0.0110s ]
SQL: SELECT *,(num+forzen_num) as count FROM `blue_currency_user` WHERE `member_id` = 10375 AND `currency_id` = 52 LIMIT 1   [ RunTime:0.0010s ]
SQL: SELECT *,(num+forzen_num) as count FROM `blue_currency_user` WHERE `member_id` = 10375 AND `currency_id` = 53 LIMIT 1   [ RunTime:0.0000s ]
SQL: SELECT *,(num+forzen_num) as count FROM `blue_currency_user` WHERE `member_id` = 10375 AND `currency_id` = 54 LIMIT 1   [ RunTime:0.0000s ]
SQL: SHOW COLUMNS FROM `blue_issue_log` [ RunTime:0.0120s ]
SQL: SELECT * FROM `blue_issue_log` WHERE ( deal>0 and add_time<1533538870-60*60*24 and uid=10375 and status=0 )  [ RunTime:0.0000s ]
SQL: SHOW COLUMNS FROM `blue_currency_user` [ RunTime:0.0130s ]
SQL: SELECT * FROM `blue_currency_user` WHERE `member_id` = 10375  [ RunTime:0.0000s ]
SQL: SELECT `currency_name`,`currency_mark`,`currency_buy_fee`,`currency_sell_fee` FROM `blue_currency` WHERE `currency_id` = 52 LIMIT 1   [ RunTime:0.0000s ]
SQL: SELECT `currency_name`,`currency_mark`,`currency_buy_fee`,`currency_sell_fee` FROM `blue_currency` WHERE `currency_id` = 53 LIMIT 1   [ RunTime:0.0000s ]
SQL: SELECT `currency_name`,`currency_mark`,`currency_buy_fee`,`currency_sell_fee` FROM `blue_currency` WHERE `currency_id` = 54 LIMIT 1   [ RunTime:0.0000s ]
INFO: [ view_parse ] --START--
INFO: [ template_filter ] --START--
INFO: Run Behavior\ContentReplaceBehavior [ RunTime:0.001000s ]
INFO: [ template_filter ] --END-- [ RunTime:0.001000s ]
NOTIC: [8] Undefined variable: list D:\WWW\xiao\App\Runtime\Cache\Mobile\e1f97d44598f9373fe434dd3c85f3ca7.php 第 45 行.
NOTIC: [8] Undefined variable: page D:\WWW\xiao\App\Runtime\Cache\Mobile\e1f97d44598f9373fe434dd3c85f3ca7.php 第 81 行.
INFO: Run Behavior\ParseTemplateBehavior [ RunTime:0.018001s ]
INFO: [ view_parse ] --END-- [ RunTime:0.018001s ]
INFO: [ view_filter ] --START--
INFO: Run Behavior\WriteHtmlCacheBehavior [ RunTime:0.000000s ]
INFO: [ view_filter ] --END-- [ RunTime:0.000000s ]
INFO: [ app_end ] --START--
INFO: Run Behavior\ShowPageTraceBehavior [ RunTime:0.000000s ]
INFO: [ app_end ] --END-- [ RunTime:0.000000s ]

[ 2018-08-06T15:01:12+08:00 ] 127.0.0.1 /Mobile/User/count_licai_rate_num.html
INFO: [ app_init ] --START--
INFO: Run Behavior\BuildLiteBehavior [ RunTime:0.000000s ]
INFO: [ app_init ] --END-- [ RunTime:0.001000s ]
INFO: [ app_begin ] --START--
INFO: Run Behavior\ReadHtmlCacheBehavior [ RunTime:0.000000s ]
INFO: [ app_begin ] --END-- [ RunTime:0.000000s ]
SQL: SHOW COLUMNS FROM `blue_config` [ RunTime:0.0300s ]
SQL: SELECT * FROM `blue_config`  [ RunTime:0.0000s ]
SQL: SHOW COLUMNS FROM `blue_purse_download` [ RunTime:0.0200s ]
SQL: SELECT * FROM `blue_purse_download` ORDER BY add_time desc LIMIT 0,6   [ RunTime:0.0000s ]
SQL: SHOW COLUMNS FROM `blue_dividend_config` [ RunTime:0.0120s ]
SQL: SELECT * FROM `blue_dividend_config`  [ RunTime:0.0000s ]
SQL: SHOW COLUMNS FROM `blue_article_category` [ RunTime:0.0110s ]
SQL: SELECT * FROM `blue_article_category` WHERE ( parent_id = 6 ) LIMIT 4   [ RunTime:0.0000s ]
SQL: SHOW COLUMNS FROM `blue_article` [ RunTime:0.0100s ]
SQL: SELECT * FROM `blue_article` WHERE ( position_id = 7 ) LIMIT 4   [ RunTime:0.0000s ]
SQL: SHOW COLUMNS FROM `blue_member` [ RunTime:0.0120s ]
SQL: SELECT *,(rmb+forzen_rmb) as count FROM `blue_member` WHERE ( member_id='10375' ) LIMIT 1   [ RunTime:0.0010s ]
SQL: SHOW COLUMNS FROM `blue_orders` [ RunTime:0.0100s ]
SQL: SHOW COLUMNS FROM `blue_message` [ RunTime:0.0100s ]
SQL: SELECT COUNT(*) AS tp_count FROM `blue_message` WHERE `member_id` = '10375' AND `status` = 0 LIMIT 1   [ RunTime:0.0010s ]
SQL: SHOW COLUMNS FROM `blue_currency` [ RunTime:0.0110s ]
SQL: SELECT * FROM `blue_currency` WHERE ( is_line=1  ) ORDER BY sort  [ RunTime:0.0000s ]
NOTIC: [8] Undefined variable: whereMark D:\WWW\xiao\App\Common\Controller\CommonController.class.php 第 106 行.
SQL: SELECT `currency_id`,`currency_name`,`currency_logo`,`currency_mark` FROM `blue_currency` LIMIT 1   [ RunTime:0.0000s ]
SQL: SELECT `currency_id`,`currency_name`,`currency_logo`,`currency_mark` FROM `blue_currency` WHERE `is_line` = 1  [ RunTime:0.0000s ]
SQL: SELECT `price` FROM `blue_orders` WHERE ( currency_id = 52 ) ORDER BY add_time desc LIMIT 1   [ RunTime:0.0010s ]
SQL: SELECT `price` FROM `blue_orders` WHERE ( currency_id = 53 ) ORDER BY add_time desc LIMIT 1   [ RunTime:0.0000s ]
SQL: SELECT `price` FROM `blue_orders` WHERE ( currency_id = 54 ) ORDER BY add_time desc LIMIT 1   [ RunTime:0.0000s ]
SQL: SELECT * FROM `blue_member` WHERE ( member_id =10375 ) LIMIT 1   [ RunTime:0.0010s ]
SQL: SHOW COLUMNS FROM `blue_trade` [ RunTime:0.0110s ]
SQL: SELECT * FROM `blue_currency`  [ RunTime:0.0000s ]
SQL: SHOW COLUMNS FROM `blue_currency_user` [ RunTime:0.0110s ]
SQL: SELECT *,(num+forzen_num) as count FROM `blue_currency_user` WHERE `member_id` = 10375 AND `currency_id` = 52 LIMIT 1   [ RunTime:0.0000s ]
SQL: SELECT *,(num+forzen_num) as count FROM `blue_currency_user` WHERE `member_id` = 10375 AND `currency_id` = 53 LIMIT 1   [ RunTime:0.0010s ]
SQL: SELECT *,(num+forzen_num) as count FROM `blue_currency_user` WHERE `member_id` = 10375 AND `currency_id` = 54 LIMIT 1   [ RunTime:0.0000s ]
SQL: SHOW COLUMNS FROM `blue_issue_log` [ RunTime:0.0100s ]
SQL: SELECT * FROM `blue_issue_log` WHERE ( deal>0 and add_time<1533538872-60*60*24 and uid=10375 and status=0 )  [ RunTime:0.0000s ]
SQL: SHOW COLUMNS FROM `blue_currency_user` [ RunTime:0.0110s ]
SQL: SHOW COLUMNS FROM `blue_currency_rate_record` [ RunTime:0.0100s ]
SQL: SHOW COLUMNS FROM `blue_licai_currency_user` [ RunTime:0.0100s ]
SQL: SHOW COLUMNS FROM `blue_licai_currency` [ RunTime:0.0100s ]
SQL: SELECT blue_licai_currency_user.* FROM `blue_licai_currency_user` INNER JOIN blue_licai_currency on blue_licai_currency_user.currency_id=blue_licai_currency.currency_id  WHERE blue_licai_currency_user.member_id = '10375' AND blue_licai_currency_user.status = 0 AND blue_licai_currency_user.type = 1 AND blue_licai_currency_user.add_time < 1533484800 AND blue_licai_currency.status = 1  [ RunTime:0.0000s ]
SQL: SELECT blue_currency_user.*,blue_licai_currency.rate FROM `blue_currency_user` INNER JOIN blue_licai_currency on blue_currency_user.currency_id=blue_licai_currency.currency_id  WHERE blue_currency_user.member_id = '10375' AND blue_licai_currency.status = 1  [ RunTime:0.0000s ]
SQL: SELECT `rate` FROM `blue_licai_currency` WHERE `currency_id` = 52 LIMIT 1   [ RunTime:0.0000s ]
SQL: SELECT * FROM `blue_currency_rate_record` WHERE `member_id` = 10375 AND `currency_id` = 52 ORDER BY update_time desc LIMIT 1   [ RunTime:0.0000s ]
SQL: SELECT `rate` FROM `blue_licai_currency` WHERE `currency_id` = 53 LIMIT 1   [ RunTime:0.0000s ]
SQL: SELECT * FROM `blue_currency_rate_record` WHERE `member_id` = 10375 AND `currency_id` = 53 ORDER BY update_time desc LIMIT 1   [ RunTime:0.0010s ]
SQL: SELECT `rate` FROM `blue_licai_currency` WHERE `currency_id` = 54 LIMIT 1   [ RunTime:0.0000s ]
SQL: SELECT * FROM `blue_currency_rate_record` WHERE `member_id` = 10375 AND `currency_id` = 54 ORDER BY update_time desc LIMIT 1   [ RunTime:0.0000s ]

[ 2018-08-06T15:01:13+08:00 ] 127.0.0.1 /Mobile/User/home.html
INFO: [ app_init ] --START--
INFO: Run Behavior\BuildLiteBehavior [ RunTime:0.000000s ]
INFO: [ app_init ] --END-- [ RunTime:0.001000s ]
INFO: [ app_begin ] --START--
INFO: Run Behavior\ReadHtmlCacheBehavior [ RunTime:0.000000s ]
INFO: [ app_begin ] --END-- [ RunTime:0.000000s ]
SQL: SHOW COLUMNS FROM `blue_config` [ RunTime:0.0140s ]
SQL: SELECT * FROM `blue_config`  [ RunTime:0.0000s ]
SQL: SHOW COLUMNS FROM `blue_purse_download` [ RunTime:0.0100s ]
SQL: SELECT * FROM `blue_purse_download` ORDER BY add_time desc LIMIT 0,6   [ RunTime:0.0000s ]
SQL: SHOW COLUMNS FROM `blue_dividend_config` [ RunTime:0.0110s ]
SQL: SELECT * FROM `blue_dividend_config`  [ RunTime:0.0000s ]
SQL: SHOW COLUMNS FROM `blue_article_category` [ RunTime:0.0100s ]
SQL: SELECT * FROM `blue_article_category` WHERE ( parent_id = 6 ) LIMIT 4   [ RunTime:0.0000s ]
SQL: SHOW COLUMNS FROM `blue_article` [ RunTime:0.0110s ]
SQL: SELECT * FROM `blue_article` WHERE ( position_id = 7 ) LIMIT 4   [ RunTime:0.0010s ]
SQL: SHOW COLUMNS FROM `blue_member` [ RunTime:0.0100s ]
SQL: SELECT *,(rmb+forzen_rmb) as count FROM `blue_member` WHERE ( member_id='10375' ) LIMIT 1   [ RunTime:0.0000s ]
SQL: SHOW COLUMNS FROM `blue_orders` [ RunTime:0.0110s ]
SQL: SHOW COLUMNS FROM `blue_message` [ RunTime:0.0110s ]
SQL: SELECT COUNT(*) AS tp_count FROM `blue_message` WHERE `member_id` = '10375' AND `status` = 0 LIMIT 1   [ RunTime:0.0000s ]
SQL: SHOW COLUMNS FROM `blue_currency` [ RunTime:0.0120s ]
SQL: SELECT * FROM `blue_currency` WHERE ( is_line=1  ) ORDER BY sort  [ RunTime:0.0000s ]
NOTIC: [8] Undefined variable: whereMark D:\WWW\xiao\App\Common\Controller\CommonController.class.php 第 106 行.
SQL: SELECT `currency_id`,`currency_name`,`currency_logo`,`currency_mark` FROM `blue_currency` LIMIT 1   [ RunTime:0.0010s ]
SQL: SELECT `currency_id`,`currency_name`,`currency_logo`,`currency_mark` FROM `blue_currency` WHERE `is_line` = 1  [ RunTime:0.0000s ]
SQL: SELECT `price` FROM `blue_orders` WHERE ( currency_id = 52 ) ORDER BY add_time desc LIMIT 1   [ RunTime:0.0000s ]
SQL: SELECT `price` FROM `blue_orders` WHERE ( currency_id = 53 ) ORDER BY add_time desc LIMIT 1   [ RunTime:0.0010s ]
SQL: SELECT `price` FROM `blue_orders` WHERE ( currency_id = 54 ) ORDER BY add_time desc LIMIT 1   [ RunTime:0.0000s ]
SQL: SELECT * FROM `blue_member` WHERE ( member_id =10375 ) LIMIT 1   [ RunTime:0.0000s ]
SQL: SHOW COLUMNS FROM `blue_trade` [ RunTime:0.0100s ]
SQL: SELECT * FROM `blue_currency`  [ RunTime:0.0000s ]
SQL: SHOW COLUMNS FROM `blue_currency_user` [ RunTime:0.0110s ]
SQL: SELECT *,(num+forzen_num) as count FROM `blue_currency_user` WHERE `member_id` = 10375 AND `currency_id` = 52 LIMIT 1   [ RunTime:0.0000s ]
SQL: SELECT *,(num+forzen_num) as count FROM `blue_currency_user` WHERE `member_id` = 10375 AND `currency_id` = 53 LIMIT 1   [ RunTime:0.0010s ]
SQL: SELECT *,(num+forzen_num) as count FROM `blue_currency_user` WHERE `member_id` = 10375 AND `currency_id` = 54 LIMIT 1   [ RunTime:0.0000s ]
SQL: SHOW COLUMNS FROM `blue_issue_log` [ RunTime:0.0110s ]
SQL: SELECT * FROM `blue_issue_log` WHERE ( deal>0 and add_time<1533538873-60*60*24 and uid=10375 and status=0 )  [ RunTime:0.0000s ]
SQL: SELECT * FROM `blue_member` WHERE `member_id` = 10375 LIMIT 1   [ RunTime:0.0010s ]
INFO: [ view_parse ] --START--
INFO: [ template_filter ] --START--
INFO: Run Behavior\ContentReplaceBehavior [ RunTime:0.000000s ]
INFO: [ template_filter ] --END-- [ RunTime:0.000000s ]
SQL: SHOW COLUMNS FROM `blue_member_grade` [ RunTime:0.0110s ]
SQL: SELECT `title` FROM `blue_member_grade` WHERE `id` = 1 LIMIT 1   [ RunTime:0.0000s ]
INFO: Run Behavior\ParseTemplateBehavior [ RunTime:0.020002s ]
INFO: [ view_parse ] --END-- [ RunTime:0.020002s ]
INFO: [ view_filter ] --START--
INFO: Run Behavior\WriteHtmlCacheBehavior [ RunTime:0.000000s ]
INFO: [ view_filter ] --END-- [ RunTime:0.000000s ]
INFO: [ app_end ] --START--
INFO: Run Behavior\ShowPageTraceBehavior [ RunTime:0.001000s ]
INFO: [ app_end ] --END-- [ RunTime:0.001000s ]

[ 2018-08-06T15:01:15+08:00 ] 127.0.0.1 /Mobile/User/count_licai_rate_num.html
INFO: [ app_init ] --START--
INFO: Run Behavior\BuildLiteBehavior [ RunTime:0.000000s ]
INFO: [ app_init ] --END-- [ RunTime:0.000000s ]
INFO: [ app_begin ] --START--
INFO: Run Behavior\ReadHtmlCacheBehavior [ RunTime:0.000000s ]
INFO: [ app_begin ] --END-- [ RunTime:0.001000s ]
SQL: SHOW COLUMNS FROM `blue_config` [ RunTime:0.0390s ]
SQL: SELECT * FROM `blue_config`  [ RunTime:0.0010s ]
SQL: SHOW COLUMNS FROM `blue_purse_download` [ RunTime:0.0190s ]
SQL: SELECT * FROM `blue_purse_download` ORDER BY add_time desc LIMIT 0,6   [ RunTime:0.0000s ]
SQL: SHOW COLUMNS FROM `blue_dividend_config` [ RunTime:0.0140s ]
SQL: SELECT * FROM `blue_dividend_config`  [ RunTime:0.0000s ]
SQL: SHOW COLUMNS FROM `blue_article_category` [ RunTime:0.0110s ]
SQL: SELECT * FROM `blue_article_category` WHERE ( parent_id = 6 ) LIMIT 4   [ RunTime:0.0000s ]
SQL: SHOW COLUMNS FROM `blue_article` [ RunTime:0.0150s ]
SQL: SELECT * FROM `blue_article` WHERE ( position_id = 7 ) LIMIT 4   [ RunTime:0.0010s ]
SQL: SHOW COLUMNS FROM `blue_member` [ RunTime:0.0110s ]
SQL: SELECT *,(rmb+forzen_rmb) as count FROM `blue_member` WHERE ( member_id='10375' ) LIMIT 1   [ RunTime:0.0010s ]
SQL: SHOW COLUMNS FROM `blue_orders` [ RunTime:0.0130s ]
SQL: SHOW COLUMNS FROM `blue_message` [ RunTime:0.0120s ]
SQL: SELECT COUNT(*) AS tp_count FROM `blue_message` WHERE `member_id` = '10375' AND `status` = 0 LIMIT 1   [ RunTime:0.0000s ]
SQL: SHOW COLUMNS FROM `blue_currency` [ RunTime:0.0110s ]
SQL: SELECT * FROM `blue_currency` WHERE ( is_line=1  ) ORDER BY sort  [ RunTime:0.0010s ]
NOTIC: [8] Undefined variable: whereMark D:\WWW\xiao\App\Common\Controller\CommonController.class.php 第 106 行.
SQL: SELECT `currency_id`,`currency_name`,`currency_logo`,`currency_mark` FROM `blue_currency` LIMIT 1   [ RunTime:0.0000s ]
SQL: SELECT `currency_id`,`currency_name`,`currency_logo`,`currency_mark` FROM `blue_currency` WHERE `is_line` = 1  [ RunTime:0.0000s ]
SQL: SELECT `price` FROM `blue_orders` WHERE ( currency_id = 52 ) ORDER BY add_time desc LIMIT 1   [ RunTime:0.0010s ]
SQL: SELECT `price` FROM `blue_orders` WHERE ( currency_id = 53 ) ORDER BY add_time desc LIMIT 1   [ RunTime:0.0000s ]
SQL: SELECT `price` FROM `blue_orders` WHERE ( currency_id = 54 ) ORDER BY add_time desc LIMIT 1   [ RunTime:0.0000s ]
SQL: SELECT * FROM `blue_member` WHERE ( member_id =10375 ) LIMIT 1   [ RunTime:0.0000s ]
SQL: SHOW COLUMNS FROM `blue_trade` [ RunTime:0.0110s ]
SQL: SELECT * FROM `blue_currency`  [ RunTime:0.0000s ]
SQL: SHOW COLUMNS FROM `blue_currency_user` [ RunTime:0.0110s ]
SQL: SELECT *,(num+forzen_num) as count FROM `blue_currency_user` WHERE `member_id` = 10375 AND `currency_id` = 52 LIMIT 1   [ RunTime:0.0010s ]
SQL: SELECT *,(num+forzen_num) as count FROM `blue_currency_user` WHERE `member_id` = 10375 AND `currency_id` = 53 LIMIT 1   [ RunTime:0.0000s ]
SQL: SELECT *,(num+forzen_num) as count FROM `blue_currency_user` WHERE `member_id` = 10375 AND `currency_id` = 54 LIMIT 1   [ RunTime:0.0000s ]
SQL: SHOW COLUMNS FROM `blue_issue_log` [ RunTime:0.0110s ]
SQL: SELECT * FROM `blue_issue_log` WHERE ( deal>0 and add_time<1533538875-60*60*24 and uid=10375 and status=0 )  [ RunTime:0.0010s ]
SQL: SHOW COLUMNS FROM `blue_currency_user` [ RunTime:0.0110s ]
SQL: SHOW COLUMNS FROM `blue_currency_rate_record` [ RunTime:0.0110s ]
SQL: SHOW COLUMNS FROM `blue_licai_currency_user` [ RunTime:0.0100s ]
SQL: SHOW COLUMNS FROM `blue_licai_currency` [ RunTime:0.0120s ]
SQL: SELECT blue_licai_currency_user.* FROM `blue_licai_currency_user` INNER JOIN blue_licai_currency on blue_licai_currency_user.currency_id=blue_licai_currency.currency_id  WHERE blue_licai_currency_user.member_id = '10375' AND blue_licai_currency_user.status = 0 AND blue_licai_currency_user.type = 1 AND blue_licai_currency_user.add_time < 1533484800 AND blue_licai_currency.status = 1  [ RunTime:0.0000s ]
SQL: SELECT blue_currency_user.*,blue_licai_currency.rate FROM `blue_currency_user` INNER JOIN blue_licai_currency on blue_currency_user.currency_id=blue_licai_currency.currency_id  WHERE blue_currency_user.member_id = '10375' AND blue_licai_currency.status = 1  [ RunTime:0.0010s ]
SQL: SELECT `rate` FROM `blue_licai_currency` WHERE `currency_id` = 52 LIMIT 1   [ RunTime:0.0000s ]
SQL: SELECT * FROM `blue_currency_rate_record` WHERE `member_id` = 10375 AND `currency_id` = 52 ORDER BY update_time desc LIMIT 1   [ RunTime:0.0000s ]
SQL: SELECT `rate` FROM `blue_licai_currency` WHERE `currency_id` = 53 LIMIT 1   [ RunTime:0.0000s ]
SQL: SELECT * FROM `blue_currency_rate_record` WHERE `member_id` = 10375 AND `currency_id` = 53 ORDER BY update_time desc LIMIT 1   [ RunTime:0.0000s ]
SQL: SELECT `rate` FROM `blue_licai_currency` WHERE `currency_id` = 54 LIMIT 1   [ RunTime:0.0000s ]
SQL: SELECT * FROM `blue_currency_rate_record` WHERE `member_id` = 10375 AND `currency_id` = 54 ORDER BY update_time desc LIMIT 1   [ RunTime:0.0000s ]

[ 2018-08-06T15:01:27+08:00 ] 127.0.0.1 /Mobile/User/myReward.html
INFO: [ app_init ] --START--
INFO: Run Behavior\BuildLiteBehavior [ RunTime:0.000000s ]
INFO: [ app_init ] --END-- [ RunTime:0.001000s ]
INFO: [ app_begin ] --START--
INFO: Run Behavior\ReadHtmlCacheBehavior [ RunTime:0.000000s ]
INFO: [ app_begin ] --END-- [ RunTime:0.000000s ]
SQL: SHOW COLUMNS FROM `blue_config` [ RunTime:0.0240s ]
SQL: SELECT * FROM `blue_config`  [ RunTime:0.0000s ]
SQL: SHOW COLUMNS FROM `blue_purse_download` [ RunTime:0.0150s ]
SQL: SELECT * FROM `blue_purse_download` ORDER BY add_time desc LIMIT 0,6   [ RunTime:0.0010s ]
SQL: SHOW COLUMNS FROM `blue_dividend_config` [ RunTime:0.0130s ]
SQL: SELECT * FROM `blue_dividend_config`  [ RunTime:0.0000s ]
SQL: SHOW COLUMNS FROM `blue_article_category` [ RunTime:0.0100s ]
SQL: SELECT * FROM `blue_article_category` WHERE ( parent_id = 6 ) LIMIT 4   [ RunTime:0.0010s ]
SQL: SHOW COLUMNS FROM `blue_article` [ RunTime:0.0100s ]
SQL: SELECT * FROM `blue_article` WHERE ( position_id = 7 ) LIMIT 4   [ RunTime:0.0000s ]
SQL: SHOW COLUMNS FROM `blue_member` [ RunTime:0.0110s ]
SQL: SELECT *,(rmb+forzen_rmb) as count FROM `blue_member` WHERE ( member_id='10375' ) LIMIT 1   [ RunTime:0.0000s ]
SQL: SHOW COLUMNS FROM `blue_orders` [ RunTime:0.0110s ]
SQL: SHOW COLUMNS FROM `blue_message` [ RunTime:0.0100s ]
SQL: SELECT COUNT(*) AS tp_count FROM `blue_message` WHERE `member_id` = '10375' AND `status` = 0 LIMIT 1   [ RunTime:0.0000s ]
SQL: SHOW COLUMNS FROM `blue_currency` [ RunTime:0.0110s ]
SQL: SELECT * FROM `blue_currency` WHERE ( is_line=1  ) ORDER BY sort  [ RunTime:0.0010s ]
NOTIC: [8] Undefined variable: whereMark D:\WWW\xiao\App\Common\Controller\CommonController.class.php 第 106 行.
SQL: SELECT `currency_id`,`currency_name`,`currency_logo`,`currency_mark` FROM `blue_currency` LIMIT 1   [ RunTime:0.0000s ]
SQL: SELECT `currency_id`,`currency_name`,`currency_logo`,`currency_mark` FROM `blue_currency` WHERE `is_line` = 1  [ RunTime:0.0000s ]
SQL: SELECT `price` FROM `blue_orders` WHERE ( currency_id = 52 ) ORDER BY add_time desc LIMIT 1   [ RunTime:0.0010s ]
SQL: SELECT `price` FROM `blue_orders` WHERE ( currency_id = 53 ) ORDER BY add_time desc LIMIT 1   [ RunTime:0.0000s ]
SQL: SELECT `price` FROM `blue_orders` WHERE ( currency_id = 54 ) ORDER BY add_time desc LIMIT 1   [ RunTime:0.0010s ]
SQL: SELECT * FROM `blue_member` WHERE ( member_id =10375 ) LIMIT 1   [ RunTime:0.0000s ]
SQL: SHOW COLUMNS FROM `blue_trade` [ RunTime:0.0110s ]
SQL: SELECT * FROM `blue_currency`  [ RunTime:0.0000s ]
SQL: SHOW COLUMNS FROM `blue_currency_user` [ RunTime:0.0110s ]
SQL: SELECT *,(num+forzen_num) as count FROM `blue_currency_user` WHERE `member_id` = 10375 AND `currency_id` = 52 LIMIT 1   [ RunTime:0.0000s ]
SQL: SELECT *,(num+forzen_num) as count FROM `blue_currency_user` WHERE `member_id` = 10375 AND `currency_id` = 53 LIMIT 1   [ RunTime:0.0010s ]
SQL: SELECT *,(num+forzen_num) as count FROM `blue_currency_user` WHERE `member_id` = 10375 AND `currency_id` = 54 LIMIT 1   [ RunTime:0.0000s ]
SQL: SHOW COLUMNS FROM `blue_issue_log` [ RunTime:0.0100s ]
SQL: SELECT * FROM `blue_issue_log` WHERE ( deal>0 and add_time<1533538887-60*60*24 and uid=10375 and status=0 )  [ RunTime:0.0010s ]
SQL: SHOW COLUMNS FROM `blue_lottery_record` [ RunTime:0.0110s ]
SQL: SELECT * FROM `blue_lottery_record` WHERE `member_id` = 10375 ORDER BY add_time desc  [ RunTime:0.0000s ]
INFO: [ view_parse ] --START--
INFO: [ template_filter ] --START--
INFO: Run Behavior\ContentReplaceBehavior [ RunTime:0.000000s ]
INFO: [ template_filter ] --END-- [ RunTime:0.000000s ]
INFO: Run Behavior\ParseTemplateBehavior [ RunTime:0.007001s ]
INFO: [ view_parse ] --END-- [ RunTime:0.007001s ]
INFO: [ view_filter ] --START--
INFO: Run Behavior\WriteHtmlCacheBehavior [ RunTime:0.000000s ]
INFO: [ view_filter ] --END-- [ RunTime:0.001000s ]
INFO: [ app_end ] --START--
INFO: Run Behavior\ShowPageTraceBehavior [ RunTime:0.000000s ]
INFO: [ app_end ] --END-- [ RunTime:0.000000s ]

[ 2018-08-06T15:01:29+08:00 ] 127.0.0.1 /Mobile/User/count_licai_rate_num.html
INFO: [ app_init ] --START--
INFO: Run Behavior\BuildLiteBehavior [ RunTime:0.000000s ]
INFO: [ app_init ] --END-- [ RunTime:0.001000s ]
INFO: [ app_begin ] --START--
INFO: Run Behavior\ReadHtmlCacheBehavior [ RunTime:0.000000s ]
INFO: [ app_begin ] --END-- [ RunTime:0.000000s ]
SQL: SHOW COLUMNS FROM `blue_config` [ RunTime:0.0310s ]
SQL: SELECT * FROM `blue_config`  [ RunTime:0.0010s ]
SQL: SHOW COLUMNS FROM `blue_purse_download` [ RunTime:0.0210s ]
SQL: SELECT * FROM `blue_purse_download` ORDER BY add_time desc LIMIT 0,6   [ RunTime:0.0000s ]
SQL: SHOW COLUMNS FROM `blue_dividend_config` [ RunTime:0.0180s ]
SQL: SELECT * FROM `blue_dividend_config`  [ RunTime:0.0010s ]
SQL: SHOW COLUMNS FROM `blue_article_category` [ RunTime:0.0130s ]
SQL: SELECT * FROM `blue_article_category` WHERE ( parent_id = 6 ) LIMIT 4   [ RunTime:0.0000s ]
SQL: SHOW COLUMNS FROM `blue_article` [ RunTime:0.0100s ]
SQL: SELECT * FROM `blue_article` WHERE ( position_id = 7 ) LIMIT 4   [ RunTime:0.0000s ]
SQL: SHOW COLUMNS FROM `blue_member` [ RunTime:0.0110s ]
SQL: SELECT *,(rmb+forzen_rmb) as count FROM `blue_member` WHERE ( member_id='10375' ) LIMIT 1   [ RunTime:0.0000s ]
SQL: SHOW COLUMNS FROM `blue_orders` [ RunTime:0.0110s ]
SQL: SHOW COLUMNS FROM `blue_message` [ RunTime:0.0110s ]
SQL: SELECT COUNT(*) AS tp_count FROM `blue_message` WHERE `member_id` = '10375' AND `status` = 0 LIMIT 1   [ RunTime:0.0000s ]
SQL: SHOW COLUMNS FROM `blue_currency` [ RunTime:0.0120s ]
SQL: SELECT * FROM `blue_currency` WHERE ( is_line=1  ) ORDER BY sort  [ RunTime:0.0000s ]
NOTIC: [8] Undefined variable: whereMark D:\WWW\xiao\App\Common\Controller\CommonController.class.php 第 106 行.
SQL: SELECT `currency_id`,`currency_name`,`currency_logo`,`currency_mark` FROM `blue_currency` LIMIT 1   [ RunTime:0.0010s ]
SQL: SELECT `currency_id`,`currency_name`,`currency_logo`,`currency_mark` FROM `blue_currency` WHERE `is_line` = 1  [ RunTime:0.0000s ]
SQL: SELECT `price` FROM `blue_orders` WHERE ( currency_id = 52 ) ORDER BY add_time desc LIMIT 1   [ RunTime:0.0000s ]
SQL: SELECT `price` FROM `blue_orders` WHERE ( currency_id = 53 ) ORDER BY add_time desc LIMIT 1   [ RunTime:0.0010s ]
SQL: SELECT `price` FROM `blue_orders` WHERE ( currency_id = 54 ) ORDER BY add_time desc LIMIT 1   [ RunTime:0.0000s ]
SQL: SELECT * FROM `blue_member` WHERE ( member_id =10375 ) LIMIT 1   [ RunTime:0.0000s ]
SQL: SHOW COLUMNS FROM `blue_trade` [ RunTime:0.0110s ]
SQL: SELECT * FROM `blue_currency`  [ RunTime:0.0010s ]
SQL: SHOW COLUMNS FROM `blue_currency_user` [ RunTime:0.0110s ]
SQL: SELECT *,(num+forzen_num) as count FROM `blue_currency_user` WHERE `member_id` = 10375 AND `currency_id` = 52 LIMIT 1   [ RunTime:0.0000s ]
SQL: SELECT *,(num+forzen_num) as count FROM `blue_currency_user` WHERE `member_id` = 10375 AND `currency_id` = 53 LIMIT 1   [ RunTime:0.0000s ]
SQL: SELECT *,(num+forzen_num) as count FROM `blue_currency_user` WHERE `member_id` = 10375 AND `currency_id` = 54 LIMIT 1   [ RunTime:0.0000s ]
SQL: SHOW COLUMNS FROM `blue_issue_log` [ RunTime:0.0110s ]
SQL: SELECT * FROM `blue_issue_log` WHERE ( deal>0 and add_time<1533538889-60*60*24 and uid=10375 and status=0 )  [ RunTime:0.0010s ]
SQL: SHOW COLUMNS FROM `blue_currency_user` [ RunTime:0.0120s ]
SQL: SHOW COLUMNS FROM `blue_currency_rate_record` [ RunTime:0.0110s ]
SQL: SHOW COLUMNS FROM `blue_licai_currency_user` [ RunTime:0.0110s ]
SQL: SHOW COLUMNS FROM `blue_licai_currency` [ RunTime:0.0110s ]
SQL: SELECT blue_licai_currency_user.* FROM `blue_licai_currency_user` INNER JOIN blue_licai_currency on blue_licai_currency_user.currency_id=blue_licai_currency.currency_id  WHERE blue_licai_currency_user.member_id = '10375' AND blue_licai_currency_user.status = 0 AND blue_licai_currency_user.type = 1 AND blue_licai_currency_user.add_time < 1533484800 AND blue_licai_currency.status = 1  [ RunTime:0.0010s ]
SQL: SELECT blue_currency_user.*,blue_licai_currency.rate FROM `blue_currency_user` INNER JOIN blue_licai_currency on blue_currency_user.currency_id=blue_licai_currency.currency_id  WHERE blue_currency_user.member_id = '10375' AND blue_licai_currency.status = 1  [ RunTime:0.0000s ]
SQL: SELECT `rate` FROM `blue_licai_currency` WHERE `currency_id` = 52 LIMIT 1   [ RunTime:0.0010s ]
SQL: SELECT * FROM `blue_currency_rate_record` WHERE `member_id` = 10375 AND `currency_id` = 52 ORDER BY update_time desc LIMIT 1   [ RunTime:0.0000s ]
SQL: SELECT `rate` FROM `blue_licai_currency` WHERE `currency_id` = 53 LIMIT 1   [ RunTime:0.0000s ]
SQL: SELECT * FROM `blue_currency_rate_record` WHERE `member_id` = 10375 AND `currency_id` = 53 ORDER BY update_time desc LIMIT 1   [ RunTime:0.0010s ]
SQL: SELECT `rate` FROM `blue_licai_currency` WHERE `currency_id` = 54 LIMIT 1   [ RunTime:0.0000s ]
SQL: SELECT * FROM `blue_currency_rate_record` WHERE `member_id` = 10375 AND `currency_id` = 54 ORDER BY update_time desc LIMIT 1   [ RunTime:0.0000s ]

