[ 2018-07-30T10:34:34+08:00 ] 127.0.0.1 /Mobile/User/show_account.html
INFO: [ app_init ] --START--
INFO: Run Behavior\BuildLiteBehavior [ RunTime:0.000000s ]
INFO: [ app_init ] --END-- [ RunTime:0.015000s ]
INFO: [ app_begin ] --START--
INFO: Run Behavior\ReadHtmlCacheBehavior [ RunTime:0.002000s ]
INFO: [ app_begin ] --END-- [ RunTime:0.002000s ]
SQL: SHOW COLUMNS FROM `blue_config` [ RunTime:0.0310s ]
SQL: SELECT * FROM `blue_config`  [ RunTime:0.0140s ]
SQL: SHOW COLUMNS FROM `blue_purse_download` [ RunTime:0.0270s ]
SQL: SELECT * FROM `blue_purse_download` ORDER BY add_time desc LIMIT 0,6   [ RunTime:0.0000s ]
SQL: SHOW COLUMNS FROM `blue_dividend_config` [ RunTime:0.0120s ]
SQL: SELECT * FROM `blue_dividend_config`  [ RunTime:0.0010s ]

[ 2018-07-30T10:34:36+08:00 ] 127.0.0.1 /Mobile/Login/index.html
INFO: [ app_init ] --START--
INFO: Run Behavior\BuildLiteBehavior [ RunTime:0.000000s ]
INFO: [ app_init ] --END-- [ RunTime:0.001000s ]
INFO: [ app_begin ] --START--
INFO: Run Behavior\ReadHtmlCacheBehavior [ RunTime:0.000000s ]
INFO: [ app_begin ] --END-- [ RunTime:0.000000s ]
SQL: SHOW COLUMNS FROM `blue_config` [ RunTime:0.0290s ]
SQL: SELECT * FROM `blue_config`  [ RunTime:0.0000s ]
SQL: SHOW COLUMNS FROM `blue_purse_download` [ RunTime:0.0200s ]
SQL: SELECT * FROM `blue_purse_download` ORDER BY add_time desc LIMIT 0,6   [ RunTime:0.0000s ]
SQL: SHOW COLUMNS FROM `blue_dividend_config` [ RunTime:0.0130s ]
SQL: SELECT * FROM `blue_dividend_config`  [ RunTime:0.0000s ]
SQL: SHOW COLUMNS FROM `blue_article_category` [ RunTime:0.0130s ]
SQL: SELECT * FROM `blue_article_category` WHERE ( parent_id = 6 ) LIMIT 4   [ RunTime:0.0300s ]
SQL: SHOW COLUMNS FROM `blue_article` [ RunTime:0.0130s ]
SQL: SELECT * FROM `blue_article` WHERE ( position_id = 7 ) LIMIT 4   [ RunTime:0.0080s ]
SQL: SHOW COLUMNS FROM `blue_orders` [ RunTime:0.0220s ]
SQL: SHOW COLUMNS FROM `blue_currency` [ RunTime:0.0130s ]
SQL: SELECT * FROM `blue_currency` WHERE ( is_line=1  ) ORDER BY sort  [ RunTime:0.0090s ]
NOTIC: [8] Undefined variable: whereMark D:\WWW\xiao\App\Common\Controller\CommonController.class.php 第 106 行.
SQL: SELECT `currency_id`,`currency_name`,`currency_logo`,`currency_mark` FROM `blue_currency` LIMIT 1   [ RunTime:0.0000s ]
SQL: SELECT `currency_id`,`currency_name`,`currency_logo`,`currency_mark` FROM `blue_currency` WHERE `is_line` = 1  [ RunTime:0.0010s ]
SQL: SELECT `price` FROM `blue_orders` WHERE ( currency_id = 52 ) ORDER BY add_time desc LIMIT 1   [ RunTime:0.0000s ]
SQL: SELECT `price` FROM `blue_orders` WHERE ( currency_id = 53 ) ORDER BY add_time desc LIMIT 1   [ RunTime:0.0010s ]
SQL: SELECT `price` FROM `blue_orders` WHERE ( currency_id = 54 ) ORDER BY add_time desc LIMIT 1   [ RunTime:0.0000s ]
INFO: [ view_parse ] --START--
INFO: [ template_filter ] --START--
INFO: Run Behavior\ContentReplaceBehavior [ RunTime:0.002000s ]
INFO: [ template_filter ] --END-- [ RunTime:0.002000s ]
INFO: Run Behavior\ParseTemplateBehavior [ RunTime:0.097000s ]
INFO: [ view_parse ] --END-- [ RunTime:0.098000s ]
INFO: [ view_filter ] --START--
INFO: Run Behavior\WriteHtmlCacheBehavior [ RunTime:0.011000s ]
INFO: [ view_filter ] --END-- [ RunTime:0.011000s ]
INFO: [ app_end ] --START--
INFO: Run Behavior\ShowPageTraceBehavior [ RunTime:0.003000s ]
INFO: [ app_end ] --END-- [ RunTime:0.003000s ]

[ 2018-07-30T10:34:37+08:00 ] 127.0.0.1 /Mobile/Login/index.html
INFO: [ app_init ] --START--
INFO: Run Behavior\BuildLiteBehavior [ RunTime:0.000000s ]
INFO: [ app_init ] --END-- [ RunTime:0.000000s ]
INFO: [ app_begin ] --START--
INFO: Run Behavior\ReadHtmlCacheBehavior [ RunTime:0.000000s ]
INFO: [ app_begin ] --END-- [ RunTime:0.000000s ]
SQL: SHOW COLUMNS FROM `blue_config` [ RunTime:0.0200s ]
SQL: SELECT * FROM `blue_config`  [ RunTime:0.0000s ]
SQL: SHOW COLUMNS FROM `blue_purse_download` [ RunTime:0.0150s ]
SQL: SELECT * FROM `blue_purse_download` ORDER BY add_time desc LIMIT 0,6   [ RunTime:0.0000s ]
SQL: SHOW COLUMNS FROM `blue_dividend_config` [ RunTime:0.0120s ]
SQL: SELECT * FROM `blue_dividend_config`  [ RunTime:0.0000s ]
SQL: SHOW COLUMNS FROM `blue_article_category` [ RunTime:0.0120s ]
SQL: SELECT * FROM `blue_article_category` WHERE ( parent_id = 6 ) LIMIT 4   [ RunTime:0.0000s ]
SQL: SHOW COLUMNS FROM `blue_article` [ RunTime:0.0120s ]
SQL: SELECT * FROM `blue_article` WHERE ( position_id = 7 ) LIMIT 4   [ RunTime:0.0020s ]
SQL: SHOW COLUMNS FROM `blue_orders` [ RunTime:0.0110s ]
SQL: SHOW COLUMNS FROM `blue_currency` [ RunTime:0.0130s ]
SQL: SELECT * FROM `blue_currency` WHERE ( is_line=1  ) ORDER BY sort  [ RunTime:0.0000s ]
NOTIC: [8] Undefined variable: whereMark D:\WWW\xiao\App\Common\Controller\CommonController.class.php 第 106 行.
SQL: SELECT `currency_id`,`currency_name`,`currency_logo`,`currency_mark` FROM `blue_currency` LIMIT 1   [ RunTime:0.0000s ]
SQL: SELECT `currency_id`,`currency_name`,`currency_logo`,`currency_mark` FROM `blue_currency` WHERE `is_line` = 1  [ RunTime:0.0000s ]
SQL: SELECT `price` FROM `blue_orders` WHERE ( currency_id = 52 ) ORDER BY add_time desc LIMIT 1   [ RunTime:0.0010s ]
SQL: SELECT `price` FROM `blue_orders` WHERE ( currency_id = 53 ) ORDER BY add_time desc LIMIT 1   [ RunTime:0.0000s ]
SQL: SELECT `price` FROM `blue_orders` WHERE ( currency_id = 54 ) ORDER BY add_time desc LIMIT 1   [ RunTime:0.0000s ]
INFO: [ view_parse ] --START--
INFO: [ template_filter ] --START--
INFO: Run Behavior\ContentReplaceBehavior [ RunTime:0.000000s ]
INFO: [ template_filter ] --END-- [ RunTime:0.000000s ]
INFO: Run Behavior\ParseTemplateBehavior [ RunTime:0.008000s ]
INFO: [ view_parse ] --END-- [ RunTime:0.008000s ]
INFO: [ view_filter ] --START--
INFO: Run Behavior\WriteHtmlCacheBehavior [ RunTime:0.000000s ]
INFO: [ view_filter ] --END-- [ RunTime:0.000000s ]
INFO: [ app_end ] --START--
INFO: Run Behavior\ShowPageTraceBehavior [ RunTime:0.000000s ]
INFO: [ app_end ] --END-- [ RunTime:0.000000s ]

[ 2018-07-30T10:34:39+08:00 ] 127.0.0.1 /Mobile/User/count_licai_rate_num.html
INFO: [ app_init ] --START--
INFO: Run Behavior\BuildLiteBehavior [ RunTime:0.000000s ]
INFO: [ app_init ] --END-- [ RunTime:0.001000s ]
INFO: [ app_begin ] --START--
INFO: Run Behavior\ReadHtmlCacheBehavior [ RunTime:0.000000s ]
INFO: [ app_begin ] --END-- [ RunTime:0.000000s ]
SQL: SHOW COLUMNS FROM `blue_config` [ RunTime:0.0290s ]
SQL: SELECT * FROM `blue_config`  [ RunTime:0.0000s ]
SQL: SHOW COLUMNS FROM `blue_purse_download` [ RunTime:0.0100s ]
SQL: SELECT * FROM `blue_purse_download` ORDER BY add_time desc LIMIT 0,6   [ RunTime:0.0000s ]
SQL: SHOW COLUMNS FROM `blue_dividend_config` [ RunTime:0.0100s ]
SQL: SELECT * FROM `blue_dividend_config`  [ RunTime:0.0000s ]
SQL: SHOW COLUMNS FROM `blue_article_category` [ RunTime:0.0100s ]
SQL: SELECT * FROM `blue_article_category` WHERE ( parent_id = 6 ) LIMIT 4   [ RunTime:0.0000s ]
SQL: SHOW COLUMNS FROM `blue_article` [ RunTime:0.0100s ]
SQL: SELECT * FROM `blue_article` WHERE ( position_id = 7 ) LIMIT 4   [ RunTime:0.0000s ]
SQL: SHOW COLUMNS FROM `blue_orders` [ RunTime:0.0100s ]
SQL: SHOW COLUMNS FROM `blue_currency` [ RunTime:0.0200s ]
SQL: SELECT * FROM `blue_currency` WHERE ( is_line=1  ) ORDER BY sort  [ RunTime:0.0000s ]
NOTIC: [8] Undefined variable: whereMark D:\WWW\xiao\App\Common\Controller\CommonController.class.php 第 106 行.
SQL: SELECT `currency_id`,`currency_name`,`currency_logo`,`currency_mark` FROM `blue_currency` LIMIT 1   [ RunTime:0.0000s ]
SQL: SELECT `currency_id`,`currency_name`,`currency_logo`,`currency_mark` FROM `blue_currency` WHERE `is_line` = 1  [ RunTime:0.0000s ]
SQL: SELECT `price` FROM `blue_orders` WHERE ( currency_id = 52 ) ORDER BY add_time desc LIMIT 1   [ RunTime:0.0000s ]
SQL: SELECT `price` FROM `blue_orders` WHERE ( currency_id = 53 ) ORDER BY add_time desc LIMIT 1   [ RunTime:0.0000s ]
SQL: SELECT `price` FROM `blue_orders` WHERE ( currency_id = 54 ) ORDER BY add_time desc LIMIT 1   [ RunTime:0.0000s ]

[ 2018-07-30T10:34:40+08:00 ] 127.0.0.1 /Mobile/Login/index.html
INFO: [ app_init ] --START--
INFO: Run Behavior\BuildLiteBehavior [ RunTime:0.000000s ]
INFO: [ app_init ] --END-- [ RunTime:0.000000s ]
INFO: [ app_begin ] --START--
INFO: Run Behavior\ReadHtmlCacheBehavior [ RunTime:0.000000s ]
INFO: [ app_begin ] --END-- [ RunTime:0.000000s ]
SQL: SHOW COLUMNS FROM `blue_config` [ RunTime:0.0200s ]
SQL: SELECT * FROM `blue_config`  [ RunTime:0.0000s ]
SQL: SHOW COLUMNS FROM `blue_purse_download` [ RunTime:0.0030s ]
SQL: SELECT * FROM `blue_purse_download` ORDER BY add_time desc LIMIT 0,6   [ RunTime:0.0000s ]
SQL: SHOW COLUMNS FROM `blue_dividend_config` [ RunTime:0.0230s ]
SQL: SELECT * FROM `blue_dividend_config`  [ RunTime:0.0000s ]
SQL: SHOW COLUMNS FROM `blue_article_category` [ RunTime:0.0100s ]
SQL: SELECT * FROM `blue_article_category` WHERE ( parent_id = 6 ) LIMIT 4   [ RunTime:0.0000s ]
SQL: SHOW COLUMNS FROM `blue_article` [ RunTime:0.0100s ]
SQL: SELECT * FROM `blue_article` WHERE ( position_id = 7 ) LIMIT 4   [ RunTime:0.0000s ]
SQL: SHOW COLUMNS FROM `blue_orders` [ RunTime:0.0100s ]
SQL: SHOW COLUMNS FROM `blue_currency` [ RunTime:0.0100s ]
SQL: SELECT * FROM `blue_currency` WHERE ( is_line=1  ) ORDER BY sort  [ RunTime:0.0000s ]
NOTIC: [8] Undefined variable: whereMark D:\WWW\xiao\App\Common\Controller\CommonController.class.php 第 106 行.
SQL: SELECT `currency_id`,`currency_name`,`currency_logo`,`currency_mark` FROM `blue_currency` LIMIT 1   [ RunTime:0.0000s ]
SQL: SELECT `currency_id`,`currency_name`,`currency_logo`,`currency_mark` FROM `blue_currency` WHERE `is_line` = 1  [ RunTime:0.0100s ]
SQL: SELECT `price` FROM `blue_orders` WHERE ( currency_id = 52 ) ORDER BY add_time desc LIMIT 1   [ RunTime:0.0000s ]
SQL: SELECT `price` FROM `blue_orders` WHERE ( currency_id = 53 ) ORDER BY add_time desc LIMIT 1   [ RunTime:0.0000s ]
SQL: SELECT `price` FROM `blue_orders` WHERE ( currency_id = 54 ) ORDER BY add_time desc LIMIT 1   [ RunTime:0.0000s ]
INFO: [ view_parse ] --START--
INFO: [ template_filter ] --START--
INFO: Run Behavior\ContentReplaceBehavior [ RunTime:0.000000s ]
INFO: [ template_filter ] --END-- [ RunTime:0.000000s ]
INFO: Run Behavior\ParseTemplateBehavior [ RunTime:0.000000s ]
INFO: [ view_parse ] --END-- [ RunTime:0.000000s ]
INFO: [ view_filter ] --START--
INFO: Run Behavior\WriteHtmlCacheBehavior [ RunTime:0.000000s ]
INFO: [ view_filter ] --END-- [ RunTime:0.000000s ]
INFO: [ app_end ] --START--
INFO: Run Behavior\ShowPageTraceBehavior [ RunTime:0.000000s ]
INFO: [ app_end ] --END-- [ RunTime:0.000000s ]

[ 2018-07-30T10:34:52+08:00 ] 127.0.0.1 /Mobile/Login/checkLog.html
INFO: [ app_init ] --START--
INFO: Run Behavior\BuildLiteBehavior [ RunTime:0.000000s ]
INFO: [ app_init ] --END-- [ RunTime:0.000000s ]
INFO: [ app_begin ] --START--
INFO: Run Behavior\ReadHtmlCacheBehavior [ RunTime:0.001000s ]
INFO: [ app_begin ] --END-- [ RunTime:0.001000s ]
NOTIC: [2] preg_match(): Delimiter must not be alphanumeric or backslash D:\WWW\xiao\App\Common\Common\function.php 第 614 行.
NOTIC: [2] preg_match(): Delimiter must not be alphanumeric or backslash D:\WWW\xiao\App\Common\Common\function.php 第 614 行.
SQL: SHOW COLUMNS FROM `blue_config` [ RunTime:0.0200s ]
SQL: SELECT * FROM `blue_config`  [ RunTime:0.0000s ]
SQL: SHOW COLUMNS FROM `blue_purse_download` [ RunTime:0.0200s ]
SQL: SELECT * FROM `blue_purse_download` ORDER BY add_time desc LIMIT 0,6   [ RunTime:0.0000s ]
SQL: SHOW COLUMNS FROM `blue_dividend_config` [ RunTime:0.0100s ]
SQL: SELECT * FROM `blue_dividend_config`  [ RunTime:0.0000s ]
SQL: SHOW COLUMNS FROM `blue_article_category` [ RunTime:0.0100s ]
SQL: SELECT * FROM `blue_article_category` WHERE ( parent_id = 6 ) LIMIT 4   [ RunTime:0.0000s ]
SQL: SHOW COLUMNS FROM `blue_article` [ RunTime:0.0100s ]
SQL: SELECT * FROM `blue_article` WHERE ( position_id = 7 ) LIMIT 4   [ RunTime:0.0000s ]
SQL: SHOW COLUMNS FROM `blue_orders` [ RunTime:0.0100s ]
SQL: SHOW COLUMNS FROM `blue_currency` [ RunTime:0.0100s ]
SQL: SELECT * FROM `blue_currency` WHERE ( is_line=1  ) ORDER BY sort  [ RunTime:0.0000s ]
NOTIC: [8] Undefined variable: whereMark D:\WWW\xiao\App\Common\Controller\CommonController.class.php 第 106 行.
SQL: SELECT `currency_id`,`currency_name`,`currency_logo`,`currency_mark` FROM `blue_currency` LIMIT 1   [ RunTime:0.0000s ]
SQL: SELECT `currency_id`,`currency_name`,`currency_logo`,`currency_mark` FROM `blue_currency` WHERE `is_line` = 1  [ RunTime:0.0000s ]
SQL: SELECT `price` FROM `blue_orders` WHERE ( currency_id = 52 ) ORDER BY add_time desc LIMIT 1   [ RunTime:0.0000s ]
SQL: SELECT `price` FROM `blue_orders` WHERE ( currency_id = 53 ) ORDER BY add_time desc LIMIT 1   [ RunTime:0.0000s ]
SQL: SELECT `price` FROM `blue_orders` WHERE ( currency_id = 54 ) ORDER BY add_time desc LIMIT 1   [ RunTime:0.0000s ]
SQL: SHOW COLUMNS FROM `blue_member` [ RunTime:0.0100s ]
SQL: SELECT * FROM `blue_member` WHERE `username` = '376499985' LIMIT 1   [ RunTime:0.0000s ]
NOTIC: [8] Undefined variable: new_ip D:\WWW\xiao\App\Mobile\Controller\LoginController.class.php 第 141 行.
SQL: UPDATE `blue_member` SET `login_ip`=NULL,`login_time`='1532918092' WHERE `member_id` = 10375 [ RunTime:0.0400s ]

[ 2018-07-30T10:34:54+08:00 ] 127.0.0.1 /Mobile/user/home.html
INFO: [ app_init ] --START--
INFO: Run Behavior\BuildLiteBehavior [ RunTime:0.000000s ]
INFO: [ app_init ] --END-- [ RunTime:0.001000s ]
INFO: [ app_begin ] --START--
INFO: Run Behavior\ReadHtmlCacheBehavior [ RunTime:0.001000s ]
INFO: [ app_begin ] --END-- [ RunTime:0.001000s ]
SQL: SHOW COLUMNS FROM `blue_config` [ RunTime:0.0110s ]
SQL: SELECT * FROM `blue_config`  [ RunTime:0.0010s ]
SQL: SHOW COLUMNS FROM `blue_purse_download` [ RunTime:0.0120s ]
SQL: SELECT * FROM `blue_purse_download` ORDER BY add_time desc LIMIT 0,6   [ RunTime:0.0000s ]
SQL: SHOW COLUMNS FROM `blue_dividend_config` [ RunTime:0.0100s ]
SQL: SELECT * FROM `blue_dividend_config`  [ RunTime:0.0010s ]
SQL: SHOW COLUMNS FROM `blue_article_category` [ RunTime:0.0090s ]
SQL: SELECT * FROM `blue_article_category` WHERE ( parent_id = 6 ) LIMIT 4   [ RunTime:0.0000s ]
SQL: SHOW COLUMNS FROM `blue_article` [ RunTime:0.0090s ]
SQL: SELECT * FROM `blue_article` WHERE ( position_id = 7 ) LIMIT 4   [ RunTime:0.0000s ]
SQL: SHOW COLUMNS FROM `blue_member` [ RunTime:0.0090s ]
SQL: SELECT *,(rmb+forzen_rmb) as count FROM `blue_member` WHERE ( member_id='10375' ) LIMIT 1   [ RunTime:0.0400s ]
SQL: SHOW COLUMNS FROM `blue_orders` [ RunTime:0.0090s ]
SQL: SHOW COLUMNS FROM `blue_message` [ RunTime:0.0170s ]
SQL: SELECT COUNT(*) AS tp_count FROM `blue_message` WHERE `member_id` = '10375' AND `status` = 0 LIMIT 1   [ RunTime:0.0010s ]
SQL: SHOW COLUMNS FROM `blue_currency` [ RunTime:0.0090s ]
SQL: SELECT * FROM `blue_currency` WHERE ( is_line=1  ) ORDER BY sort  [ RunTime:0.0010s ]
NOTIC: [8] Undefined variable: whereMark D:\WWW\xiao\App\Common\Controller\CommonController.class.php 第 106 行.
SQL: SELECT `currency_id`,`currency_name`,`currency_logo`,`currency_mark` FROM `blue_currency` LIMIT 1   [ RunTime:0.0000s ]
SQL: SELECT `currency_id`,`currency_name`,`currency_logo`,`currency_mark` FROM `blue_currency` WHERE `is_line` = 1  [ RunTime:0.0000s ]
SQL: SELECT `price` FROM `blue_orders` WHERE ( currency_id = 52 ) ORDER BY add_time desc LIMIT 1   [ RunTime:0.0010s ]
SQL: SELECT `price` FROM `blue_orders` WHERE ( currency_id = 53 ) ORDER BY add_time desc LIMIT 1   [ RunTime:0.0000s ]
SQL: SELECT `price` FROM `blue_orders` WHERE ( currency_id = 54 ) ORDER BY add_time desc LIMIT 1   [ RunTime:0.0010s ]
SQL: SELECT * FROM `blue_member` WHERE ( member_id =10375 ) LIMIT 1   [ RunTime:0.0000s ]
SQL: SHOW COLUMNS FROM `blue_trade` [ RunTime:0.0090s ]
SQL: SELECT * FROM `blue_currency`  [ RunTime:0.0000s ]
SQL: SHOW COLUMNS FROM `blue_currency_user` [ RunTime:0.0090s ]
SQL: SELECT *,(num+forzen_num) as count FROM `blue_currency_user` WHERE `member_id` = 10375 AND `currency_id` = 52 LIMIT 1   [ RunTime:0.0000s ]
SQL: SELECT *,(num+forzen_num) as count FROM `blue_currency_user` WHERE `member_id` = 10375 AND `currency_id` = 53 LIMIT 1   [ RunTime:0.0000s ]
SQL: SELECT *,(num+forzen_num) as count FROM `blue_currency_user` WHERE `member_id` = 10375 AND `currency_id` = 54 LIMIT 1   [ RunTime:0.0000s ]
SQL: SHOW COLUMNS FROM `blue_issue_log` [ RunTime:0.0090s ]
SQL: SELECT * FROM `blue_issue_log` WHERE ( deal>0 and add_time<1532918094-60*60*24 and uid=10375 and status=0 )  [ RunTime:0.0010s ]
SQL: SELECT * FROM `blue_member` WHERE `member_id` = 10375 LIMIT 1   [ RunTime:0.0000s ]
INFO: [ view_parse ] --START--
INFO: [ template_filter ] --START--
INFO: Run Behavior\ContentReplaceBehavior [ RunTime:0.000000s ]
INFO: [ template_filter ] --END-- [ RunTime:0.000000s ]
SQL: SHOW COLUMNS FROM `blue_member_grade` [ RunTime:0.0090s ]
SQL: SELECT `title` FROM `blue_member_grade` WHERE `id` = 1 LIMIT 1   [ RunTime:0.0080s ]
INFO: Run Behavior\ParseTemplateBehavior [ RunTime:0.045000s ]
INFO: [ view_parse ] --END-- [ RunTime:0.045000s ]
INFO: [ view_filter ] --START--
INFO: Run Behavior\WriteHtmlCacheBehavior [ RunTime:0.001000s ]
INFO: [ view_filter ] --END-- [ RunTime:0.001000s ]
INFO: [ app_end ] --START--
INFO: Run Behavior\ShowPageTraceBehavior [ RunTime:0.001000s ]
INFO: [ app_end ] --END-- [ RunTime:0.001000s ]

[ 2018-07-30T10:34:56+08:00 ] 127.0.0.1 /Mobile/User/count_licai_rate_num.html
INFO: [ app_init ] --START--
INFO: Run Behavior\BuildLiteBehavior [ RunTime:0.000000s ]
INFO: [ app_init ] --END-- [ RunTime:0.000000s ]
INFO: [ app_begin ] --START--
INFO: Run Behavior\ReadHtmlCacheBehavior [ RunTime:0.000000s ]
INFO: [ app_begin ] --END-- [ RunTime:0.000000s ]
SQL: SHOW COLUMNS FROM `blue_config` [ RunTime:0.0050s ]
SQL: SELECT * FROM `blue_config`  [ RunTime:0.0010s ]
SQL: SHOW COLUMNS FROM `blue_purse_download` [ RunTime:0.0100s ]
SQL: SELECT * FROM `blue_purse_download` ORDER BY add_time desc LIMIT 0,6   [ RunTime:0.0000s ]
SQL: SHOW COLUMNS FROM `blue_dividend_config` [ RunTime:0.0100s ]
SQL: SELECT * FROM `blue_dividend_config`  [ RunTime:0.0000s ]
SQL: SHOW COLUMNS FROM `blue_article_category` [ RunTime:0.0210s ]
SQL: SELECT * FROM `blue_article_category` WHERE ( parent_id = 6 ) LIMIT 4   [ RunTime:0.0000s ]
SQL: SHOW COLUMNS FROM `blue_article` [ RunTime:0.0100s ]
SQL: SELECT * FROM `blue_article` WHERE ( position_id = 7 ) LIMIT 4   [ RunTime:0.0000s ]
SQL: SHOW COLUMNS FROM `blue_member` [ RunTime:0.0100s ]
SQL: SELECT *,(rmb+forzen_rmb) as count FROM `blue_member` WHERE ( member_id='10375' ) LIMIT 1   [ RunTime:0.0000s ]
SQL: SHOW COLUMNS FROM `blue_orders` [ RunTime:0.0100s ]
SQL: SHOW COLUMNS FROM `blue_message` [ RunTime:0.0100s ]
SQL: SELECT COUNT(*) AS tp_count FROM `blue_message` WHERE `member_id` = '10375' AND `status` = 0 LIMIT 1   [ RunTime:0.0000s ]
SQL: SHOW COLUMNS FROM `blue_currency` [ RunTime:0.0100s ]
SQL: SELECT * FROM `blue_currency` WHERE ( is_line=1  ) ORDER BY sort  [ RunTime:0.0000s ]
NOTIC: [8] Undefined variable: whereMark D:\WWW\xiao\App\Common\Controller\CommonController.class.php 第 106 行.
SQL: SELECT `currency_id`,`currency_name`,`currency_logo`,`currency_mark` FROM `blue_currency` LIMIT 1   [ RunTime:0.0000s ]
SQL: SELECT `currency_id`,`currency_name`,`currency_logo`,`currency_mark` FROM `blue_currency` WHERE `is_line` = 1  [ RunTime:0.0000s ]
SQL: SELECT `price` FROM `blue_orders` WHERE ( currency_id = 52 ) ORDER BY add_time desc LIMIT 1   [ RunTime:0.0000s ]
SQL: SELECT `price` FROM `blue_orders` WHERE ( currency_id = 53 ) ORDER BY add_time desc LIMIT 1   [ RunTime:0.0000s ]
SQL: SELECT `price` FROM `blue_orders` WHERE ( currency_id = 54 ) ORDER BY add_time desc LIMIT 1   [ RunTime:0.0000s ]
SQL: SELECT * FROM `blue_member` WHERE ( member_id =10375 ) LIMIT 1   [ RunTime:0.0000s ]
SQL: SHOW COLUMNS FROM `blue_trade` [ RunTime:0.0100s ]
SQL: SELECT * FROM `blue_currency`  [ RunTime:0.0000s ]
SQL: SHOW COLUMNS FROM `blue_currency_user` [ RunTime:0.0100s ]
SQL: SELECT *,(num+forzen_num) as count FROM `blue_currency_user` WHERE `member_id` = 10375 AND `currency_id` = 52 LIMIT 1   [ RunTime:0.0000s ]
SQL: SELECT *,(num+forzen_num) as count FROM `blue_currency_user` WHERE `member_id` = 10375 AND `currency_id` = 53 LIMIT 1   [ RunTime:0.0000s ]
SQL: SELECT *,(num+forzen_num) as count FROM `blue_currency_user` WHERE `member_id` = 10375 AND `currency_id` = 54 LIMIT 1   [ RunTime:0.0000s ]
SQL: SHOW COLUMNS FROM `blue_issue_log` [ RunTime:0.0100s ]
SQL: SELECT * FROM `blue_issue_log` WHERE ( deal>0 and add_time<1532918096-60*60*24 and uid=10375 and status=0 )  [ RunTime:0.0000s ]
SQL: SHOW COLUMNS FROM `blue_currency_user` [ RunTime:0.0100s ]
SQL: SHOW COLUMNS FROM `blue_currency_rate_record` [ RunTime:0.0100s ]
SQL: SHOW COLUMNS FROM `blue_licai_currency_user` [ RunTime:0.0100s ]
SQL: SHOW COLUMNS FROM `blue_licai_currency` [ RunTime:0.0100s ]
SQL: SELECT blue_licai_currency_user.* FROM `blue_licai_currency_user` INNER JOIN blue_licai_currency on blue_licai_currency_user.currency_id=blue_licai_currency.currency_id  WHERE blue_licai_currency_user.member_id = '10375' AND blue_licai_currency_user.status = 0 AND blue_licai_currency_user.type = 1 AND blue_licai_currency_user.add_time < 1532880000 AND blue_licai_currency.status = 1  [ RunTime:0.0000s ]
SQL: SELECT blue_currency_user.*,blue_licai_currency.rate FROM `blue_currency_user` INNER JOIN blue_licai_currency on blue_currency_user.currency_id=blue_licai_currency.currency_id  WHERE blue_currency_user.member_id = '10375' AND blue_licai_currency.status = 1  [ RunTime:0.0000s ]
SQL: SELECT `rate` FROM `blue_licai_currency` WHERE `currency_id` = 52 LIMIT 1   [ RunTime:0.0000s ]
SQL: SELECT * FROM `blue_currency_rate_record` WHERE `member_id` = 10375 AND `currency_id` = 52 ORDER BY update_time desc LIMIT 1   [ RunTime:0.0000s ]
SQL: SELECT `rate` FROM `blue_licai_currency` WHERE `currency_id` = 53 LIMIT 1   [ RunTime:0.0000s ]
SQL: SELECT * FROM `blue_currency_rate_record` WHERE `member_id` = 10375 AND `currency_id` = 53 ORDER BY update_time desc LIMIT 1   [ RunTime:0.0000s ]
SQL: SELECT `rate` FROM `blue_licai_currency` WHERE `currency_id` = 54 LIMIT 1   [ RunTime:0.0000s ]
SQL: SELECT * FROM `blue_currency_rate_record` WHERE `member_id` = 10375 AND `currency_id` = 54 ORDER BY update_time desc LIMIT 1   [ RunTime:0.0000s ]
SQL: SELECT `total_licai_currency` FROM `blue_currency_user` WHERE `member_id` = 10375 AND `currency_id` = 52 LIMIT 1   [ RunTime:0.0000s ]
SQL: SELECT `rate` FROM `blue_licai_currency` WHERE `currency_id` = 52 LIMIT 1   [ RunTime:0.0000s ]
SQL: INSERT INTO `blue_currency_rate_record` (`member_id`,`currency_id`,`rate_num`,`rate`,`update_time`,`currency_num`) VALUES ('10375','52','0.2087424','0.2','1532918096','1.2524544') [ RunTime:0.0000s ]
NOTIC: [8] Undefined offset: 52 D:\WWW\xiao\App\Mobile\Controller\UserController.class.php 第 1305 行.
SQL: UPDATE `blue_currency_user` SET `total_licai_currency`=total_licai_currency+0.2087424,`no_profit_licai_currency`=no_profit_licai_currency-0 WHERE `member_id` = 10375 AND `currency_id` = 52 [ RunTime:0.0200s ]
SQL: UPDATE `blue_licai_currency_user` SET `status`='1' WHERE `member_id` = 10375 AND `currency_id` = 52 AND `add_time` < 1532880000 [ RunTime:0.0100s ]
SQL: SELECT `total_licai_currency` FROM `blue_currency_user` WHERE `member_id` = 10375 AND `currency_id` = 53 LIMIT 1   [ RunTime:0.0000s ]
SQL: SELECT `rate` FROM `blue_licai_currency` WHERE `currency_id` = 53 LIMIT 1   [ RunTime:0.0100s ]
SQL: INSERT INTO `blue_currency_rate_record` (`member_id`,`currency_id`,`rate_num`,`rate`,`update_time`,`currency_num`) VALUES ('10375','53','0.759375','0.5','1532918096','2.278125') [ RunTime:0.0000s ]
NOTIC: [8] Undefined offset: 53 D:\WWW\xiao\App\Mobile\Controller\UserController.class.php 第 1305 行.
SQL: UPDATE `blue_currency_user` SET `total_licai_currency`=total_licai_currency+0.759375,`no_profit_licai_currency`=no_profit_licai_currency-0 WHERE `member_id` = 10375 AND `currency_id` = 53 [ RunTime:0.0200s ]
SQL: UPDATE `blue_licai_currency_user` SET `status`='1' WHERE `member_id` = 10375 AND `currency_id` = 53 AND `add_time` < 1532880000 [ RunTime:0.0200s ]
SQL: SELECT `total_licai_currency` FROM `blue_currency_user` WHERE `member_id` = 10375 AND `currency_id` = 54 LIMIT 1   [ RunTime:0.0000s ]
SQL: SELECT `rate` FROM `blue_licai_currency` WHERE `currency_id` = 54 LIMIT 1   [ RunTime:0.0000s ]
SQL: INSERT INTO `blue_currency_rate_record` (`member_id`,`currency_id`,`rate_num`,`rate`,`update_time`,`currency_num`) VALUES ('10375','54','0.342732','0.3','1532918096','1.485172') [ RunTime:0.0000s ]
NOTIC: [8] Undefined offset: 54 D:\WWW\xiao\App\Mobile\Controller\UserController.class.php 第 1305 行.
SQL: UPDATE `blue_currency_user` SET `total_licai_currency`=total_licai_currency+0.342732,`no_profit_licai_currency`=no_profit_licai_currency-0 WHERE `member_id` = 10375 AND `currency_id` = 54 [ RunTime:0.0200s ]
SQL: UPDATE `blue_licai_currency_user` SET `status`='1' WHERE `member_id` = 10375 AND `currency_id` = 54 AND `add_time` < 1532880000 [ RunTime:0.0100s ]

[ 2018-07-30T10:35:03+08:00 ] 127.0.0.1 /Mobile/User/show_account.html
INFO: [ app_init ] --START--
INFO: Run Behavior\BuildLiteBehavior [ RunTime:0.000000s ]
INFO: [ app_init ] --END-- [ RunTime:0.000000s ]
INFO: [ app_begin ] --START--
INFO: Run Behavior\ReadHtmlCacheBehavior [ RunTime:0.001000s ]
INFO: [ app_begin ] --END-- [ RunTime:0.001000s ]
SQL: SHOW COLUMNS FROM `blue_config` [ RunTime:0.0090s ]
SQL: SELECT * FROM `blue_config`  [ RunTime:0.0010s ]
SQL: SHOW COLUMNS FROM `blue_purse_download` [ RunTime:0.0100s ]
SQL: SELECT * FROM `blue_purse_download` ORDER BY add_time desc LIMIT 0,6   [ RunTime:0.0000s ]
SQL: SHOW COLUMNS FROM `blue_dividend_config` [ RunTime:0.0090s ]
SQL: SELECT * FROM `blue_dividend_config`  [ RunTime:0.0000s ]
SQL: SHOW COLUMNS FROM `blue_article_category` [ RunTime:0.0090s ]
SQL: SELECT * FROM `blue_article_category` WHERE ( parent_id = 6 ) LIMIT 4   [ RunTime:0.0010s ]
SQL: SHOW COLUMNS FROM `blue_article` [ RunTime:0.0090s ]
SQL: SELECT * FROM `blue_article` WHERE ( position_id = 7 ) LIMIT 4   [ RunTime:0.0000s ]
SQL: SHOW COLUMNS FROM `blue_member` [ RunTime:0.0080s ]
SQL: SELECT *,(rmb+forzen_rmb) as count FROM `blue_member` WHERE ( member_id='10375' ) LIMIT 1   [ RunTime:0.0010s ]
SQL: SHOW COLUMNS FROM `blue_orders` [ RunTime:0.0090s ]
SQL: SHOW COLUMNS FROM `blue_message` [ RunTime:0.0090s ]
SQL: SELECT COUNT(*) AS tp_count FROM `blue_message` WHERE `member_id` = '10375' AND `status` = 0 LIMIT 1   [ RunTime:0.0000s ]
SQL: SHOW COLUMNS FROM `blue_currency` [ RunTime:0.0090s ]
SQL: SELECT * FROM `blue_currency` WHERE ( is_line=1  ) ORDER BY sort  [ RunTime:0.0000s ]
NOTIC: [8] Undefined variable: whereMark D:\WWW\xiao\App\Common\Controller\CommonController.class.php 第 106 行.
SQL: SELECT `currency_id`,`currency_name`,`currency_logo`,`currency_mark` FROM `blue_currency` LIMIT 1   [ RunTime:0.0000s ]
SQL: SELECT `currency_id`,`currency_name`,`currency_logo`,`currency_mark` FROM `blue_currency` WHERE `is_line` = 1  [ RunTime:0.0000s ]
SQL: SELECT `price` FROM `blue_orders` WHERE ( currency_id = 52 ) ORDER BY add_time desc LIMIT 1   [ RunTime:0.0010s ]
SQL: SELECT `price` FROM `blue_orders` WHERE ( currency_id = 53 ) ORDER BY add_time desc LIMIT 1   [ RunTime:0.0000s ]
SQL: SELECT `price` FROM `blue_orders` WHERE ( currency_id = 54 ) ORDER BY add_time desc LIMIT 1   [ RunTime:0.0000s ]
SQL: SELECT * FROM `blue_member` WHERE ( member_id =10375 ) LIMIT 1   [ RunTime:0.0000s ]
SQL: SHOW COLUMNS FROM `blue_trade` [ RunTime:0.0090s ]
SQL: SELECT * FROM `blue_currency`  [ RunTime:0.0000s ]
SQL: SHOW COLUMNS FROM `blue_currency_user` [ RunTime:0.0090s ]
SQL: SELECT *,(num+forzen_num) as count FROM `blue_currency_user` WHERE `member_id` = 10375 AND `currency_id` = 52 LIMIT 1   [ RunTime:0.0000s ]
SQL: SELECT *,(num+forzen_num) as count FROM `blue_currency_user` WHERE `member_id` = 10375 AND `currency_id` = 53 LIMIT 1   [ RunTime:0.0010s ]
SQL: SELECT *,(num+forzen_num) as count FROM `blue_currency_user` WHERE `member_id` = 10375 AND `currency_id` = 54 LIMIT 1   [ RunTime:0.0000s ]
SQL: SHOW COLUMNS FROM `blue_issue_log` [ RunTime:0.0090s ]
SQL: SELECT * FROM `blue_issue_log` WHERE ( deal>0 and add_time<1532918103-60*60*24 and uid=10375 and status=0 )  [ RunTime:0.0000s ]
SQL: SHOW COLUMNS FROM `blue_currency_user` [ RunTime:0.0090s ]
SQL: SELECT blue_currency_user.*,blue_currency.currency_mark,blue_licai_currency.status,blue_licai_currency.rate FROM `blue_currency_user` INNER JOIN blue_currency on blue_currency_user.currency_id=blue_currency.currency_id INNER JOIN blue_licai_currency on blue_currency_user.currency_id=blue_licai_currency.currency_id  WHERE blue_licai_currency.status = 1 AND blue_currency_user.member_id = '10375'  [ RunTime:0.0000s ]
SQL: SHOW COLUMNS FROM `blue_currency_rate_record` [ RunTime:0.0100s ]
SQL: SELECT `rate_num` FROM `blue_currency_rate_record` WHERE `member_id` = 10375 AND `currency_id` = 52 ORDER BY update_time desc LIMIT 1   [ RunTime:0.0010s ]
SQL: SELECT `rate_num` FROM `blue_currency_rate_record` WHERE `member_id` = 10375 AND `currency_id` = 53 ORDER BY update_time desc LIMIT 1   [ RunTime:0.0000s ]
SQL: SELECT `rate_num` FROM `blue_currency_rate_record` WHERE `member_id` = 10375 AND `currency_id` = 54 ORDER BY update_time desc LIMIT 1   [ RunTime:0.0000s ]
INFO: [ view_parse ] --START--
INFO: [ template_filter ] --START--
INFO: Run Behavior\ContentReplaceBehavior [ RunTime:0.000000s ]
INFO: [ template_filter ] --END-- [ RunTime:0.000000s ]
INFO: Run Behavior\ParseTemplateBehavior [ RunTime:0.025000s ]
INFO: [ view_parse ] --END-- [ RunTime:0.026000s ]
INFO: [ view_filter ] --START--
INFO: Run Behavior\WriteHtmlCacheBehavior [ RunTime:0.000000s ]
INFO: [ view_filter ] --END-- [ RunTime:0.000000s ]
INFO: [ app_end ] --START--
INFO: Run Behavior\ShowPageTraceBehavior [ RunTime:0.000000s ]
INFO: [ app_end ] --END-- [ RunTime:0.001000s ]

[ 2018-07-30T10:35:05+08:00 ] 127.0.0.1 /Mobile/User/count_licai_rate_num.html
INFO: [ app_init ] --START--
INFO: Run Behavior\BuildLiteBehavior [ RunTime:0.000000s ]
INFO: [ app_init ] --END-- [ RunTime:0.000000s ]
INFO: [ app_begin ] --START--
INFO: Run Behavior\ReadHtmlCacheBehavior [ RunTime:0.000000s ]
INFO: [ app_begin ] --END-- [ RunTime:0.000000s ]
SQL: SHOW COLUMNS FROM `blue_config` [ RunTime:0.0100s ]
SQL: SELECT * FROM `blue_config`  [ RunTime:0.0000s ]
SQL: SHOW COLUMNS FROM `blue_purse_download` [ RunTime:0.0100s ]
SQL: SELECT * FROM `blue_purse_download` ORDER BY add_time desc LIMIT 0,6   [ RunTime:0.0000s ]
SQL: SHOW COLUMNS FROM `blue_dividend_config` [ RunTime:0.0010s ]
SQL: SELECT * FROM `blue_dividend_config`  [ RunTime:0.0000s ]
SQL: SHOW COLUMNS FROM `blue_article_category` [ RunTime:0.0060s ]
SQL: SELECT * FROM `blue_article_category` WHERE ( parent_id = 6 ) LIMIT 4   [ RunTime:0.0000s ]
SQL: SHOW COLUMNS FROM `blue_article` [ RunTime:0.0120s ]
SQL: SELECT * FROM `blue_article` WHERE ( position_id = 7 ) LIMIT 4   [ RunTime:0.0000s ]
SQL: SHOW COLUMNS FROM `blue_member` [ RunTime:0.0100s ]
SQL: SELECT *,(rmb+forzen_rmb) as count FROM `blue_member` WHERE ( member_id='10375' ) LIMIT 1   [ RunTime:0.0000s ]
SQL: SHOW COLUMNS FROM `blue_orders` [ RunTime:0.0240s ]
SQL: SHOW COLUMNS FROM `blue_message` [ RunTime:0.0100s ]
SQL: SELECT COUNT(*) AS tp_count FROM `blue_message` WHERE `member_id` = '10375' AND `status` = 0 LIMIT 1   [ RunTime:0.0000s ]
SQL: SHOW COLUMNS FROM `blue_currency` [ RunTime:0.0100s ]
SQL: SELECT * FROM `blue_currency` WHERE ( is_line=1  ) ORDER BY sort  [ RunTime:0.0000s ]
NOTIC: [8] Undefined variable: whereMark D:\WWW\xiao\App\Common\Controller\CommonController.class.php 第 106 行.
SQL: SELECT `currency_id`,`currency_name`,`currency_logo`,`currency_mark` FROM `blue_currency` LIMIT 1   [ RunTime:0.0000s ]
SQL: SELECT `currency_id`,`currency_name`,`currency_logo`,`currency_mark` FROM `blue_currency` WHERE `is_line` = 1  [ RunTime:0.0000s ]
SQL: SELECT `price` FROM `blue_orders` WHERE ( currency_id = 52 ) ORDER BY add_time desc LIMIT 1   [ RunTime:0.0000s ]
SQL: SELECT `price` FROM `blue_orders` WHERE ( currency_id = 53 ) ORDER BY add_time desc LIMIT 1   [ RunTime:0.0000s ]
SQL: SELECT `price` FROM `blue_orders` WHERE ( currency_id = 54 ) ORDER BY add_time desc LIMIT 1   [ RunTime:0.0000s ]
SQL: SELECT * FROM `blue_member` WHERE ( member_id =10375 ) LIMIT 1   [ RunTime:0.0000s ]
SQL: SHOW COLUMNS FROM `blue_trade` [ RunTime:0.0100s ]
SQL: SELECT * FROM `blue_currency`  [ RunTime:0.0000s ]
SQL: SHOW COLUMNS FROM `blue_currency_user` [ RunTime:0.0100s ]
SQL: SELECT *,(num+forzen_num) as count FROM `blue_currency_user` WHERE `member_id` = 10375 AND `currency_id` = 52 LIMIT 1   [ RunTime:0.0000s ]
SQL: SELECT *,(num+forzen_num) as count FROM `blue_currency_user` WHERE `member_id` = 10375 AND `currency_id` = 53 LIMIT 1   [ RunTime:0.0000s ]
SQL: SELECT *,(num+forzen_num) as count FROM `blue_currency_user` WHERE `member_id` = 10375 AND `currency_id` = 54 LIMIT 1   [ RunTime:0.0000s ]
SQL: SHOW COLUMNS FROM `blue_issue_log` [ RunTime:0.0100s ]
SQL: SELECT * FROM `blue_issue_log` WHERE ( deal>0 and add_time<1532918105-60*60*24 and uid=10375 and status=0 )  [ RunTime:0.0000s ]
SQL: SHOW COLUMNS FROM `blue_currency_user` [ RunTime:0.0100s ]
SQL: SHOW COLUMNS FROM `blue_currency_rate_record` [ RunTime:0.0100s ]
SQL: SHOW COLUMNS FROM `blue_licai_currency_user` [ RunTime:0.0100s ]
SQL: SHOW COLUMNS FROM `blue_licai_currency` [ RunTime:0.0000s ]
SQL: SELECT blue_licai_currency_user.* FROM `blue_licai_currency_user` INNER JOIN blue_licai_currency on blue_licai_currency_user.currency_id=blue_licai_currency.currency_id  WHERE blue_licai_currency_user.member_id = '10375' AND blue_licai_currency_user.status = 0 AND blue_licai_currency_user.type = 1 AND blue_licai_currency_user.add_time < 1532880000 AND blue_licai_currency.status = 1  [ RunTime:0.0000s ]
SQL: SELECT blue_currency_user.*,blue_licai_currency.rate FROM `blue_currency_user` INNER JOIN blue_licai_currency on blue_currency_user.currency_id=blue_licai_currency.currency_id  WHERE blue_currency_user.member_id = '10375' AND blue_licai_currency.status = 1  [ RunTime:0.0000s ]
SQL: SELECT `rate` FROM `blue_licai_currency` WHERE `currency_id` = 52 LIMIT 1   [ RunTime:0.0000s ]
SQL: SELECT * FROM `blue_currency_rate_record` WHERE `member_id` = 10375 AND `currency_id` = 52 ORDER BY update_time desc LIMIT 1   [ RunTime:0.0000s ]
SQL: SELECT `rate` FROM `blue_licai_currency` WHERE `currency_id` = 53 LIMIT 1   [ RunTime:0.0000s ]
SQL: SELECT * FROM `blue_currency_rate_record` WHERE `member_id` = 10375 AND `currency_id` = 53 ORDER BY update_time desc LIMIT 1   [ RunTime:0.0000s ]
SQL: SELECT `rate` FROM `blue_licai_currency` WHERE `currency_id` = 54 LIMIT 1   [ RunTime:0.0000s ]
SQL: SELECT * FROM `blue_currency_rate_record` WHERE `member_id` = 10375 AND `currency_id` = 54 ORDER BY update_time desc LIMIT 1   [ RunTime:0.0000s ]

[ 2018-07-30T10:36:33+08:00 ] 127.0.0.1 /Mobile/User/show_account.html
INFO: [ app_init ] --START--
INFO: Run Behavior\BuildLiteBehavior [ RunTime:0.000000s ]
INFO: [ app_init ] --END-- [ RunTime:0.001000s ]
INFO: [ app_begin ] --START--
INFO: Run Behavior\ReadHtmlCacheBehavior [ RunTime:0.001000s ]
INFO: [ app_begin ] --END-- [ RunTime:0.001000s ]
SQL: SHOW COLUMNS FROM `blue_config` [ RunTime:0.0230s ]
SQL: SELECT * FROM `blue_config`  [ RunTime:0.0010s ]
SQL: SHOW COLUMNS FROM `blue_purse_download` [ RunTime:0.0180s ]
SQL: SELECT * FROM `blue_purse_download` ORDER BY add_time desc LIMIT 0,6   [ RunTime:0.0000s ]
SQL: SHOW COLUMNS FROM `blue_dividend_config` [ RunTime:0.0140s ]
SQL: SELECT * FROM `blue_dividend_config`  [ RunTime:0.0010s ]
SQL: SHOW COLUMNS FROM `blue_article_category` [ RunTime:0.0140s ]
SQL: SELECT * FROM `blue_article_category` WHERE ( parent_id = 6 ) LIMIT 4   [ RunTime:0.0000s ]
SQL: SHOW COLUMNS FROM `blue_article` [ RunTime:0.0130s ]
SQL: SELECT * FROM `blue_article` WHERE ( position_id = 7 ) LIMIT 4   [ RunTime:0.0000s ]
SQL: SHOW COLUMNS FROM `blue_member` [ RunTime:0.0140s ]
SQL: SELECT *,(rmb+forzen_rmb) as count FROM `blue_member` WHERE ( member_id='10375' ) LIMIT 1   [ RunTime:0.0010s ]
SQL: SHOW COLUMNS FROM `blue_orders` [ RunTime:0.0150s ]
SQL: SHOW COLUMNS FROM `blue_message` [ RunTime:0.0130s ]
SQL: SELECT COUNT(*) AS tp_count FROM `blue_message` WHERE `member_id` = '10375' AND `status` = 0 LIMIT 1   [ RunTime:0.0010s ]
SQL: SHOW COLUMNS FROM `blue_currency` [ RunTime:0.0150s ]
SQL: SELECT * FROM `blue_currency` WHERE ( is_line=1  ) ORDER BY sort  [ RunTime:0.0010s ]
NOTIC: [8] Undefined variable: whereMark D:\WWW\xiao\App\Common\Controller\CommonController.class.php 第 106 行.
SQL: SELECT `currency_id`,`currency_name`,`currency_logo`,`currency_mark` FROM `blue_currency` LIMIT 1   [ RunTime:0.0000s ]
SQL: SELECT `currency_id`,`currency_name`,`currency_logo`,`currency_mark` FROM `blue_currency` WHERE `is_line` = 1  [ RunTime:0.0000s ]
SQL: SELECT `price` FROM `blue_orders` WHERE ( currency_id = 52 ) ORDER BY add_time desc LIMIT 1   [ RunTime:0.0010s ]
SQL: SELECT `price` FROM `blue_orders` WHERE ( currency_id = 53 ) ORDER BY add_time desc LIMIT 1   [ RunTime:0.0000s ]
SQL: SELECT `price` FROM `blue_orders` WHERE ( currency_id = 54 ) ORDER BY add_time desc LIMIT 1   [ RunTime:0.0010s ]
SQL: SELECT * FROM `blue_member` WHERE ( member_id =10375 ) LIMIT 1   [ RunTime:0.0000s ]
SQL: SHOW COLUMNS FROM `blue_trade` [ RunTime:0.0140s ]
SQL: SELECT * FROM `blue_currency`  [ RunTime:0.0000s ]
SQL: SHOW COLUMNS FROM `blue_currency_user` [ RunTime:0.0150s ]
SQL: SELECT *,(num+forzen_num) as count FROM `blue_currency_user` WHERE `member_id` = 10375 AND `currency_id` = 52 LIMIT 1   [ RunTime:0.0010s ]
SQL: SELECT *,(num+forzen_num) as count FROM `blue_currency_user` WHERE `member_id` = 10375 AND `currency_id` = 53 LIMIT 1   [ RunTime:0.0000s ]
SQL: SELECT *,(num+forzen_num) as count FROM `blue_currency_user` WHERE `member_id` = 10375 AND `currency_id` = 54 LIMIT 1   [ RunTime:0.0010s ]
SQL: SHOW COLUMNS FROM `blue_issue_log` [ RunTime:0.0120s ]
SQL: SELECT * FROM `blue_issue_log` WHERE ( deal>0 and add_time<1532918193-60*60*24 and uid=10375 and status=0 )  [ RunTime:0.0010s ]
SQL: SHOW COLUMNS FROM `blue_currency_user` [ RunTime:0.0130s ]
SQL: SELECT blue_currency_user.*,blue_currency.currency_mark,blue_licai_currency.status,blue_licai_currency.rate FROM `blue_currency_user` INNER JOIN blue_currency on blue_currency_user.currency_id=blue_currency.currency_id INNER JOIN blue_licai_currency on blue_currency_user.currency_id=blue_licai_currency.currency_id  WHERE blue_licai_currency.status = 1 AND blue_currency_user.member_id = '10375'  [ RunTime:0.0010s ]
SQL: SHOW COLUMNS FROM `blue_currency_rate_record` [ RunTime:0.0130s ]
SQL: SELECT `rate_num` FROM `blue_currency_rate_record` WHERE `member_id` = 10375 AND `currency_id` = 52 ORDER BY update_time desc LIMIT 1   [ RunTime:0.0000s ]
SQL: SELECT `rate_num` FROM `blue_currency_rate_record` WHERE `member_id` = 10375 AND `currency_id` = 53 ORDER BY update_time desc LIMIT 1   [ RunTime:0.0000s ]
SQL: SELECT `rate_num` FROM `blue_currency_rate_record` WHERE `member_id` = 10375 AND `currency_id` = 54 ORDER BY update_time desc LIMIT 1   [ RunTime:0.0000s ]
INFO: [ view_parse ] --START--
INFO: [ template_filter ] --START--
INFO: Run Behavior\ContentReplaceBehavior [ RunTime:0.000000s ]
INFO: [ template_filter ] --END-- [ RunTime:0.000000s ]
INFO: Run Behavior\ParseTemplateBehavior [ RunTime:0.011000s ]
INFO: [ view_parse ] --END-- [ RunTime:0.011000s ]
INFO: [ view_filter ] --START--
INFO: Run Behavior\WriteHtmlCacheBehavior [ RunTime:0.001000s ]
INFO: [ view_filter ] --END-- [ RunTime:0.001000s ]
INFO: [ app_end ] --START--
INFO: Run Behavior\ShowPageTraceBehavior [ RunTime:0.001000s ]
INFO: [ app_end ] --END-- [ RunTime:0.001000s ]

[ 2018-07-30T10:36:35+08:00 ] 127.0.0.1 /Mobile/User/count_licai_rate_num.html
INFO: [ app_init ] --START--
INFO: Run Behavior\BuildLiteBehavior [ RunTime:0.000000s ]
INFO: [ app_init ] --END-- [ RunTime:0.000000s ]
INFO: [ app_begin ] --START--
INFO: Run Behavior\ReadHtmlCacheBehavior [ RunTime:0.001000s ]
INFO: [ app_begin ] --END-- [ RunTime:0.001000s ]
SQL: SHOW COLUMNS FROM `blue_config` [ RunTime:0.0190s ]
SQL: SELECT * FROM `blue_config`  [ RunTime:0.0010s ]
SQL: SHOW COLUMNS FROM `blue_purse_download` [ RunTime:0.0150s ]
SQL: SELECT * FROM `blue_purse_download` ORDER BY add_time desc LIMIT 0,6   [ RunTime:0.0000s ]
SQL: SHOW COLUMNS FROM `blue_dividend_config` [ RunTime:0.0140s ]
SQL: SELECT * FROM `blue_dividend_config`  [ RunTime:0.0010s ]
SQL: SHOW COLUMNS FROM `blue_article_category` [ RunTime:0.0120s ]
SQL: SELECT * FROM `blue_article_category` WHERE ( parent_id = 6 ) LIMIT 4   [ RunTime:0.0000s ]
SQL: SHOW COLUMNS FROM `blue_article` [ RunTime:0.0120s ]
SQL: SELECT * FROM `blue_article` WHERE ( position_id = 7 ) LIMIT 4   [ RunTime:0.0000s ]
SQL: SHOW COLUMNS FROM `blue_member` [ RunTime:0.0110s ]
SQL: SELECT *,(rmb+forzen_rmb) as count FROM `blue_member` WHERE ( member_id='10375' ) LIMIT 1   [ RunTime:0.0010s ]
SQL: SHOW COLUMNS FROM `blue_orders` [ RunTime:0.0270s ]
SQL: SHOW COLUMNS FROM `blue_message` [ RunTime:0.0100s ]
SQL: SELECT COUNT(*) AS tp_count FROM `blue_message` WHERE `member_id` = '10375' AND `status` = 0 LIMIT 1   [ RunTime:0.0000s ]
SQL: SHOW COLUMNS FROM `blue_currency` [ RunTime:0.0100s ]
SQL: SELECT * FROM `blue_currency` WHERE ( is_line=1  ) ORDER BY sort  [ RunTime:0.0000s ]
NOTIC: [8] Undefined variable: whereMark D:\WWW\xiao\App\Common\Controller\CommonController.class.php 第 106 行.
SQL: SELECT `currency_id`,`currency_name`,`currency_logo`,`currency_mark` FROM `blue_currency` LIMIT 1   [ RunTime:0.0000s ]
SQL: SELECT `currency_id`,`currency_name`,`currency_logo`,`currency_mark` FROM `blue_currency` WHERE `is_line` = 1  [ RunTime:0.0000s ]
SQL: SELECT `price` FROM `blue_orders` WHERE ( currency_id = 52 ) ORDER BY add_time desc LIMIT 1   [ RunTime:0.0000s ]
SQL: SELECT `price` FROM `blue_orders` WHERE ( currency_id = 53 ) ORDER BY add_time desc LIMIT 1   [ RunTime:0.0000s ]
SQL: SELECT `price` FROM `blue_orders` WHERE ( currency_id = 54 ) ORDER BY add_time desc LIMIT 1   [ RunTime:0.0000s ]
SQL: SELECT * FROM `blue_member` WHERE ( member_id =10375 ) LIMIT 1   [ RunTime:0.0000s ]
SQL: SHOW COLUMNS FROM `blue_trade` [ RunTime:0.0100s ]
SQL: SELECT * FROM `blue_currency`  [ RunTime:0.0000s ]
SQL: SHOW COLUMNS FROM `blue_currency_user` [ RunTime:0.0200s ]
SQL: SELECT *,(num+forzen_num) as count FROM `blue_currency_user` WHERE `member_id` = 10375 AND `currency_id` = 52 LIMIT 1   [ RunTime:0.0000s ]
SQL: SELECT *,(num+forzen_num) as count FROM `blue_currency_user` WHERE `member_id` = 10375 AND `currency_id` = 53 LIMIT 1   [ RunTime:0.0000s ]
SQL: SELECT *,(num+forzen_num) as count FROM `blue_currency_user` WHERE `member_id` = 10375 AND `currency_id` = 54 LIMIT 1   [ RunTime:0.0000s ]
SQL: SHOW COLUMNS FROM `blue_issue_log` [ RunTime:0.0010s ]
SQL: SELECT * FROM `blue_issue_log` WHERE ( deal>0 and add_time<1532918194-60*60*24 and uid=10375 and status=0 )  [ RunTime:0.0000s ]
SQL: SHOW COLUMNS FROM `blue_currency_user` [ RunTime:0.0060s ]
SQL: SHOW COLUMNS FROM `blue_currency_rate_record` [ RunTime:0.0120s ]
SQL: SHOW COLUMNS FROM `blue_licai_currency_user` [ RunTime:0.0110s ]
SQL: SHOW COLUMNS FROM `blue_licai_currency` [ RunTime:0.0110s ]
SQL: SELECT blue_licai_currency_user.* FROM `blue_licai_currency_user` INNER JOIN blue_licai_currency on blue_licai_currency_user.currency_id=blue_licai_currency.currency_id  WHERE blue_licai_currency_user.member_id = '10375' AND blue_licai_currency_user.status = 0 AND blue_licai_currency_user.type = 1 AND blue_licai_currency_user.add_time < 1532880000 AND blue_licai_currency.status = 1  [ RunTime:0.0010s ]
SQL: SELECT blue_currency_user.*,blue_licai_currency.rate FROM `blue_currency_user` INNER JOIN blue_licai_currency on blue_currency_user.currency_id=blue_licai_currency.currency_id  WHERE blue_currency_user.member_id = '10375' AND blue_licai_currency.status = 1  [ RunTime:0.0000s ]
SQL: SELECT `rate` FROM `blue_licai_currency` WHERE `currency_id` = 52 LIMIT 1   [ RunTime:0.0000s ]
SQL: SELECT * FROM `blue_currency_rate_record` WHERE `member_id` = 10375 AND `currency_id` = 52 ORDER BY update_time desc LIMIT 1   [ RunTime:0.0000s ]
SQL: SELECT `rate` FROM `blue_licai_currency` WHERE `currency_id` = 53 LIMIT 1   [ RunTime:0.0000s ]
SQL: SELECT * FROM `blue_currency_rate_record` WHERE `member_id` = 10375 AND `currency_id` = 53 ORDER BY update_time desc LIMIT 1   [ RunTime:0.0000s ]
SQL: SELECT `rate` FROM `blue_licai_currency` WHERE `currency_id` = 54 LIMIT 1   [ RunTime:0.0000s ]
SQL: SELECT * FROM `blue_currency_rate_record` WHERE `member_id` = 10375 AND `currency_id` = 54 ORDER BY update_time desc LIMIT 1   [ RunTime:0.0000s ]

[ 2018-07-30T10:36:43+08:00 ] 127.0.0.1 /Mobile/User/count_licai_rate_num.html
INFO: [ app_init ] --START--
INFO: Run Behavior\BuildLiteBehavior [ RunTime:0.000000s ]
INFO: [ app_init ] --END-- [ RunTime:0.000000s ]
INFO: [ app_begin ] --START--
INFO: Run Behavior\ReadHtmlCacheBehavior [ RunTime:0.000000s ]
INFO: [ app_begin ] --END-- [ RunTime:0.000000s ]
SQL: SHOW COLUMNS FROM `blue_config` [ RunTime:0.0450s ]
SQL: SELECT * FROM `blue_config`  [ RunTime:0.0000s ]
SQL: SHOW COLUMNS FROM `blue_purse_download` [ RunTime:0.0200s ]
SQL: SELECT * FROM `blue_purse_download` ORDER BY add_time desc LIMIT 0,6   [ RunTime:0.0000s ]
SQL: SHOW COLUMNS FROM `blue_dividend_config` [ RunTime:0.0110s ]
SQL: SELECT * FROM `blue_dividend_config`  [ RunTime:0.0000s ]
SQL: SHOW COLUMNS FROM `blue_article_category` [ RunTime:0.0070s ]
SQL: SELECT * FROM `blue_article_category` WHERE ( parent_id = 6 ) LIMIT 4   [ RunTime:0.0010s ]
SQL: SHOW COLUMNS FROM `blue_article` [ RunTime:0.0110s ]
SQL: SELECT * FROM `blue_article` WHERE ( position_id = 7 ) LIMIT 4   [ RunTime:0.0000s ]
SQL: SHOW COLUMNS FROM `blue_member` [ RunTime:0.0110s ]
SQL: SELECT *,(rmb+forzen_rmb) as count FROM `blue_member` WHERE ( member_id='10375' ) LIMIT 1   [ RunTime:0.0000s ]
SQL: SHOW COLUMNS FROM `blue_orders` [ RunTime:0.0070s ]
SQL: SHOW COLUMNS FROM `blue_message` [ RunTime:0.0100s ]
SQL: SELECT COUNT(*) AS tp_count FROM `blue_message` WHERE `member_id` = '10375' AND `status` = 0 LIMIT 1   [ RunTime:0.0010s ]
SQL: SHOW COLUMNS FROM `blue_currency` [ RunTime:0.0140s ]
SQL: SELECT * FROM `blue_currency` WHERE ( is_line=1  ) ORDER BY sort  [ RunTime:0.0010s ]
NOTIC: [8] Undefined variable: whereMark D:\WWW\xiao\App\Common\Controller\CommonController.class.php 第 106 行.
SQL: SELECT `currency_id`,`currency_name`,`currency_logo`,`currency_mark` FROM `blue_currency` LIMIT 1   [ RunTime:0.0000s ]
SQL: SELECT `currency_id`,`currency_name`,`currency_logo`,`currency_mark` FROM `blue_currency` WHERE `is_line` = 1  [ RunTime:0.0000s ]
SQL: SELECT `price` FROM `blue_orders` WHERE ( currency_id = 52 ) ORDER BY add_time desc LIMIT 1   [ RunTime:0.0010s ]
SQL: SELECT `price` FROM `blue_orders` WHERE ( currency_id = 53 ) ORDER BY add_time desc LIMIT 1   [ RunTime:0.0000s ]
SQL: SELECT `price` FROM `blue_orders` WHERE ( currency_id = 54 ) ORDER BY add_time desc LIMIT 1   [ RunTime:0.0010s ]
SQL: SELECT * FROM `blue_member` WHERE ( member_id =10375 ) LIMIT 1   [ RunTime:0.0000s ]
SQL: SHOW COLUMNS FROM `blue_trade` [ RunTime:0.0090s ]
SQL: SELECT * FROM `blue_currency`  [ RunTime:0.0010s ]
SQL: SHOW COLUMNS FROM `blue_currency_user` [ RunTime:0.0100s ]
SQL: SELECT *,(num+forzen_num) as count FROM `blue_currency_user` WHERE `member_id` = 10375 AND `currency_id` = 52 LIMIT 1   [ RunTime:0.0000s ]
SQL: SELECT *,(num+forzen_num) as count FROM `blue_currency_user` WHERE `member_id` = 10375 AND `currency_id` = 53 LIMIT 1   [ RunTime:0.0010s ]
SQL: SELECT *,(num+forzen_num) as count FROM `blue_currency_user` WHERE `member_id` = 10375 AND `currency_id` = 54 LIMIT 1   [ RunTime:0.0000s ]
SQL: SHOW COLUMNS FROM `blue_issue_log` [ RunTime:0.0110s ]
SQL: SELECT * FROM `blue_issue_log` WHERE ( deal>0 and add_time<1532918203-60*60*24 and uid=10375 and status=0 )  [ RunTime:0.0010s ]
SQL: SHOW COLUMNS FROM `blue_currency_user` [ RunTime:0.0090s ]
SQL: SHOW COLUMNS FROM `blue_currency_rate_record` [ RunTime:0.0100s ]
SQL: SHOW COLUMNS FROM `blue_licai_currency_user` [ RunTime:0.0090s ]
SQL: SHOW COLUMNS FROM `blue_licai_currency` [ RunTime:0.0080s ]
SQL: SELECT blue_licai_currency_user.* FROM `blue_licai_currency_user` INNER JOIN blue_licai_currency on blue_licai_currency_user.currency_id=blue_licai_currency.currency_id  WHERE blue_licai_currency_user.member_id = '10375' AND blue_licai_currency_user.status = 0 AND blue_licai_currency_user.type = 1 AND blue_licai_currency_user.add_time < 1532880000 AND blue_licai_currency.status = 1  [ RunTime:0.0000s ]
SQL: SELECT blue_currency_user.*,blue_licai_currency.rate FROM `blue_currency_user` INNER JOIN blue_licai_currency on blue_currency_user.currency_id=blue_licai_currency.currency_id  WHERE blue_currency_user.member_id = '10375' AND blue_licai_currency.status = 1  [ RunTime:0.0000s ]
SQL: SELECT `rate` FROM `blue_licai_currency` WHERE `currency_id` = 52 LIMIT 1   [ RunTime:0.0010s ]
SQL: SELECT * FROM `blue_currency_rate_record` WHERE `member_id` = 10375 AND `currency_id` = 52 ORDER BY update_time desc LIMIT 1   [ RunTime:0.0000s ]
SQL: SELECT `rate` FROM `blue_licai_currency` WHERE `currency_id` = 53 LIMIT 1   [ RunTime:0.0000s ]
SQL: SELECT * FROM `blue_currency_rate_record` WHERE `member_id` = 10375 AND `currency_id` = 53 ORDER BY update_time desc LIMIT 1   [ RunTime:0.0000s ]
SQL: SELECT `rate` FROM `blue_licai_currency` WHERE `currency_id` = 54 LIMIT 1   [ RunTime:0.0000s ]
SQL: SELECT * FROM `blue_currency_rate_record` WHERE `member_id` = 10375 AND `currency_id` = 54 ORDER BY update_time desc LIMIT 1   [ RunTime:0.0000s ]

[ 2018-07-30T10:37:02+08:00 ] 127.0.0.1 /Mobile/User/index.html
INFO: [ app_init ] --START--
INFO: Run Behavior\BuildLiteBehavior [ RunTime:0.000000s ]
INFO: [ app_init ] --END-- [ RunTime:0.000000s ]
INFO: [ app_begin ] --START--
INFO: Run Behavior\ReadHtmlCacheBehavior [ RunTime:0.001000s ]
INFO: [ app_begin ] --END-- [ RunTime:0.001000s ]
SQL: SHOW COLUMNS FROM `blue_config` [ RunTime:0.0290s ]
SQL: SELECT * FROM `blue_config`  [ RunTime:0.0000s ]
SQL: SHOW COLUMNS FROM `blue_purse_download` [ RunTime:0.0190s ]
SQL: SELECT * FROM `blue_purse_download` ORDER BY add_time desc LIMIT 0,6   [ RunTime:0.0000s ]
SQL: SHOW COLUMNS FROM `blue_dividend_config` [ RunTime:0.0180s ]
SQL: SELECT * FROM `blue_dividend_config`  [ RunTime:0.0010s ]
SQL: SHOW COLUMNS FROM `blue_article_category` [ RunTime:0.0180s ]
SQL: SELECT * FROM `blue_article_category` WHERE ( parent_id = 6 ) LIMIT 4   [ RunTime:0.0010s ]
SQL: SHOW COLUMNS FROM `blue_article` [ RunTime:0.0160s ]
SQL: SELECT * FROM `blue_article` WHERE ( position_id = 7 ) LIMIT 4   [ RunTime:0.0010s ]
SQL: SHOW COLUMNS FROM `blue_member` [ RunTime:0.0120s ]
SQL: SELECT *,(rmb+forzen_rmb) as count FROM `blue_member` WHERE ( member_id='10375' ) LIMIT 1   [ RunTime:0.0010s ]
SQL: SHOW COLUMNS FROM `blue_orders` [ RunTime:0.0110s ]
SQL: SHOW COLUMNS FROM `blue_message` [ RunTime:0.0120s ]
SQL: SELECT COUNT(*) AS tp_count FROM `blue_message` WHERE `member_id` = '10375' AND `status` = 0 LIMIT 1   [ RunTime:0.0000s ]
SQL: SHOW COLUMNS FROM `blue_currency` [ RunTime:0.0120s ]
SQL: SELECT * FROM `blue_currency` WHERE ( is_line=1  ) ORDER BY sort  [ RunTime:0.0000s ]
NOTIC: [8] Undefined variable: whereMark D:\WWW\xiao\App\Common\Controller\CommonController.class.php 第 106 行.
SQL: SELECT `currency_id`,`currency_name`,`currency_logo`,`currency_mark` FROM `blue_currency` LIMIT 1   [ RunTime:0.0010s ]
SQL: SELECT `currency_id`,`currency_name`,`currency_logo`,`currency_mark` FROM `blue_currency` WHERE `is_line` = 1  [ RunTime:0.0000s ]
SQL: SELECT `price` FROM `blue_orders` WHERE ( currency_id = 52 ) ORDER BY add_time desc LIMIT 1   [ RunTime:0.0000s ]
SQL: SELECT `price` FROM `blue_orders` WHERE ( currency_id = 53 ) ORDER BY add_time desc LIMIT 1   [ RunTime:0.0000s ]
SQL: SELECT `price` FROM `blue_orders` WHERE ( currency_id = 54 ) ORDER BY add_time desc LIMIT 1   [ RunTime:0.0000s ]
SQL: SELECT * FROM `blue_member` WHERE ( member_id =10375 ) LIMIT 1   [ RunTime:0.0010s ]
SQL: SHOW COLUMNS FROM `blue_trade` [ RunTime:0.0130s ]
SQL: SELECT * FROM `blue_currency`  [ RunTime:0.0000s ]
SQL: SHOW COLUMNS FROM `blue_currency_user` [ RunTime:0.0110s ]
SQL: SELECT *,(num+forzen_num) as count FROM `blue_currency_user` WHERE `member_id` = 10375 AND `currency_id` = 52 LIMIT 1   [ RunTime:0.0000s ]
SQL: SELECT *,(num+forzen_num) as count FROM `blue_currency_user` WHERE `member_id` = 10375 AND `currency_id` = 53 LIMIT 1   [ RunTime:0.0000s ]
SQL: SELECT *,(num+forzen_num) as count FROM `blue_currency_user` WHERE `member_id` = 10375 AND `currency_id` = 54 LIMIT 1   [ RunTime:0.0000s ]
SQL: SHOW COLUMNS FROM `blue_issue_log` [ RunTime:0.0140s ]
SQL: SELECT * FROM `blue_issue_log` WHERE ( deal>0 and add_time<1532918222-60*60*24 and uid=10375 and status=0 )  [ RunTime:0.0010s ]
SQL: SELECT blue_currency_user.*,(blue_currency_user.num+blue_currency_user.forzen_num) as count,blue_currency.currency_name,blue_currency.currency_mark FROM `blue_currency_user` left join blue_currency on blue_currency.currency_id=blue_currency_user.currency_id  WHERE `member_id` = '10375' ORDER BY sort  [ RunTime:0.0200s ]
SQL: SELECT * FROM `blue_trade` WHERE `currency_id` = 52 AND ( add_time>1532880000 ) ORDER BY price asc LIMIT 1   [ RunTime:0.0100s ]
SQL: SELECT * FROM `blue_trade` WHERE `currency_id` = 52 AND ( add_time>1532880000 ) ORDER BY price desc LIMIT 1   [ RunTime:0.0010s ]
SQL: SELECT * FROM `blue_trade` WHERE `currency_id` = 52 ORDER BY add_time desc LIMIT 1   [ RunTime:0.0000s ]
SQL: SELECT * FROM `blue_trade` WHERE `currency_id` = 52 AND ( add_time<1532880000 ) ORDER BY add_time desc LIMIT 1   [ RunTime:0.0010s ]
SQL: SELECT * FROM `blue_trade` WHERE `currency_id` = 52 AND ( add_time<1532880000 ) ORDER BY add_time desc LIMIT 1   [ RunTime:0.0000s ]
SQL: SELECT * FROM `blue_trade` WHERE `currency_id` = 52 AND ( add_time<1532918222-60*60*24*7 ) ORDER BY add_time desc LIMIT 1   [ RunTime:0.0090s ]
SQL: SELECT SUM(num) AS tp_sum FROM `blue_trade` WHERE `currency_id` = 52 AND ( add_time>1532918222-60*60*24 ) LIMIT 1   [ RunTime:0.0100s ]
SQL: SELECT SUM(num*price) AS tp_sum FROM `blue_trade` WHERE `currency_id` = 52 AND ( add_time>1532918222-60*60*24 ) LIMIT 1   [ RunTime:0.0020s ]
SQL: SELECT `price` FROM `blue_trade` WHERE `currency_id` = 52 ORDER BY price asc LIMIT 1   [ RunTime:0.0010s ]
SQL: SELECT `price` FROM `blue_trade` WHERE `currency_id` = 52 ORDER BY price desc LIMIT 1   [ RunTime:0.0020s ]
SQL: SELECT `price` FROM `blue_orders` WHERE `currency_id` = 52 AND `type` = 'buy' AND `status` IN (0,1) ORDER BY price desc LIMIT 1   [ RunTime:0.0140s ]
SQL: SELECT `price` FROM `blue_orders` WHERE `currency_id` = 52 AND `type` = 'sell' AND `status` IN (0,1) ORDER BY price asc LIMIT 1   [ RunTime:0.0020s ]
SQL: SELECT * FROM `blue_trade` WHERE ( currency_id='52' ) ORDER BY add_time desc LIMIT 1   [ RunTime:0.0010s ]
SQL: SELECT * FROM `blue_trade` WHERE `currency_id` = 54 AND ( add_time>1532880000 ) ORDER BY price asc LIMIT 1   [ RunTime:0.0010s ]
SQL: SELECT * FROM `blue_trade` WHERE `currency_id` = 54 AND ( add_time>1532880000 ) ORDER BY price desc LIMIT 1   [ RunTime:0.0010s ]
SQL: SELECT * FROM `blue_trade` WHERE `currency_id` = 54 ORDER BY add_time desc LIMIT 1   [ RunTime:0.0010s ]
SQL: SELECT * FROM `blue_trade` WHERE `currency_id` = 54 AND ( add_time<1532880000 ) ORDER BY add_time desc LIMIT 1   [ RunTime:0.0010s ]
SQL: SELECT * FROM `blue_trade` WHERE `currency_id` = 54 AND ( add_time<1532880000 ) ORDER BY add_time desc LIMIT 1   [ RunTime:0.0000s ]
SQL: SELECT * FROM `blue_trade` WHERE `currency_id` = 54 AND ( add_time<1532918222-60*60*24*7 ) ORDER BY add_time desc LIMIT 1   [ RunTime:0.0000s ]
SQL: SELECT SUM(num) AS tp_sum FROM `blue_trade` WHERE `currency_id` = 54 AND ( add_time>1532918222-60*60*24 ) LIMIT 1   [ RunTime:0.0010s ]
SQL: SELECT SUM(num*price) AS tp_sum FROM `blue_trade` WHERE `currency_id` = 54 AND ( add_time>1532918222-60*60*24 ) LIMIT 1   [ RunTime:0.0010s ]
SQL: SELECT `price` FROM `blue_trade` WHERE `currency_id` = 54 ORDER BY price asc LIMIT 1   [ RunTime:0.0000s ]
SQL: SELECT `price` FROM `blue_trade` WHERE `currency_id` = 54 ORDER BY price desc LIMIT 1   [ RunTime:0.0000s ]
SQL: SELECT `price` FROM `blue_orders` WHERE `currency_id` = 54 AND `type` = 'buy' AND `status` IN (0,1) ORDER BY price desc LIMIT 1   [ RunTime:0.0010s ]
SQL: SELECT `price` FROM `blue_orders` WHERE `currency_id` = 54 AND `type` = 'sell' AND `status` IN (0,1) ORDER BY price asc LIMIT 1   [ RunTime:0.0010s ]
SQL: SELECT * FROM `blue_trade` WHERE ( currency_id='54' ) ORDER BY add_time desc LIMIT 1   [ RunTime:0.0010s ]
SQL: SELECT * FROM `blue_trade` WHERE `currency_id` = 53 AND ( add_time>1532880000 ) ORDER BY price asc LIMIT 1   [ RunTime:0.0010s ]
SQL: SELECT * FROM `blue_trade` WHERE `currency_id` = 53 AND ( add_time>1532880000 ) ORDER BY price desc LIMIT 1   [ RunTime:0.0010s ]
SQL: SELECT * FROM `blue_trade` WHERE `currency_id` = 53 ORDER BY add_time desc LIMIT 1   [ RunTime:0.0000s ]
SQL: SELECT * FROM `blue_trade` WHERE `currency_id` = 53 AND ( add_time<1532880000 ) ORDER BY add_time desc LIMIT 1   [ RunTime:0.0000s ]
SQL: SELECT * FROM `blue_trade` WHERE `currency_id` = 53 AND ( add_time<1532880000 ) ORDER BY add_time desc LIMIT 1   [ RunTime:0.0010s ]
SQL: SELECT * FROM `blue_trade` WHERE `currency_id` = 53 AND ( add_time<1532918222-60*60*24*7 ) ORDER BY add_time desc LIMIT 1   [ RunTime:0.0010s ]
SQL: SELECT SUM(num) AS tp_sum FROM `blue_trade` WHERE `currency_id` = 53 AND ( add_time>1532918222-60*60*24 ) LIMIT 1   [ RunTime:0.0000s ]
SQL: SELECT SUM(num*price) AS tp_sum FROM `blue_trade` WHERE `currency_id` = 53 AND ( add_time>1532918222-60*60*24 ) LIMIT 1   [ RunTime:0.0000s ]
SQL: SELECT `price` FROM `blue_trade` WHERE `currency_id` = 53 ORDER BY price asc LIMIT 1   [ RunTime:0.0010s ]
SQL: SELECT `price` FROM `blue_trade` WHERE `currency_id` = 53 ORDER BY price desc LIMIT 1   [ RunTime:0.0010s ]
SQL: SELECT `price` FROM `blue_orders` WHERE `currency_id` = 53 AND `type` = 'buy' AND `status` IN (0,1) ORDER BY price desc LIMIT 1   [ RunTime:0.0000s ]
SQL: SELECT `price` FROM `blue_orders` WHERE `currency_id` = 53 AND `type` = 'sell' AND `status` IN (0,1) ORDER BY price asc LIMIT 1   [ RunTime:0.0000s ]
SQL: SELECT * FROM `blue_trade` WHERE ( currency_id='53' ) ORDER BY add_time desc LIMIT 1   [ RunTime:0.0010s ]
SQL: SELECT `rmb`,`forzen_rmb` FROM `blue_member` WHERE `member_id` = 10375 LIMIT 1   [ RunTime:0.0010s ]
INFO: [ view_parse ] --START--
INFO: [ template_filter ] --START--
INFO: Run Behavior\ContentReplaceBehavior [ RunTime:0.000000s ]
INFO: [ template_filter ] --END-- [ RunTime:0.000000s ]
INFO: Run Behavior\ParseTemplateBehavior [ RunTime:0.033000s ]
INFO: [ view_parse ] --END-- [ RunTime:0.033000s ]
INFO: [ view_filter ] --START--
INFO: Run Behavior\WriteHtmlCacheBehavior [ RunTime:0.000000s ]
INFO: [ view_filter ] --END-- [ RunTime:0.000000s ]
INFO: [ app_end ] --START--
INFO: Run Behavior\ShowPageTraceBehavior [ RunTime:0.001000s ]
INFO: [ app_end ] --END-- [ RunTime:0.001000s ]

[ 2018-07-30T10:37:04+08:00 ] 127.0.0.1 /Mobile/User/count_licai_rate_num.html
INFO: [ app_init ] --START--
INFO: Run Behavior\BuildLiteBehavior [ RunTime:0.000000s ]
INFO: [ app_init ] --END-- [ RunTime:0.000000s ]
INFO: [ app_begin ] --START--
INFO: Run Behavior\ReadHtmlCacheBehavior [ RunTime:0.001000s ]
INFO: [ app_begin ] --END-- [ RunTime:0.001000s ]
SQL: SHOW COLUMNS FROM `blue_config` [ RunTime:0.0220s ]
SQL: SELECT * FROM `blue_config`  [ RunTime:0.0000s ]
SQL: SHOW COLUMNS FROM `blue_purse_download` [ RunTime:0.0120s ]
SQL: SELECT * FROM `blue_purse_download` ORDER BY add_time desc LIMIT 0,6   [ RunTime:0.0000s ]
SQL: SHOW COLUMNS FROM `blue_dividend_config` [ RunTime:0.0120s ]
SQL: SELECT * FROM `blue_dividend_config`  [ RunTime:0.0010s ]
SQL: SHOW COLUMNS FROM `blue_article_category` [ RunTime:0.0120s ]
SQL: SELECT * FROM `blue_article_category` WHERE ( parent_id = 6 ) LIMIT 4   [ RunTime:0.0000s ]
SQL: SHOW COLUMNS FROM `blue_article` [ RunTime:0.0120s ]
SQL: SELECT * FROM `blue_article` WHERE ( position_id = 7 ) LIMIT 4   [ RunTime:0.0000s ]
SQL: SHOW COLUMNS FROM `blue_member` [ RunTime:0.0130s ]
SQL: SELECT *,(rmb+forzen_rmb) as count FROM `blue_member` WHERE ( member_id='10375' ) LIMIT 1   [ RunTime:0.0000s ]
SQL: SHOW COLUMNS FROM `blue_orders` [ RunTime:0.0110s ]
SQL: SHOW COLUMNS FROM `blue_message` [ RunTime:0.0120s ]
SQL: SELECT COUNT(*) AS tp_count FROM `blue_message` WHERE `member_id` = '10375' AND `status` = 0 LIMIT 1   [ RunTime:0.0000s ]
SQL: SHOW COLUMNS FROM `blue_currency` [ RunTime:0.0120s ]
SQL: SELECT * FROM `blue_currency` WHERE ( is_line=1  ) ORDER BY sort  [ RunTime:0.0010s ]
NOTIC: [8] Undefined variable: whereMark D:\WWW\xiao\App\Common\Controller\CommonController.class.php 第 106 行.
SQL: SELECT `currency_id`,`currency_name`,`currency_logo`,`currency_mark` FROM `blue_currency` LIMIT 1   [ RunTime:0.0000s ]
SQL: SELECT `currency_id`,`currency_name`,`currency_logo`,`currency_mark` FROM `blue_currency` WHERE `is_line` = 1  [ RunTime:0.0000s ]
SQL: SELECT `price` FROM `blue_orders` WHERE ( currency_id = 52 ) ORDER BY add_time desc LIMIT 1   [ RunTime:0.0000s ]
SQL: SELECT `price` FROM `blue_orders` WHERE ( currency_id = 53 ) ORDER BY add_time desc LIMIT 1   [ RunTime:0.0000s ]
SQL: SELECT `price` FROM `blue_orders` WHERE ( currency_id = 54 ) ORDER BY add_time desc LIMIT 1   [ RunTime:0.0010s ]
SQL: SELECT * FROM `blue_member` WHERE ( member_id =10375 ) LIMIT 1   [ RunTime:0.0000s ]
SQL: SHOW COLUMNS FROM `blue_trade` [ RunTime:0.0120s ]
SQL: SELECT * FROM `blue_currency`  [ RunTime:0.0010s ]
SQL: SHOW COLUMNS FROM `blue_currency_user` [ RunTime:0.0110s ]
SQL: SELECT *,(num+forzen_num) as count FROM `blue_currency_user` WHERE `member_id` = 10375 AND `currency_id` = 52 LIMIT 1   [ RunTime:0.0000s ]
SQL: SELECT *,(num+forzen_num) as count FROM `blue_currency_user` WHERE `member_id` = 10375 AND `currency_id` = 53 LIMIT 1   [ RunTime:0.0000s ]
SQL: SELECT *,(num+forzen_num) as count FROM `blue_currency_user` WHERE `member_id` = 10375 AND `currency_id` = 54 LIMIT 1   [ RunTime:0.0010s ]
SQL: SHOW COLUMNS FROM `blue_issue_log` [ RunTime:0.0120s ]
SQL: SELECT * FROM `blue_issue_log` WHERE ( deal>0 and add_time<1532918224-60*60*24 and uid=10375 and status=0 )  [ RunTime:0.0000s ]
SQL: SHOW COLUMNS FROM `blue_currency_user` [ RunTime:0.0110s ]
SQL: SHOW COLUMNS FROM `blue_currency_rate_record` [ RunTime:0.0200s ]
SQL: SHOW COLUMNS FROM `blue_licai_currency_user` [ RunTime:0.0100s ]
SQL: SHOW COLUMNS FROM `blue_licai_currency` [ RunTime:0.0100s ]
SQL: SELECT blue_licai_currency_user.* FROM `blue_licai_currency_user` INNER JOIN blue_licai_currency on blue_licai_currency_user.currency_id=blue_licai_currency.currency_id  WHERE blue_licai_currency_user.member_id = '10375' AND blue_licai_currency_user.status = 0 AND blue_licai_currency_user.type = 1 AND blue_licai_currency_user.add_time < 1532880000 AND blue_licai_currency.status = 1  [ RunTime:0.0000s ]
SQL: SELECT blue_currency_user.*,blue_licai_currency.rate FROM `blue_currency_user` INNER JOIN blue_licai_currency on blue_currency_user.currency_id=blue_licai_currency.currency_id  WHERE blue_currency_user.member_id = '10375' AND blue_licai_currency.status = 1  [ RunTime:0.0000s ]
SQL: SELECT `rate` FROM `blue_licai_currency` WHERE `currency_id` = 52 LIMIT 1   [ RunTime:0.0000s ]
SQL: SELECT * FROM `blue_currency_rate_record` WHERE `member_id` = 10375 AND `currency_id` = 52 ORDER BY update_time desc LIMIT 1   [ RunTime:0.0000s ]
SQL: SELECT `rate` FROM `blue_licai_currency` WHERE `currency_id` = 53 LIMIT 1   [ RunTime:0.0000s ]
SQL: SELECT * FROM `blue_currency_rate_record` WHERE `member_id` = 10375 AND `currency_id` = 53 ORDER BY update_time desc LIMIT 1   [ RunTime:0.0000s ]
SQL: SELECT `rate` FROM `blue_licai_currency` WHERE `currency_id` = 54 LIMIT 1   [ RunTime:0.0000s ]
SQL: SELECT * FROM `blue_currency_rate_record` WHERE `member_id` = 10375 AND `currency_id` = 54 ORDER BY update_time desc LIMIT 1   [ RunTime:0.0000s ]

[ 2018-07-30T10:37:06+08:00 ] 127.0.0.1 /Mobile/Index/index.html
INFO: [ app_init ] --START--
INFO: Run Behavior\BuildLiteBehavior [ RunTime:0.000000s ]
INFO: [ app_init ] --END-- [ RunTime:0.000000s ]
INFO: [ app_begin ] --START--
INFO: Run Behavior\ReadHtmlCacheBehavior [ RunTime:0.001000s ]
INFO: [ app_begin ] --END-- [ RunTime:0.001000s ]
SQL: SHOW COLUMNS FROM `blue_config` [ RunTime:0.0110s ]
SQL: SELECT * FROM `blue_config`  [ RunTime:0.0000s ]
SQL: SHOW COLUMNS FROM `blue_purse_download` [ RunTime:0.0120s ]
SQL: SELECT * FROM `blue_purse_download` ORDER BY add_time desc LIMIT 0,6   [ RunTime:0.0000s ]
SQL: SHOW COLUMNS FROM `blue_dividend_config` [ RunTime:0.0100s ]
SQL: SELECT * FROM `blue_dividend_config`  [ RunTime:0.0000s ]
SQL: SHOW COLUMNS FROM `blue_article_category` [ RunTime:0.0100s ]
SQL: SELECT * FROM `blue_article_category` WHERE ( parent_id = 6 ) LIMIT 4   [ RunTime:0.0000s ]
SQL: SHOW COLUMNS FROM `blue_article` [ RunTime:0.0110s ]
SQL: SELECT * FROM `blue_article` WHERE ( position_id = 7 ) LIMIT 4   [ RunTime:0.0000s ]
SQL: SHOW COLUMNS FROM `blue_member` [ RunTime:0.0110s ]
SQL: SELECT *,(rmb+forzen_rmb) as count FROM `blue_member` WHERE ( member_id='10375' ) LIMIT 1   [ RunTime:0.0000s ]
SQL: SHOW COLUMNS FROM `blue_orders` [ RunTime:0.0110s ]
SQL: SHOW COLUMNS FROM `blue_message` [ RunTime:0.0100s ]
SQL: SELECT COUNT(*) AS tp_count FROM `blue_message` WHERE `member_id` = '10375' AND `status` = 0 LIMIT 1   [ RunTime:0.0010s ]
SQL: SHOW COLUMNS FROM `blue_currency` [ RunTime:0.0100s ]
SQL: SELECT * FROM `blue_currency` WHERE ( is_line=1  ) ORDER BY sort  [ RunTime:0.0000s ]
NOTIC: [8] Undefined variable: whereMark D:\WWW\xiao\App\Common\Controller\CommonController.class.php 第 106 行.
SQL: SELECT `currency_id`,`currency_name`,`currency_logo`,`currency_mark` FROM `blue_currency` LIMIT 1   [ RunTime:0.0010s ]
SQL: SELECT `currency_id`,`currency_name`,`currency_logo`,`currency_mark` FROM `blue_currency` WHERE `is_line` = 1  [ RunTime:0.0000s ]
SQL: SELECT `price` FROM `blue_orders` WHERE ( currency_id = 52 ) ORDER BY add_time desc LIMIT 1   [ RunTime:0.0000s ]
SQL: SELECT `price` FROM `blue_orders` WHERE ( currency_id = 53 ) ORDER BY add_time desc LIMIT 1   [ RunTime:0.0010s ]
SQL: SELECT `price` FROM `blue_orders` WHERE ( currency_id = 54 ) ORDER BY add_time desc LIMIT 1   [ RunTime:0.0000s ]
SQL: SHOW COLUMNS FROM `blue_article` [ RunTime:0.0110s ]
SQL: SELECT * FROM `blue_article` INNER JOIN blue_article_category ON blue_article.position_id = blue_article_category.id  WHERE blue_article_category.id = 1 AND ( blue_article.sign = 0 ) ORDER BY add_time desc LIMIT 0,6   [ RunTime:0.0000s ]
SQL: SELECT * FROM `blue_article` INNER JOIN blue_article_category ON blue_article.position_id = blue_article_category.id  WHERE blue_article_category.id = 1 AND ( blue_article.sign = 1 ) ORDER BY add_time desc LIMIT 0,4   [ RunTime:0.0010s ]
SQL: SELECT * FROM `blue_article` INNER JOIN blue_article_category ON blue_article.position_id = blue_article_category.id  WHERE blue_article_category.id = 2 AND ( blue_article.sign = 0 ) ORDER BY add_time desc LIMIT 0,6   [ RunTime:0.0000s ]
SQL: SELECT * FROM `blue_article` INNER JOIN blue_article_category ON blue_article.position_id = blue_article_category.id  WHERE blue_article_category.id = 2 AND ( blue_article.sign = 1 ) ORDER BY add_time desc LIMIT 0,4   [ RunTime:0.0000s ]
SQL: SELECT * FROM `blue_article` INNER JOIN blue_article_category ON blue_article.position_id = blue_article_category.id  WHERE blue_article_category.id = 127 AND ( blue_article.sign = 0 ) ORDER BY add_time desc LIMIT 0,6   [ RunTime:0.0000s ]
SQL: SHOW COLUMNS FROM `blue_flash` [ RunTime:0.0150s ]
SQL: SELECT * FROM `blue_flash` ORDER BY sort LIMIT 6   [ RunTime:0.0000s ]
SQL: SELECT * FROM `blue_currency` WHERE ( is_line=1  ) ORDER BY sort  [ RunTime:0.0010s ]
SQL: SHOW COLUMNS FROM `blue_trade` [ RunTime:0.0100s ]
SQL: SELECT * FROM `blue_trade` WHERE `currency_id` = 52 AND ( add_time>1532880000 ) ORDER BY price asc LIMIT 1   [ RunTime:0.0000s ]
SQL: SELECT * FROM `blue_trade` WHERE `currency_id` = 52 AND ( add_time>1532880000 ) ORDER BY price desc LIMIT 1   [ RunTime:0.0010s ]
SQL: SELECT * FROM `blue_trade` WHERE `currency_id` = 52 ORDER BY add_time desc LIMIT 1   [ RunTime:0.0000s ]
SQL: SELECT * FROM `blue_trade` WHERE `currency_id` = 52 AND ( add_time<1532880000 ) ORDER BY add_time desc LIMIT 1   [ RunTime:0.0000s ]
SQL: SELECT * FROM `blue_trade` WHERE `currency_id` = 52 AND ( add_time<1532880000 ) ORDER BY add_time desc LIMIT 1   [ RunTime:0.0000s ]
SQL: SELECT * FROM `blue_trade` WHERE `currency_id` = 52 AND ( add_time<1532918225-60*60*24*7 ) ORDER BY add_time desc LIMIT 1   [ RunTime:0.0000s ]
SQL: SELECT SUM(num) AS tp_sum FROM `blue_trade` WHERE `currency_id` = 52 AND ( add_time>1532918225-60*60*24 ) LIMIT 1   [ RunTime:0.0000s ]
SQL: SELECT SUM(num*price) AS tp_sum FROM `blue_trade` WHERE `currency_id` = 52 AND ( add_time>1532918225-60*60*24 ) LIMIT 1   [ RunTime:0.0010s ]
SQL: SELECT `price` FROM `blue_trade` WHERE `currency_id` = 52 ORDER BY price asc LIMIT 1   [ RunTime:0.0000s ]
SQL: SELECT `price` FROM `blue_trade` WHERE `currency_id` = 52 ORDER BY price desc LIMIT 1   [ RunTime:0.0010s ]
SQL: SELECT `price` FROM `blue_orders` WHERE `currency_id` = 52 AND `type` = 'buy' AND `status` IN (0,1) ORDER BY price desc LIMIT 1   [ RunTime:0.0000s ]
SQL: SELECT `price` FROM `blue_orders` WHERE `currency_id` = 52 AND `type` = 'sell' AND `status` IN (0,1) ORDER BY price asc LIMIT 1   [ RunTime:0.0010s ]
SQL: SELECT * FROM `blue_trade` WHERE `currency_id` = 53 AND ( add_time>1532880000 ) ORDER BY price asc LIMIT 1   [ RunTime:0.0000s ]
SQL: SELECT * FROM `blue_trade` WHERE `currency_id` = 53 AND ( add_time>1532880000 ) ORDER BY price desc LIMIT 1   [ RunTime:0.0010s ]
SQL: SELECT * FROM `blue_trade` WHERE `currency_id` = 53 ORDER BY add_time desc LIMIT 1   [ RunTime:0.0000s ]
SQL: SELECT * FROM `blue_trade` WHERE `currency_id` = 53 AND ( add_time<1532880000 ) ORDER BY add_time desc LIMIT 1   [ RunTime:0.0000s ]
SQL: SELECT * FROM `blue_trade` WHERE `currency_id` = 53 AND ( add_time<1532880000 ) ORDER BY add_time desc LIMIT 1   [ RunTime:0.0010s ]
SQL: SELECT * FROM `blue_trade` WHERE `currency_id` = 53 AND ( add_time<1532918225-60*60*24*7 ) ORDER BY add_time desc LIMIT 1   [ RunTime:0.0000s ]
SQL: SELECT SUM(num) AS tp_sum FROM `blue_trade` WHERE `currency_id` = 53 AND ( add_time>1532918225-60*60*24 ) LIMIT 1   [ RunTime:0.0010s ]
SQL: SELECT SUM(num*price) AS tp_sum FROM `blue_trade` WHERE `currency_id` = 53 AND ( add_time>1532918225-60*60*24 ) LIMIT 1   [ RunTime:0.0000s ]
SQL: SELECT `price` FROM `blue_trade` WHERE `currency_id` = 53 ORDER BY price asc LIMIT 1   [ RunTime:0.0000s ]
SQL: SELECT `price` FROM `blue_trade` WHERE `currency_id` = 53 ORDER BY price desc LIMIT 1   [ RunTime:0.0010s ]
SQL: SELECT `price` FROM `blue_orders` WHERE `currency_id` = 53 AND `type` = 'buy' AND `status` IN (0,1) ORDER BY price desc LIMIT 1   [ RunTime:0.0000s ]
SQL: SELECT `price` FROM `blue_orders` WHERE `currency_id` = 53 AND `type` = 'sell' AND `status` IN (0,1) ORDER BY price asc LIMIT 1   [ RunTime:0.0010s ]
SQL: SELECT * FROM `blue_trade` WHERE `currency_id` = 54 AND ( add_time>1532880000 ) ORDER BY price asc LIMIT 1   [ RunTime:0.0000s ]
SQL: SELECT * FROM `blue_trade` WHERE `currency_id` = 54 AND ( add_time>1532880000 ) ORDER BY price desc LIMIT 1   [ RunTime:0.0010s ]
SQL: SELECT * FROM `blue_trade` WHERE `currency_id` = 54 ORDER BY add_time desc LIMIT 1   [ RunTime:0.0000s ]
SQL: SELECT * FROM `blue_trade` WHERE `currency_id` = 54 AND ( add_time<1532880000 ) ORDER BY add_time desc LIMIT 1   [ RunTime:0.0010s ]
SQL: SELECT * FROM `blue_trade` WHERE `currency_id` = 54 AND ( add_time<1532880000 ) ORDER BY add_time desc LIMIT 1   [ RunTime:0.0000s ]
SQL: SELECT * FROM `blue_trade` WHERE `currency_id` = 54 AND ( add_time<1532918225-60*60*24*7 ) ORDER BY add_time desc LIMIT 1   [ RunTime:0.0000s ]
SQL: SELECT SUM(num) AS tp_sum FROM `blue_trade` WHERE `currency_id` = 54 AND ( add_time>1532918225-60*60*24 ) LIMIT 1   [ RunTime:0.0000s ]
SQL: SELECT SUM(num*price) AS tp_sum FROM `blue_trade` WHERE `currency_id` = 54 AND ( add_time>1532918225-60*60*24 ) LIMIT 1   [ RunTime:0.0000s ]
SQL: SELECT `price` FROM `blue_trade` WHERE `currency_id` = 54 ORDER BY price asc LIMIT 1   [ RunTime:0.0010s ]
SQL: SELECT `price` FROM `blue_trade` WHERE `currency_id` = 54 ORDER BY price desc LIMIT 1   [ RunTime:0.0000s ]
SQL: SELECT `price` FROM `blue_orders` WHERE `currency_id` = 54 AND `type` = 'buy' AND `status` IN (0,1) ORDER BY price desc LIMIT 1   [ RunTime:0.0000s ]
SQL: SELECT `price` FROM `blue_orders` WHERE `currency_id` = 54 AND `type` = 'sell' AND `status` IN (0,1) ORDER BY price asc LIMIT 1   [ RunTime:0.0000s ]
SQL: SHOW COLUMNS FROM `blue_currency_user` [ RunTime:0.0120s ]
SQL: SELECT blue_currency_user.*,(blue_currency_user.num+blue_currency_user.forzen_num) as count,blue_currency.currency_name,blue_currency.currency_mark FROM `blue_currency_user` left join blue_currency on blue_currency.currency_id=blue_currency_user.currency_id  WHERE `member_id` = '10375' ORDER BY sort  [ RunTime:0.0010s ]
SQL: SELECT * FROM `blue_trade` WHERE `currency_id` = 52 AND ( add_time>1532880000 ) ORDER BY price asc LIMIT 1   [ RunTime:0.0010s ]
SQL: SELECT * FROM `blue_trade` WHERE `currency_id` = 52 AND ( add_time>1532880000 ) ORDER BY price desc LIMIT 1   [ RunTime:0.0000s ]
SQL: SELECT * FROM `blue_trade` WHERE `currency_id` = 52 ORDER BY add_time desc LIMIT 1   [ RunTime:0.0000s ]
SQL: SELECT * FROM `blue_trade` WHERE `currency_id` = 52 AND ( add_time<1532880000 ) ORDER BY add_time desc LIMIT 1   [ RunTime:0.0000s ]
SQL: SELECT * FROM `blue_trade` WHERE `currency_id` = 52 AND ( add_time<1532880000 ) ORDER BY add_time desc LIMIT 1   [ RunTime:0.0010s ]
SQL: SELECT * FROM `blue_trade` WHERE `currency_id` = 52 AND ( add_time<1532918225-60*60*24*7 ) ORDER BY add_time desc LIMIT 1   [ RunTime:0.0000s ]
SQL: SELECT SUM(num) AS tp_sum FROM `blue_trade` WHERE `currency_id` = 52 AND ( add_time>1532918225-60*60*24 ) LIMIT 1   [ RunTime:0.0000s ]
SQL: SELECT SUM(num*price) AS tp_sum FROM `blue_trade` WHERE `currency_id` = 52 AND ( add_time>1532918225-60*60*24 ) LIMIT 1   [ RunTime:0.0000s ]
SQL: SELECT `price` FROM `blue_trade` WHERE `currency_id` = 52 ORDER BY price asc LIMIT 1   [ RunTime:0.0000s ]
SQL: SELECT `price` FROM `blue_trade` WHERE `currency_id` = 52 ORDER BY price desc LIMIT 1   [ RunTime:0.0010s ]
SQL: SELECT `price` FROM `blue_orders` WHERE `currency_id` = 52 AND `type` = 'buy' AND `status` IN (0,1) ORDER BY price desc LIMIT 1   [ RunTime:0.0000s ]
SQL: SELECT `price` FROM `blue_orders` WHERE `currency_id` = 52 AND `type` = 'sell' AND `status` IN (0,1) ORDER BY price asc LIMIT 1   [ RunTime:0.0010s ]
SQL: SELECT * FROM `blue_trade` WHERE `currency_id` = 54 AND ( add_time>1532880000 ) ORDER BY price asc LIMIT 1   [ RunTime:0.0000s ]
SQL: SELECT * FROM `blue_trade` WHERE `currency_id` = 54 AND ( add_time>1532880000 ) ORDER BY price desc LIMIT 1   [ RunTime:0.0010s ]
SQL: SELECT * FROM `blue_trade` WHERE `currency_id` = 54 ORDER BY add_time desc LIMIT 1   [ RunTime:0.0000s ]
SQL: SELECT * FROM `blue_trade` WHERE `currency_id` = 54 AND ( add_time<1532880000 ) ORDER BY add_time desc LIMIT 1   [ RunTime:0.0010s ]
SQL: SELECT * FROM `blue_trade` WHERE `currency_id` = 54 AND ( add_time<1532880000 ) ORDER BY add_time desc LIMIT 1   [ RunTime:0.0000s ]
SQL: SELECT * FROM `blue_trade` WHERE `currency_id` = 54 AND ( add_time<1532918225-60*60*24*7 ) ORDER BY add_time desc LIMIT 1   [ RunTime:0.0000s ]
SQL: SELECT SUM(num) AS tp_sum FROM `blue_trade` WHERE `currency_id` = 54 AND ( add_time>1532918225-60*60*24 ) LIMIT 1   [ RunTime:0.0000s ]
SQL: SELECT SUM(num*price) AS tp_sum FROM `blue_trade` WHERE `currency_id` = 54 AND ( add_time>1532918225-60*60*24 ) LIMIT 1   [ RunTime:0.0000s ]
SQL: SELECT `price` FROM `blue_trade` WHERE `currency_id` = 54 ORDER BY price asc LIMIT 1   [ RunTime:0.0010s ]
SQL: SELECT `price` FROM `blue_trade` WHERE `currency_id` = 54 ORDER BY price desc LIMIT 1   [ RunTime:0.0000s ]
SQL: SELECT `price` FROM `blue_orders` WHERE `currency_id` = 54 AND `type` = 'buy' AND `status` IN (0,1) ORDER BY price desc LIMIT 1   [ RunTime:0.0000s ]
SQL: SELECT `price` FROM `blue_orders` WHERE `currency_id` = 54 AND `type` = 'sell' AND `status` IN (0,1) ORDER BY price asc LIMIT 1   [ RunTime:0.0000s ]
SQL: SELECT * FROM `blue_trade` WHERE `currency_id` = 53 AND ( add_time>1532880000 ) ORDER BY price asc LIMIT 1   [ RunTime:0.0000s ]
SQL: SELECT * FROM `blue_trade` WHERE `currency_id` = 53 AND ( add_time>1532880000 ) ORDER BY price desc LIMIT 1   [ RunTime:0.0010s ]
SQL: SELECT * FROM `blue_trade` WHERE `currency_id` = 53 ORDER BY add_time desc LIMIT 1   [ RunTime:0.0000s ]
SQL: SELECT * FROM `blue_trade` WHERE `currency_id` = 53 AND ( add_time<1532880000 ) ORDER BY add_time desc LIMIT 1   [ RunTime:0.0010s ]
SQL: SELECT * FROM `blue_trade` WHERE `currency_id` = 53 AND ( add_time<1532880000 ) ORDER BY add_time desc LIMIT 1   [ RunTime:0.0000s ]
SQL: SELECT * FROM `blue_trade` WHERE `currency_id` = 53 AND ( add_time<1532918226-60*60*24*7 ) ORDER BY add_time desc LIMIT 1   [ RunTime:0.0000s ]
SQL: SELECT SUM(num) AS tp_sum FROM `blue_trade` WHERE `currency_id` = 53 AND ( add_time>1532918226-60*60*24 ) LIMIT 1   [ RunTime:0.0010s ]
SQL: SELECT SUM(num*price) AS tp_sum FROM `blue_trade` WHERE `currency_id` = 53 AND ( add_time>1532918226-60*60*24 ) LIMIT 1   [ RunTime:0.0000s ]
SQL: SELECT `price` FROM `blue_trade` WHERE `currency_id` = 53 ORDER BY price asc LIMIT 1   [ RunTime:0.0000s ]
SQL: SELECT `price` FROM `blue_trade` WHERE `currency_id` = 53 ORDER BY price desc LIMIT 1   [ RunTime:0.0000s ]
SQL: SELECT `price` FROM `blue_orders` WHERE `currency_id` = 53 AND `type` = 'buy' AND `status` IN (0,1) ORDER BY price desc LIMIT 1   [ RunTime:0.0000s ]
SQL: SELECT `price` FROM `blue_orders` WHERE `currency_id` = 53 AND `type` = 'sell' AND `status` IN (0,1) ORDER BY price asc LIMIT 1   [ RunTime:0.0010s ]
SQL: SELECT SUM(money) AS tp_sum FROM `blue_trade` LIMIT 1   [ RunTime:0.0000s ]
SQL: SHOW COLUMNS FROM `blue_link` [ RunTime:0.0110s ]
SQL: SELECT * FROM `blue_link`  [ RunTime:0.0000s ]
SQL: SHOW COLUMNS FROM `blue_issue` [ RunTime:0.0110s ]
SQL: SELECT blue_issue.*,blue_currency.currency_name as name FROM `blue_issue` left join blue_currency on blue_currency.currency_id=blue_issue.currency_id  ORDER BY  id desc   [ RunTime:0.0010s ]
SQL: SHOW COLUMNS FROM `blue_article_category` [ RunTime:0.0100s ]
SQL: SELECT * FROM `blue_article_category` WHERE ( id=127 ) LIMIT 1   [ RunTime:0.0000s ]
SQL: SELECT * FROM `blue_article` WHERE ( position_id=127 ) ORDER BY article_id desc  LIMIT 0,7   [ RunTime:0.0000s ]
SQL: SELECT * FROM `blue_article_category` WHERE ( id=128 ) LIMIT 1   [ RunTime:0.0010s ]
SQL: SELECT * FROM `blue_article` WHERE ( position_id=128 ) ORDER BY article_id desc  LIMIT 0,7   [ RunTime:0.0000s ]
SQL: SELECT * FROM `blue_article_category` WHERE ( id=129 ) LIMIT 1   [ RunTime:0.0000s ]
SQL: SELECT * FROM `blue_article` WHERE ( position_id=129 ) ORDER BY article_id desc  LIMIT 0,7   [ RunTime:0.0000s ]
INFO: [ view_parse ] --START--
INFO: [ template_filter ] --START--
INFO: Run Behavior\ContentReplaceBehavior [ RunTime:0.000000s ]
INFO: [ template_filter ] --END-- [ RunTime:0.000000s ]
NOTIC: [8] Undefined index: 24H_done_num_status D:\WWW\xiao\App\Runtime\Cache\Mobile\42b8df715104a68a83a65e315494a3ed.php 第 87 行.
NOTIC: [8] Undefined index: 24H_done_num_status D:\WWW\xiao\App\Runtime\Cache\Mobile\42b8df715104a68a83a65e315494a3ed.php 第 87 行.
NOTIC: [8] Undefined index: 24H_done_num_status D:\WWW\xiao\App\Runtime\Cache\Mobile\42b8df715104a68a83a65e315494a3ed.php 第 87 行.
INFO: Run Behavior\ParseTemplateBehavior [ RunTime:0.011000s ]
INFO: [ view_parse ] --END-- [ RunTime:0.011000s ]
INFO: [ view_filter ] --START--
INFO: Run Behavior\WriteHtmlCacheBehavior [ RunTime:0.000000s ]
INFO: [ view_filter ] --END-- [ RunTime:0.000000s ]
INFO: [ app_end ] --START--
INFO: Run Behavior\ShowPageTraceBehavior [ RunTime:0.001000s ]
INFO: [ app_end ] --END-- [ RunTime:0.001000s ]

[ 2018-07-30T10:37:07+08:00 ] 127.0.0.1 /Mobile/User/count_licai_rate_num.html
INFO: [ app_init ] --START--
INFO: Run Behavior\BuildLiteBehavior [ RunTime:0.000000s ]
INFO: [ app_init ] --END-- [ RunTime:0.000000s ]
INFO: [ app_begin ] --START--
INFO: Run Behavior\ReadHtmlCacheBehavior [ RunTime:0.000000s ]
INFO: [ app_begin ] --END-- [ RunTime:0.000000s ]
SQL: SHOW COLUMNS FROM `blue_config` [ RunTime:0.0230s ]
SQL: SELECT * FROM `blue_config`  [ RunTime:0.0010s ]
SQL: SHOW COLUMNS FROM `blue_purse_download` [ RunTime:0.0150s ]
SQL: SELECT * FROM `blue_purse_download` ORDER BY add_time desc LIMIT 0,6   [ RunTime:0.0000s ]
SQL: SHOW COLUMNS FROM `blue_dividend_config` [ RunTime:0.0180s ]
SQL: SELECT * FROM `blue_dividend_config`  [ RunTime:0.0000s ]
SQL: SHOW COLUMNS FROM `blue_article_category` [ RunTime:0.0110s ]
SQL: SELECT * FROM `blue_article_category` WHERE ( parent_id = 6 ) LIMIT 4   [ RunTime:0.0000s ]
SQL: SHOW COLUMNS FROM `blue_article` [ RunTime:0.0120s ]
SQL: SELECT * FROM `blue_article` WHERE ( position_id = 7 ) LIMIT 4   [ RunTime:0.0000s ]
SQL: SHOW COLUMNS FROM `blue_member` [ RunTime:0.0130s ]
SQL: SELECT *,(rmb+forzen_rmb) as count FROM `blue_member` WHERE ( member_id='10375' ) LIMIT 1   [ RunTime:0.0000s ]
SQL: SHOW COLUMNS FROM `blue_orders` [ RunTime:0.0110s ]
SQL: SHOW COLUMNS FROM `blue_message` [ RunTime:0.0120s ]
SQL: SELECT COUNT(*) AS tp_count FROM `blue_message` WHERE `member_id` = '10375' AND `status` = 0 LIMIT 1   [ RunTime:0.0010s ]
SQL: SHOW COLUMNS FROM `blue_currency` [ RunTime:0.0120s ]
SQL: SELECT * FROM `blue_currency` WHERE ( is_line=1  ) ORDER BY sort  [ RunTime:0.0010s ]
NOTIC: [8] Undefined variable: whereMark D:\WWW\xiao\App\Common\Controller\CommonController.class.php 第 106 行.
SQL: SELECT `currency_id`,`currency_name`,`currency_logo`,`currency_mark` FROM `blue_currency` LIMIT 1   [ RunTime:0.0000s ]
SQL: SELECT `currency_id`,`currency_name`,`currency_logo`,`currency_mark` FROM `blue_currency` WHERE `is_line` = 1  [ RunTime:0.0000s ]
SQL: SELECT `price` FROM `blue_orders` WHERE ( currency_id = 52 ) ORDER BY add_time desc LIMIT 1   [ RunTime:0.0010s ]
SQL: SELECT `price` FROM `blue_orders` WHERE ( currency_id = 53 ) ORDER BY add_time desc LIMIT 1   [ RunTime:0.0000s ]
SQL: SELECT `price` FROM `blue_orders` WHERE ( currency_id = 54 ) ORDER BY add_time desc LIMIT 1   [ RunTime:0.0000s ]
SQL: SELECT * FROM `blue_member` WHERE ( member_id =10375 ) LIMIT 1   [ RunTime:0.0000s ]
SQL: SHOW COLUMNS FROM `blue_trade` [ RunTime:0.0130s ]
SQL: SELECT * FROM `blue_currency`  [ RunTime:0.0000s ]
SQL: SHOW COLUMNS FROM `blue_currency_user` [ RunTime:0.0120s ]
SQL: SELECT *,(num+forzen_num) as count FROM `blue_currency_user` WHERE `member_id` = 10375 AND `currency_id` = 52 LIMIT 1   [ RunTime:0.0010s ]
SQL: SELECT *,(num+forzen_num) as count FROM `blue_currency_user` WHERE `member_id` = 10375 AND `currency_id` = 53 LIMIT 1   [ RunTime:0.0000s ]
SQL: SELECT *,(num+forzen_num) as count FROM `blue_currency_user` WHERE `member_id` = 10375 AND `currency_id` = 54 LIMIT 1   [ RunTime:0.0000s ]
SQL: SHOW COLUMNS FROM `blue_issue_log` [ RunTime:0.0120s ]
SQL: SELECT * FROM `blue_issue_log` WHERE ( deal>0 and add_time<1532918227-60*60*24 and uid=10375 and status=0 )  [ RunTime:0.0010s ]
SQL: SHOW COLUMNS FROM `blue_currency_user` [ RunTime:0.0120s ]
SQL: SHOW COLUMNS FROM `blue_currency_rate_record` [ RunTime:0.0120s ]
SQL: SHOW COLUMNS FROM `blue_licai_currency_user` [ RunTime:0.0120s ]
SQL: SHOW COLUMNS FROM `blue_licai_currency` [ RunTime:0.0140s ]
SQL: SELECT blue_licai_currency_user.* FROM `blue_licai_currency_user` INNER JOIN blue_licai_currency on blue_licai_currency_user.currency_id=blue_licai_currency.currency_id  WHERE blue_licai_currency_user.member_id = '10375' AND blue_licai_currency_user.status = 0 AND blue_licai_currency_user.type = 1 AND blue_licai_currency_user.add_time < 1532880000 AND blue_licai_currency.status = 1  [ RunTime:0.0000s ]
SQL: SELECT blue_currency_user.*,blue_licai_currency.rate FROM `blue_currency_user` INNER JOIN blue_licai_currency on blue_currency_user.currency_id=blue_licai_currency.currency_id  WHERE blue_currency_user.member_id = '10375' AND blue_licai_currency.status = 1  [ RunTime:0.0000s ]
SQL: SELECT `rate` FROM `blue_licai_currency` WHERE `currency_id` = 52 LIMIT 1   [ RunTime:0.0000s ]
SQL: SELECT * FROM `blue_currency_rate_record` WHERE `member_id` = 10375 AND `currency_id` = 52 ORDER BY update_time desc LIMIT 1   [ RunTime:0.0010s ]
SQL: SELECT `rate` FROM `blue_licai_currency` WHERE `currency_id` = 53 LIMIT 1   [ RunTime:0.0000s ]
SQL: SELECT * FROM `blue_currency_rate_record` WHERE `member_id` = 10375 AND `currency_id` = 53 ORDER BY update_time desc LIMIT 1   [ RunTime:0.0000s ]
SQL: SELECT `rate` FROM `blue_licai_currency` WHERE `currency_id` = 54 LIMIT 1   [ RunTime:0.0010s ]
SQL: SELECT * FROM `blue_currency_rate_record` WHERE `member_id` = 10375 AND `currency_id` = 54 ORDER BY update_time desc LIMIT 1   [ RunTime:0.0000s ]

[ 2018-07-30T10:37:09+08:00 ] 127.0.0.1 /Mobile/User/home.html
INFO: [ app_init ] --START--
INFO: Run Behavior\BuildLiteBehavior [ RunTime:0.000000s ]
INFO: [ app_init ] --END-- [ RunTime:0.001000s ]
INFO: [ app_begin ] --START--
INFO: Run Behavior\ReadHtmlCacheBehavior [ RunTime:0.001000s ]
INFO: [ app_begin ] --END-- [ RunTime:0.001000s ]
SQL: SHOW COLUMNS FROM `blue_config` [ RunTime:0.0200s ]
SQL: SELECT * FROM `blue_config`  [ RunTime:0.0000s ]
SQL: SHOW COLUMNS FROM `blue_purse_download` [ RunTime:0.0130s ]
SQL: SELECT * FROM `blue_purse_download` ORDER BY add_time desc LIMIT 0,6   [ RunTime:0.0000s ]
SQL: SHOW COLUMNS FROM `blue_dividend_config` [ RunTime:0.0140s ]
SQL: SELECT * FROM `blue_dividend_config`  [ RunTime:0.0010s ]
SQL: SHOW COLUMNS FROM `blue_article_category` [ RunTime:0.0120s ]
SQL: SELECT * FROM `blue_article_category` WHERE ( parent_id = 6 ) LIMIT 4   [ RunTime:0.0010s ]
SQL: SHOW COLUMNS FROM `blue_article` [ RunTime:0.0140s ]
SQL: SELECT * FROM `blue_article` WHERE ( position_id = 7 ) LIMIT 4   [ RunTime:0.0010s ]
SQL: SHOW COLUMNS FROM `blue_member` [ RunTime:0.0120s ]
SQL: SELECT *,(rmb+forzen_rmb) as count FROM `blue_member` WHERE ( member_id='10375' ) LIMIT 1   [ RunTime:0.0000s ]
SQL: SHOW COLUMNS FROM `blue_orders` [ RunTime:0.0130s ]
SQL: SHOW COLUMNS FROM `blue_message` [ RunTime:0.0130s ]
SQL: SELECT COUNT(*) AS tp_count FROM `blue_message` WHERE `member_id` = '10375' AND `status` = 0 LIMIT 1   [ RunTime:0.0000s ]
SQL: SHOW COLUMNS FROM `blue_currency` [ RunTime:0.0130s ]
SQL: SELECT * FROM `blue_currency` WHERE ( is_line=1  ) ORDER BY sort  [ RunTime:0.0010s ]
NOTIC: [8] Undefined variable: whereMark D:\WWW\xiao\App\Common\Controller\CommonController.class.php 第 106 行.
SQL: SELECT `currency_id`,`currency_name`,`currency_logo`,`currency_mark` FROM `blue_currency` LIMIT 1   [ RunTime:0.0000s ]
SQL: SELECT `currency_id`,`currency_name`,`currency_logo`,`currency_mark` FROM `blue_currency` WHERE `is_line` = 1  [ RunTime:0.0000s ]
SQL: SELECT `price` FROM `blue_orders` WHERE ( currency_id = 52 ) ORDER BY add_time desc LIMIT 1   [ RunTime:0.0010s ]
SQL: SELECT `price` FROM `blue_orders` WHERE ( currency_id = 53 ) ORDER BY add_time desc LIMIT 1   [ RunTime:0.0000s ]
SQL: SELECT `price` FROM `blue_orders` WHERE ( currency_id = 54 ) ORDER BY add_time desc LIMIT 1   [ RunTime:0.0010s ]
SQL: SELECT * FROM `blue_member` WHERE ( member_id =10375 ) LIMIT 1   [ RunTime:0.0000s ]
SQL: SHOW COLUMNS FROM `blue_trade` [ RunTime:0.0130s ]
SQL: SELECT * FROM `blue_currency`  [ RunTime:0.0000s ]
SQL: SHOW COLUMNS FROM `blue_currency_user` [ RunTime:0.0140s ]
SQL: SELECT *,(num+forzen_num) as count FROM `blue_currency_user` WHERE `member_id` = 10375 AND `currency_id` = 52 LIMIT 1   [ RunTime:0.0000s ]
SQL: SELECT *,(num+forzen_num) as count FROM `blue_currency_user` WHERE `member_id` = 10375 AND `currency_id` = 53 LIMIT 1   [ RunTime:0.0000s ]
SQL: SELECT *,(num+forzen_num) as count FROM `blue_currency_user` WHERE `member_id` = 10375 AND `currency_id` = 54 LIMIT 1   [ RunTime:0.0000s ]
SQL: SHOW COLUMNS FROM `blue_issue_log` [ RunTime:0.0120s ]
SQL: SELECT * FROM `blue_issue_log` WHERE ( deal>0 and add_time<1532918229-60*60*24 and uid=10375 and status=0 )  [ RunTime:0.0000s ]
SQL: SELECT * FROM `blue_member` WHERE `member_id` = 10375 LIMIT 1   [ RunTime:0.0000s ]
INFO: [ view_parse ] --START--
INFO: [ template_filter ] --START--
INFO: Run Behavior\ContentReplaceBehavior [ RunTime:0.000000s ]
INFO: [ template_filter ] --END-- [ RunTime:0.000000s ]
SQL: SHOW COLUMNS FROM `blue_member_grade` [ RunTime:0.0130s ]
SQL: SELECT `title` FROM `blue_member_grade` WHERE `id` = 1 LIMIT 1   [ RunTime:0.0010s ]
INFO: Run Behavior\ParseTemplateBehavior [ RunTime:0.036000s ]
INFO: [ view_parse ] --END-- [ RunTime:0.036000s ]
INFO: [ view_filter ] --START--
INFO: Run Behavior\WriteHtmlCacheBehavior [ RunTime:0.000000s ]
INFO: [ view_filter ] --END-- [ RunTime:0.000000s ]
INFO: [ app_end ] --START--
INFO: Run Behavior\ShowPageTraceBehavior [ RunTime:0.000000s ]
INFO: [ app_end ] --END-- [ RunTime:0.000000s ]

[ 2018-07-30T10:37:10+08:00 ] 127.0.0.1 /Mobile/User/home.html
INFO: [ app_init ] --START--
INFO: Run Behavior\BuildLiteBehavior [ RunTime:0.000000s ]
INFO: [ app_init ] --END-- [ RunTime:0.001000s ]
INFO: [ app_begin ] --START--
INFO: Run Behavior\ReadHtmlCacheBehavior [ RunTime:0.001000s ]
INFO: [ app_begin ] --END-- [ RunTime:0.001000s ]
SQL: SHOW COLUMNS FROM `blue_config` [ RunTime:0.0150s ]
SQL: SELECT * FROM `blue_config`  [ RunTime:0.0010s ]
SQL: SHOW COLUMNS FROM `blue_purse_download` [ RunTime:0.0110s ]
SQL: SELECT * FROM `blue_purse_download` ORDER BY add_time desc LIMIT 0,6   [ RunTime:0.0010s ]
SQL: SHOW COLUMNS FROM `blue_dividend_config` [ RunTime:0.0100s ]
SQL: SELECT * FROM `blue_dividend_config`  [ RunTime:0.0000s ]
SQL: SHOW COLUMNS FROM `blue_article_category` [ RunTime:0.0100s ]
SQL: SELECT * FROM `blue_article_category` WHERE ( parent_id = 6 ) LIMIT 4   [ RunTime:0.0000s ]
SQL: SHOW COLUMNS FROM `blue_article` [ RunTime:0.0110s ]
SQL: SELECT * FROM `blue_article` WHERE ( position_id = 7 ) LIMIT 4   [ RunTime:0.0000s ]
SQL: SHOW COLUMNS FROM `blue_member` [ RunTime:0.0090s ]
SQL: SELECT *,(rmb+forzen_rmb) as count FROM `blue_member` WHERE ( member_id='10375' ) LIMIT 1   [ RunTime:0.0000s ]
SQL: SHOW COLUMNS FROM `blue_orders` [ RunTime:0.0100s ]
SQL: SHOW COLUMNS FROM `blue_message` [ RunTime:0.0100s ]
SQL: SELECT COUNT(*) AS tp_count FROM `blue_message` WHERE `member_id` = '10375' AND `status` = 0 LIMIT 1   [ RunTime:0.0010s ]
SQL: SHOW COLUMNS FROM `blue_currency` [ RunTime:0.0090s ]
SQL: SELECT * FROM `blue_currency` WHERE ( is_line=1  ) ORDER BY sort  [ RunTime:0.0000s ]
NOTIC: [8] Undefined variable: whereMark D:\WWW\xiao\App\Common\Controller\CommonController.class.php 第 106 行.
SQL: SELECT `currency_id`,`currency_name`,`currency_logo`,`currency_mark` FROM `blue_currency` LIMIT 1   [ RunTime:0.0010s ]
SQL: SELECT `currency_id`,`currency_name`,`currency_logo`,`currency_mark` FROM `blue_currency` WHERE `is_line` = 1  [ RunTime:0.0000s ]
SQL: SELECT `price` FROM `blue_orders` WHERE ( currency_id = 52 ) ORDER BY add_time desc LIMIT 1   [ RunTime:0.0000s ]
SQL: SELECT `price` FROM `blue_orders` WHERE ( currency_id = 53 ) ORDER BY add_time desc LIMIT 1   [ RunTime:0.0010s ]
SQL: SELECT `price` FROM `blue_orders` WHERE ( currency_id = 54 ) ORDER BY add_time desc LIMIT 1   [ RunTime:0.0000s ]
SQL: SELECT * FROM `blue_member` WHERE ( member_id =10375 ) LIMIT 1   [ RunTime:0.0000s ]
SQL: SHOW COLUMNS FROM `blue_trade` [ RunTime:0.0090s ]
SQL: SELECT * FROM `blue_currency`  [ RunTime:0.0000s ]
SQL: SHOW COLUMNS FROM `blue_currency_user` [ RunTime:0.0100s ]
SQL: SELECT *,(num+forzen_num) as count FROM `blue_currency_user` WHERE `member_id` = 10375 AND `currency_id` = 52 LIMIT 1   [ RunTime:0.0010s ]
SQL: SELECT *,(num+forzen_num) as count FROM `blue_currency_user` WHERE `member_id` = 10375 AND `currency_id` = 53 LIMIT 1   [ RunTime:0.0000s ]
SQL: SELECT *,(num+forzen_num) as count FROM `blue_currency_user` WHERE `member_id` = 10375 AND `currency_id` = 54 LIMIT 1   [ RunTime:0.0000s ]
SQL: SHOW COLUMNS FROM `blue_issue_log` [ RunTime:0.0100s ]
SQL: SELECT * FROM `blue_issue_log` WHERE ( deal>0 and add_time<1532918230-60*60*24 and uid=10375 and status=0 )  [ RunTime:0.0010s ]
SQL: SELECT * FROM `blue_member` WHERE `member_id` = 10375 LIMIT 1   [ RunTime:0.0000s ]
INFO: [ view_parse ] --START--
INFO: [ template_filter ] --START--
INFO: Run Behavior\ContentReplaceBehavior [ RunTime:0.000000s ]
INFO: [ template_filter ] --END-- [ RunTime:0.000000s ]
SQL: SHOW COLUMNS FROM `blue_member_grade` [ RunTime:0.0100s ]
SQL: SELECT `title` FROM `blue_member_grade` WHERE `id` = 1 LIMIT 1   [ RunTime:0.0000s ]
INFO: Run Behavior\ParseTemplateBehavior [ RunTime:0.023000s ]
INFO: [ view_parse ] --END-- [ RunTime:0.023000s ]
INFO: [ view_filter ] --START--
INFO: Run Behavior\WriteHtmlCacheBehavior [ RunTime:0.000000s ]
INFO: [ view_filter ] --END-- [ RunTime:0.000000s ]
INFO: [ app_end ] --START--
INFO: Run Behavior\ShowPageTraceBehavior [ RunTime:0.000000s ]
INFO: [ app_end ] --END-- [ RunTime:0.000000s ]

[ 2018-07-30T10:37:11+08:00 ] 127.0.0.1 /Mobile/User/count_licai_rate_num.html
INFO: [ app_init ] --START--
INFO: Run Behavior\BuildLiteBehavior [ RunTime:0.000000s ]
INFO: [ app_init ] --END-- [ RunTime:0.000000s ]
INFO: [ app_begin ] --START--
INFO: Run Behavior\ReadHtmlCacheBehavior [ RunTime:0.001000s ]
INFO: [ app_begin ] --END-- [ RunTime:0.001000s ]
SQL: SHOW COLUMNS FROM `blue_config` [ RunTime:0.0210s ]
SQL: SELECT * FROM `blue_config`  [ RunTime:0.0000s ]
SQL: SHOW COLUMNS FROM `blue_purse_download` [ RunTime:0.0100s ]
SQL: SELECT * FROM `blue_purse_download` ORDER BY add_time desc LIMIT 0,6   [ RunTime:0.0010s ]
SQL: SHOW COLUMNS FROM `blue_dividend_config` [ RunTime:0.0110s ]
SQL: SELECT * FROM `blue_dividend_config`  [ RunTime:0.0000s ]
SQL: SHOW COLUMNS FROM `blue_article_category` [ RunTime:0.0120s ]
SQL: SELECT * FROM `blue_article_category` WHERE ( parent_id = 6 ) LIMIT 4   [ RunTime:0.0000s ]
SQL: SHOW COLUMNS FROM `blue_article` [ RunTime:0.0120s ]
SQL: SELECT * FROM `blue_article` WHERE ( position_id = 7 ) LIMIT 4   [ RunTime:0.0000s ]
SQL: SHOW COLUMNS FROM `blue_member` [ RunTime:0.0120s ]
SQL: SELECT *,(rmb+forzen_rmb) as count FROM `blue_member` WHERE ( member_id='10375' ) LIMIT 1   [ RunTime:0.0010s ]
SQL: SHOW COLUMNS FROM `blue_orders` [ RunTime:0.0120s ]
SQL: SHOW COLUMNS FROM `blue_message` [ RunTime:0.0120s ]
SQL: SELECT COUNT(*) AS tp_count FROM `blue_message` WHERE `member_id` = '10375' AND `status` = 0 LIMIT 1   [ RunTime:0.0000s ]
SQL: SHOW COLUMNS FROM `blue_currency` [ RunTime:0.0120s ]
SQL: SELECT * FROM `blue_currency` WHERE ( is_line=1  ) ORDER BY sort  [ RunTime:0.0000s ]
NOTIC: [8] Undefined variable: whereMark D:\WWW\xiao\App\Common\Controller\CommonController.class.php 第 106 行.
SQL: SELECT `currency_id`,`currency_name`,`currency_logo`,`currency_mark` FROM `blue_currency` LIMIT 1   [ RunTime:0.0000s ]
SQL: SELECT `currency_id`,`currency_name`,`currency_logo`,`currency_mark` FROM `blue_currency` WHERE `is_line` = 1  [ RunTime:0.0000s ]
SQL: SELECT `price` FROM `blue_orders` WHERE ( currency_id = 52 ) ORDER BY add_time desc LIMIT 1   [ RunTime:0.0010s ]
SQL: SELECT `price` FROM `blue_orders` WHERE ( currency_id = 53 ) ORDER BY add_time desc LIMIT 1   [ RunTime:0.0000s ]
SQL: SELECT `price` FROM `blue_orders` WHERE ( currency_id = 54 ) ORDER BY add_time desc LIMIT 1   [ RunTime:0.0010s ]
SQL: SELECT * FROM `blue_member` WHERE ( member_id =10375 ) LIMIT 1   [ RunTime:0.0000s ]
SQL: SHOW COLUMNS FROM `blue_trade` [ RunTime:0.0130s ]
SQL: SELECT * FROM `blue_currency`  [ RunTime:0.0000s ]
SQL: SHOW COLUMNS FROM `blue_currency_user` [ RunTime:0.0110s ]
SQL: SELECT *,(num+forzen_num) as count FROM `blue_currency_user` WHERE `member_id` = 10375 AND `currency_id` = 52 LIMIT 1   [ RunTime:0.0010s ]
SQL: SELECT *,(num+forzen_num) as count FROM `blue_currency_user` WHERE `member_id` = 10375 AND `currency_id` = 53 LIMIT 1   [ RunTime:0.0000s ]
SQL: SELECT *,(num+forzen_num) as count FROM `blue_currency_user` WHERE `member_id` = 10375 AND `currency_id` = 54 LIMIT 1   [ RunTime:0.0000s ]
SQL: SHOW COLUMNS FROM `blue_issue_log` [ RunTime:0.0110s ]
SQL: SELECT * FROM `blue_issue_log` WHERE ( deal>0 and add_time<1532918231-60*60*24 and uid=10375 and status=0 )  [ RunTime:0.0000s ]
SQL: SHOW COLUMNS FROM `blue_currency_user` [ RunTime:0.0110s ]
SQL: SHOW COLUMNS FROM `blue_currency_rate_record` [ RunTime:0.0120s ]
SQL: SHOW COLUMNS FROM `blue_licai_currency_user` [ RunTime:0.0110s ]
SQL: SHOW COLUMNS FROM `blue_licai_currency` [ RunTime:0.0120s ]
SQL: SELECT blue_licai_currency_user.* FROM `blue_licai_currency_user` INNER JOIN blue_licai_currency on blue_licai_currency_user.currency_id=blue_licai_currency.currency_id  WHERE blue_licai_currency_user.member_id = '10375' AND blue_licai_currency_user.status = 0 AND blue_licai_currency_user.type = 1 AND blue_licai_currency_user.add_time < 1532880000 AND blue_licai_currency.status = 1  [ RunTime:0.0010s ]
SQL: SELECT blue_currency_user.*,blue_licai_currency.rate FROM `blue_currency_user` INNER JOIN blue_licai_currency on blue_currency_user.currency_id=blue_licai_currency.currency_id  WHERE blue_currency_user.member_id = '10375' AND blue_licai_currency.status = 1  [ RunTime:0.0000s ]
SQL: SELECT `rate` FROM `blue_licai_currency` WHERE `currency_id` = 52 LIMIT 1   [ RunTime:0.0010s ]
SQL: SELECT * FROM `blue_currency_rate_record` WHERE `member_id` = 10375 AND `currency_id` = 52 ORDER BY update_time desc LIMIT 1   [ RunTime:0.0000s ]
SQL: SELECT `rate` FROM `blue_licai_currency` WHERE `currency_id` = 53 LIMIT 1   [ RunTime:0.0000s ]
SQL: SELECT * FROM `blue_currency_rate_record` WHERE `member_id` = 10375 AND `currency_id` = 53 ORDER BY update_time desc LIMIT 1   [ RunTime:0.0010s ]
SQL: SELECT `rate` FROM `blue_licai_currency` WHERE `currency_id` = 54 LIMIT 1   [ RunTime:0.0000s ]
SQL: SELECT * FROM `blue_currency_rate_record` WHERE `member_id` = 10375 AND `currency_id` = 54 ORDER BY update_time desc LIMIT 1   [ RunTime:0.0000s ]

