[ 2018-11-25T12:33:31+08:00 ] 127.0.0.1 /Mobile/index/index.html
INFO: [ app_init ] --START--
INFO: Run Behavior\BuildLiteBehavior [ RunTime:0.000011s ]
INFO: [ app_init ] --END-- [ RunTime:0.000274s ]
INFO: [ app_begin ] --START--
INFO: Run Behavior\ReadHtmlCacheBehavior [ RunTime:0.000445s ]
INFO: [ app_begin ] --END-- [ RunTime:0.000485s ]
SQL: SHOW COLUMNS FROM `blue_config` [ RunTime:0.0011s ]
SQL: SELECT * FROM `blue_config`  [ RunTime:0.0004s ]
SQL: SHOW COLUMNS FROM `blue_purse_download` [ RunTime:0.0010s ]
SQL: SELECT * FROM `blue_purse_download` ORDER BY add_time desc LIMIT 0,6   [ RunTime:0.0002s ]
SQL: SHOW COLUMNS FROM `blue_dividend_config` [ RunTime:0.0012s ]
SQL: SELECT * FROM `blue_dividend_config`  [ RunTime:0.0003s ]
SQL: SHOW COLUMNS FROM `blue_article_category` [ RunTime:0.0014s ]
SQL: SELECT * FROM `blue_article_category` WHERE ( parent_id = 6 ) LIMIT 4   [ RunTime:0.0004s ]
SQL: SHOW COLUMNS FROM `blue_article` [ RunTime:0.0012s ]
SQL: SELECT * FROM `blue_article` WHERE ( position_id = 7 ) LIMIT 4   [ RunTime:0.0004s ]
SQL: SHOW COLUMNS FROM `blue_orders` [ RunTime:0.0016s ]
SQL: SHOW COLUMNS FROM `blue_currency` [ RunTime:0.0017s ]
SQL: SELECT * FROM `blue_currency` WHERE ( is_line=1  ) ORDER BY sort  [ RunTime:0.0004s ]
NOTIC: [8] Undefined variable: whereMark /Applications/MAMP/htdocs/project/xiao_1/App/Common/Controller/CommonController.class.php 第 106 行.
SQL: SELECT `currency_id`,`currency_name`,`currency_logo`,`currency_mark` FROM `blue_currency` LIMIT 1   [ RunTime:0.0003s ]
SQL: SELECT `currency_id`,`currency_name`,`currency_logo`,`currency_mark` FROM `blue_currency` WHERE `is_line` = 1  [ RunTime:0.0003s ]
SQL: SELECT `price` FROM `blue_orders` WHERE ( currency_id = 52 ) ORDER BY add_time desc LIMIT 1   [ RunTime:0.0009s ]
SQL: SELECT `price` FROM `blue_orders` WHERE ( currency_id = 53 ) ORDER BY add_time desc LIMIT 1   [ RunTime:0.0006s ]
SQL: SELECT `price` FROM `blue_orders` WHERE ( currency_id = 54 ) ORDER BY add_time desc LIMIT 1   [ RunTime:0.0008s ]
SQL: SHOW COLUMNS FROM `blue_article` [ RunTime:0.0014s ]
SQL: SELECT * FROM `blue_article` INNER JOIN blue_article_category ON blue_article.position_id = blue_article_category.id  WHERE blue_article_category.id = 1 AND ( blue_article.sign = 0 ) ORDER BY add_time desc LIMIT 0,6   [ RunTime:0.0016s ]
SQL: SELECT * FROM `blue_article` INNER JOIN blue_article_category ON blue_article.position_id = blue_article_category.id  WHERE blue_article_category.id = 1 AND ( blue_article.sign = 1 ) ORDER BY add_time desc LIMIT 0,4   [ RunTime:0.0003s ]
SQL: SELECT * FROM `blue_article` INNER JOIN blue_article_category ON blue_article.position_id = blue_article_category.id  WHERE blue_article_category.id = 2 AND ( blue_article.sign = 0 ) ORDER BY add_time desc LIMIT 0,6   [ RunTime:0.0009s ]
SQL: SELECT * FROM `blue_article` INNER JOIN blue_article_category ON blue_article.position_id = blue_article_category.id  WHERE blue_article_category.id = 2 AND ( blue_article.sign = 1 ) ORDER BY add_time desc LIMIT 0,4   [ RunTime:0.0004s ]
SQL: SELECT * FROM `blue_article` INNER JOIN blue_article_category ON blue_article.position_id = blue_article_category.id  WHERE blue_article_category.id = 127 AND ( blue_article.sign = 0 ) ORDER BY add_time desc LIMIT 0,6   [ RunTime:0.0005s ]
SQL: SHOW COLUMNS FROM `blue_flash` [ RunTime:0.0014s ]
SQL: SELECT * FROM `blue_flash` ORDER BY sort LIMIT 6   [ RunTime:0.0007s ]
SQL: SELECT * FROM `blue_currency` WHERE ( is_line=1  ) ORDER BY sort  [ RunTime:0.0010s ]
SQL: SHOW COLUMNS FROM `blue_trade` [ RunTime:0.0025s ]
SQL: SELECT * FROM `blue_trade` WHERE `currency_id` = 52 AND ( add_time>1543075200 ) ORDER BY price asc LIMIT 1   [ RunTime:0.0018s ]
SQL: SELECT * FROM `blue_trade` WHERE `currency_id` = 52 AND ( add_time>1543075200 ) ORDER BY price desc LIMIT 1   [ RunTime:0.0009s ]
SQL: SELECT * FROM `blue_trade` WHERE `currency_id` = 52 ORDER BY add_time desc LIMIT 1   [ RunTime:0.0010s ]
SQL: SELECT * FROM `blue_trade` WHERE `currency_id` = 52 AND ( add_time<1543075200 ) ORDER BY add_time desc LIMIT 1   [ RunTime:0.0010s ]
SQL: SELECT * FROM `blue_trade` WHERE `currency_id` = 52 AND ( add_time<1543075200 ) ORDER BY add_time desc LIMIT 1   [ RunTime:0.0008s ]
SQL: SELECT * FROM `blue_trade` WHERE `currency_id` = 52 AND ( add_time<1543120411-60*60*24*7 ) ORDER BY add_time desc LIMIT 1   [ RunTime:0.0053s ]
SQL: SELECT SUM(num) AS tp_sum FROM `blue_trade` WHERE `currency_id` = 52 AND ( add_time>1543120411-60*60*24 ) LIMIT 1   [ RunTime:0.0028s ]
SQL: SELECT SUM(num*price) AS tp_sum FROM `blue_trade` WHERE `currency_id` = 52 AND ( add_time>1543120411-60*60*24 ) LIMIT 1   [ RunTime:0.0006s ]
SQL: SELECT `price` FROM `blue_trade` WHERE `currency_id` = 52 ORDER BY price asc LIMIT 1   [ RunTime:0.0005s ]
SQL: SELECT `price` FROM `blue_trade` WHERE `currency_id` = 52 ORDER BY price desc LIMIT 1   [ RunTime:0.0005s ]
SQL: SELECT `price` FROM `blue_orders` WHERE `currency_id` = 52 AND `type` = 'buy' AND `status` IN (0,1) ORDER BY price desc LIMIT 1   [ RunTime:0.0014s ]
SQL: SELECT `price` FROM `blue_orders` WHERE `currency_id` = 52 AND `type` = 'sell' AND `status` IN (0,1) ORDER BY price asc LIMIT 1   [ RunTime:0.0007s ]
SQL: SELECT * FROM `blue_trade` WHERE `currency_id` = 53 AND ( add_time>1543075200 ) ORDER BY price asc LIMIT 1   [ RunTime:0.0005s ]
SQL: SELECT * FROM `blue_trade` WHERE `currency_id` = 53 AND ( add_time>1543075200 ) ORDER BY price desc LIMIT 1   [ RunTime:0.0005s ]
SQL: SELECT * FROM `blue_trade` WHERE `currency_id` = 53 ORDER BY add_time desc LIMIT 1   [ RunTime:0.0005s ]
SQL: SELECT * FROM `blue_trade` WHERE `currency_id` = 53 AND ( add_time<1543075200 ) ORDER BY add_time desc LIMIT 1   [ RunTime:0.0005s ]
SQL: SELECT * FROM `blue_trade` WHERE `currency_id` = 53 AND ( add_time<1543075200 ) ORDER BY add_time desc LIMIT 1   [ RunTime:0.0005s ]
SQL: SELECT * FROM `blue_trade` WHERE `currency_id` = 53 AND ( add_time<1543120411-60*60*24*7 ) ORDER BY add_time desc LIMIT 1   [ RunTime:0.0006s ]
SQL: SELECT SUM(num) AS tp_sum FROM `blue_trade` WHERE `currency_id` = 53 AND ( add_time>1543120411-60*60*24 ) LIMIT 1   [ RunTime:0.0008s ]
SQL: SELECT SUM(num*price) AS tp_sum FROM `blue_trade` WHERE `currency_id` = 53 AND ( add_time>1543120411-60*60*24 ) LIMIT 1   [ RunTime:0.0010s ]
SQL: SELECT `price` FROM `blue_trade` WHERE `currency_id` = 53 ORDER BY price asc LIMIT 1   [ RunTime:0.0006s ]
SQL: SELECT `price` FROM `blue_trade` WHERE `currency_id` = 53 ORDER BY price desc LIMIT 1   [ RunTime:0.0005s ]
SQL: SELECT `price` FROM `blue_orders` WHERE `currency_id` = 53 AND `type` = 'buy' AND `status` IN (0,1) ORDER BY price desc LIMIT 1   [ RunTime:0.0006s ]
SQL: SELECT `price` FROM `blue_orders` WHERE `currency_id` = 53 AND `type` = 'sell' AND `status` IN (0,1) ORDER BY price asc LIMIT 1   [ RunTime:0.0006s ]
SQL: SELECT * FROM `blue_trade` WHERE `currency_id` = 54 AND ( add_time>1543075200 ) ORDER BY price asc LIMIT 1   [ RunTime:0.0005s ]
SQL: SELECT * FROM `blue_trade` WHERE `currency_id` = 54 AND ( add_time>1543075200 ) ORDER BY price desc LIMIT 1   [ RunTime:0.0005s ]
SQL: SELECT * FROM `blue_trade` WHERE `currency_id` = 54 ORDER BY add_time desc LIMIT 1   [ RunTime:0.0005s ]
SQL: SELECT * FROM `blue_trade` WHERE `currency_id` = 54 AND ( add_time<1543075200 ) ORDER BY add_time desc LIMIT 1   [ RunTime:0.0005s ]
SQL: SELECT * FROM `blue_trade` WHERE `currency_id` = 54 AND ( add_time<1543075200 ) ORDER BY add_time desc LIMIT 1   [ RunTime:0.0005s ]
SQL: SELECT * FROM `blue_trade` WHERE `currency_id` = 54 AND ( add_time<1543120411-60*60*24*7 ) ORDER BY add_time desc LIMIT 1   [ RunTime:0.0005s ]
SQL: SELECT SUM(num) AS tp_sum FROM `blue_trade` WHERE `currency_id` = 54 AND ( add_time>1543120411-60*60*24 ) LIMIT 1   [ RunTime:0.0005s ]
SQL: SELECT SUM(num*price) AS tp_sum FROM `blue_trade` WHERE `currency_id` = 54 AND ( add_time>1543120411-60*60*24 ) LIMIT 1   [ RunTime:0.0005s ]
SQL: SELECT `price` FROM `blue_trade` WHERE `currency_id` = 54 ORDER BY price asc LIMIT 1   [ RunTime:0.0004s ]
SQL: SELECT `price` FROM `blue_trade` WHERE `currency_id` = 54 ORDER BY price desc LIMIT 1   [ RunTime:0.0005s ]
SQL: SELECT `price` FROM `blue_orders` WHERE `currency_id` = 54 AND `type` = 'buy' AND `status` IN (0,1) ORDER BY price desc LIMIT 1   [ RunTime:0.0006s ]
SQL: SELECT `price` FROM `blue_orders` WHERE `currency_id` = 54 AND `type` = 'sell' AND `status` IN (0,1) ORDER BY price asc LIMIT 1   [ RunTime:0.0006s ]
SQL: SHOW COLUMNS FROM `blue_currency_user` [ RunTime:0.0013s ]
SQL: SELECT blue_currency_user.*,(blue_currency_user.num+blue_currency_user.forzen_num) as count,blue_currency.currency_name,blue_currency.currency_mark FROM `blue_currency_user` left join blue_currency on blue_currency.currency_id=blue_currency_user.currency_id  WHERE `member_id` = null ORDER BY sort  [ RunTime:0.0032s ]
SQL: SELECT SUM(money) AS tp_sum FROM `blue_trade` LIMIT 1   [ RunTime:0.0013s ]
SQL: SHOW COLUMNS FROM `blue_link` [ RunTime:0.0012s ]
SQL: SELECT * FROM `blue_link`  [ RunTime:0.0005s ]
SQL: SHOW COLUMNS FROM `blue_issue` [ RunTime:0.0014s ]
SQL: SELECT blue_issue.*,blue_currency.currency_name as name FROM `blue_issue` left join blue_currency on blue_currency.currency_id=blue_issue.currency_id  ORDER BY  id desc   [ RunTime:0.0014s ]
SQL: SHOW COLUMNS FROM `blue_article_category` [ RunTime:0.0014s ]
SQL: SELECT * FROM `blue_article_category` WHERE ( id=127 ) LIMIT 1   [ RunTime:0.0003s ]
SQL: SELECT * FROM `blue_article` WHERE ( position_id=127 ) ORDER BY article_id desc  LIMIT 0,7   [ RunTime:0.0004s ]
SQL: SELECT * FROM `blue_article_category` WHERE ( id=128 ) LIMIT 1   [ RunTime:0.0003s ]
SQL: SELECT * FROM `blue_article` WHERE ( position_id=128 ) ORDER BY article_id desc  LIMIT 0,7   [ RunTime:0.0003s ]
SQL: SELECT * FROM `blue_article_category` WHERE ( id=129 ) LIMIT 1   [ RunTime:0.0003s ]
SQL: SELECT * FROM `blue_article` WHERE ( position_id=129 ) ORDER BY article_id desc  LIMIT 0,7   [ RunTime:0.0003s ]
INFO: [ view_parse ] --START--
INFO: [ template_filter ] --START--
INFO: Run Behavior\ContentReplaceBehavior [ RunTime:0.000069s ]
INFO: [ template_filter ] --END-- [ RunTime:0.000108s ]
INFO: Run Behavior\ParseTemplateBehavior [ RunTime:0.006797s ]
INFO: [ view_parse ] --END-- [ RunTime:0.006839s ]
INFO: [ view_filter ] --START--
INFO: Run Behavior\WriteHtmlCacheBehavior [ RunTime:0.000155s ]
INFO: [ view_filter ] --END-- [ RunTime:0.000181s ]
INFO: [ app_end ] --START--
INFO: Run Behavior\ShowPageTraceBehavior [ RunTime:0.000481s ]
INFO: [ app_end ] --END-- [ RunTime:0.000508s ]

[ 2018-11-25T12:33:33+08:00 ] 127.0.0.1 /Mobile/User/home.html
INFO: [ app_init ] --START--
INFO: Run Behavior\BuildLiteBehavior [ RunTime:0.000020s ]
INFO: [ app_init ] --END-- [ RunTime:0.000460s ]
INFO: [ app_begin ] --START--
INFO: Run Behavior\ReadHtmlCacheBehavior [ RunTime:0.000560s ]
INFO: [ app_begin ] --END-- [ RunTime:0.000808s ]
SQL: SHOW COLUMNS FROM `blue_config` [ RunTime:0.0012s ]
SQL: SELECT * FROM `blue_config`  [ RunTime:0.0004s ]
SQL: SHOW COLUMNS FROM `blue_purse_download` [ RunTime:0.0011s ]
SQL: SELECT * FROM `blue_purse_download` ORDER BY add_time desc LIMIT 0,6   [ RunTime:0.0002s ]
SQL: SHOW COLUMNS FROM `blue_dividend_config` [ RunTime:0.0012s ]
SQL: SELECT * FROM `blue_dividend_config`  [ RunTime:0.0003s ]
SQL: SHOW COLUMNS FROM `blue_article_category` [ RunTime:0.0013s ]
SQL: SELECT * FROM `blue_article_category` WHERE ( parent_id = 6 ) LIMIT 4   [ RunTime:0.0004s ]
SQL: SHOW COLUMNS FROM `blue_article` [ RunTime:0.0011s ]
SQL: SELECT * FROM `blue_article` WHERE ( position_id = 7 ) LIMIT 4   [ RunTime:0.0004s ]
SQL: SHOW COLUMNS FROM `blue_orders` [ RunTime:0.0014s ]
SQL: SHOW COLUMNS FROM `blue_currency` [ RunTime:0.0015s ]
SQL: SELECT * FROM `blue_currency` WHERE ( is_line=1  ) ORDER BY sort  [ RunTime:0.0005s ]
NOTIC: [8] Undefined variable: whereMark /Applications/MAMP/htdocs/project/xiao_1/App/Common/Controller/CommonController.class.php 第 106 行.
SQL: SELECT `currency_id`,`currency_name`,`currency_logo`,`currency_mark` FROM `blue_currency` LIMIT 1   [ RunTime:0.0003s ]
SQL: SELECT `currency_id`,`currency_name`,`currency_logo`,`currency_mark` FROM `blue_currency` WHERE `is_line` = 1  [ RunTime:0.0003s ]
SQL: SELECT `price` FROM `blue_orders` WHERE ( currency_id = 52 ) ORDER BY add_time desc LIMIT 1   [ RunTime:0.0006s ]
SQL: SELECT `price` FROM `blue_orders` WHERE ( currency_id = 53 ) ORDER BY add_time desc LIMIT 1   [ RunTime:0.0006s ]
SQL: SELECT `price` FROM `blue_orders` WHERE ( currency_id = 54 ) ORDER BY add_time desc LIMIT 1   [ RunTime:0.0006s ]

[ 2018-11-25T12:33:33+08:00 ] 127.0.0.1 /Mobile/Login/index.html
INFO: [ app_init ] --START--
INFO: Run Behavior\BuildLiteBehavior [ RunTime:0.000010s ]
INFO: [ app_init ] --END-- [ RunTime:0.000273s ]
INFO: [ app_begin ] --START--
INFO: Run Behavior\ReadHtmlCacheBehavior [ RunTime:0.000627s ]
INFO: [ app_begin ] --END-- [ RunTime:0.000693s ]
SQL: SHOW COLUMNS FROM `blue_config` [ RunTime:0.0018s ]
SQL: SELECT * FROM `blue_config`  [ RunTime:0.0004s ]
SQL: SHOW COLUMNS FROM `blue_purse_download` [ RunTime:0.0012s ]
SQL: SELECT * FROM `blue_purse_download` ORDER BY add_time desc LIMIT 0,6   [ RunTime:0.0002s ]
SQL: SHOW COLUMNS FROM `blue_dividend_config` [ RunTime:0.0013s ]
SQL: SELECT * FROM `blue_dividend_config`  [ RunTime:0.0004s ]
SQL: SHOW COLUMNS FROM `blue_article_category` [ RunTime:0.0016s ]
SQL: SELECT * FROM `blue_article_category` WHERE ( parent_id = 6 ) LIMIT 4   [ RunTime:0.0005s ]
SQL: SHOW COLUMNS FROM `blue_article` [ RunTime:0.0012s ]
SQL: SELECT * FROM `blue_article` WHERE ( position_id = 7 ) LIMIT 4   [ RunTime:0.0003s ]
SQL: SHOW COLUMNS FROM `blue_orders` [ RunTime:0.0020s ]
SQL: SHOW COLUMNS FROM `blue_currency` [ RunTime:0.0014s ]
SQL: SELECT * FROM `blue_currency` WHERE ( is_line=1  ) ORDER BY sort  [ RunTime:0.0004s ]
NOTIC: [8] Undefined variable: whereMark /Applications/MAMP/htdocs/project/xiao_1/App/Common/Controller/CommonController.class.php 第 106 行.
SQL: SELECT `currency_id`,`currency_name`,`currency_logo`,`currency_mark` FROM `blue_currency` LIMIT 1   [ RunTime:0.0002s ]
SQL: SELECT `currency_id`,`currency_name`,`currency_logo`,`currency_mark` FROM `blue_currency` WHERE `is_line` = 1  [ RunTime:0.0003s ]
SQL: SELECT `price` FROM `blue_orders` WHERE ( currency_id = 52 ) ORDER BY add_time desc LIMIT 1   [ RunTime:0.0006s ]
SQL: SELECT `price` FROM `blue_orders` WHERE ( currency_id = 53 ) ORDER BY add_time desc LIMIT 1   [ RunTime:0.0008s ]
SQL: SELECT `price` FROM `blue_orders` WHERE ( currency_id = 54 ) ORDER BY add_time desc LIMIT 1   [ RunTime:0.0008s ]
INFO: [ view_parse ] --START--
INFO: [ template_filter ] --START--
INFO: Run Behavior\ContentReplaceBehavior [ RunTime:0.000061s ]
INFO: [ template_filter ] --END-- [ RunTime:0.000101s ]
INFO: Run Behavior\ParseTemplateBehavior [ RunTime:0.006430s ]
INFO: [ view_parse ] --END-- [ RunTime:0.006464s ]
INFO: [ view_filter ] --START--
INFO: Run Behavior\WriteHtmlCacheBehavior [ RunTime:0.000183s ]
INFO: [ view_filter ] --END-- [ RunTime:0.000216s ]
INFO: [ app_end ] --START--
INFO: Run Behavior\ShowPageTraceBehavior [ RunTime:0.000471s ]
INFO: [ app_end ] --END-- [ RunTime:0.000500s ]

[ 2018-11-25T12:33:43+08:00 ] 127.0.0.1 /Mobile/index/index.html
INFO: [ app_init ] --START--
INFO: Run Behavior\BuildLiteBehavior [ RunTime:0.000010s ]
INFO: [ app_init ] --END-- [ RunTime:0.000283s ]
INFO: [ app_begin ] --START--
INFO: Run Behavior\ReadHtmlCacheBehavior [ RunTime:0.000374s ]
INFO: [ app_begin ] --END-- [ RunTime:0.000405s ]
SQL: SHOW COLUMNS FROM `blue_config` [ RunTime:0.0012s ]
SQL: SELECT * FROM `blue_config`  [ RunTime:0.0004s ]
SQL: SHOW COLUMNS FROM `blue_purse_download` [ RunTime:0.0011s ]
SQL: SELECT * FROM `blue_purse_download` ORDER BY add_time desc LIMIT 0,6   [ RunTime:0.0002s ]
SQL: SHOW COLUMNS FROM `blue_dividend_config` [ RunTime:0.0011s ]
SQL: SELECT * FROM `blue_dividend_config`  [ RunTime:0.0003s ]
SQL: SHOW COLUMNS FROM `blue_article_category` [ RunTime:0.0014s ]
SQL: SELECT * FROM `blue_article_category` WHERE ( parent_id = 6 ) LIMIT 4   [ RunTime:0.0005s ]
SQL: SHOW COLUMNS FROM `blue_article` [ RunTime:0.0011s ]
SQL: SELECT * FROM `blue_article` WHERE ( position_id = 7 ) LIMIT 4   [ RunTime:0.0003s ]
SQL: SHOW COLUMNS FROM `blue_orders` [ RunTime:0.0025s ]
SQL: SHOW COLUMNS FROM `blue_currency` [ RunTime:0.0021s ]
SQL: SELECT * FROM `blue_currency` WHERE ( is_line=1  ) ORDER BY sort  [ RunTime:0.0006s ]
NOTIC: [8] Undefined variable: whereMark /Applications/MAMP/htdocs/project/xiao_1/App/Common/Controller/CommonController.class.php 第 106 行.
SQL: SELECT `currency_id`,`currency_name`,`currency_logo`,`currency_mark` FROM `blue_currency` LIMIT 1   [ RunTime:0.0003s ]
SQL: SELECT `currency_id`,`currency_name`,`currency_logo`,`currency_mark` FROM `blue_currency` WHERE `is_line` = 1  [ RunTime:0.0003s ]
SQL: SELECT `price` FROM `blue_orders` WHERE ( currency_id = 52 ) ORDER BY add_time desc LIMIT 1   [ RunTime:0.0006s ]
SQL: SELECT `price` FROM `blue_orders` WHERE ( currency_id = 53 ) ORDER BY add_time desc LIMIT 1   [ RunTime:0.0005s ]
SQL: SELECT `price` FROM `blue_orders` WHERE ( currency_id = 54 ) ORDER BY add_time desc LIMIT 1   [ RunTime:0.0005s ]
SQL: SHOW COLUMNS FROM `blue_article` [ RunTime:0.0014s ]
SQL: SELECT * FROM `blue_article` INNER JOIN blue_article_category ON blue_article.position_id = blue_article_category.id  WHERE blue_article_category.id = 1 AND ( blue_article.sign = 0 ) ORDER BY add_time desc LIMIT 0,6   [ RunTime:0.0004s ]
SQL: SELECT * FROM `blue_article` INNER JOIN blue_article_category ON blue_article.position_id = blue_article_category.id  WHERE blue_article_category.id = 1 AND ( blue_article.sign = 1 ) ORDER BY add_time desc LIMIT 0,4   [ RunTime:0.0003s ]
SQL: SELECT * FROM `blue_article` INNER JOIN blue_article_category ON blue_article.position_id = blue_article_category.id  WHERE blue_article_category.id = 2 AND ( blue_article.sign = 0 ) ORDER BY add_time desc LIMIT 0,6   [ RunTime:0.0006s ]
SQL: SELECT * FROM `blue_article` INNER JOIN blue_article_category ON blue_article.position_id = blue_article_category.id  WHERE blue_article_category.id = 2 AND ( blue_article.sign = 1 ) ORDER BY add_time desc LIMIT 0,4   [ RunTime:0.0008s ]
SQL: SELECT * FROM `blue_article` INNER JOIN blue_article_category ON blue_article.position_id = blue_article_category.id  WHERE blue_article_category.id = 127 AND ( blue_article.sign = 0 ) ORDER BY add_time desc LIMIT 0,6   [ RunTime:0.0006s ]
SQL: SHOW COLUMNS FROM `blue_flash` [ RunTime:0.0019s ]
SQL: SELECT * FROM `blue_flash` ORDER BY sort LIMIT 6   [ RunTime:0.0003s ]
SQL: SELECT * FROM `blue_currency` WHERE ( is_line=1  ) ORDER BY sort  [ RunTime:0.0004s ]
SQL: SHOW COLUMNS FROM `blue_trade` [ RunTime:0.0012s ]
SQL: SELECT * FROM `blue_trade` WHERE `currency_id` = 52 AND ( add_time>1543075200 ) ORDER BY price asc LIMIT 1   [ RunTime:0.0006s ]
SQL: SELECT * FROM `blue_trade` WHERE `currency_id` = 52 AND ( add_time>1543075200 ) ORDER BY price desc LIMIT 1   [ RunTime:0.0005s ]
SQL: SELECT * FROM `blue_trade` WHERE `currency_id` = 52 ORDER BY add_time desc LIMIT 1   [ RunTime:0.0006s ]
SQL: SELECT * FROM `blue_trade` WHERE `currency_id` = 52 AND ( add_time<1543075200 ) ORDER BY add_time desc LIMIT 1   [ RunTime:0.0007s ]
SQL: SELECT * FROM `blue_trade` WHERE `currency_id` = 52 AND ( add_time<1543075200 ) ORDER BY add_time desc LIMIT 1   [ RunTime:0.0007s ]
SQL: SELECT * FROM `blue_trade` WHERE `currency_id` = 52 AND ( add_time<1543120423-60*60*24*7 ) ORDER BY add_time desc LIMIT 1   [ RunTime:0.0010s ]
SQL: SELECT SUM(num) AS tp_sum FROM `blue_trade` WHERE `currency_id` = 52 AND ( add_time>1543120423-60*60*24 ) LIMIT 1   [ RunTime:0.0006s ]
SQL: SELECT SUM(num*price) AS tp_sum FROM `blue_trade` WHERE `currency_id` = 52 AND ( add_time>1543120423-60*60*24 ) LIMIT 1   [ RunTime:0.0006s ]
SQL: SELECT `price` FROM `blue_trade` WHERE `currency_id` = 52 ORDER BY price asc LIMIT 1   [ RunTime:0.0005s ]
SQL: SELECT `price` FROM `blue_trade` WHERE `currency_id` = 52 ORDER BY price desc LIMIT 1   [ RunTime:0.0006s ]
SQL: SELECT `price` FROM `blue_orders` WHERE `currency_id` = 52 AND `type` = 'buy' AND `status` IN (0,1) ORDER BY price desc LIMIT 1   [ RunTime:0.0007s ]
SQL: SELECT `price` FROM `blue_orders` WHERE `currency_id` = 52 AND `type` = 'sell' AND `status` IN (0,1) ORDER BY price asc LIMIT 1   [ RunTime:0.0009s ]
SQL: SELECT * FROM `blue_trade` WHERE `currency_id` = 53 AND ( add_time>1543075200 ) ORDER BY price asc LIMIT 1   [ RunTime:0.0011s ]
SQL: SELECT * FROM `blue_trade` WHERE `currency_id` = 53 AND ( add_time>1543075200 ) ORDER BY price desc LIMIT 1   [ RunTime:0.0007s ]
SQL: SELECT * FROM `blue_trade` WHERE `currency_id` = 53 ORDER BY add_time desc LIMIT 1   [ RunTime:0.0005s ]
SQL: SELECT * FROM `blue_trade` WHERE `currency_id` = 53 AND ( add_time<1543075200 ) ORDER BY add_time desc LIMIT 1   [ RunTime:0.0005s ]
SQL: SELECT * FROM `blue_trade` WHERE `currency_id` = 53 AND ( add_time<1543075200 ) ORDER BY add_time desc LIMIT 1   [ RunTime:0.0005s ]
SQL: SELECT * FROM `blue_trade` WHERE `currency_id` = 53 AND ( add_time<1543120423-60*60*24*7 ) ORDER BY add_time desc LIMIT 1   [ RunTime:0.0005s ]
SQL: SELECT SUM(num) AS tp_sum FROM `blue_trade` WHERE `currency_id` = 53 AND ( add_time>1543120423-60*60*24 ) LIMIT 1   [ RunTime:0.0005s ]
SQL: SELECT SUM(num*price) AS tp_sum FROM `blue_trade` WHERE `currency_id` = 53 AND ( add_time>1543120423-60*60*24 ) LIMIT 1   [ RunTime:0.0005s ]
SQL: SELECT `price` FROM `blue_trade` WHERE `currency_id` = 53 ORDER BY price asc LIMIT 1   [ RunTime:0.0004s ]
SQL: SELECT `price` FROM `blue_trade` WHERE `currency_id` = 53 ORDER BY price desc LIMIT 1   [ RunTime:0.0005s ]
SQL: SELECT `price` FROM `blue_orders` WHERE `currency_id` = 53 AND `type` = 'buy' AND `status` IN (0,1) ORDER BY price desc LIMIT 1   [ RunTime:0.0006s ]
SQL: SELECT `price` FROM `blue_orders` WHERE `currency_id` = 53 AND `type` = 'sell' AND `status` IN (0,1) ORDER BY price asc LIMIT 1   [ RunTime:0.0006s ]
SQL: SELECT * FROM `blue_trade` WHERE `currency_id` = 54 AND ( add_time>1543075200 ) ORDER BY price asc LIMIT 1   [ RunTime:0.0005s ]
SQL: SELECT * FROM `blue_trade` WHERE `currency_id` = 54 AND ( add_time>1543075200 ) ORDER BY price desc LIMIT 1   [ RunTime:0.0005s ]
SQL: SELECT * FROM `blue_trade` WHERE `currency_id` = 54 ORDER BY add_time desc LIMIT 1   [ RunTime:0.0005s ]
SQL: SELECT * FROM `blue_trade` WHERE `currency_id` = 54 AND ( add_time<1543075200 ) ORDER BY add_time desc LIMIT 1   [ RunTime:0.0005s ]
SQL: SELECT * FROM `blue_trade` WHERE `currency_id` = 54 AND ( add_time<1543075200 ) ORDER BY add_time desc LIMIT 1   [ RunTime:0.0005s ]
SQL: SELECT * FROM `blue_trade` WHERE `currency_id` = 54 AND ( add_time<1543120423-60*60*24*7 ) ORDER BY add_time desc LIMIT 1   [ RunTime:0.0005s ]
SQL: SELECT SUM(num) AS tp_sum FROM `blue_trade` WHERE `currency_id` = 54 AND ( add_time>1543120423-60*60*24 ) LIMIT 1   [ RunTime:0.0005s ]
SQL: SELECT SUM(num*price) AS tp_sum FROM `blue_trade` WHERE `currency_id` = 54 AND ( add_time>1543120423-60*60*24 ) LIMIT 1   [ RunTime:0.0007s ]
SQL: SELECT `price` FROM `blue_trade` WHERE `currency_id` = 54 ORDER BY price asc LIMIT 1   [ RunTime:0.0005s ]
SQL: SELECT `price` FROM `blue_trade` WHERE `currency_id` = 54 ORDER BY price desc LIMIT 1   [ RunTime:0.0004s ]
SQL: SELECT `price` FROM `blue_orders` WHERE `currency_id` = 54 AND `type` = 'buy' AND `status` IN (0,1) ORDER BY price desc LIMIT 1   [ RunTime:0.0010s ]
SQL: SELECT `price` FROM `blue_orders` WHERE `currency_id` = 54 AND `type` = 'sell' AND `status` IN (0,1) ORDER BY price asc LIMIT 1   [ RunTime:0.0008s ]
SQL: SHOW COLUMNS FROM `blue_currency_user` [ RunTime:0.0012s ]
SQL: SELECT blue_currency_user.*,(blue_currency_user.num+blue_currency_user.forzen_num) as count,blue_currency.currency_name,blue_currency.currency_mark FROM `blue_currency_user` left join blue_currency on blue_currency.currency_id=blue_currency_user.currency_id  WHERE `member_id` = null ORDER BY sort  [ RunTime:0.0005s ]
SQL: SELECT SUM(money) AS tp_sum FROM `blue_trade` LIMIT 1   [ RunTime:0.0005s ]
SQL: SHOW COLUMNS FROM `blue_link` [ RunTime:0.0013s ]
SQL: SELECT * FROM `blue_link`  [ RunTime:0.0003s ]
SQL: SHOW COLUMNS FROM `blue_issue` [ RunTime:0.0015s ]
SQL: SELECT blue_issue.*,blue_currency.currency_name as name FROM `blue_issue` left join blue_currency on blue_currency.currency_id=blue_issue.currency_id  ORDER BY  id desc   [ RunTime:0.0004s ]
SQL: SHOW COLUMNS FROM `blue_article_category` [ RunTime:0.0013s ]
SQL: SELECT * FROM `blue_article_category` WHERE ( id=127 ) LIMIT 1   [ RunTime:0.0003s ]
SQL: SELECT * FROM `blue_article` WHERE ( position_id=127 ) ORDER BY article_id desc  LIMIT 0,7   [ RunTime:0.0004s ]
SQL: SELECT * FROM `blue_article_category` WHERE ( id=128 ) LIMIT 1   [ RunTime:0.0003s ]
SQL: SELECT * FROM `blue_article` WHERE ( position_id=128 ) ORDER BY article_id desc  LIMIT 0,7   [ RunTime:0.0003s ]
SQL: SELECT * FROM `blue_article_category` WHERE ( id=129 ) LIMIT 1   [ RunTime:0.0003s ]
SQL: SELECT * FROM `blue_article` WHERE ( position_id=129 ) ORDER BY article_id desc  LIMIT 0,7   [ RunTime:0.0004s ]
INFO: [ view_parse ] --START--
INFO: [ template_filter ] --START--
INFO: Run Behavior\ContentReplaceBehavior [ RunTime:0.000073s ]
INFO: [ template_filter ] --END-- [ RunTime:0.000116s ]
INFO: Run Behavior\ParseTemplateBehavior [ RunTime:0.006628s ]
INFO: [ view_parse ] --END-- [ RunTime:0.006662s ]
INFO: [ view_filter ] --START--
INFO: Run Behavior\WriteHtmlCacheBehavior [ RunTime:0.000142s ]
INFO: [ view_filter ] --END-- [ RunTime:0.000167s ]
INFO: [ app_end ] --START--
INFO: Run Behavior\ShowPageTraceBehavior [ RunTime:0.000473s ]
INFO: [ app_end ] --END-- [ RunTime:0.000500s ]

[ 2018-11-25T12:33:48+08:00 ] 127.0.0.1 /Mobile/index/index.html
INFO: [ app_init ] --START--
INFO: Run Behavior\BuildLiteBehavior [ RunTime:0.000013s ]
INFO: [ app_init ] --END-- [ RunTime:0.000311s ]
INFO: [ app_begin ] --START--
INFO: Run Behavior\ReadHtmlCacheBehavior [ RunTime:0.000633s ]
INFO: [ app_begin ] --END-- [ RunTime:0.000692s ]

