[ 2018-11-22T15:02:47+08:00 ] 127.0.0.1 /Mobile/index/index.html
INFO: [ app_init ] --START--
INFO: Run Behavior\BuildLiteBehavior [ RunTime:0.000000s ]
INFO: [ app_init ] --END-- [ RunTime:0.000999s ]
INFO: [ app_begin ] --START--
INFO: Run Behavior\ReadHtmlCacheBehavior [ RunTime:0.001000s ]
INFO: [ app_begin ] --END-- [ RunTime:0.001999s ]
SQL: SHOW COLUMNS FROM `blue_config` [ RunTime:0.0430s ]
SQL: SELECT * FROM `blue_config`  [ RunTime:0.0010s ]
SQL: SHOW COLUMNS FROM `blue_purse_download` [ RunTime:0.0350s ]
SQL: SELECT * FROM `blue_purse_download` ORDER BY add_time desc LIMIT 0,6   [ RunTime:0.0000s ]
SQL: SHOW COLUMNS FROM `blue_dividend_config` [ RunTime:0.0270s ]
SQL: SELECT * FROM `blue_dividend_config`  [ RunTime:0.0000s ]

[ 2018-11-22T15:02:48+08:00 ] 127.0.0.1 /Mobile/Login/index.html
INFO: [ app_init ] --START--
INFO: Run Behavior\BuildLiteBehavior [ RunTime:0.000000s ]
INFO: [ app_init ] --END-- [ RunTime:0.000999s ]
INFO: [ app_begin ] --START--
INFO: Run Behavior\ReadHtmlCacheBehavior [ RunTime:0.001000s ]
INFO: [ app_begin ] --END-- [ RunTime:0.001000s ]
SQL: SHOW COLUMNS FROM `blue_config` [ RunTime:0.0250s ]
SQL: SELECT * FROM `blue_config`  [ RunTime:0.0010s ]
SQL: SHOW COLUMNS FROM `blue_purse_download` [ RunTime:0.0210s ]
SQL: SELECT * FROM `blue_purse_download` ORDER BY add_time desc LIMIT 0,6   [ RunTime:0.0000s ]
SQL: SHOW COLUMNS FROM `blue_dividend_config` [ RunTime:0.0160s ]
SQL: SELECT * FROM `blue_dividend_config`  [ RunTime:0.0000s ]
SQL: SHOW COLUMNS FROM `blue_article_category` [ RunTime:0.0450s ]
SQL: SELECT * FROM `blue_article_category` WHERE ( parent_id = 6 ) LIMIT 4   [ RunTime:0.0010s ]
SQL: SHOW COLUMNS FROM `blue_article` [ RunTime:0.0470s ]
SQL: SELECT * FROM `blue_article` WHERE ( position_id = 7 ) LIMIT 4   [ RunTime:0.0010s ]
SQL: SHOW COLUMNS FROM `blue_orders` [ RunTime:0.0480s ]
SQL: SHOW COLUMNS FROM `blue_currency` [ RunTime:0.0190s ]
SQL: SELECT * FROM `blue_currency` WHERE ( is_line=1  ) ORDER BY sort  [ RunTime:0.0010s ]
NOTIC: [8] Undefined variable: whereMark D:\WWW\xiao_1\App\Common\Controller\CommonController.class.php 第 106 行.
SQL: SELECT `currency_id`,`currency_name`,`currency_logo`,`currency_mark` FROM `blue_currency` LIMIT 1   [ RunTime:0.0000s ]
SQL: SELECT `currency_id`,`currency_name`,`currency_logo`,`currency_mark` FROM `blue_currency` WHERE `is_line` = 1  [ RunTime:0.0010s ]
SQL: SELECT `price` FROM `blue_orders` WHERE ( currency_id = 52 ) ORDER BY add_time desc LIMIT 1   [ RunTime:0.0010s ]
SQL: SELECT `price` FROM `blue_orders` WHERE ( currency_id = 53 ) ORDER BY add_time desc LIMIT 1   [ RunTime:0.0010s ]
SQL: SELECT `price` FROM `blue_orders` WHERE ( currency_id = 54 ) ORDER BY add_time desc LIMIT 1   [ RunTime:0.0000s ]
INFO: [ view_parse ] --START--
INFO: [ template_filter ] --START--
INFO: Run Behavior\ContentReplaceBehavior [ RunTime:0.000000s ]
INFO: [ template_filter ] --END-- [ RunTime:0.000000s ]
INFO: Run Behavior\ParseTemplateBehavior [ RunTime:0.058971s ]
INFO: [ view_parse ] --END-- [ RunTime:0.058971s ]
INFO: [ view_filter ] --START--
INFO: Run Behavior\WriteHtmlCacheBehavior [ RunTime:0.003998s ]
INFO: [ view_filter ] --END-- [ RunTime:0.003998s ]
INFO: [ app_end ] --START--
INFO: Run Behavior\ShowPageTraceBehavior [ RunTime:0.008995s ]
INFO: [ app_end ] --END-- [ RunTime:0.008995s ]

[ 2018-11-22T15:02:52+08:00 ] 127.0.0.1 /Mobile/Login/index.html
INFO: [ app_init ] --START--
INFO: Run Behavior\BuildLiteBehavior [ RunTime:0.000000s ]
INFO: [ app_init ] --END-- [ RunTime:0.000000s ]
INFO: [ app_begin ] --START--
INFO: Run Behavior\ReadHtmlCacheBehavior [ RunTime:0.000999s ]
INFO: [ app_begin ] --END-- [ RunTime:0.000999s ]
NOTIC: [2] preg_match(): Delimiter must not be alphanumeric or backslash D:\WWW\xiao_1\App\Common\Common\function.php 第 614 行.
NOTIC: [2] preg_match(): Delimiter must not be alphanumeric or backslash D:\WWW\xiao_1\App\Common\Common\function.php 第 614 行.
NOTIC: [2] preg_match(): Delimiter must not be alphanumeric or backslash D:\WWW\xiao_1\App\Common\Common\function.php 第 614 行.
SQL: SHOW COLUMNS FROM `blue_config` [ RunTime:0.0310s ]
SQL: SELECT * FROM `blue_config`  [ RunTime:0.0010s ]
SQL: SHOW COLUMNS FROM `blue_purse_download` [ RunTime:0.0330s ]
SQL: SELECT * FROM `blue_purse_download` ORDER BY add_time desc LIMIT 0,6   [ RunTime:0.0000s ]
SQL: SHOW COLUMNS FROM `blue_dividend_config` [ RunTime:0.0240s ]
SQL: SELECT * FROM `blue_dividend_config`  [ RunTime:0.0010s ]
SQL: SHOW COLUMNS FROM `blue_article_category` [ RunTime:0.0160s ]
SQL: SELECT * FROM `blue_article_category` WHERE ( parent_id = 6 ) LIMIT 4   [ RunTime:0.0000s ]
SQL: SHOW COLUMNS FROM `blue_article` [ RunTime:0.0180s ]
SQL: SELECT * FROM `blue_article` WHERE ( position_id = 7 ) LIMIT 4   [ RunTime:0.0000s ]
SQL: SHOW COLUMNS FROM `blue_orders` [ RunTime:0.0180s ]
SQL: SHOW COLUMNS FROM `blue_currency` [ RunTime:0.0140s ]
SQL: SELECT * FROM `blue_currency` WHERE ( is_line=1  ) ORDER BY sort  [ RunTime:0.0010s ]
NOTIC: [8] Undefined variable: whereMark D:\WWW\xiao_1\App\Common\Controller\CommonController.class.php 第 106 行.
SQL: SELECT `currency_id`,`currency_name`,`currency_logo`,`currency_mark` FROM `blue_currency` LIMIT 1   [ RunTime:0.0000s ]
SQL: SELECT `currency_id`,`currency_name`,`currency_logo`,`currency_mark` FROM `blue_currency` WHERE `is_line` = 1  [ RunTime:0.0010s ]
SQL: SELECT `price` FROM `blue_orders` WHERE ( currency_id = 52 ) ORDER BY add_time desc LIMIT 1   [ RunTime:0.0010s ]
SQL: SELECT `price` FROM `blue_orders` WHERE ( currency_id = 53 ) ORDER BY add_time desc LIMIT 1   [ RunTime:0.0000s ]
SQL: SELECT `price` FROM `blue_orders` WHERE ( currency_id = 54 ) ORDER BY add_time desc LIMIT 1   [ RunTime:0.0010s ]
INFO: [ view_parse ] --START--
INFO: [ template_filter ] --START--
INFO: Run Behavior\ContentReplaceBehavior [ RunTime:0.000999s ]
INFO: [ template_filter ] --END-- [ RunTime:0.000999s ]
INFO: Run Behavior\ParseTemplateBehavior [ RunTime:0.011994s ]
INFO: [ view_parse ] --END-- [ RunTime:0.011994s ]
INFO: [ view_filter ] --START--
INFO: Run Behavior\WriteHtmlCacheBehavior [ RunTime:0.001000s ]
INFO: [ view_filter ] --END-- [ RunTime:0.001000s ]
INFO: [ app_end ] --START--
INFO: Run Behavior\ShowPageTraceBehavior [ RunTime:0.000000s ]
INFO: [ app_end ] --END-- [ RunTime:0.000000s ]

[ 2018-11-22T15:02:54+08:00 ] 127.0.0.1 /Mobile/Login/checkLog.html
INFO: [ app_init ] --START--
INFO: Run Behavior\BuildLiteBehavior [ RunTime:0.000000s ]
INFO: [ app_init ] --END-- [ RunTime:0.000999s ]
INFO: [ app_begin ] --START--
INFO: Run Behavior\ReadHtmlCacheBehavior [ RunTime:0.000999s ]
INFO: [ app_begin ] --END-- [ RunTime:0.000999s ]
NOTIC: [2] preg_match(): Delimiter must not be alphanumeric or backslash D:\WWW\xiao_1\App\Common\Common\function.php 第 614 行.
NOTIC: [2] preg_match(): Delimiter must not be alphanumeric or backslash D:\WWW\xiao_1\App\Common\Common\function.php 第 614 行.
NOTIC: [2] preg_match(): Delimiter must not be alphanumeric or backslash D:\WWW\xiao_1\App\Common\Common\function.php 第 614 行.
SQL: SHOW COLUMNS FROM `blue_config` [ RunTime:0.0170s ]
SQL: SELECT * FROM `blue_config`  [ RunTime:0.0000s ]
SQL: SHOW COLUMNS FROM `blue_purse_download` [ RunTime:0.0140s ]
SQL: SELECT * FROM `blue_purse_download` ORDER BY add_time desc LIMIT 0,6   [ RunTime:0.0000s ]
SQL: SHOW COLUMNS FROM `blue_dividend_config` [ RunTime:0.0130s ]
SQL: SELECT * FROM `blue_dividend_config`  [ RunTime:0.0000s ]
SQL: SHOW COLUMNS FROM `blue_article_category` [ RunTime:0.0120s ]
SQL: SELECT * FROM `blue_article_category` WHERE ( parent_id = 6 ) LIMIT 4   [ RunTime:0.0000s ]
SQL: SHOW COLUMNS FROM `blue_article` [ RunTime:0.0130s ]
SQL: SELECT * FROM `blue_article` WHERE ( position_id = 7 ) LIMIT 4   [ RunTime:0.0000s ]
SQL: SHOW COLUMNS FROM `blue_orders` [ RunTime:0.0130s ]
SQL: SHOW COLUMNS FROM `blue_currency` [ RunTime:0.0140s ]
SQL: SELECT * FROM `blue_currency` WHERE ( is_line=1  ) ORDER BY sort  [ RunTime:0.0010s ]
NOTIC: [8] Undefined variable: whereMark D:\WWW\xiao_1\App\Common\Controller\CommonController.class.php 第 106 行.
SQL: SELECT `currency_id`,`currency_name`,`currency_logo`,`currency_mark` FROM `blue_currency` LIMIT 1   [ RunTime:0.0000s ]
SQL: SELECT `currency_id`,`currency_name`,`currency_logo`,`currency_mark` FROM `blue_currency` WHERE `is_line` = 1  [ RunTime:0.0010s ]
SQL: SELECT `price` FROM `blue_orders` WHERE ( currency_id = 52 ) ORDER BY add_time desc LIMIT 1   [ RunTime:0.0000s ]
SQL: SELECT `price` FROM `blue_orders` WHERE ( currency_id = 53 ) ORDER BY add_time desc LIMIT 1   [ RunTime:0.0010s ]
SQL: SELECT `price` FROM `blue_orders` WHERE ( currency_id = 54 ) ORDER BY add_time desc LIMIT 1   [ RunTime:0.0000s ]
SQL: SHOW COLUMNS FROM `blue_member` [ RunTime:0.0580s ]
SQL: SELECT * FROM `blue_member` WHERE `username` = '15179811532' LIMIT 1   [ RunTime:0.0010s ]
SQL: UPDATE `blue_member` SET `login_ip`='127.0.0.1',`login_time`='1542870174' WHERE `member_id` = 10378 [ RunTime:0.0170s ]

[ 2018-11-22T15:02:55+08:00 ] 127.0.0.1 /Mobile/Login/index.html
INFO: [ app_init ] --START--
INFO: Run Behavior\BuildLiteBehavior [ RunTime:0.000000s ]
INFO: [ app_init ] --END-- [ RunTime:0.000999s ]
INFO: [ app_begin ] --START--
INFO: Run Behavior\ReadHtmlCacheBehavior [ RunTime:0.000999s ]
INFO: [ app_begin ] --END-- [ RunTime:0.000999s ]
NOTIC: [2] preg_match(): Delimiter must not be alphanumeric or backslash D:\WWW\xiao_1\App\Common\Common\function.php 第 614 行.
NOTIC: [2] preg_match(): Delimiter must not be alphanumeric or backslash D:\WWW\xiao_1\App\Common\Common\function.php 第 614 行.
NOTIC: [2] preg_match(): Delimiter must not be alphanumeric or backslash D:\WWW\xiao_1\App\Common\Common\function.php 第 614 行.
SQL: SHOW COLUMNS FROM `blue_config` [ RunTime:0.0230s ]
SQL: SELECT * FROM `blue_config`  [ RunTime:0.0010s ]
SQL: SHOW COLUMNS FROM `blue_purse_download` [ RunTime:0.0130s ]
SQL: SELECT * FROM `blue_purse_download` ORDER BY add_time desc LIMIT 0,6   [ RunTime:0.0000s ]
SQL: SHOW COLUMNS FROM `blue_dividend_config` [ RunTime:0.0130s ]
SQL: SELECT * FROM `blue_dividend_config`  [ RunTime:0.0000s ]
SQL: SHOW COLUMNS FROM `blue_article_category` [ RunTime:0.0140s ]
SQL: SELECT * FROM `blue_article_category` WHERE ( parent_id = 6 ) LIMIT 4   [ RunTime:0.0000s ]
SQL: SHOW COLUMNS FROM `blue_article` [ RunTime:0.0140s ]
SQL: SELECT * FROM `blue_article` WHERE ( position_id = 7 ) LIMIT 4   [ RunTime:0.0010s ]
SQL: SHOW COLUMNS FROM `blue_member` [ RunTime:0.0130s ]
SQL: SELECT *,(rmb+forzen_rmb) as count FROM `blue_member` WHERE ( member_id='10378' ) LIMIT 1   [ RunTime:0.0000s ]
SQL: SHOW COLUMNS FROM `blue_orders` [ RunTime:0.0130s ]
SQL: SHOW COLUMNS FROM `blue_message` [ RunTime:0.0350s ]
SQL: SELECT COUNT(*) AS tp_count FROM `blue_message` WHERE `member_id` = '10378' AND `status` = 0 LIMIT 1   [ RunTime:0.0010s ]
SQL: SHOW COLUMNS FROM `blue_currency` [ RunTime:0.0130s ]
SQL: SELECT * FROM `blue_currency` WHERE ( is_line=1  ) ORDER BY sort  [ RunTime:0.0010s ]
NOTIC: [8] Undefined variable: whereMark D:\WWW\xiao_1\App\Common\Controller\CommonController.class.php 第 106 行.
SQL: SELECT `currency_id`,`currency_name`,`currency_logo`,`currency_mark` FROM `blue_currency` LIMIT 1   [ RunTime:0.0000s ]
SQL: SELECT `currency_id`,`currency_name`,`currency_logo`,`currency_mark` FROM `blue_currency` WHERE `is_line` = 1  [ RunTime:0.0000s ]
SQL: SELECT `price` FROM `blue_orders` WHERE ( currency_id = 52 ) ORDER BY add_time desc LIMIT 1   [ RunTime:0.0000s ]
SQL: SELECT `price` FROM `blue_orders` WHERE ( currency_id = 53 ) ORDER BY add_time desc LIMIT 1   [ RunTime:0.0000s ]
SQL: SELECT `price` FROM `blue_orders` WHERE ( currency_id = 54 ) ORDER BY add_time desc LIMIT 1   [ RunTime:0.0000s ]

[ 2018-11-22T15:02:57+08:00 ] 127.0.0.1 /Mobile/Member/index.html
INFO: [ app_init ] --START--
INFO: Run Behavior\BuildLiteBehavior [ RunTime:0.000000s ]
INFO: [ app_init ] --END-- [ RunTime:0.000000s ]
INFO: [ app_begin ] --START--
INFO: Run Behavior\ReadHtmlCacheBehavior [ RunTime:0.000000s ]
INFO: [ app_begin ] --END-- [ RunTime:0.000000s ]
SQL: SHOW COLUMNS FROM `blue_config` [ RunTime:0.0360s ]
SQL: SELECT * FROM `blue_config`  [ RunTime:0.0010s ]
SQL: SHOW COLUMNS FROM `blue_purse_download` [ RunTime:0.0370s ]
SQL: SELECT * FROM `blue_purse_download` ORDER BY add_time desc LIMIT 0,6   [ RunTime:0.0000s ]
SQL: SHOW COLUMNS FROM `blue_dividend_config` [ RunTime:0.0350s ]
SQL: SELECT * FROM `blue_dividend_config`  [ RunTime:0.0010s ]
SQL: SHOW COLUMNS FROM `blue_article_category` [ RunTime:0.0380s ]
SQL: SELECT * FROM `blue_article_category` WHERE ( parent_id = 6 ) LIMIT 4   [ RunTime:0.0010s ]
SQL: SHOW COLUMNS FROM `blue_article` [ RunTime:0.0370s ]
SQL: SELECT * FROM `blue_article` WHERE ( position_id = 7 ) LIMIT 4   [ RunTime:0.0010s ]
SQL: SHOW COLUMNS FROM `blue_member` [ RunTime:0.0350s ]
SQL: SELECT *,(rmb+forzen_rmb) as count FROM `blue_member` WHERE ( member_id='10378' ) LIMIT 1   [ RunTime:0.0000s ]
SQL: SHOW COLUMNS FROM `blue_orders` [ RunTime:0.0190s ]
SQL: SHOW COLUMNS FROM `blue_message` [ RunTime:0.0160s ]
SQL: SELECT COUNT(*) AS tp_count FROM `blue_message` WHERE `member_id` = '10378' AND `status` = 0 LIMIT 1   [ RunTime:0.0010s ]
SQL: SHOW COLUMNS FROM `blue_currency` [ RunTime:0.0130s ]
SQL: SELECT * FROM `blue_currency` WHERE ( is_line=1  ) ORDER BY sort  [ RunTime:0.0010s ]
NOTIC: [8] Undefined variable: whereMark D:\WWW\xiao_1\App\Common\Controller\CommonController.class.php 第 106 行.
SQL: SELECT `currency_id`,`currency_name`,`currency_logo`,`currency_mark` FROM `blue_currency` LIMIT 1   [ RunTime:0.0000s ]
SQL: SELECT `currency_id`,`currency_name`,`currency_logo`,`currency_mark` FROM `blue_currency` WHERE `is_line` = 1  [ RunTime:0.0010s ]
SQL: SELECT `price` FROM `blue_orders` WHERE ( currency_id = 52 ) ORDER BY add_time desc LIMIT 1   [ RunTime:0.0000s ]
SQL: SELECT `price` FROM `blue_orders` WHERE ( currency_id = 53 ) ORDER BY add_time desc LIMIT 1   [ RunTime:0.0000s ]
SQL: SELECT `price` FROM `blue_orders` WHERE ( currency_id = 54 ) ORDER BY add_time desc LIMIT 1   [ RunTime:0.0000s ]
SQL: SELECT * FROM `blue_member` WHERE ( member_id =10378 ) LIMIT 1   [ RunTime:0.0000s ]
SQL: SHOW COLUMNS FROM `blue_trade` [ RunTime:0.0160s ]
SQL: SELECT * FROM `blue_currency`  [ RunTime:0.0010s ]
SQL: SHOW COLUMNS FROM `blue_currency_user` [ RunTime:0.0150s ]
SQL: SELECT *,(num+forzen_num) as count FROM `blue_currency_user` WHERE `member_id` = 10378 AND `currency_id` = 52 LIMIT 1   [ RunTime:0.0000s ]
SQL: SELECT *,(num+forzen_num) as count FROM `blue_currency_user` WHERE `member_id` = 10378 AND `currency_id` = 53 LIMIT 1   [ RunTime:0.0000s ]
SQL: SELECT *,(num+forzen_num) as count FROM `blue_currency_user` WHERE `member_id` = 10378 AND `currency_id` = 54 LIMIT 1   [ RunTime:0.0000s ]
SQL: SHOW COLUMNS FROM `blue_issue_log` [ RunTime:0.0330s ]
SQL: SELECT * FROM `blue_issue_log` WHERE ( deal>0 and add_time<1542870177-60*60*24 and uid=10378 and status=0 )  [ RunTime:0.0000s ]
SQL: SHOW COLUMNS FROM `blue_love_stock` [ RunTime:0.0180s ]
SQL: SELECT l.*,c.num as currency_num FROM blue_love_stock l LEFT JOIN blue_currency_user c ON c.currency_id=l.currency_id  WHERE l.status = 1 AND c.member_id = '10378' LIMIT 1   [ RunTime:0.0010s ]
SQL: SHOW COLUMNS FROM `blue_love_stock_record` [ RunTime:0.0380s ]
SQL: SELECT * FROM `blue_love_stock_record` WHERE `member_id` = 10378 AND `create_time` BETWEEN 1542816000 AND 1542902399 LIMIT 1   [ RunTime:0.0010s ]
SQL: INSERT INTO `blue_love_stock_record` (`member_id`,`rate`,`exchange_rate`,`num`,`create_time`,`currency_id`,`is_receive`) VALUES ('10378','0.05','1','0.00000000','1542870177','52','0') [ RunTime:0.0000s ]
INFO: [ view_parse ] --START--
INFO: [ template_filter ] --START--
INFO: Run Behavior\ContentReplaceBehavior [ RunTime:0.000000s ]
INFO: [ template_filter ] --END-- [ RunTime:0.000000s ]
INFO: Run Behavior\ParseTemplateBehavior [ RunTime:0.030985s ]
INFO: [ view_parse ] --END-- [ RunTime:0.030985s ]
INFO: [ view_filter ] --START--
INFO: Run Behavior\WriteHtmlCacheBehavior [ RunTime:0.000999s ]
INFO: [ view_filter ] --END-- [ RunTime:0.000999s ]
INFO: [ app_end ] --START--
INFO: Run Behavior\ShowPageTraceBehavior [ RunTime:0.001000s ]
INFO: [ app_end ] --END-- [ RunTime:0.001000s ]

[ 2018-11-22T15:03:03+08:00 ] 127.0.0.1 /Mobile/Lottery/index.html
INFO: [ app_init ] --START--
INFO: Run Behavior\BuildLiteBehavior [ RunTime:0.000000s ]
INFO: [ app_init ] --END-- [ RunTime:0.001000s ]
INFO: [ app_begin ] --START--
INFO: Run Behavior\ReadHtmlCacheBehavior [ RunTime:0.001000s ]
INFO: [ app_begin ] --END-- [ RunTime:0.001000s ]
SQL: SHOW COLUMNS FROM `blue_config` [ RunTime:0.0190s ]
SQL: SELECT * FROM `blue_config`  [ RunTime:0.0000s ]
SQL: SHOW COLUMNS FROM `blue_purse_download` [ RunTime:0.0150s ]
SQL: SELECT * FROM `blue_purse_download` ORDER BY add_time desc LIMIT 0,6   [ RunTime:0.0000s ]
SQL: SHOW COLUMNS FROM `blue_dividend_config` [ RunTime:0.0140s ]
SQL: SELECT * FROM `blue_dividend_config`  [ RunTime:0.0010s ]
SQL: SHOW COLUMNS FROM `blue_article_category` [ RunTime:0.0130s ]
SQL: SELECT * FROM `blue_article_category` WHERE ( parent_id = 6 ) LIMIT 4   [ RunTime:0.0000s ]
SQL: SHOW COLUMNS FROM `blue_article` [ RunTime:0.0140s ]
SQL: SELECT * FROM `blue_article` WHERE ( position_id = 7 ) LIMIT 4   [ RunTime:0.0000s ]
SQL: SHOW COLUMNS FROM `blue_member` [ RunTime:0.0140s ]
SQL: SELECT *,(rmb+forzen_rmb) as count FROM `blue_member` WHERE ( member_id='10378' ) LIMIT 1   [ RunTime:0.0000s ]
SQL: SHOW COLUMNS FROM `blue_orders` [ RunTime:0.0130s ]
SQL: SHOW COLUMNS FROM `blue_message` [ RunTime:0.0130s ]
SQL: SELECT COUNT(*) AS tp_count FROM `blue_message` WHERE `member_id` = '10378' AND `status` = 0 LIMIT 1   [ RunTime:0.0000s ]
SQL: SHOW COLUMNS FROM `blue_currency` [ RunTime:0.0140s ]
SQL: SELECT * FROM `blue_currency` WHERE ( is_line=1  ) ORDER BY sort  [ RunTime:0.0000s ]
NOTIC: [8] Undefined variable: whereMark D:\WWW\xiao_1\App\Common\Controller\CommonController.class.php 第 106 行.
SQL: SELECT `currency_id`,`currency_name`,`currency_logo`,`currency_mark` FROM `blue_currency` LIMIT 1   [ RunTime:0.0010s ]
SQL: SELECT `currency_id`,`currency_name`,`currency_logo`,`currency_mark` FROM `blue_currency` WHERE `is_line` = 1  [ RunTime:0.0000s ]
SQL: SELECT `price` FROM `blue_orders` WHERE ( currency_id = 52 ) ORDER BY add_time desc LIMIT 1   [ RunTime:0.0000s ]
SQL: SELECT `price` FROM `blue_orders` WHERE ( currency_id = 53 ) ORDER BY add_time desc LIMIT 1   [ RunTime:0.0010s ]
SQL: SELECT `price` FROM `blue_orders` WHERE ( currency_id = 54 ) ORDER BY add_time desc LIMIT 1   [ RunTime:0.0000s ]
SQL: SELECT * FROM `blue_member` WHERE ( member_id =10378 ) LIMIT 1   [ RunTime:0.0000s ]
SQL: SHOW COLUMNS FROM `blue_trade` [ RunTime:0.0130s ]
SQL: SELECT * FROM `blue_currency`  [ RunTime:0.0000s ]
SQL: SHOW COLUMNS FROM `blue_currency_user` [ RunTime:0.0140s ]
SQL: SELECT *,(num+forzen_num) as count FROM `blue_currency_user` WHERE `member_id` = 10378 AND `currency_id` = 52 LIMIT 1   [ RunTime:0.0010s ]
SQL: SELECT *,(num+forzen_num) as count FROM `blue_currency_user` WHERE `member_id` = 10378 AND `currency_id` = 53 LIMIT 1   [ RunTime:0.0000s ]
SQL: SELECT *,(num+forzen_num) as count FROM `blue_currency_user` WHERE `member_id` = 10378 AND `currency_id` = 54 LIMIT 1   [ RunTime:0.0010s ]
SQL: SHOW COLUMNS FROM `blue_issue_log` [ RunTime:0.0130s ]
SQL: SELECT * FROM `blue_issue_log` WHERE ( deal>0 and add_time<1542870183-60*60*24 and uid=10378 and status=0 )  [ RunTime:0.0000s ]
SQL: SHOW COLUMNS FROM `blue_lottery_number` [ RunTime:0.0310s ]
SQL: SELECT l.*,p.sort FROM blue_lottery_number l LEFT JOIN blue_pub_lottery p ON p.id=l.pub_lottery_id  WHERE l.status = 1 ORDER BY p.sort asc  [ RunTime:0.0150s ]
SQL: SHOW COLUMNS FROM `blue_pub_lottery` [ RunTime:0.0130s ]
SQL: SELECT `lottery_id` FROM `blue_pub_lottery` WHERE `id` = 4 AND `status` = 1 LIMIT 1   [ RunTime:0.0010s ]
SQL: SHOW COLUMNS FROM `blue_lottery_member` [ RunTime:0.0480s ]
SQL: SELECT * FROM `blue_lottery_member` WHERE `member_id` = 10378 AND `num_id` = 1 LIMIT 1   [ RunTime:0.0010s ]
SQL: SHOW COLUMNS FROM `blue_lottery_conf` [ RunTime:0.0360s ]
SQL: SELECT * FROM `blue_lottery_conf` WHERE `id` = 2 LIMIT 1   [ RunTime:0.0000s ]
SQL: SELECT `lottery_id` FROM `blue_pub_lottery` WHERE `id` = 5 AND `status` = 1 LIMIT 1   [ RunTime:0.0000s ]
SQL: SELECT * FROM `blue_lottery_member` WHERE `member_id` = 10378 AND `num_id` = 2 LIMIT 1   [ RunTime:0.0010s ]
SQL: SELECT * FROM `blue_lottery_conf` WHERE `id` = 1 LIMIT 1   [ RunTime:0.0000s ]
INFO: [ view_parse ] --START--
INFO: [ template_filter ] --START--
INFO: Run Behavior\ContentReplaceBehavior [ RunTime:0.000000s ]
INFO: [ template_filter ] --END-- [ RunTime:0.000000s ]
INFO: Run Behavior\ParseTemplateBehavior [ RunTime:0.027986s ]
INFO: [ view_parse ] --END-- [ RunTime:0.027986s ]
INFO: [ view_filter ] --START--
INFO: Run Behavior\WriteHtmlCacheBehavior [ RunTime:0.000999s ]
INFO: [ view_filter ] --END-- [ RunTime:0.000999s ]
INFO: [ app_end ] --START--
INFO: Run Behavior\ShowPageTraceBehavior [ RunTime:0.001000s ]
INFO: [ app_end ] --END-- [ RunTime:0.001000s ]

[ 2018-11-22T15:03:12+08:00 ] 127.0.0.1 /Mobile/Lottery/detail/id/1.html
INFO: [ app_init ] --START--
INFO: Run Behavior\BuildLiteBehavior [ RunTime:0.000000s ]
INFO: [ app_init ] --END-- [ RunTime:0.001000s ]
INFO: [ app_begin ] --START--
INFO: Run Behavior\ReadHtmlCacheBehavior [ RunTime:0.000000s ]
INFO: [ app_begin ] --END-- [ RunTime:0.000000s ]
NOTIC: [2] preg_match(): Delimiter must not be alphanumeric or backslash D:\WWW\xiao_1\App\Common\Common\function.php 第 614 行.
SQL: SHOW COLUMNS FROM `blue_config` [ RunTime:0.0340s ]
SQL: SELECT * FROM `blue_config`  [ RunTime:0.0000s ]
SQL: SHOW COLUMNS FROM `blue_purse_download` [ RunTime:0.0190s ]
SQL: SELECT * FROM `blue_purse_download` ORDER BY add_time desc LIMIT 0,6   [ RunTime:0.0000s ]
SQL: SHOW COLUMNS FROM `blue_dividend_config` [ RunTime:0.0160s ]
SQL: SELECT * FROM `blue_dividend_config`  [ RunTime:0.0000s ]
SQL: SHOW COLUMNS FROM `blue_article_category` [ RunTime:0.0130s ]
SQL: SELECT * FROM `blue_article_category` WHERE ( parent_id = 6 ) LIMIT 4   [ RunTime:0.0000s ]
SQL: SHOW COLUMNS FROM `blue_article` [ RunTime:0.0130s ]
SQL: SELECT * FROM `blue_article` WHERE ( position_id = 7 ) LIMIT 4   [ RunTime:0.0000s ]
SQL: SHOW COLUMNS FROM `blue_member` [ RunTime:0.0140s ]
SQL: SELECT *,(rmb+forzen_rmb) as count FROM `blue_member` WHERE ( member_id='10378' ) LIMIT 1   [ RunTime:0.0010s ]
SQL: SHOW COLUMNS FROM `blue_orders` [ RunTime:0.0130s ]
SQL: SHOW COLUMNS FROM `blue_message` [ RunTime:0.0140s ]
SQL: SELECT COUNT(*) AS tp_count FROM `blue_message` WHERE `member_id` = '10378' AND `status` = 0 LIMIT 1   [ RunTime:0.0000s ]
SQL: SHOW COLUMNS FROM `blue_currency` [ RunTime:0.0130s ]
SQL: SELECT * FROM `blue_currency` WHERE ( is_line=1  ) ORDER BY sort  [ RunTime:0.0010s ]
NOTIC: [8] Undefined variable: whereMark D:\WWW\xiao_1\App\Common\Controller\CommonController.class.php 第 106 行.
SQL: SELECT `currency_id`,`currency_name`,`currency_logo`,`currency_mark` FROM `blue_currency` LIMIT 1   [ RunTime:0.0000s ]
SQL: SELECT `currency_id`,`currency_name`,`currency_logo`,`currency_mark` FROM `blue_currency` WHERE `is_line` = 1  [ RunTime:0.0000s ]
SQL: SELECT `price` FROM `blue_orders` WHERE ( currency_id = 52 ) ORDER BY add_time desc LIMIT 1   [ RunTime:0.0000s ]
SQL: SELECT `price` FROM `blue_orders` WHERE ( currency_id = 53 ) ORDER BY add_time desc LIMIT 1   [ RunTime:0.0000s ]
SQL: SELECT `price` FROM `blue_orders` WHERE ( currency_id = 54 ) ORDER BY add_time desc LIMIT 1   [ RunTime:0.0000s ]
SQL: SELECT * FROM `blue_member` WHERE ( member_id =10378 ) LIMIT 1   [ RunTime:0.0000s ]
SQL: SHOW COLUMNS FROM `blue_trade` [ RunTime:0.0140s ]
SQL: SELECT * FROM `blue_currency`  [ RunTime:0.0000s ]
SQL: SHOW COLUMNS FROM `blue_currency_user` [ RunTime:0.0150s ]
SQL: SELECT *,(num+forzen_num) as count FROM `blue_currency_user` WHERE `member_id` = 10378 AND `currency_id` = 52 LIMIT 1   [ RunTime:0.0000s ]
SQL: SELECT *,(num+forzen_num) as count FROM `blue_currency_user` WHERE `member_id` = 10378 AND `currency_id` = 53 LIMIT 1   [ RunTime:0.0000s ]
SQL: SELECT *,(num+forzen_num) as count FROM `blue_currency_user` WHERE `member_id` = 10378 AND `currency_id` = 54 LIMIT 1   [ RunTime:0.0000s ]
SQL: SHOW COLUMNS FROM `blue_issue_log` [ RunTime:0.0130s ]
SQL: SELECT * FROM `blue_issue_log` WHERE ( deal>0 and add_time<1542870192-60*60*24 and uid=10378 and status=0 )  [ RunTime:0.0000s ]
SQL: SHOW COLUMNS FROM `blue_lottery_number` [ RunTime:0.0150s ]
SQL: SELECT * FROM `blue_lottery_number` WHERE `id` = 1 LIMIT 1   [ RunTime:0.0010s ]
SQL: SHOW COLUMNS FROM `blue_pub_lottery` [ RunTime:0.0120s ]
SQL: SELECT * FROM `blue_pub_lottery` WHERE `id` = 4 LIMIT 1   [ RunTime:0.0000s ]
SQL: SHOW COLUMNS FROM `blue_lottery_conf` [ RunTime:0.0130s ]
SQL: SELECT * FROM `blue_lottery_conf` WHERE `id` = 2 LIMIT 1   [ RunTime:0.0010s ]
SQL: SHOW COLUMNS FROM `blue_lottery_member` [ RunTime:0.0130s ]
SQL: SELECT COUNT(*) AS tp_count FROM `blue_lottery_member` WHERE `num_id` = 1 AND `pub_lottery_id` = 4 LIMIT 1   [ RunTime:0.0010s ]
SQL: SELECT `buy_num` FROM `blue_lottery_member` WHERE `num_id` = 1 AND `member_id` = 10378 LIMIT 1   [ RunTime:0.0000s ]
INFO: [ view_parse ] --START--
INFO: [ template_filter ] --START--
INFO: Run Behavior\ContentReplaceBehavior [ RunTime:0.000000s ]
INFO: [ template_filter ] --END-- [ RunTime:0.000000s ]
INFO: Run Behavior\ParseTemplateBehavior [ RunTime:0.018991s ]
INFO: [ view_parse ] --END-- [ RunTime:0.018991s ]
INFO: [ view_filter ] --START--
INFO: Run Behavior\WriteHtmlCacheBehavior [ RunTime:0.000000s ]
INFO: [ view_filter ] --END-- [ RunTime:0.000000s ]
INFO: [ app_end ] --START--
INFO: Run Behavior\ShowPageTraceBehavior [ RunTime:0.000999s ]
INFO: [ app_end ] --END-- [ RunTime:0.000999s ]

[ 2018-11-22T15:03:18+08:00 ] 127.0.0.1 /Mobile/Lottery/index.html
INFO: [ app_init ] --START--
INFO: Run Behavior\BuildLiteBehavior [ RunTime:0.000000s ]
INFO: [ app_init ] --END-- [ RunTime:0.000999s ]
INFO: [ app_begin ] --START--
INFO: Run Behavior\ReadHtmlCacheBehavior [ RunTime:0.000999s ]
INFO: [ app_begin ] --END-- [ RunTime:0.000999s ]
SQL: SHOW COLUMNS FROM `blue_config` [ RunTime:0.0500s ]
SQL: SELECT * FROM `blue_config`  [ RunTime:0.0010s ]
SQL: SHOW COLUMNS FROM `blue_purse_download` [ RunTime:0.0260s ]
SQL: SELECT * FROM `blue_purse_download` ORDER BY add_time desc LIMIT 0,6   [ RunTime:0.0010s ]
SQL: SHOW COLUMNS FROM `blue_dividend_config` [ RunTime:0.0180s ]
SQL: SELECT * FROM `blue_dividend_config`  [ RunTime:0.0010s ]
SQL: SHOW COLUMNS FROM `blue_article_category` [ RunTime:0.0130s ]
SQL: SELECT * FROM `blue_article_category` WHERE ( parent_id = 6 ) LIMIT 4   [ RunTime:0.0010s ]
SQL: SHOW COLUMNS FROM `blue_article` [ RunTime:0.0130s ]
SQL: SELECT * FROM `blue_article` WHERE ( position_id = 7 ) LIMIT 4   [ RunTime:0.0000s ]
SQL: SHOW COLUMNS FROM `blue_member` [ RunTime:0.0140s ]
SQL: SELECT *,(rmb+forzen_rmb) as count FROM `blue_member` WHERE ( member_id='10378' ) LIMIT 1   [ RunTime:0.0000s ]
SQL: SHOW COLUMNS FROM `blue_orders` [ RunTime:0.0130s ]
SQL: SHOW COLUMNS FROM `blue_message` [ RunTime:0.0140s ]
SQL: SELECT COUNT(*) AS tp_count FROM `blue_message` WHERE `member_id` = '10378' AND `status` = 0 LIMIT 1   [ RunTime:0.0010s ]
SQL: SHOW COLUMNS FROM `blue_currency` [ RunTime:0.0130s ]
SQL: SELECT * FROM `blue_currency` WHERE ( is_line=1  ) ORDER BY sort  [ RunTime:0.0000s ]
NOTIC: [8] Undefined variable: whereMark D:\WWW\xiao_1\App\Common\Controller\CommonController.class.php 第 106 行.
SQL: SELECT `currency_id`,`currency_name`,`currency_logo`,`currency_mark` FROM `blue_currency` LIMIT 1   [ RunTime:0.0000s ]
SQL: SELECT `currency_id`,`currency_name`,`currency_logo`,`currency_mark` FROM `blue_currency` WHERE `is_line` = 1  [ RunTime:0.0010s ]
SQL: SELECT `price` FROM `blue_orders` WHERE ( currency_id = 52 ) ORDER BY add_time desc LIMIT 1   [ RunTime:0.0000s ]
SQL: SELECT `price` FROM `blue_orders` WHERE ( currency_id = 53 ) ORDER BY add_time desc LIMIT 1   [ RunTime:0.0010s ]
SQL: SELECT `price` FROM `blue_orders` WHERE ( currency_id = 54 ) ORDER BY add_time desc LIMIT 1   [ RunTime:0.0000s ]
SQL: SELECT * FROM `blue_member` WHERE ( member_id =10378 ) LIMIT 1   [ RunTime:0.0000s ]
SQL: SHOW COLUMNS FROM `blue_trade` [ RunTime:0.0130s ]
SQL: SELECT * FROM `blue_currency`  [ RunTime:0.0000s ]
SQL: SHOW COLUMNS FROM `blue_currency_user` [ RunTime:0.0130s ]
SQL: SELECT *,(num+forzen_num) as count FROM `blue_currency_user` WHERE `member_id` = 10378 AND `currency_id` = 52 LIMIT 1   [ RunTime:0.0010s ]
SQL: SELECT *,(num+forzen_num) as count FROM `blue_currency_user` WHERE `member_id` = 10378 AND `currency_id` = 53 LIMIT 1   [ RunTime:0.0000s ]
SQL: SELECT *,(num+forzen_num) as count FROM `blue_currency_user` WHERE `member_id` = 10378 AND `currency_id` = 54 LIMIT 1   [ RunTime:0.0000s ]
SQL: SHOW COLUMNS FROM `blue_issue_log` [ RunTime:0.0130s ]
SQL: SELECT * FROM `blue_issue_log` WHERE ( deal>0 and add_time<1542870197-60*60*24 and uid=10378 and status=0 )  [ RunTime:0.0000s ]
SQL: SHOW COLUMNS FROM `blue_lottery_number` [ RunTime:0.0120s ]
SQL: SELECT l.*,p.sort FROM blue_lottery_number l LEFT JOIN blue_pub_lottery p ON p.id=l.pub_lottery_id  WHERE l.status = 1 ORDER BY p.sort asc  [ RunTime:0.0010s ]
SQL: SHOW COLUMNS FROM `blue_pub_lottery` [ RunTime:0.0130s ]
SQL: SELECT `lottery_id` FROM `blue_pub_lottery` WHERE `id` = 4 AND `status` = 1 LIMIT 1   [ RunTime:0.0000s ]
SQL: SHOW COLUMNS FROM `blue_lottery_member` [ RunTime:0.0130s ]
SQL: SELECT * FROM `blue_lottery_member` WHERE `member_id` = 10378 AND `num_id` = 1 LIMIT 1   [ RunTime:0.0000s ]
SQL: SHOW COLUMNS FROM `blue_lottery_conf` [ RunTime:0.0130s ]
SQL: SELECT * FROM `blue_lottery_conf` WHERE `id` = 2 LIMIT 1   [ RunTime:0.0000s ]
SQL: SELECT `lottery_id` FROM `blue_pub_lottery` WHERE `id` = 5 AND `status` = 1 LIMIT 1   [ RunTime:0.0000s ]
SQL: SELECT * FROM `blue_lottery_member` WHERE `member_id` = 10378 AND `num_id` = 2 LIMIT 1   [ RunTime:0.0010s ]
SQL: SELECT * FROM `blue_lottery_conf` WHERE `id` = 1 LIMIT 1   [ RunTime:0.0000s ]
INFO: [ view_parse ] --START--
INFO: [ template_filter ] --START--
INFO: Run Behavior\ContentReplaceBehavior [ RunTime:0.000000s ]
INFO: [ template_filter ] --END-- [ RunTime:0.000000s ]
INFO: Run Behavior\ParseTemplateBehavior [ RunTime:0.010995s ]
INFO: [ view_parse ] --END-- [ RunTime:0.010995s ]
INFO: [ view_filter ] --START--
INFO: Run Behavior\WriteHtmlCacheBehavior [ RunTime:0.000000s ]
INFO: [ view_filter ] --END-- [ RunTime:0.000000s ]
INFO: [ app_end ] --START--
INFO: Run Behavior\ShowPageTraceBehavior [ RunTime:0.000000s ]
INFO: [ app_end ] --END-- [ RunTime:0.000000s ]

[ 2018-11-22T15:03:20+08:00 ] 127.0.0.1 /Mobile/Buy/index.html
INFO: [ app_init ] --START--
INFO: Run Behavior\BuildLiteBehavior [ RunTime:0.000000s ]
INFO: [ app_init ] --END-- [ RunTime:0.000000s ]
INFO: [ app_begin ] --START--
INFO: Run Behavior\ReadHtmlCacheBehavior [ RunTime:0.001000s ]
INFO: [ app_begin ] --END-- [ RunTime:0.001000s ]
SQL: SHOW COLUMNS FROM `blue_config` [ RunTime:0.0270s ]
SQL: SELECT * FROM `blue_config`  [ RunTime:0.0010s ]
SQL: SHOW COLUMNS FROM `blue_purse_download` [ RunTime:0.0200s ]
SQL: SELECT * FROM `blue_purse_download` ORDER BY add_time desc LIMIT 0,6   [ RunTime:0.0010s ]
SQL: SHOW COLUMNS FROM `blue_dividend_config` [ RunTime:0.0130s ]
SQL: SELECT * FROM `blue_dividend_config`  [ RunTime:0.0000s ]
SQL: SHOW COLUMNS FROM `blue_article_category` [ RunTime:0.0140s ]
SQL: SELECT * FROM `blue_article_category` WHERE ( parent_id = 6 ) LIMIT 4   [ RunTime:0.0000s ]
SQL: SHOW COLUMNS FROM `blue_article` [ RunTime:0.0130s ]
SQL: SELECT * FROM `blue_article` WHERE ( position_id = 7 ) LIMIT 4   [ RunTime:0.0010s ]
SQL: SHOW COLUMNS FROM `blue_member` [ RunTime:0.0130s ]
SQL: SELECT *,(rmb+forzen_rmb) as count FROM `blue_member` WHERE ( member_id='10378' ) LIMIT 1   [ RunTime:0.0010s ]
SQL: SHOW COLUMNS FROM `blue_orders` [ RunTime:0.0120s ]
SQL: SHOW COLUMNS FROM `blue_message` [ RunTime:0.0130s ]
SQL: SELECT COUNT(*) AS tp_count FROM `blue_message` WHERE `member_id` = '10378' AND `status` = 0 LIMIT 1   [ RunTime:0.0000s ]
SQL: SHOW COLUMNS FROM `blue_currency` [ RunTime:0.0140s ]
SQL: SELECT * FROM `blue_currency` WHERE ( is_line=1  ) ORDER BY sort  [ RunTime:0.0010s ]
NOTIC: [8] Undefined variable: whereMark D:\WWW\xiao_1\App\Common\Controller\CommonController.class.php 第 106 行.
SQL: SELECT `currency_id`,`currency_name`,`currency_logo`,`currency_mark` FROM `blue_currency` LIMIT 1   [ RunTime:0.0000s ]
SQL: SELECT `currency_id`,`currency_name`,`currency_logo`,`currency_mark` FROM `blue_currency` WHERE `is_line` = 1  [ RunTime:0.0000s ]
SQL: SELECT `price` FROM `blue_orders` WHERE ( currency_id = 52 ) ORDER BY add_time desc LIMIT 1   [ RunTime:0.0000s ]
SQL: SELECT `price` FROM `blue_orders` WHERE ( currency_id = 53 ) ORDER BY add_time desc LIMIT 1   [ RunTime:0.0000s ]
SQL: SELECT `price` FROM `blue_orders` WHERE ( currency_id = 54 ) ORDER BY add_time desc LIMIT 1   [ RunTime:0.0010s ]
INFO: [ view_parse ] --START--
INFO: [ template_filter ] --START--
INFO: Run Behavior\ContentReplaceBehavior [ RunTime:0.000000s ]
INFO: [ template_filter ] --END-- [ RunTime:0.000000s ]
INFO: Run Behavior\ParseTemplateBehavior [ RunTime:0.009995s ]
INFO: [ view_parse ] --END-- [ RunTime:0.009995s ]
INFO: [ view_filter ] --START--
INFO: Run Behavior\WriteHtmlCacheBehavior [ RunTime:0.001000s ]
INFO: [ view_filter ] --END-- [ RunTime:0.001000s ]
INFO: [ app_end ] --START--
INFO: Run Behavior\ShowPageTraceBehavior [ RunTime:0.000000s ]
INFO: [ app_end ] --END-- [ RunTime:0.000000s ]

[ 2018-11-22T19:46:24+08:00 ] 127.0.0.1 /Mobile/Lottery/detail/id/1.html
INFO: [ app_init ] --START--
INFO: Run Behavior\BuildLiteBehavior [ RunTime:0.000000s ]
INFO: [ app_init ] --END-- [ RunTime:0.001000s ]
INFO: [ app_begin ] --START--
INFO: Run Behavior\ReadHtmlCacheBehavior [ RunTime:0.000000s ]
INFO: [ app_begin ] --END-- [ RunTime:0.000000s ]
NOTIC: [2] preg_match(): Delimiter must not be alphanumeric or backslash D:\WWW\xiao_1\App\Common\Common\function.php 第 614 行.
SQL: SHOW COLUMNS FROM `blue_config` [ RunTime:0.0360s ]
SQL: SELECT * FROM `blue_config`  [ RunTime:0.0010s ]
SQL: SHOW COLUMNS FROM `blue_purse_download` [ RunTime:0.0240s ]
SQL: SELECT * FROM `blue_purse_download` ORDER BY add_time desc LIMIT 0,6   [ RunTime:0.0000s ]
SQL: SHOW COLUMNS FROM `blue_dividend_config` [ RunTime:0.0160s ]
SQL: SELECT * FROM `blue_dividend_config`  [ RunTime:0.0010s ]
SQL: SHOW COLUMNS FROM `blue_article_category` [ RunTime:0.0140s ]
SQL: SELECT * FROM `blue_article_category` WHERE ( parent_id = 6 ) LIMIT 4   [ RunTime:0.0010s ]
SQL: SHOW COLUMNS FROM `blue_article` [ RunTime:0.0140s ]
SQL: SELECT * FROM `blue_article` WHERE ( position_id = 7 ) LIMIT 4   [ RunTime:0.0010s ]
SQL: SHOW COLUMNS FROM `blue_member` [ RunTime:0.0140s ]
SQL: SELECT *,(rmb+forzen_rmb) as count FROM `blue_member` WHERE ( member_id='10378' ) LIMIT 1   [ RunTime:0.0010s ]
SQL: SHOW COLUMNS FROM `blue_orders` [ RunTime:0.0130s ]
SQL: SHOW COLUMNS FROM `blue_message` [ RunTime:0.0140s ]
SQL: SELECT COUNT(*) AS tp_count FROM `blue_message` WHERE `member_id` = '10378' AND `status` = 0 LIMIT 1   [ RunTime:0.0000s ]
SQL: SHOW COLUMNS FROM `blue_currency` [ RunTime:0.0130s ]
SQL: SELECT * FROM `blue_currency` WHERE ( is_line=1  ) ORDER BY sort  [ RunTime:0.0000s ]
NOTIC: [8] Undefined variable: whereMark D:\WWW\xiao_1\App\Common\Controller\CommonController.class.php 第 106 行.
SQL: SELECT `currency_id`,`currency_name`,`currency_logo`,`currency_mark` FROM `blue_currency` LIMIT 1   [ RunTime:0.0000s ]
SQL: SELECT `currency_id`,`currency_name`,`currency_logo`,`currency_mark` FROM `blue_currency` WHERE `is_line` = 1  [ RunTime:0.0000s ]
SQL: SELECT `price` FROM `blue_orders` WHERE ( currency_id = 52 ) ORDER BY add_time desc LIMIT 1   [ RunTime:0.0000s ]
SQL: SELECT `price` FROM `blue_orders` WHERE ( currency_id = 53 ) ORDER BY add_time desc LIMIT 1   [ RunTime:0.0010s ]
SQL: SELECT `price` FROM `blue_orders` WHERE ( currency_id = 54 ) ORDER BY add_time desc LIMIT 1   [ RunTime:0.0000s ]
SQL: SELECT * FROM `blue_member` WHERE ( member_id =10378 ) LIMIT 1   [ RunTime:0.0000s ]
SQL: SHOW COLUMNS FROM `blue_trade` [ RunTime:0.0150s ]
SQL: SELECT * FROM `blue_currency`  [ RunTime:0.0000s ]
SQL: SHOW COLUMNS FROM `blue_currency_user` [ RunTime:0.0140s ]
SQL: SELECT *,(num+forzen_num) as count FROM `blue_currency_user` WHERE `member_id` = 10378 AND `currency_id` = 52 LIMIT 1   [ RunTime:0.0000s ]
SQL: SELECT *,(num+forzen_num) as count FROM `blue_currency_user` WHERE `member_id` = 10378 AND `currency_id` = 53 LIMIT 1   [ RunTime:0.0010s ]
SQL: SELECT *,(num+forzen_num) as count FROM `blue_currency_user` WHERE `member_id` = 10378 AND `currency_id` = 54 LIMIT 1   [ RunTime:0.0000s ]
SQL: SHOW COLUMNS FROM `blue_issue_log` [ RunTime:0.0130s ]
SQL: SELECT * FROM `blue_issue_log` WHERE ( deal>0 and add_time<1542887184-60*60*24 and uid=10378 and status=0 )  [ RunTime:0.0000s ]
SQL: SHOW COLUMNS FROM `blue_lottery_number` [ RunTime:0.0140s ]
SQL: SELECT * FROM `blue_lottery_number` WHERE `id` = 1 LIMIT 1   [ RunTime:0.0000s ]
SQL: SHOW COLUMNS FROM `blue_pub_lottery` [ RunTime:0.0130s ]
SQL: SELECT * FROM `blue_pub_lottery` WHERE `id` = 4 LIMIT 1   [ RunTime:0.0010s ]
SQL: SHOW COLUMNS FROM `blue_lottery_conf` [ RunTime:0.0140s ]
SQL: SELECT * FROM `blue_lottery_conf` WHERE `id` = 2 LIMIT 1   [ RunTime:0.0010s ]
SQL: SHOW COLUMNS FROM `blue_lottery_member` [ RunTime:0.0140s ]
SQL: SELECT COUNT(*) AS tp_count FROM `blue_lottery_member` WHERE `num_id` = 1 AND `pub_lottery_id` = 4 LIMIT 1   [ RunTime:0.0000s ]
SQL: SELECT `buy_num` FROM `blue_lottery_member` WHERE `num_id` = 1 AND `member_id` = 10378 LIMIT 1   [ RunTime:0.0000s ]
INFO: [ view_parse ] --START--
INFO: [ template_filter ] --START--
INFO: Run Behavior\ContentReplaceBehavior [ RunTime:0.000000s ]
INFO: [ template_filter ] --END-- [ RunTime:0.000000s ]
INFO: Run Behavior\ParseTemplateBehavior [ RunTime:0.013000s ]
INFO: [ view_parse ] --END-- [ RunTime:0.013000s ]
INFO: [ view_filter ] --START--
INFO: Run Behavior\WriteHtmlCacheBehavior [ RunTime:0.000000s ]
INFO: [ view_filter ] --END-- [ RunTime:0.000000s ]
INFO: [ app_end ] --START--
INFO: Run Behavior\ShowPageTraceBehavior [ RunTime:0.001000s ]
INFO: [ app_end ] --END-- [ RunTime:0.001000s ]

