[ 2018-12-03T21:34:16+08:00 ] 127.0.0.1 /Mobile/index/index.html
INFO: [ app_init ] --START--
INFO: Run Behavior\BuildLiteBehavior [ RunTime:0.000000s ]
INFO: [ app_init ] --END-- [ RunTime:0.000000s ]
INFO: [ app_begin ] --START--
INFO: Run Behavior\ReadHtmlCacheBehavior [ RunTime:0.000000s ]
INFO: [ app_begin ] --END-- [ RunTime:0.000000s ]
SQL: SHOW COLUMNS FROM `blue_config` [ RunTime:0.0090s ]
SQL: SELECT * FROM `blue_config`  [ RunTime:0.0010s ]
SQL: SHOW COLUMNS FROM `blue_purse_download` [ RunTime:0.0090s ]
SQL: SELECT * FROM `blue_purse_download` ORDER BY add_time desc LIMIT 0,6   [ RunTime:0.0000s ]
SQL: SHOW COLUMNS FROM `blue_dividend_config` [ RunTime:0.0090s ]
SQL: SELECT * FROM `blue_dividend_config`  [ RunTime:0.0000s ]
SQL: SHOW COLUMNS FROM `blue_article_category` [ RunTime:0.0100s ]
SQL: SELECT * FROM `blue_article_category` WHERE ( parent_id = 6 ) LIMIT 4   [ RunTime:0.0000s ]
SQL: SHOW COLUMNS FROM `blue_article` [ RunTime:0.0090s ]
SQL: SELECT * FROM `blue_article` WHERE ( position_id = 7 ) LIMIT 4   [ RunTime:0.0000s ]
SQL: SHOW COLUMNS FROM `blue_orders` [ RunTime:0.0090s ]
SQL: SHOW COLUMNS FROM `blue_currency` [ RunTime:0.0090s ]
SQL: SELECT * FROM `blue_currency` WHERE ( is_line=1  ) ORDER BY sort  [ RunTime:0.0010s ]
NOTIC: [8] Undefined variable: whereMark D:\WWW\xiao_1\App\Common\Controller\CommonController.class.php 第 106 行.
SQL: SELECT `currency_id`,`currency_name`,`currency_logo`,`currency_mark` FROM `blue_currency` LIMIT 1   [ RunTime:0.0000s ]
SQL: SELECT `currency_id`,`currency_name`,`currency_logo`,`currency_mark` FROM `blue_currency` WHERE `is_line` = 1  [ RunTime:0.0010s ]
SQL: SELECT `price` FROM `blue_orders` WHERE ( currency_id = 52 ) ORDER BY add_time desc LIMIT 1   [ RunTime:0.0000s ]
SQL: SELECT `price` FROM `blue_orders` WHERE ( currency_id = 53 ) ORDER BY add_time desc LIMIT 1   [ RunTime:0.0000s ]
SQL: SELECT `price` FROM `blue_orders` WHERE ( currency_id = 54 ) ORDER BY add_time desc LIMIT 1   [ RunTime:0.0010s ]
SQL: SELECT `price` FROM `blue_orders` WHERE ( currency_id = 55 ) ORDER BY add_time desc LIMIT 1   [ RunTime:0.0000s ]
SQL: SELECT `price` FROM `blue_orders` WHERE ( currency_id = 56 ) ORDER BY add_time desc LIMIT 1   [ RunTime:0.0000s ]
SQL: SELECT `price` FROM `blue_orders` WHERE ( currency_id = 57 ) ORDER BY add_time desc LIMIT 1   [ RunTime:0.0010s ]
SQL: SHOW COLUMNS FROM `blue_article` [ RunTime:0.0090s ]
SQL: SELECT * FROM `blue_article` INNER JOIN blue_article_category ON blue_article.position_id = blue_article_category.id  WHERE blue_article_category.id = 1 AND ( blue_article.sign = 0 ) ORDER BY add_time desc LIMIT 0,6   [ RunTime:0.0010s ]
SQL: SELECT * FROM `blue_article` INNER JOIN blue_article_category ON blue_article.position_id = blue_article_category.id  WHERE blue_article_category.id = 1 AND ( blue_article.sign = 1 ) ORDER BY add_time desc LIMIT 0,4   [ RunTime:0.0000s ]
SQL: SELECT * FROM `blue_article` INNER JOIN blue_article_category ON blue_article.position_id = blue_article_category.id  WHERE blue_article_category.id = 2 AND ( blue_article.sign = 0 ) ORDER BY add_time desc LIMIT 0,6   [ RunTime:0.0000s ]
SQL: SELECT * FROM `blue_article` INNER JOIN blue_article_category ON blue_article.position_id = blue_article_category.id  WHERE blue_article_category.id = 2 AND ( blue_article.sign = 1 ) ORDER BY add_time desc LIMIT 0,4   [ RunTime:0.0000s ]
SQL: SELECT * FROM `blue_article` INNER JOIN blue_article_category ON blue_article.position_id = blue_article_category.id  WHERE blue_article_category.id = 127 AND ( blue_article.sign = 0 ) ORDER BY add_time desc LIMIT 0,6   [ RunTime:0.0000s ]
SQL: SHOW COLUMNS FROM `blue_flash` [ RunTime:0.0050s ]
SQL: SELECT * FROM `blue_flash` ORDER BY sort LIMIT 6   [ RunTime:0.0010s ]
SQL: SELECT * FROM `blue_currency` WHERE ( is_line=1  ) ORDER BY sort  [ RunTime:0.0000s ]
SQL: SHOW COLUMNS FROM `blue_trade` [ RunTime:0.0040s ]
SQL: SELECT * FROM `blue_trade` WHERE `currency_id` = 52 AND ( add_time>1543766400 ) ORDER BY price asc LIMIT 1   [ RunTime:0.0010s ]
SQL: SELECT * FROM `blue_trade` WHERE `currency_id` = 52 AND ( add_time>1543766400 ) ORDER BY price desc LIMIT 1   [ RunTime:0.0000s ]
SQL: SELECT * FROM `blue_trade` WHERE `currency_id` = 52 ORDER BY add_time desc LIMIT 1   [ RunTime:0.0000s ]
SQL: SELECT * FROM `blue_trade` WHERE `currency_id` = 52 AND ( add_time<1543766400 ) ORDER BY add_time desc LIMIT 1   [ RunTime:0.0010s ]
SQL: SELECT * FROM `blue_trade` WHERE `currency_id` = 52 AND ( add_time<1543766400 ) ORDER BY add_time desc LIMIT 1   [ RunTime:0.0010s ]
SQL: SELECT * FROM `blue_trade` WHERE `currency_id` = 52 AND ( add_time<1543844056-60*60*24*7 ) ORDER BY add_time desc LIMIT 1   [ RunTime:0.0000s ]
SQL: SELECT SUM(num) AS tp_sum FROM `blue_trade` WHERE `currency_id` = 52 AND ( add_time>1543844056-60*60*24 ) LIMIT 1   [ RunTime:0.0000s ]
SQL: SELECT SUM(num*price) AS tp_sum FROM `blue_trade` WHERE `currency_id` = 52 AND ( add_time>1543844056-60*60*24 ) LIMIT 1   [ RunTime:0.0010s ]
SQL: SELECT `price` FROM `blue_trade` WHERE `currency_id` = 52 ORDER BY price asc LIMIT 1   [ RunTime:0.0000s ]
SQL: SELECT `price` FROM `blue_trade` WHERE `currency_id` = 52 ORDER BY price desc LIMIT 1   [ RunTime:0.0010s ]
SQL: SELECT `price` FROM `blue_orders` WHERE `currency_id` = 52 AND `type` = 'buy' AND `status` IN (0,1) ORDER BY price desc LIMIT 1   [ RunTime:0.0000s ]
SQL: SELECT `price` FROM `blue_orders` WHERE `currency_id` = 52 AND `type` = 'sell' AND `status` IN (0,1) ORDER BY price asc LIMIT 1   [ RunTime:0.0010s ]
SQL: SELECT * FROM `blue_trade` WHERE `currency_id` = 53 AND ( add_time>1543766400 ) ORDER BY price asc LIMIT 1   [ RunTime:0.0000s ]
SQL: SELECT * FROM `blue_trade` WHERE `currency_id` = 53 AND ( add_time>1543766400 ) ORDER BY price desc LIMIT 1   [ RunTime:0.0010s ]
SQL: SELECT * FROM `blue_trade` WHERE `currency_id` = 53 ORDER BY add_time desc LIMIT 1   [ RunTime:0.0000s ]
SQL: SELECT * FROM `blue_trade` WHERE `currency_id` = 53 AND ( add_time<1543766400 ) ORDER BY add_time desc LIMIT 1   [ RunTime:0.0010s ]
SQL: SELECT * FROM `blue_trade` WHERE `currency_id` = 53 AND ( add_time<1543766400 ) ORDER BY add_time desc LIMIT 1   [ RunTime:0.0000s ]
SQL: SELECT * FROM `blue_trade` WHERE `currency_id` = 53 AND ( add_time<1543844056-60*60*24*7 ) ORDER BY add_time desc LIMIT 1   [ RunTime:0.0010s ]
SQL: SELECT SUM(num) AS tp_sum FROM `blue_trade` WHERE `currency_id` = 53 AND ( add_time>1543844056-60*60*24 ) LIMIT 1   [ RunTime:0.0000s ]
SQL: SELECT SUM(num*price) AS tp_sum FROM `blue_trade` WHERE `currency_id` = 53 AND ( add_time>1543844056-60*60*24 ) LIMIT 1   [ RunTime:0.0000s ]
SQL: SELECT `price` FROM `blue_trade` WHERE `currency_id` = 53 ORDER BY price asc LIMIT 1   [ RunTime:0.0000s ]
SQL: SELECT `price` FROM `blue_trade` WHERE `currency_id` = 53 ORDER BY price desc LIMIT 1   [ RunTime:0.0000s ]
SQL: SELECT `price` FROM `blue_orders` WHERE `currency_id` = 53 AND `type` = 'buy' AND `status` IN (0,1) ORDER BY price desc LIMIT 1   [ RunTime:0.0010s ]
SQL: SELECT `price` FROM `blue_orders` WHERE `currency_id` = 53 AND `type` = 'sell' AND `status` IN (0,1) ORDER BY price asc LIMIT 1   [ RunTime:0.0000s ]
SQL: SELECT * FROM `blue_trade` WHERE `currency_id` = 54 AND ( add_time>1543766400 ) ORDER BY price asc LIMIT 1   [ RunTime:0.0010s ]
SQL: SELECT * FROM `blue_trade` WHERE `currency_id` = 54 AND ( add_time>1543766400 ) ORDER BY price desc LIMIT 1   [ RunTime:0.0000s ]
SQL: SELECT * FROM `blue_trade` WHERE `currency_id` = 54 ORDER BY add_time desc LIMIT 1   [ RunTime:0.0000s ]
SQL: SELECT * FROM `blue_trade` WHERE `currency_id` = 54 AND ( add_time<1543766400 ) ORDER BY add_time desc LIMIT 1   [ RunTime:0.0010s ]
SQL: SELECT * FROM `blue_trade` WHERE `currency_id` = 54 AND ( add_time<1543766400 ) ORDER BY add_time desc LIMIT 1   [ RunTime:0.0000s ]
SQL: SELECT * FROM `blue_trade` WHERE `currency_id` = 54 AND ( add_time<1543844056-60*60*24*7 ) ORDER BY add_time desc LIMIT 1   [ RunTime:0.0000s ]
SQL: SELECT SUM(num) AS tp_sum FROM `blue_trade` WHERE `currency_id` = 54 AND ( add_time>1543844056-60*60*24 ) LIMIT 1   [ RunTime:0.0010s ]
SQL: SELECT SUM(num*price) AS tp_sum FROM `blue_trade` WHERE `currency_id` = 54 AND ( add_time>1543844056-60*60*24 ) LIMIT 1   [ RunTime:0.0000s ]
SQL: SELECT `price` FROM `blue_trade` WHERE `currency_id` = 54 ORDER BY price asc LIMIT 1   [ RunTime:0.0000s ]
SQL: SELECT `price` FROM `blue_trade` WHERE `currency_id` = 54 ORDER BY price desc LIMIT 1   [ RunTime:0.0010s ]
SQL: SELECT `price` FROM `blue_orders` WHERE `currency_id` = 54 AND `type` = 'buy' AND `status` IN (0,1) ORDER BY price desc LIMIT 1   [ RunTime:0.0000s ]
SQL: SELECT `price` FROM `blue_orders` WHERE `currency_id` = 54 AND `type` = 'sell' AND `status` IN (0,1) ORDER BY price asc LIMIT 1   [ RunTime:0.0000s ]
SQL: SELECT * FROM `blue_trade` WHERE `currency_id` = 56 AND ( add_time>1543766400 ) ORDER BY price asc LIMIT 1   [ RunTime:0.0000s ]
SQL: SELECT * FROM `blue_trade` WHERE `currency_id` = 56 AND ( add_time>1543766400 ) ORDER BY price desc LIMIT 1   [ RunTime:0.0000s ]
SQL: SELECT * FROM `blue_trade` WHERE `currency_id` = 56 ORDER BY add_time desc LIMIT 1   [ RunTime:0.0010s ]
SQL: SELECT * FROM `blue_trade` WHERE `currency_id` = 56 AND ( add_time<1543766400 ) ORDER BY add_time desc LIMIT 1   [ RunTime:0.0000s ]
SQL: SELECT * FROM `blue_trade` WHERE `currency_id` = 56 AND ( add_time<1543766400 ) ORDER BY add_time desc LIMIT 1   [ RunTime:0.0000s ]
SQL: SELECT * FROM `blue_trade` WHERE `currency_id` = 56 AND ( add_time<1543844056-60*60*24*7 ) ORDER BY add_time desc LIMIT 1   [ RunTime:0.0010s ]
SQL: SELECT SUM(num) AS tp_sum FROM `blue_trade` WHERE `currency_id` = 56 AND ( add_time>1543844056-60*60*24 ) LIMIT 1   [ RunTime:0.0000s ]
SQL: SELECT SUM(num*price) AS tp_sum FROM `blue_trade` WHERE `currency_id` = 56 AND ( add_time>1543844056-60*60*24 ) LIMIT 1   [ RunTime:0.0000s ]
SQL: SELECT `price` FROM `blue_trade` WHERE `currency_id` = 56 ORDER BY price asc LIMIT 1   [ RunTime:0.0010s ]
SQL: SELECT `price` FROM `blue_trade` WHERE `currency_id` = 56 ORDER BY price desc LIMIT 1   [ RunTime:0.0000s ]
SQL: SELECT `price` FROM `blue_orders` WHERE `currency_id` = 56 AND `type` = 'buy' AND `status` IN (0,1) ORDER BY price desc LIMIT 1   [ RunTime:0.0000s ]
SQL: SELECT `price` FROM `blue_orders` WHERE `currency_id` = 56 AND `type` = 'sell' AND `status` IN (0,1) ORDER BY price asc LIMIT 1   [ RunTime:0.0010s ]
SQL: SELECT * FROM `blue_trade` WHERE `currency_id` = 57 AND ( add_time>1543766400 ) ORDER BY price asc LIMIT 1   [ RunTime:0.0000s ]
SQL: SELECT * FROM `blue_trade` WHERE `currency_id` = 57 AND ( add_time>1543766400 ) ORDER BY price desc LIMIT 1   [ RunTime:0.0010s ]
SQL: SELECT * FROM `blue_trade` WHERE `currency_id` = 57 ORDER BY add_time desc LIMIT 1   [ RunTime:0.0000s ]
SQL: SELECT * FROM `blue_trade` WHERE `currency_id` = 57 AND ( add_time<1543766400 ) ORDER BY add_time desc LIMIT 1   [ RunTime:0.0000s ]
SQL: SELECT * FROM `blue_trade` WHERE `currency_id` = 57 AND ( add_time<1543766400 ) ORDER BY add_time desc LIMIT 1   [ RunTime:0.0010s ]
SQL: SELECT * FROM `blue_trade` WHERE `currency_id` = 57 AND ( add_time<1543844056-60*60*24*7 ) ORDER BY add_time desc LIMIT 1   [ RunTime:0.0000s ]
SQL: SELECT SUM(num) AS tp_sum FROM `blue_trade` WHERE `currency_id` = 57 AND ( add_time>1543844056-60*60*24 ) LIMIT 1   [ RunTime:0.0000s ]
SQL: SELECT SUM(num*price) AS tp_sum FROM `blue_trade` WHERE `currency_id` = 57 AND ( add_time>1543844056-60*60*24 ) LIMIT 1   [ RunTime:0.0010s ]
SQL: SELECT `price` FROM `blue_trade` WHERE `currency_id` = 57 ORDER BY price asc LIMIT 1   [ RunTime:0.0000s ]
SQL: SELECT `price` FROM `blue_trade` WHERE `currency_id` = 57 ORDER BY price desc LIMIT 1   [ RunTime:0.0000s ]
SQL: SELECT `price` FROM `blue_orders` WHERE `currency_id` = 57 AND `type` = 'buy' AND `status` IN (0,1) ORDER BY price desc LIMIT 1   [ RunTime:0.0000s ]
SQL: SELECT `price` FROM `blue_orders` WHERE `currency_id` = 57 AND `type` = 'sell' AND `status` IN (0,1) ORDER BY price asc LIMIT 1   [ RunTime:0.0000s ]
SQL: SELECT * FROM `blue_trade` WHERE `currency_id` = 55 AND ( add_time>1543766400 ) ORDER BY price asc LIMIT 1   [ RunTime:0.0010s ]
SQL: SELECT * FROM `blue_trade` WHERE `currency_id` = 55 AND ( add_time>1543766400 ) ORDER BY price desc LIMIT 1   [ RunTime:0.0000s ]
SQL: SELECT * FROM `blue_trade` WHERE `currency_id` = 55 ORDER BY add_time desc LIMIT 1   [ RunTime:0.0000s ]
SQL: SELECT * FROM `blue_trade` WHERE `currency_id` = 55 AND ( add_time<1543766400 ) ORDER BY add_time desc LIMIT 1   [ RunTime:0.0000s ]
SQL: SELECT * FROM `blue_trade` WHERE `currency_id` = 55 AND ( add_time<1543766400 ) ORDER BY add_time desc LIMIT 1   [ RunTime:0.0000s ]
SQL: SELECT * FROM `blue_trade` WHERE `currency_id` = 55 AND ( add_time<1543844056-60*60*24*7 ) ORDER BY add_time desc LIMIT 1   [ RunTime:0.0000s ]
SQL: SELECT SUM(num) AS tp_sum FROM `blue_trade` WHERE `currency_id` = 55 AND ( add_time>1543844056-60*60*24 ) LIMIT 1   [ RunTime:0.0000s ]
SQL: SELECT SUM(num*price) AS tp_sum FROM `blue_trade` WHERE `currency_id` = 55 AND ( add_time>1543844056-60*60*24 ) LIMIT 1   [ RunTime:0.0000s ]
SQL: SELECT `price` FROM `blue_trade` WHERE `currency_id` = 55 ORDER BY price asc LIMIT 1   [ RunTime:0.0010s ]
SQL: SELECT `price` FROM `blue_trade` WHERE `currency_id` = 55 ORDER BY price desc LIMIT 1   [ RunTime:0.0000s ]
SQL: SELECT `price` FROM `blue_orders` WHERE `currency_id` = 55 AND `type` = 'buy' AND `status` IN (0,1) ORDER BY price desc LIMIT 1   [ RunTime:0.0000s ]
SQL: SELECT `price` FROM `blue_orders` WHERE `currency_id` = 55 AND `type` = 'sell' AND `status` IN (0,1) ORDER BY price asc LIMIT 1   [ RunTime:0.0010s ]
SQL: SHOW COLUMNS FROM `blue_currency_user` [ RunTime:0.0080s ]
SQL: SELECT blue_currency_user.*,(blue_currency_user.num+blue_currency_user.forzen_num) as count,blue_currency.currency_name,blue_currency.currency_mark FROM `blue_currency_user` left join blue_currency on blue_currency.currency_id=blue_currency_user.currency_id  WHERE `member_id` = null ORDER BY sort  [ RunTime:0.0010s ]
SQL: SELECT SUM(money) AS tp_sum FROM `blue_trade` LIMIT 1   [ RunTime:0.0000s ]
SQL: SHOW COLUMNS FROM `blue_link` [ RunTime:0.0080s ]
SQL: SELECT * FROM `blue_link`  [ RunTime:0.0000s ]
SQL: SHOW COLUMNS FROM `blue_issue` [ RunTime:0.0090s ]
SQL: SELECT blue_issue.*,blue_currency.currency_name as name FROM `blue_issue` left join blue_currency on blue_currency.currency_id=blue_issue.currency_id  ORDER BY  id desc   [ RunTime:0.0000s ]
SQL: SHOW COLUMNS FROM `blue_article_category` [ RunTime:0.0110s ]
SQL: SELECT * FROM `blue_article_category` WHERE ( id=127 ) LIMIT 1   [ RunTime:0.0010s ]
SQL: SELECT * FROM `blue_article` WHERE ( position_id=127 ) ORDER BY article_id desc  LIMIT 0,7   [ RunTime:0.0010s ]
SQL: SELECT * FROM `blue_article_category` WHERE ( id=128 ) LIMIT 1   [ RunTime:0.0010s ]
SQL: SELECT * FROM `blue_article` WHERE ( position_id=128 ) ORDER BY article_id desc  LIMIT 0,7   [ RunTime:0.0000s ]
SQL: SELECT * FROM `blue_article_category` WHERE ( id=129 ) LIMIT 1   [ RunTime:0.0000s ]
SQL: SELECT * FROM `blue_article` WHERE ( position_id=129 ) ORDER BY article_id desc  LIMIT 0,7   [ RunTime:0.0010s ]
INFO: [ view_parse ] --START--
INFO: [ template_filter ] --START--
INFO: Run Behavior\ContentReplaceBehavior [ RunTime:0.000000s ]
INFO: [ template_filter ] --END-- [ RunTime:0.000000s ]
INFO: Run Behavior\ParseTemplateBehavior [ RunTime:0.010001s ]
INFO: [ view_parse ] --END-- [ RunTime:0.010001s ]
INFO: [ view_filter ] --START--
INFO: Run Behavior\WriteHtmlCacheBehavior [ RunTime:0.001000s ]
INFO: [ view_filter ] --END-- [ RunTime:0.001000s ]
INFO: [ app_end ] --START--
INFO: Run Behavior\ShowPageTraceBehavior [ RunTime:0.001000s ]
INFO: [ app_end ] --END-- [ RunTime:0.001000s ]

