[ 2019-01-12T18:05:34+08:00 ] 127.0.0.1 /Mobile/index/index.html
INFO: [ app_init ] --START--
INFO: Run Behavior\BuildLiteBehavior [ RunTime:0.000014s ]
INFO: [ app_init ] --END-- [ RunTime:0.000359s ]
INFO: [ app_begin ] --START--
INFO: Run Behavior\ReadHtmlCacheBehavior [ RunTime:0.000464s ]
INFO: [ app_begin ] --END-- [ RunTime:0.000506s ]
SQL: SHOW COLUMNS FROM `blue_config` [ RunTime:0.0018s ]
SQL: SELECT * FROM `blue_config`  [ RunTime:0.0005s ]
SQL: SHOW COLUMNS FROM `blue_purse_download` [ RunTime:0.0014s ]
SQL: SELECT * FROM `blue_purse_download` ORDER BY add_time desc LIMIT 0,6   [ RunTime:0.0004s ]
SQL: SHOW COLUMNS FROM `blue_dividend_config` [ RunTime:0.0020s ]
SQL: SELECT * FROM `blue_dividend_config`  [ RunTime:0.0003s ]
SQL: SHOW COLUMNS FROM `blue_article_category` [ RunTime:0.0012s ]
SQL: SELECT * FROM `blue_article_category` WHERE ( parent_id = 6 ) LIMIT 4   [ RunTime:0.0004s ]
SQL: SHOW COLUMNS FROM `blue_article` [ RunTime:0.0012s ]
SQL: SELECT * FROM `blue_article` WHERE ( position_id = 7 ) LIMIT 4   [ RunTime:0.0003s ]
SQL: SHOW COLUMNS FROM `blue_orders` [ RunTime:0.0014s ]
SQL: SHOW COLUMNS FROM `blue_currency` [ RunTime:0.0013s ]
SQL: SELECT * FROM `blue_currency` WHERE ( is_line=1  ) ORDER BY sort  [ RunTime:0.0005s ]
NOTIC: [8] Undefined variable: whereMark /Applications/MAMP/htdocs/project/xiao_1/App/Common/Controller/CommonController.class.php 第 106 行.
SQL: SELECT `currency_id`,`currency_name`,`currency_logo`,`currency_mark` FROM `blue_currency` LIMIT 1   [ RunTime:0.0002s ]
SQL: SELECT `currency_id`,`currency_name`,`currency_logo`,`currency_mark` FROM `blue_currency` WHERE `is_line` = 1  [ RunTime:0.0003s ]
SQL: SELECT `price` FROM `blue_orders` WHERE ( currency_id = 52 ) ORDER BY add_time desc LIMIT 1   [ RunTime:0.0006s ]
SQL: SELECT `price` FROM `blue_orders` WHERE ( currency_id = 53 ) ORDER BY add_time desc LIMIT 1   [ RunTime:0.0006s ]
SQL: SELECT `price` FROM `blue_orders` WHERE ( currency_id = 54 ) ORDER BY add_time desc LIMIT 1   [ RunTime:0.0006s ]
SQL: SELECT `price` FROM `blue_orders` WHERE ( currency_id = 55 ) ORDER BY add_time desc LIMIT 1   [ RunTime:0.0006s ]
SQL: SELECT `price` FROM `blue_orders` WHERE ( currency_id = 56 ) ORDER BY add_time desc LIMIT 1   [ RunTime:0.0008s ]
SQL: SELECT `price` FROM `blue_orders` WHERE ( currency_id = 57 ) ORDER BY add_time desc LIMIT 1   [ RunTime:0.0006s ]
SQL: SELECT `price` FROM `blue_orders` WHERE ( currency_id = 59 ) ORDER BY add_time desc LIMIT 1   [ RunTime:0.0007s ]
SQL: SHOW COLUMNS FROM `blue_love_stock_goods` [ RunTime:0.0016s ]
SQL: SELECT * FROM `blue_love_stock_goods` WHERE `status` = 1 ORDER BY rand() LIMIT 6   [ RunTime:0.0024s ]
SQL: SHOW COLUMNS FROM `blue_lottery_number` [ RunTime:0.0013s ]
SQL: SELECT l.*,p.sort FROM blue_lottery_number l LEFT JOIN blue_pub_lottery p ON p.id=l.pub_lottery_id  WHERE l.status = 1 ORDER BY rand() LIMIT 3   [ RunTime:0.0016s ]
SQL: SHOW COLUMNS FROM `blue_pub_lottery` [ RunTime:0.0011s ]
SQL: SELECT `lottery_id` FROM `blue_pub_lottery` WHERE `id` = 6 AND `status` = 1 LIMIT 1   [ RunTime:0.0003s ]
SQL: SHOW COLUMNS FROM `blue_lottery_conf` [ RunTime:0.0016s ]
SQL: SELECT * FROM `blue_lottery_conf` WHERE `id` = 5 LIMIT 1   [ RunTime:0.0013s ]
SQL: SHOW COLUMNS FROM `blue_lottery_member` [ RunTime:0.0022s ]
SQL: SELECT COUNT(*) AS tp_count FROM `blue_lottery_member` WHERE `num_id` = 3 AND `pub_lottery_id` = 6 LIMIT 1   [ RunTime:0.0087s ]
SQL: SELECT `lottery_id` FROM `blue_pub_lottery` WHERE `id` = 4 AND `status` = 1 LIMIT 1   [ RunTime:0.0006s ]
SQL: SELECT * FROM `blue_lottery_conf` WHERE `id` = 2 LIMIT 1   [ RunTime:0.0006s ]
SQL: SELECT COUNT(*) AS tp_count FROM `blue_lottery_member` WHERE `num_id` = 1 AND `pub_lottery_id` = 4 LIMIT 1   [ RunTime:0.0005s ]
SQL: SELECT `lottery_id` FROM `blue_pub_lottery` WHERE `id` = 5 AND `status` = 1 LIMIT 1   [ RunTime:0.0003s ]
SQL: SELECT * FROM `blue_lottery_conf` WHERE `id` = 1 LIMIT 1   [ RunTime:0.0004s ]
SQL: SELECT COUNT(*) AS tp_count FROM `blue_lottery_member` WHERE `num_id` = 2 AND `pub_lottery_id` = 5 LIMIT 1   [ RunTime:0.0002s ]
SQL: SHOW COLUMNS FROM `blue_auction_record` [ RunTime:0.0017s ]
SQL: SELECT r.id as r_id,r.start_time as rstart_time,g.* FROM blue_auction_record r LEFT JOIN blue_auction_goods g ON g.id=r.auction_id  WHERE r.status = 1 AND r.is_finish = 0 AND g.is_pub = 1 AND g.status = 1  [ RunTime:0.0013s ]
INFO: [ view_parse ] --START--
INFO: [ template_filter ] --START--
INFO: Run Behavior\ContentReplaceBehavior [ RunTime:0.000142s ]
INFO: [ template_filter ] --END-- [ RunTime:0.000197s ]
INFO: Run Behavior\ParseTemplateBehavior [ RunTime:0.012945s ]
INFO: [ view_parse ] --END-- [ RunTime:0.012998s ]
INFO: [ view_filter ] --START--
INFO: Run Behavior\WriteHtmlCacheBehavior [ RunTime:0.000151s ]
INFO: [ view_filter ] --END-- [ RunTime:0.000177s ]
INFO: [ app_end ] --START--
INFO: Run Behavior\ShowPageTraceBehavior [ RunTime:0.000643s ]
INFO: [ app_end ] --END-- [ RunTime:0.000716s ]

[ 2019-01-12T18:05:36+08:00 ] 127.0.0.1 /Mobile/Member/index.html
INFO: [ app_init ] --START--
INFO: Run Behavior\BuildLiteBehavior [ RunTime:0.000012s ]
INFO: [ app_init ] --END-- [ RunTime:0.000318s ]
INFO: [ app_begin ] --START--
INFO: Run Behavior\ReadHtmlCacheBehavior [ RunTime:0.000405s ]
INFO: [ app_begin ] --END-- [ RunTime:0.000443s ]
SQL: SHOW COLUMNS FROM `blue_config` [ RunTime:0.0017s ]
SQL: SELECT * FROM `blue_config`  [ RunTime:0.0007s ]
SQL: SHOW COLUMNS FROM `blue_purse_download` [ RunTime:0.0018s ]
SQL: SELECT * FROM `blue_purse_download` ORDER BY add_time desc LIMIT 0,6   [ RunTime:0.0003s ]
SQL: SHOW COLUMNS FROM `blue_dividend_config` [ RunTime:0.0012s ]
SQL: SELECT * FROM `blue_dividend_config`  [ RunTime:0.0004s ]
SQL: SHOW COLUMNS FROM `blue_article_category` [ RunTime:0.0016s ]
SQL: SELECT * FROM `blue_article_category` WHERE ( parent_id = 6 ) LIMIT 4   [ RunTime:0.0004s ]
SQL: SHOW COLUMNS FROM `blue_article` [ RunTime:0.0014s ]
SQL: SELECT * FROM `blue_article` WHERE ( position_id = 7 ) LIMIT 4   [ RunTime:0.0004s ]
SQL: SHOW COLUMNS FROM `blue_orders` [ RunTime:0.0015s ]
SQL: SHOW COLUMNS FROM `blue_currency` [ RunTime:0.0015s ]
SQL: SELECT * FROM `blue_currency` WHERE ( is_line=1  ) ORDER BY sort  [ RunTime:0.0005s ]
NOTIC: [8] Undefined variable: whereMark /Applications/MAMP/htdocs/project/xiao_1/App/Common/Controller/CommonController.class.php 第 106 行.
SQL: SELECT `currency_id`,`currency_name`,`currency_logo`,`currency_mark` FROM `blue_currency` LIMIT 1   [ RunTime:0.0002s ]
SQL: SELECT `currency_id`,`currency_name`,`currency_logo`,`currency_mark` FROM `blue_currency` WHERE `is_line` = 1  [ RunTime:0.0003s ]
SQL: SELECT `price` FROM `blue_orders` WHERE ( currency_id = 52 ) ORDER BY add_time desc LIMIT 1   [ RunTime:0.0006s ]
SQL: SELECT `price` FROM `blue_orders` WHERE ( currency_id = 53 ) ORDER BY add_time desc LIMIT 1   [ RunTime:0.0005s ]
SQL: SELECT `price` FROM `blue_orders` WHERE ( currency_id = 54 ) ORDER BY add_time desc LIMIT 1   [ RunTime:0.0005s ]
SQL: SELECT `price` FROM `blue_orders` WHERE ( currency_id = 55 ) ORDER BY add_time desc LIMIT 1   [ RunTime:0.0005s ]
SQL: SELECT `price` FROM `blue_orders` WHERE ( currency_id = 56 ) ORDER BY add_time desc LIMIT 1   [ RunTime:0.0007s ]
SQL: SELECT `price` FROM `blue_orders` WHERE ( currency_id = 57 ) ORDER BY add_time desc LIMIT 1   [ RunTime:0.0006s ]
SQL: SELECT `price` FROM `blue_orders` WHERE ( currency_id = 59 ) ORDER BY add_time desc LIMIT 1   [ RunTime:0.0010s ]

[ 2019-01-12T18:05:36+08:00 ] 127.0.0.1 /Mobile/Login/index.html
INFO: [ app_init ] --START--
INFO: Run Behavior\BuildLiteBehavior [ RunTime:0.000014s ]
INFO: [ app_init ] --END-- [ RunTime:0.000403s ]
INFO: [ app_begin ] --START--
INFO: Run Behavior\ReadHtmlCacheBehavior [ RunTime:0.000388s ]
INFO: [ app_begin ] --END-- [ RunTime:0.000428s ]
SQL: SHOW COLUMNS FROM `blue_config` [ RunTime:0.0013s ]
SQL: SELECT * FROM `blue_config`  [ RunTime:0.0006s ]
SQL: SHOW COLUMNS FROM `blue_purse_download` [ RunTime:0.0019s ]
SQL: SELECT * FROM `blue_purse_download` ORDER BY add_time desc LIMIT 0,6   [ RunTime:0.0003s ]
SQL: SHOW COLUMNS FROM `blue_dividend_config` [ RunTime:0.0015s ]
SQL: SELECT * FROM `blue_dividend_config`  [ RunTime:0.0004s ]
SQL: SHOW COLUMNS FROM `blue_article_category` [ RunTime:0.0012s ]
SQL: SELECT * FROM `blue_article_category` WHERE ( parent_id = 6 ) LIMIT 4   [ RunTime:0.0004s ]
SQL: SHOW COLUMNS FROM `blue_article` [ RunTime:0.0013s ]
SQL: SELECT * FROM `blue_article` WHERE ( position_id = 7 ) LIMIT 4   [ RunTime:0.0005s ]
SQL: SHOW COLUMNS FROM `blue_orders` [ RunTime:0.0013s ]
SQL: SHOW COLUMNS FROM `blue_currency` [ RunTime:0.0021s ]
SQL: SELECT * FROM `blue_currency` WHERE ( is_line=1  ) ORDER BY sort  [ RunTime:0.0006s ]
NOTIC: [8] Undefined variable: whereMark /Applications/MAMP/htdocs/project/xiao_1/App/Common/Controller/CommonController.class.php 第 106 行.
SQL: SELECT `currency_id`,`currency_name`,`currency_logo`,`currency_mark` FROM `blue_currency` LIMIT 1   [ RunTime:0.0003s ]
SQL: SELECT `currency_id`,`currency_name`,`currency_logo`,`currency_mark` FROM `blue_currency` WHERE `is_line` = 1  [ RunTime:0.0003s ]
SQL: SELECT `price` FROM `blue_orders` WHERE ( currency_id = 52 ) ORDER BY add_time desc LIMIT 1   [ RunTime:0.0007s ]
SQL: SELECT `price` FROM `blue_orders` WHERE ( currency_id = 53 ) ORDER BY add_time desc LIMIT 1   [ RunTime:0.0007s ]
SQL: SELECT `price` FROM `blue_orders` WHERE ( currency_id = 54 ) ORDER BY add_time desc LIMIT 1   [ RunTime:0.0006s ]
SQL: SELECT `price` FROM `blue_orders` WHERE ( currency_id = 55 ) ORDER BY add_time desc LIMIT 1   [ RunTime:0.0005s ]
SQL: SELECT `price` FROM `blue_orders` WHERE ( currency_id = 56 ) ORDER BY add_time desc LIMIT 1   [ RunTime:0.0006s ]
SQL: SELECT `price` FROM `blue_orders` WHERE ( currency_id = 57 ) ORDER BY add_time desc LIMIT 1   [ RunTime:0.0007s ]
SQL: SELECT `price` FROM `blue_orders` WHERE ( currency_id = 59 ) ORDER BY add_time desc LIMIT 1   [ RunTime:0.0006s ]
INFO: [ view_parse ] --START--
INFO: [ template_filter ] --START--
INFO: Run Behavior\ContentReplaceBehavior [ RunTime:0.000127s ]
INFO: [ template_filter ] --END-- [ RunTime:0.000194s ]
INFO: Run Behavior\ParseTemplateBehavior [ RunTime:0.010003s ]
INFO: [ view_parse ] --END-- [ RunTime:0.010040s ]
INFO: [ view_filter ] --START--
INFO: Run Behavior\WriteHtmlCacheBehavior [ RunTime:0.000154s ]
INFO: [ view_filter ] --END-- [ RunTime:0.000180s ]
INFO: [ app_end ] --START--
INFO: Run Behavior\ShowPageTraceBehavior [ RunTime:0.000485s ]
INFO: [ app_end ] --END-- [ RunTime:0.000524s ]

[ 2019-01-12T18:05:39+08:00 ] 127.0.0.1 /Mobile/Login/checkLog.html
INFO: [ app_init ] --START--
INFO: Run Behavior\BuildLiteBehavior [ RunTime:0.000024s ]
INFO: [ app_init ] --END-- [ RunTime:0.000581s ]
INFO: [ app_begin ] --START--
INFO: Run Behavior\ReadHtmlCacheBehavior [ RunTime:0.000568s ]
INFO: [ app_begin ] --END-- [ RunTime:0.000611s ]
NOTIC: [2] preg_match(): Delimiter must not be alphanumeric or backslash /Applications/MAMP/htdocs/project/xiao_1/App/Common/Common/function.php 第 614 行.
NOTIC: [2] preg_match(): Delimiter must not be alphanumeric or backslash /Applications/MAMP/htdocs/project/xiao_1/App/Common/Common/function.php 第 614 行.
NOTIC: [2] preg_match(): Delimiter must not be alphanumeric or backslash /Applications/MAMP/htdocs/project/xiao_1/App/Common/Common/function.php 第 614 行.
SQL: SHOW COLUMNS FROM `blue_config` [ RunTime:0.0012s ]
SQL: SELECT * FROM `blue_config`  [ RunTime:0.0004s ]
SQL: SHOW COLUMNS FROM `blue_purse_download` [ RunTime:0.0012s ]
SQL: SELECT * FROM `blue_purse_download` ORDER BY add_time desc LIMIT 0,6   [ RunTime:0.0002s ]
SQL: SHOW COLUMNS FROM `blue_dividend_config` [ RunTime:0.0014s ]
SQL: SELECT * FROM `blue_dividend_config`  [ RunTime:0.0003s ]
SQL: SHOW COLUMNS FROM `blue_article_category` [ RunTime:0.0013s ]
SQL: SELECT * FROM `blue_article_category` WHERE ( parent_id = 6 ) LIMIT 4   [ RunTime:0.0004s ]
SQL: SHOW COLUMNS FROM `blue_article` [ RunTime:0.0014s ]
SQL: SELECT * FROM `blue_article` WHERE ( position_id = 7 ) LIMIT 4   [ RunTime:0.0003s ]
SQL: SHOW COLUMNS FROM `blue_orders` [ RunTime:0.0016s ]
SQL: SHOW COLUMNS FROM `blue_currency` [ RunTime:0.0015s ]
SQL: SELECT * FROM `blue_currency` WHERE ( is_line=1  ) ORDER BY sort  [ RunTime:0.0005s ]
NOTIC: [8] Undefined variable: whereMark /Applications/MAMP/htdocs/project/xiao_1/App/Common/Controller/CommonController.class.php 第 106 行.
SQL: SELECT `currency_id`,`currency_name`,`currency_logo`,`currency_mark` FROM `blue_currency` LIMIT 1   [ RunTime:0.0002s ]
SQL: SELECT `currency_id`,`currency_name`,`currency_logo`,`currency_mark` FROM `blue_currency` WHERE `is_line` = 1  [ RunTime:0.0003s ]
SQL: SELECT `price` FROM `blue_orders` WHERE ( currency_id = 52 ) ORDER BY add_time desc LIMIT 1   [ RunTime:0.0006s ]
SQL: SELECT `price` FROM `blue_orders` WHERE ( currency_id = 53 ) ORDER BY add_time desc LIMIT 1   [ RunTime:0.0006s ]
SQL: SELECT `price` FROM `blue_orders` WHERE ( currency_id = 54 ) ORDER BY add_time desc LIMIT 1   [ RunTime:0.0006s ]
SQL: SELECT `price` FROM `blue_orders` WHERE ( currency_id = 55 ) ORDER BY add_time desc LIMIT 1   [ RunTime:0.0005s ]
SQL: SELECT `price` FROM `blue_orders` WHERE ( currency_id = 56 ) ORDER BY add_time desc LIMIT 1   [ RunTime:0.0005s ]
SQL: SELECT `price` FROM `blue_orders` WHERE ( currency_id = 57 ) ORDER BY add_time desc LIMIT 1   [ RunTime:0.0005s ]
SQL: SELECT `price` FROM `blue_orders` WHERE ( currency_id = 59 ) ORDER BY add_time desc LIMIT 1   [ RunTime:0.0005s ]
SQL: SHOW COLUMNS FROM `blue_member` [ RunTime:0.0021s ]
SQL: SELECT * FROM `blue_member` WHERE `username` = '15179811532' LIMIT 1   [ RunTime:0.0005s ]
SQL: UPDATE `blue_member` SET `login_ip`='127.0.0.1',`login_time`='1547287539' WHERE `member_id` = 10378 [ RunTime:0.0025s ]

[ 2019-01-12T18:05:40+08:00 ] 127.0.0.1 /Mobile/Member/index.html
INFO: [ app_init ] --START--
INFO: Run Behavior\BuildLiteBehavior [ RunTime:0.000015s ]
INFO: [ app_init ] --END-- [ RunTime:0.000418s ]
INFO: [ app_begin ] --START--
INFO: Run Behavior\ReadHtmlCacheBehavior [ RunTime:0.000520s ]
INFO: [ app_begin ] --END-- [ RunTime:0.000565s ]
SQL: SHOW COLUMNS FROM `blue_config` [ RunTime:0.0013s ]
SQL: SELECT * FROM `blue_config`  [ RunTime:0.0004s ]
SQL: SHOW COLUMNS FROM `blue_purse_download` [ RunTime:0.0012s ]
SQL: SELECT * FROM `blue_purse_download` ORDER BY add_time desc LIMIT 0,6   [ RunTime:0.0003s ]
SQL: SHOW COLUMNS FROM `blue_dividend_config` [ RunTime:0.0013s ]
SQL: SELECT * FROM `blue_dividend_config`  [ RunTime:0.0003s ]
SQL: SHOW COLUMNS FROM `blue_article_category` [ RunTime:0.0015s ]
SQL: SELECT * FROM `blue_article_category` WHERE ( parent_id = 6 ) LIMIT 4   [ RunTime:0.0006s ]
SQL: SHOW COLUMNS FROM `blue_article` [ RunTime:0.0016s ]
SQL: SELECT * FROM `blue_article` WHERE ( position_id = 7 ) LIMIT 4   [ RunTime:0.0005s ]
SQL: SHOW COLUMNS FROM `blue_member` [ RunTime:0.0022s ]
SQL: SELECT *,(rmb+forzen_rmb) as count FROM `blue_member` WHERE ( member_id='10378' ) LIMIT 1   [ RunTime:0.0005s ]
SQL: SHOW COLUMNS FROM `blue_orders` [ RunTime:0.0016s ]
SQL: SHOW COLUMNS FROM `blue_message` [ RunTime:0.0031s ]
SQL: SELECT COUNT(*) AS tp_count FROM `blue_message` WHERE `member_id` = '10378' AND `status` = 0 LIMIT 1   [ RunTime:0.0003s ]
SQL: SHOW COLUMNS FROM `blue_currency` [ RunTime:0.0015s ]
SQL: SELECT * FROM `blue_currency` WHERE ( is_line=1  ) ORDER BY sort  [ RunTime:0.0005s ]
NOTIC: [8] Undefined variable: whereMark /Applications/MAMP/htdocs/project/xiao_1/App/Common/Controller/CommonController.class.php 第 106 行.
SQL: SELECT `currency_id`,`currency_name`,`currency_logo`,`currency_mark` FROM `blue_currency` LIMIT 1   [ RunTime:0.0003s ]
SQL: SELECT `currency_id`,`currency_name`,`currency_logo`,`currency_mark` FROM `blue_currency` WHERE `is_line` = 1  [ RunTime:0.0004s ]
SQL: SELECT `price` FROM `blue_orders` WHERE ( currency_id = 52 ) ORDER BY add_time desc LIMIT 1   [ RunTime:0.0006s ]
SQL: SELECT `price` FROM `blue_orders` WHERE ( currency_id = 53 ) ORDER BY add_time desc LIMIT 1   [ RunTime:0.0005s ]
SQL: SELECT `price` FROM `blue_orders` WHERE ( currency_id = 54 ) ORDER BY add_time desc LIMIT 1   [ RunTime:0.0007s ]
SQL: SELECT `price` FROM `blue_orders` WHERE ( currency_id = 55 ) ORDER BY add_time desc LIMIT 1   [ RunTime:0.0007s ]
SQL: SELECT `price` FROM `blue_orders` WHERE ( currency_id = 56 ) ORDER BY add_time desc LIMIT 1   [ RunTime:0.0006s ]
SQL: SELECT `price` FROM `blue_orders` WHERE ( currency_id = 57 ) ORDER BY add_time desc LIMIT 1   [ RunTime:0.0006s ]
SQL: SELECT `price` FROM `blue_orders` WHERE ( currency_id = 59 ) ORDER BY add_time desc LIMIT 1   [ RunTime:0.0005s ]
SQL: SELECT * FROM `blue_member` WHERE ( member_id =10378 ) LIMIT 1   [ RunTime:0.0003s ]
SQL: SHOW COLUMNS FROM `blue_trade` [ RunTime:0.0012s ]
SQL: SELECT * FROM `blue_currency`  [ RunTime:0.0004s ]
SQL: SHOW COLUMNS FROM `blue_currency_user` [ RunTime:0.0013s ]
SQL: SELECT *,(num+forzen_num) as count FROM `blue_currency_user` WHERE `member_id` = 10378 AND `currency_id` = 52 LIMIT 1   [ RunTime:0.0004s ]
SQL: SELECT *,(num+forzen_num) as count FROM `blue_currency_user` WHERE `member_id` = 10378 AND `currency_id` = 53 LIMIT 1   [ RunTime:0.0004s ]
SQL: SELECT *,(num+forzen_num) as count FROM `blue_currency_user` WHERE `member_id` = 10378 AND `currency_id` = 54 LIMIT 1   [ RunTime:0.0005s ]
SQL: SELECT *,(num+forzen_num) as count FROM `blue_currency_user` WHERE `member_id` = 10378 AND `currency_id` = 55 LIMIT 1   [ RunTime:0.0007s ]
SQL: SELECT *,(num+forzen_num) as count FROM `blue_currency_user` WHERE `member_id` = 10378 AND `currency_id` = 56 LIMIT 1   [ RunTime:0.0005s ]
SQL: SELECT *,(num+forzen_num) as count FROM `blue_currency_user` WHERE `member_id` = 10378 AND `currency_id` = 57 LIMIT 1   [ RunTime:0.0004s ]
SQL: SELECT *,(num+forzen_num) as count FROM `blue_currency_user` WHERE `member_id` = 10378 AND `currency_id` = 59 LIMIT 1   [ RunTime:0.0003s ]
SQL: SHOW COLUMNS FROM `blue_issue_log` [ RunTime:0.0015s ]
SQL: SELECT * FROM `blue_issue_log` WHERE ( deal>0 and add_time<1547287540-60*60*24 and uid=10378 and status=0 )  [ RunTime:0.0004s ]
SQL: SHOW COLUMNS FROM `blue_love_stock` [ RunTime:0.0016s ]
SQL: SELECT l.*,c.num as currency_num FROM blue_love_stock l LEFT JOIN blue_currency_user c ON c.currency_id=l.currency_id  WHERE l.status = 1 AND c.member_id = '10378' LIMIT 1   [ RunTime:0.0013s ]
SQL: SHOW COLUMNS FROM `blue_love_stock_record` [ RunTime:0.0013s ]
SQL: SELECT * FROM `blue_love_stock_record` WHERE `member_id` = 10378 AND `create_time` BETWEEN 1547222400 AND 1547308799 LIMIT 1   [ RunTime:0.0006s ]
SQL: INSERT INTO `blue_love_stock_record` (`member_id`,`rate`,`exchange_rate`,`num`,`create_time`,`currency_id`,`is_receive`) VALUES ('10378','0.05','1','75.00000000','1547287540','56','0') [ RunTime:0.0003s ]
INFO: [ view_parse ] --START--
INFO: [ template_filter ] --START--
INFO: Run Behavior\ContentReplaceBehavior [ RunTime:0.000079s ]
INFO: [ template_filter ] --END-- [ RunTime:0.000118s ]
INFO: Run Behavior\ParseTemplateBehavior [ RunTime:0.007977s ]
INFO: [ view_parse ] --END-- [ RunTime:0.008041s ]
INFO: [ view_filter ] --START--
INFO: Run Behavior\WriteHtmlCacheBehavior [ RunTime:0.000328s ]
INFO: [ view_filter ] --END-- [ RunTime:0.000380s ]
INFO: [ app_end ] --START--
INFO: Run Behavior\ShowPageTraceBehavior [ RunTime:0.000689s ]
INFO: [ app_end ] --END-- [ RunTime:0.000730s ]

[ 2019-01-12T18:05:44+08:00 ] 127.0.0.1 /Mobile/Wallet/index.html
INFO: [ app_init ] --START--
INFO: Run Behavior\BuildLiteBehavior [ RunTime:0.000013s ]
INFO: [ app_init ] --END-- [ RunTime:0.000334s ]
INFO: [ app_begin ] --START--
INFO: Run Behavior\ReadHtmlCacheBehavior [ RunTime:0.000673s ]
INFO: [ app_begin ] --END-- [ RunTime:0.000755s ]
SQL: SHOW COLUMNS FROM `blue_config` [ RunTime:0.0013s ]
SQL: SELECT * FROM `blue_config`  [ RunTime:0.0004s ]
SQL: SHOW COLUMNS FROM `blue_purse_download` [ RunTime:0.0021s ]
SQL: SELECT * FROM `blue_purse_download` ORDER BY add_time desc LIMIT 0,6   [ RunTime:0.0003s ]
SQL: SHOW COLUMNS FROM `blue_dividend_config` [ RunTime:0.0023s ]
SQL: SELECT * FROM `blue_dividend_config`  [ RunTime:0.0004s ]
SQL: SHOW COLUMNS FROM `blue_article_category` [ RunTime:0.0019s ]
SQL: SELECT * FROM `blue_article_category` WHERE ( parent_id = 6 ) LIMIT 4   [ RunTime:0.0006s ]
SQL: SHOW COLUMNS FROM `blue_article` [ RunTime:0.0018s ]
SQL: SELECT * FROM `blue_article` WHERE ( position_id = 7 ) LIMIT 4   [ RunTime:0.0004s ]
SQL: SHOW COLUMNS FROM `blue_member` [ RunTime:0.0019s ]
SQL: SELECT *,(rmb+forzen_rmb) as count FROM `blue_member` WHERE ( member_id='10378' ) LIMIT 1   [ RunTime:0.0005s ]
SQL: SHOW COLUMNS FROM `blue_orders` [ RunTime:0.0013s ]
SQL: SHOW COLUMNS FROM `blue_message` [ RunTime:0.0013s ]
SQL: SELECT COUNT(*) AS tp_count FROM `blue_message` WHERE `member_id` = '10378' AND `status` = 0 LIMIT 1   [ RunTime:0.0007s ]
SQL: SHOW COLUMNS FROM `blue_currency` [ RunTime:0.0023s ]
SQL: SELECT * FROM `blue_currency` WHERE ( is_line=1  ) ORDER BY sort  [ RunTime:0.0005s ]
NOTIC: [8] Undefined variable: whereMark /Applications/MAMP/htdocs/project/xiao_1/App/Common/Controller/CommonController.class.php 第 106 行.
SQL: SELECT `currency_id`,`currency_name`,`currency_logo`,`currency_mark` FROM `blue_currency` LIMIT 1   [ RunTime:0.0002s ]
SQL: SELECT `currency_id`,`currency_name`,`currency_logo`,`currency_mark` FROM `blue_currency` WHERE `is_line` = 1  [ RunTime:0.0003s ]
SQL: SELECT `price` FROM `blue_orders` WHERE ( currency_id = 52 ) ORDER BY add_time desc LIMIT 1   [ RunTime:0.0006s ]
SQL: SELECT `price` FROM `blue_orders` WHERE ( currency_id = 53 ) ORDER BY add_time desc LIMIT 1   [ RunTime:0.0005s ]
SQL: SELECT `price` FROM `blue_orders` WHERE ( currency_id = 54 ) ORDER BY add_time desc LIMIT 1   [ RunTime:0.0005s ]
SQL: SELECT `price` FROM `blue_orders` WHERE ( currency_id = 55 ) ORDER BY add_time desc LIMIT 1   [ RunTime:0.0006s ]
SQL: SELECT `price` FROM `blue_orders` WHERE ( currency_id = 56 ) ORDER BY add_time desc LIMIT 1   [ RunTime:0.0006s ]
SQL: SELECT `price` FROM `blue_orders` WHERE ( currency_id = 57 ) ORDER BY add_time desc LIMIT 1   [ RunTime:0.0005s ]
SQL: SELECT `price` FROM `blue_orders` WHERE ( currency_id = 59 ) ORDER BY add_time desc LIMIT 1   [ RunTime:0.0005s ]
SQL: SELECT * FROM `blue_member` WHERE ( member_id =10378 ) LIMIT 1   [ RunTime:0.0003s ]
SQL: SHOW COLUMNS FROM `blue_trade` [ RunTime:0.0012s ]
SQL: SELECT * FROM `blue_currency`  [ RunTime:0.0004s ]
SQL: SHOW COLUMNS FROM `blue_currency_user` [ RunTime:0.0012s ]
SQL: SELECT *,(num+forzen_num) as count FROM `blue_currency_user` WHERE `member_id` = 10378 AND `currency_id` = 52 LIMIT 1   [ RunTime:0.0004s ]
SQL: SELECT *,(num+forzen_num) as count FROM `blue_currency_user` WHERE `member_id` = 10378 AND `currency_id` = 53 LIMIT 1   [ RunTime:0.0006s ]
SQL: SELECT *,(num+forzen_num) as count FROM `blue_currency_user` WHERE `member_id` = 10378 AND `currency_id` = 54 LIMIT 1   [ RunTime:0.0004s ]
SQL: SELECT *,(num+forzen_num) as count FROM `blue_currency_user` WHERE `member_id` = 10378 AND `currency_id` = 55 LIMIT 1   [ RunTime:0.0003s ]
SQL: SELECT *,(num+forzen_num) as count FROM `blue_currency_user` WHERE `member_id` = 10378 AND `currency_id` = 56 LIMIT 1   [ RunTime:0.0003s ]
SQL: SELECT *,(num+forzen_num) as count FROM `blue_currency_user` WHERE `member_id` = 10378 AND `currency_id` = 57 LIMIT 1   [ RunTime:0.0003s ]
SQL: SELECT *,(num+forzen_num) as count FROM `blue_currency_user` WHERE `member_id` = 10378 AND `currency_id` = 59 LIMIT 1   [ RunTime:0.0003s ]
SQL: SHOW COLUMNS FROM `blue_issue_log` [ RunTime:0.0015s ]
SQL: SELECT * FROM `blue_issue_log` WHERE ( deal>0 and add_time<1547287544-60*60*24 and uid=10378 and status=0 )  [ RunTime:0.0006s ]
INFO: [ view_parse ] --START--
INFO: [ template_filter ] --START--
INFO: Run Behavior\ContentReplaceBehavior [ RunTime:0.000078s ]
INFO: [ template_filter ] --END-- [ RunTime:0.000117s ]
INFO: Run Behavior\ParseTemplateBehavior [ RunTime:0.006568s ]
INFO: [ view_parse ] --END-- [ RunTime:0.006608s ]
INFO: [ view_filter ] --START--
INFO: Run Behavior\WriteHtmlCacheBehavior [ RunTime:0.000146s ]
INFO: [ view_filter ] --END-- [ RunTime:0.000171s ]
INFO: [ app_end ] --START--
INFO: Run Behavior\ShowPageTraceBehavior [ RunTime:0.000451s ]
INFO: [ app_end ] --END-- [ RunTime:0.000478s ]

[ 2019-01-12T18:05:49+08:00 ] 127.0.0.1 /Mobile/Wallet/address_detail.html
INFO: [ app_init ] --START--
INFO: Run Behavior\BuildLiteBehavior [ RunTime:0.000029s ]
INFO: [ app_init ] --END-- [ RunTime:0.000794s ]
INFO: [ app_begin ] --START--
INFO: Run Behavior\ReadHtmlCacheBehavior [ RunTime:0.000667s ]
INFO: [ app_begin ] --END-- [ RunTime:0.000750s ]
SQL: SHOW COLUMNS FROM `blue_config` [ RunTime:0.0023s ]
SQL: SELECT * FROM `blue_config`  [ RunTime:0.0004s ]
SQL: SHOW COLUMNS FROM `blue_purse_download` [ RunTime:0.0012s ]
SQL: SELECT * FROM `blue_purse_download` ORDER BY add_time desc LIMIT 0,6   [ RunTime:0.0002s ]
SQL: SHOW COLUMNS FROM `blue_dividend_config` [ RunTime:0.0025s ]
SQL: SELECT * FROM `blue_dividend_config`  [ RunTime:0.0008s ]
SQL: SHOW COLUMNS FROM `blue_article_category` [ RunTime:0.0014s ]
SQL: SELECT * FROM `blue_article_category` WHERE ( parent_id = 6 ) LIMIT 4   [ RunTime:0.0006s ]
SQL: SHOW COLUMNS FROM `blue_article` [ RunTime:0.0013s ]
SQL: SELECT * FROM `blue_article` WHERE ( position_id = 7 ) LIMIT 4   [ RunTime:0.0004s ]
SQL: SHOW COLUMNS FROM `blue_member` [ RunTime:0.0016s ]
SQL: SELECT *,(rmb+forzen_rmb) as count FROM `blue_member` WHERE ( member_id='10378' ) LIMIT 1   [ RunTime:0.0004s ]
SQL: SHOW COLUMNS FROM `blue_orders` [ RunTime:0.0013s ]
SQL: SHOW COLUMNS FROM `blue_message` [ RunTime:0.0013s ]
SQL: SELECT COUNT(*) AS tp_count FROM `blue_message` WHERE `member_id` = '10378' AND `status` = 0 LIMIT 1   [ RunTime:0.0003s ]
SQL: SHOW COLUMNS FROM `blue_currency` [ RunTime:0.0015s ]
SQL: SELECT * FROM `blue_currency` WHERE ( is_line=1  ) ORDER BY sort  [ RunTime:0.0007s ]
NOTIC: [8] Undefined variable: whereMark /Applications/MAMP/htdocs/project/xiao_1/App/Common/Controller/CommonController.class.php 第 106 行.
SQL: SELECT `currency_id`,`currency_name`,`currency_logo`,`currency_mark` FROM `blue_currency` LIMIT 1   [ RunTime:0.0004s ]
SQL: SELECT `currency_id`,`currency_name`,`currency_logo`,`currency_mark` FROM `blue_currency` WHERE `is_line` = 1  [ RunTime:0.0004s ]
SQL: SELECT `price` FROM `blue_orders` WHERE ( currency_id = 52 ) ORDER BY add_time desc LIMIT 1   [ RunTime:0.0009s ]
SQL: SELECT `price` FROM `blue_orders` WHERE ( currency_id = 53 ) ORDER BY add_time desc LIMIT 1   [ RunTime:0.0008s ]
SQL: SELECT `price` FROM `blue_orders` WHERE ( currency_id = 54 ) ORDER BY add_time desc LIMIT 1   [ RunTime:0.0006s ]
SQL: SELECT `price` FROM `blue_orders` WHERE ( currency_id = 55 ) ORDER BY add_time desc LIMIT 1   [ RunTime:0.0005s ]
SQL: SELECT `price` FROM `blue_orders` WHERE ( currency_id = 56 ) ORDER BY add_time desc LIMIT 1   [ RunTime:0.0005s ]
SQL: SELECT `price` FROM `blue_orders` WHERE ( currency_id = 57 ) ORDER BY add_time desc LIMIT 1   [ RunTime:0.0005s ]
SQL: SELECT `price` FROM `blue_orders` WHERE ( currency_id = 59 ) ORDER BY add_time desc LIMIT 1   [ RunTime:0.0005s ]
SQL: SELECT * FROM `blue_member` WHERE ( member_id =10378 ) LIMIT 1   [ RunTime:0.0004s ]
SQL: SHOW COLUMNS FROM `blue_trade` [ RunTime:0.0013s ]
SQL: SELECT * FROM `blue_currency`  [ RunTime:0.0004s ]
SQL: SHOW COLUMNS FROM `blue_currency_user` [ RunTime:0.0012s ]
SQL: SELECT *,(num+forzen_num) as count FROM `blue_currency_user` WHERE `member_id` = 10378 AND `currency_id` = 52 LIMIT 1   [ RunTime:0.0004s ]
SQL: SELECT *,(num+forzen_num) as count FROM `blue_currency_user` WHERE `member_id` = 10378 AND `currency_id` = 53 LIMIT 1   [ RunTime:0.0003s ]
SQL: SELECT *,(num+forzen_num) as count FROM `blue_currency_user` WHERE `member_id` = 10378 AND `currency_id` = 54 LIMIT 1   [ RunTime:0.0003s ]
SQL: SELECT *,(num+forzen_num) as count FROM `blue_currency_user` WHERE `member_id` = 10378 AND `currency_id` = 55 LIMIT 1   [ RunTime:0.0003s ]
SQL: SELECT *,(num+forzen_num) as count FROM `blue_currency_user` WHERE `member_id` = 10378 AND `currency_id` = 56 LIMIT 1   [ RunTime:0.0003s ]
SQL: SELECT *,(num+forzen_num) as count FROM `blue_currency_user` WHERE `member_id` = 10378 AND `currency_id` = 57 LIMIT 1   [ RunTime:0.0003s ]
SQL: SELECT *,(num+forzen_num) as count FROM `blue_currency_user` WHERE `member_id` = 10378 AND `currency_id` = 59 LIMIT 1   [ RunTime:0.0004s ]
SQL: SHOW COLUMNS FROM `blue_issue_log` [ RunTime:0.0022s ]
SQL: SELECT * FROM `blue_issue_log` WHERE ( deal>0 and add_time<1547287549-60*60*24 and uid=10378 and status=0 )  [ RunTime:0.0007s ]
INFO: [ view_parse ] --START--
INFO: [ template_filter ] --START--
INFO: Run Behavior\ContentReplaceBehavior [ RunTime:0.000095s ]
INFO: [ template_filter ] --END-- [ RunTime:0.000165s ]
INFO: Run Behavior\ParseTemplateBehavior [ RunTime:0.007154s ]
INFO: [ view_parse ] --END-- [ RunTime:0.007206s ]
INFO: [ view_filter ] --START--
INFO: Run Behavior\WriteHtmlCacheBehavior [ RunTime:0.000152s ]
INFO: [ view_filter ] --END-- [ RunTime:0.000176s ]
INFO: [ app_end ] --START--
INFO: Run Behavior\ShowPageTraceBehavior [ RunTime:0.000456s ]
INFO: [ app_end ] --END-- [ RunTime:0.000484s ]

[ 2019-01-12T18:05:57+08:00 ] 127.0.0.1 /Mobile/Wallet/transfer_record.html
INFO: [ app_init ] --START--
INFO: Run Behavior\BuildLiteBehavior [ RunTime:0.000026s ]
INFO: [ app_init ] --END-- [ RunTime:0.000508s ]
INFO: [ app_begin ] --START--
INFO: Run Behavior\ReadHtmlCacheBehavior [ RunTime:0.001220s ]
INFO: [ app_begin ] --END-- [ RunTime:0.001415s ]
SQL: SHOW COLUMNS FROM `blue_config` [ RunTime:0.0015s ]
SQL: SELECT * FROM `blue_config`  [ RunTime:0.0005s ]
SQL: SHOW COLUMNS FROM `blue_purse_download` [ RunTime:0.0013s ]
SQL: SELECT * FROM `blue_purse_download` ORDER BY add_time desc LIMIT 0,6   [ RunTime:0.0002s ]
SQL: SHOW COLUMNS FROM `blue_dividend_config` [ RunTime:0.0012s ]
SQL: SELECT * FROM `blue_dividend_config`  [ RunTime:0.0003s ]
SQL: SHOW COLUMNS FROM `blue_article_category` [ RunTime:0.0012s ]
SQL: SELECT * FROM `blue_article_category` WHERE ( parent_id = 6 ) LIMIT 4   [ RunTime:0.0004s ]
SQL: SHOW COLUMNS FROM `blue_article` [ RunTime:0.0012s ]
SQL: SELECT * FROM `blue_article` WHERE ( position_id = 7 ) LIMIT 4   [ RunTime:0.0003s ]
SQL: SHOW COLUMNS FROM `blue_member` [ RunTime:0.0020s ]
SQL: SELECT *,(rmb+forzen_rmb) as count FROM `blue_member` WHERE ( member_id='10378' ) LIMIT 1   [ RunTime:0.0004s ]
SQL: SHOW COLUMNS FROM `blue_orders` [ RunTime:0.0015s ]
SQL: SHOW COLUMNS FROM `blue_message` [ RunTime:0.0011s ]
SQL: SELECT COUNT(*) AS tp_count FROM `blue_message` WHERE `member_id` = '10378' AND `status` = 0 LIMIT 1   [ RunTime:0.0003s ]
SQL: SHOW COLUMNS FROM `blue_currency` [ RunTime:0.0023s ]
SQL: SELECT * FROM `blue_currency` WHERE ( is_line=1  ) ORDER BY sort  [ RunTime:0.0007s ]
NOTIC: [8] Undefined variable: whereMark /Applications/MAMP/htdocs/project/xiao_1/App/Common/Controller/CommonController.class.php 第 106 行.
SQL: SELECT `currency_id`,`currency_name`,`currency_logo`,`currency_mark` FROM `blue_currency` LIMIT 1   [ RunTime:0.0003s ]
SQL: SELECT `currency_id`,`currency_name`,`currency_logo`,`currency_mark` FROM `blue_currency` WHERE `is_line` = 1  [ RunTime:0.0002s ]
SQL: SELECT `price` FROM `blue_orders` WHERE ( currency_id = 52 ) ORDER BY add_time desc LIMIT 1   [ RunTime:0.0006s ]
SQL: SELECT `price` FROM `blue_orders` WHERE ( currency_id = 53 ) ORDER BY add_time desc LIMIT 1   [ RunTime:0.0005s ]
SQL: SELECT `price` FROM `blue_orders` WHERE ( currency_id = 54 ) ORDER BY add_time desc LIMIT 1   [ RunTime:0.0005s ]
SQL: SELECT `price` FROM `blue_orders` WHERE ( currency_id = 55 ) ORDER BY add_time desc LIMIT 1   [ RunTime:0.0007s ]
SQL: SELECT `price` FROM `blue_orders` WHERE ( currency_id = 56 ) ORDER BY add_time desc LIMIT 1   [ RunTime:0.0005s ]
SQL: SELECT `price` FROM `blue_orders` WHERE ( currency_id = 57 ) ORDER BY add_time desc LIMIT 1   [ RunTime:0.0007s ]
SQL: SELECT `price` FROM `blue_orders` WHERE ( currency_id = 59 ) ORDER BY add_time desc LIMIT 1   [ RunTime:0.0006s ]
SQL: SELECT * FROM `blue_member` WHERE ( member_id =10378 ) LIMIT 1   [ RunTime:0.0003s ]
SQL: SHOW COLUMNS FROM `blue_trade` [ RunTime:0.0012s ]
SQL: SELECT * FROM `blue_currency`  [ RunTime:0.0004s ]
SQL: SHOW COLUMNS FROM `blue_currency_user` [ RunTime:0.0016s ]
SQL: SELECT *,(num+forzen_num) as count FROM `blue_currency_user` WHERE `member_id` = 10378 AND `currency_id` = 52 LIMIT 1   [ RunTime:0.0004s ]
SQL: SELECT *,(num+forzen_num) as count FROM `blue_currency_user` WHERE `member_id` = 10378 AND `currency_id` = 53 LIMIT 1   [ RunTime:0.0004s ]
SQL: SELECT *,(num+forzen_num) as count FROM `blue_currency_user` WHERE `member_id` = 10378 AND `currency_id` = 54 LIMIT 1   [ RunTime:0.0003s ]
SQL: SELECT *,(num+forzen_num) as count FROM `blue_currency_user` WHERE `member_id` = 10378 AND `currency_id` = 55 LIMIT 1   [ RunTime:0.0003s ]
SQL: SELECT *,(num+forzen_num) as count FROM `blue_currency_user` WHERE `member_id` = 10378 AND `currency_id` = 56 LIMIT 1   [ RunTime:0.0003s ]
SQL: SELECT *,(num+forzen_num) as count FROM `blue_currency_user` WHERE `member_id` = 10378 AND `currency_id` = 57 LIMIT 1   [ RunTime:0.0003s ]
SQL: SELECT *,(num+forzen_num) as count FROM `blue_currency_user` WHERE `member_id` = 10378 AND `currency_id` = 59 LIMIT 1   [ RunTime:0.0004s ]
SQL: SHOW COLUMNS FROM `blue_issue_log` [ RunTime:0.0014s ]
SQL: SELECT * FROM `blue_issue_log` WHERE ( deal>0 and add_time<1547287557-60*60*24 and uid=10378 and status=0 )  [ RunTime:0.0004s ]
INFO: [ view_parse ] --START--
INFO: [ template_filter ] --START--
INFO: Run Behavior\ContentReplaceBehavior [ RunTime:0.000098s ]
INFO: [ template_filter ] --END-- [ RunTime:0.000150s ]
INFO: Run Behavior\ParseTemplateBehavior [ RunTime:0.006560s ]
INFO: [ view_parse ] --END-- [ RunTime:0.006619s ]
INFO: [ view_filter ] --START--
INFO: Run Behavior\WriteHtmlCacheBehavior [ RunTime:0.000300s ]
INFO: [ view_filter ] --END-- [ RunTime:0.000359s ]
INFO: [ app_end ] --START--
INFO: Run Behavior\ShowPageTraceBehavior [ RunTime:0.000683s ]
INFO: [ app_end ] --END-- [ RunTime:0.000728s ]

[ 2019-01-12T18:06:01+08:00 ] 127.0.0.1 /Mobile/Wallet/transfer_record.html
INFO: [ app_init ] --START--
INFO: Run Behavior\BuildLiteBehavior [ RunTime:0.000022s ]
INFO: [ app_init ] --END-- [ RunTime:0.000522s ]
INFO: [ app_begin ] --START--
INFO: Run Behavior\ReadHtmlCacheBehavior [ RunTime:0.000750s ]
INFO: [ app_begin ] --END-- [ RunTime:0.000835s ]
SQL: SHOW COLUMNS FROM `blue_config` [ RunTime:0.0027s ]
SQL: SELECT * FROM `blue_config`  [ RunTime:0.0005s ]
SQL: SHOW COLUMNS FROM `blue_purse_download` [ RunTime:0.0015s ]
SQL: SELECT * FROM `blue_purse_download` ORDER BY add_time desc LIMIT 0,6   [ RunTime:0.0003s ]
SQL: SHOW COLUMNS FROM `blue_dividend_config` [ RunTime:0.0015s ]
SQL: SELECT * FROM `blue_dividend_config`  [ RunTime:0.0004s ]
SQL: SHOW COLUMNS FROM `blue_article_category` [ RunTime:0.0016s ]
SQL: SELECT * FROM `blue_article_category` WHERE ( parent_id = 6 ) LIMIT 4   [ RunTime:0.0005s ]
SQL: SHOW COLUMNS FROM `blue_article` [ RunTime:0.0018s ]
SQL: SELECT * FROM `blue_article` WHERE ( position_id = 7 ) LIMIT 4   [ RunTime:0.0004s ]
SQL: SHOW COLUMNS FROM `blue_member` [ RunTime:0.0021s ]
SQL: SELECT *,(rmb+forzen_rmb) as count FROM `blue_member` WHERE ( member_id='10378' ) LIMIT 1   [ RunTime:0.0008s ]
SQL: SHOW COLUMNS FROM `blue_orders` [ RunTime:0.0032s ]
SQL: SHOW COLUMNS FROM `blue_message` [ RunTime:0.0028s ]
SQL: SELECT COUNT(*) AS tp_count FROM `blue_message` WHERE `member_id` = '10378' AND `status` = 0 LIMIT 1   [ RunTime:0.0004s ]
SQL: SHOW COLUMNS FROM `blue_currency` [ RunTime:0.0024s ]
SQL: SELECT * FROM `blue_currency` WHERE ( is_line=1  ) ORDER BY sort  [ RunTime:0.0005s ]
NOTIC: [8] Undefined variable: whereMark /Applications/MAMP/htdocs/project/xiao_1/App/Common/Controller/CommonController.class.php 第 106 行.
SQL: SELECT `currency_id`,`currency_name`,`currency_logo`,`currency_mark` FROM `blue_currency` LIMIT 1   [ RunTime:0.0003s ]
SQL: SELECT `currency_id`,`currency_name`,`currency_logo`,`currency_mark` FROM `blue_currency` WHERE `is_line` = 1  [ RunTime:0.0003s ]
SQL: SELECT `price` FROM `blue_orders` WHERE ( currency_id = 52 ) ORDER BY add_time desc LIMIT 1   [ RunTime:0.0007s ]
SQL: SELECT `price` FROM `blue_orders` WHERE ( currency_id = 53 ) ORDER BY add_time desc LIMIT 1   [ RunTime:0.0006s ]
SQL: SELECT `price` FROM `blue_orders` WHERE ( currency_id = 54 ) ORDER BY add_time desc LIMIT 1   [ RunTime:0.0006s ]
SQL: SELECT `price` FROM `blue_orders` WHERE ( currency_id = 55 ) ORDER BY add_time desc LIMIT 1   [ RunTime:0.0007s ]
SQL: SELECT `price` FROM `blue_orders` WHERE ( currency_id = 56 ) ORDER BY add_time desc LIMIT 1   [ RunTime:0.0009s ]
SQL: SELECT `price` FROM `blue_orders` WHERE ( currency_id = 57 ) ORDER BY add_time desc LIMIT 1   [ RunTime:0.0006s ]
SQL: SELECT `price` FROM `blue_orders` WHERE ( currency_id = 59 ) ORDER BY add_time desc LIMIT 1   [ RunTime:0.0013s ]
SQL: SELECT * FROM `blue_member` WHERE ( member_id =10378 ) LIMIT 1   [ RunTime:0.0006s ]
SQL: SHOW COLUMNS FROM `blue_trade` [ RunTime:0.0021s ]
SQL: SELECT * FROM `blue_currency`  [ RunTime:0.0008s ]
SQL: SHOW COLUMNS FROM `blue_currency_user` [ RunTime:0.0017s ]
SQL: SELECT *,(num+forzen_num) as count FROM `blue_currency_user` WHERE `member_id` = 10378 AND `currency_id` = 52 LIMIT 1   [ RunTime:0.0007s ]
SQL: SELECT *,(num+forzen_num) as count FROM `blue_currency_user` WHERE `member_id` = 10378 AND `currency_id` = 53 LIMIT 1   [ RunTime:0.0006s ]
SQL: SELECT *,(num+forzen_num) as count FROM `blue_currency_user` WHERE `member_id` = 10378 AND `currency_id` = 54 LIMIT 1   [ RunTime:0.0005s ]
SQL: SELECT *,(num+forzen_num) as count FROM `blue_currency_user` WHERE `member_id` = 10378 AND `currency_id` = 55 LIMIT 1   [ RunTime:0.0005s ]
SQL: SELECT *,(num+forzen_num) as count FROM `blue_currency_user` WHERE `member_id` = 10378 AND `currency_id` = 56 LIMIT 1   [ RunTime:0.0003s ]
SQL: SELECT *,(num+forzen_num) as count FROM `blue_currency_user` WHERE `member_id` = 10378 AND `currency_id` = 57 LIMIT 1   [ RunTime:0.0003s ]
SQL: SELECT *,(num+forzen_num) as count FROM `blue_currency_user` WHERE `member_id` = 10378 AND `currency_id` = 59 LIMIT 1   [ RunTime:0.0003s ]
SQL: SHOW COLUMNS FROM `blue_issue_log` [ RunTime:0.0015s ]
SQL: SELECT * FROM `blue_issue_log` WHERE ( deal>0 and add_time<1547287561-60*60*24 and uid=10378 and status=0 )  [ RunTime:0.0004s ]
INFO: [ view_parse ] --START--
INFO: [ template_filter ] --START--
INFO: Run Behavior\ContentReplaceBehavior [ RunTime:0.000059s ]
INFO: [ template_filter ] --END-- [ RunTime:0.000097s ]
INFO: Run Behavior\ParseTemplateBehavior [ RunTime:0.005922s ]
INFO: [ view_parse ] --END-- [ RunTime:0.005954s ]
INFO: [ view_filter ] --START--
INFO: Run Behavior\WriteHtmlCacheBehavior [ RunTime:0.000131s ]
INFO: [ view_filter ] --END-- [ RunTime:0.000153s ]
INFO: [ app_end ] --START--
INFO: Run Behavior\ShowPageTraceBehavior [ RunTime:0.000434s ]
INFO: [ app_end ] --END-- [ RunTime:0.000459s ]

[ 2019-01-12T18:06:05+08:00 ] 127.0.0.1 /Mobile/Wallet/transfer.html
INFO: [ app_init ] --START--
INFO: Run Behavior\BuildLiteBehavior [ RunTime:0.000012s ]
INFO: [ app_init ] --END-- [ RunTime:0.000323s ]
INFO: [ app_begin ] --START--
INFO: Run Behavior\ReadHtmlCacheBehavior [ RunTime:0.000407s ]
INFO: [ app_begin ] --END-- [ RunTime:0.000445s ]
SQL: SHOW COLUMNS FROM `blue_config` [ RunTime:0.0033s ]
SQL: SELECT * FROM `blue_config`  [ RunTime:0.0005s ]
SQL: SHOW COLUMNS FROM `blue_purse_download` [ RunTime:0.0012s ]
SQL: SELECT * FROM `blue_purse_download` ORDER BY add_time desc LIMIT 0,6   [ RunTime:0.0002s ]
SQL: SHOW COLUMNS FROM `blue_dividend_config` [ RunTime:0.0011s ]
SQL: SELECT * FROM `blue_dividend_config`  [ RunTime:0.0004s ]
SQL: SHOW COLUMNS FROM `blue_article_category` [ RunTime:0.0013s ]
SQL: SELECT * FROM `blue_article_category` WHERE ( parent_id = 6 ) LIMIT 4   [ RunTime:0.0004s ]
SQL: SHOW COLUMNS FROM `blue_article` [ RunTime:0.0012s ]
SQL: SELECT * FROM `blue_article` WHERE ( position_id = 7 ) LIMIT 4   [ RunTime:0.0003s ]
SQL: SHOW COLUMNS FROM `blue_member` [ RunTime:0.0026s ]
SQL: SELECT *,(rmb+forzen_rmb) as count FROM `blue_member` WHERE ( member_id='10378' ) LIMIT 1   [ RunTime:0.0010s ]
SQL: SHOW COLUMNS FROM `blue_orders` [ RunTime:0.0015s ]
SQL: SHOW COLUMNS FROM `blue_message` [ RunTime:0.0013s ]
SQL: SELECT COUNT(*) AS tp_count FROM `blue_message` WHERE `member_id` = '10378' AND `status` = 0 LIMIT 1   [ RunTime:0.0003s ]
SQL: SHOW COLUMNS FROM `blue_currency` [ RunTime:0.0014s ]
SQL: SELECT * FROM `blue_currency` WHERE ( is_line=1  ) ORDER BY sort  [ RunTime:0.0005s ]
NOTIC: [8] Undefined variable: whereMark /Applications/MAMP/htdocs/project/xiao_1/App/Common/Controller/CommonController.class.php 第 106 行.
SQL: SELECT `currency_id`,`currency_name`,`currency_logo`,`currency_mark` FROM `blue_currency` LIMIT 1   [ RunTime:0.0003s ]
SQL: SELECT `currency_id`,`currency_name`,`currency_logo`,`currency_mark` FROM `blue_currency` WHERE `is_line` = 1  [ RunTime:0.0004s ]
SQL: SELECT `price` FROM `blue_orders` WHERE ( currency_id = 52 ) ORDER BY add_time desc LIMIT 1   [ RunTime:0.0007s ]
SQL: SELECT `price` FROM `blue_orders` WHERE ( currency_id = 53 ) ORDER BY add_time desc LIMIT 1   [ RunTime:0.0007s ]
SQL: SELECT `price` FROM `blue_orders` WHERE ( currency_id = 54 ) ORDER BY add_time desc LIMIT 1   [ RunTime:0.0007s ]
SQL: SELECT `price` FROM `blue_orders` WHERE ( currency_id = 55 ) ORDER BY add_time desc LIMIT 1   [ RunTime:0.0006s ]
SQL: SELECT `price` FROM `blue_orders` WHERE ( currency_id = 56 ) ORDER BY add_time desc LIMIT 1   [ RunTime:0.0005s ]
SQL: SELECT `price` FROM `blue_orders` WHERE ( currency_id = 57 ) ORDER BY add_time desc LIMIT 1   [ RunTime:0.0005s ]
SQL: SELECT `price` FROM `blue_orders` WHERE ( currency_id = 59 ) ORDER BY add_time desc LIMIT 1   [ RunTime:0.0006s ]
SQL: SELECT * FROM `blue_member` WHERE ( member_id =10378 ) LIMIT 1   [ RunTime:0.0003s ]
SQL: SHOW COLUMNS FROM `blue_trade` [ RunTime:0.0013s ]
SQL: SELECT * FROM `blue_currency`  [ RunTime:0.0005s ]
SQL: SHOW COLUMNS FROM `blue_currency_user` [ RunTime:0.0016s ]
SQL: SELECT *,(num+forzen_num) as count FROM `blue_currency_user` WHERE `member_id` = 10378 AND `currency_id` = 52 LIMIT 1   [ RunTime:0.0004s ]
SQL: SELECT *,(num+forzen_num) as count FROM `blue_currency_user` WHERE `member_id` = 10378 AND `currency_id` = 53 LIMIT 1   [ RunTime:0.0003s ]
SQL: SELECT *,(num+forzen_num) as count FROM `blue_currency_user` WHERE `member_id` = 10378 AND `currency_id` = 54 LIMIT 1   [ RunTime:0.0003s ]
SQL: SELECT *,(num+forzen_num) as count FROM `blue_currency_user` WHERE `member_id` = 10378 AND `currency_id` = 55 LIMIT 1   [ RunTime:0.0003s ]
SQL: SELECT *,(num+forzen_num) as count FROM `blue_currency_user` WHERE `member_id` = 10378 AND `currency_id` = 56 LIMIT 1   [ RunTime:0.0003s ]
SQL: SELECT *,(num+forzen_num) as count FROM `blue_currency_user` WHERE `member_id` = 10378 AND `currency_id` = 57 LIMIT 1   [ RunTime:0.0004s ]
SQL: SELECT *,(num+forzen_num) as count FROM `blue_currency_user` WHERE `member_id` = 10378 AND `currency_id` = 59 LIMIT 1   [ RunTime:0.0004s ]
SQL: SHOW COLUMNS FROM `blue_issue_log` [ RunTime:0.0014s ]
SQL: SELECT * FROM `blue_issue_log` WHERE ( deal>0 and add_time<1547287565-60*60*24 and uid=10378 and status=0 )  [ RunTime:0.0004s ]
INFO: [ view_parse ] --START--
INFO: [ template_filter ] --START--
INFO: Run Behavior\ContentReplaceBehavior [ RunTime:0.000053s ]
INFO: [ template_filter ] --END-- [ RunTime:0.000091s ]
INFO: Run Behavior\ParseTemplateBehavior [ RunTime:0.005341s ]
INFO: [ view_parse ] --END-- [ RunTime:0.005382s ]
INFO: [ view_filter ] --START--
INFO: Run Behavior\WriteHtmlCacheBehavior [ RunTime:0.000157s ]
INFO: [ view_filter ] --END-- [ RunTime:0.000182s ]
INFO: [ app_end ] --START--
INFO: Run Behavior\ShowPageTraceBehavior [ RunTime:0.000668s ]
INFO: [ app_end ] --END-- [ RunTime:0.000721s ]

[ 2019-01-12T18:06:10+08:00 ] 127.0.0.1 /Mobile/Wallet/select_side_address.html
INFO: [ app_init ] --START--
INFO: Run Behavior\BuildLiteBehavior [ RunTime:0.000017s ]
INFO: [ app_init ] --END-- [ RunTime:0.000434s ]
INFO: [ app_begin ] --START--
INFO: Run Behavior\ReadHtmlCacheBehavior [ RunTime:0.000651s ]
INFO: [ app_begin ] --END-- [ RunTime:0.000700s ]
SQL: SHOW COLUMNS FROM `blue_config` [ RunTime:0.0037s ]
SQL: SELECT * FROM `blue_config`  [ RunTime:0.0004s ]
SQL: SHOW COLUMNS FROM `blue_purse_download` [ RunTime:0.0011s ]
SQL: SELECT * FROM `blue_purse_download` ORDER BY add_time desc LIMIT 0,6   [ RunTime:0.0002s ]
SQL: SHOW COLUMNS FROM `blue_dividend_config` [ RunTime:0.0016s ]
SQL: SELECT * FROM `blue_dividend_config`  [ RunTime:0.0005s ]
SQL: SHOW COLUMNS FROM `blue_article_category` [ RunTime:0.0015s ]
SQL: SELECT * FROM `blue_article_category` WHERE ( parent_id = 6 ) LIMIT 4   [ RunTime:0.0004s ]
SQL: SHOW COLUMNS FROM `blue_article` [ RunTime:0.0016s ]
SQL: SELECT * FROM `blue_article` WHERE ( position_id = 7 ) LIMIT 4   [ RunTime:0.0004s ]
SQL: SHOW COLUMNS FROM `blue_member` [ RunTime:0.0020s ]
SQL: SELECT *,(rmb+forzen_rmb) as count FROM `blue_member` WHERE ( member_id='10378' ) LIMIT 1   [ RunTime:0.0005s ]
SQL: SHOW COLUMNS FROM `blue_orders` [ RunTime:0.0014s ]
SQL: SHOW COLUMNS FROM `blue_message` [ RunTime:0.0016s ]
SQL: SELECT COUNT(*) AS tp_count FROM `blue_message` WHERE `member_id` = '10378' AND `status` = 0 LIMIT 1   [ RunTime:0.0004s ]
SQL: SHOW COLUMNS FROM `blue_currency` [ RunTime:0.0018s ]
SQL: SELECT * FROM `blue_currency` WHERE ( is_line=1  ) ORDER BY sort  [ RunTime:0.0005s ]
NOTIC: [8] Undefined variable: whereMark /Applications/MAMP/htdocs/project/xiao_1/App/Common/Controller/CommonController.class.php 第 106 行.
SQL: SELECT `currency_id`,`currency_name`,`currency_logo`,`currency_mark` FROM `blue_currency` LIMIT 1   [ RunTime:0.0003s ]
SQL: SELECT `currency_id`,`currency_name`,`currency_logo`,`currency_mark` FROM `blue_currency` WHERE `is_line` = 1  [ RunTime:0.0003s ]
SQL: SELECT `price` FROM `blue_orders` WHERE ( currency_id = 52 ) ORDER BY add_time desc LIMIT 1   [ RunTime:0.0006s ]
SQL: SELECT `price` FROM `blue_orders` WHERE ( currency_id = 53 ) ORDER BY add_time desc LIMIT 1   [ RunTime:0.0005s ]
SQL: SELECT `price` FROM `blue_orders` WHERE ( currency_id = 54 ) ORDER BY add_time desc LIMIT 1   [ RunTime:0.0005s ]
SQL: SELECT `price` FROM `blue_orders` WHERE ( currency_id = 55 ) ORDER BY add_time desc LIMIT 1   [ RunTime:0.0006s ]
SQL: SELECT `price` FROM `blue_orders` WHERE ( currency_id = 56 ) ORDER BY add_time desc LIMIT 1   [ RunTime:0.0006s ]
SQL: SELECT `price` FROM `blue_orders` WHERE ( currency_id = 57 ) ORDER BY add_time desc LIMIT 1   [ RunTime:0.0005s ]
SQL: SELECT `price` FROM `blue_orders` WHERE ( currency_id = 59 ) ORDER BY add_time desc LIMIT 1   [ RunTime:0.0006s ]
SQL: SELECT * FROM `blue_member` WHERE ( member_id =10378 ) LIMIT 1   [ RunTime:0.0003s ]
SQL: SHOW COLUMNS FROM `blue_trade` [ RunTime:0.0012s ]
SQL: SELECT * FROM `blue_currency`  [ RunTime:0.0004s ]
SQL: SHOW COLUMNS FROM `blue_currency_user` [ RunTime:0.0014s ]
SQL: SELECT *,(num+forzen_num) as count FROM `blue_currency_user` WHERE `member_id` = 10378 AND `currency_id` = 52 LIMIT 1   [ RunTime:0.0010s ]
SQL: SELECT *,(num+forzen_num) as count FROM `blue_currency_user` WHERE `member_id` = 10378 AND `currency_id` = 53 LIMIT 1   [ RunTime:0.0005s ]
SQL: SELECT *,(num+forzen_num) as count FROM `blue_currency_user` WHERE `member_id` = 10378 AND `currency_id` = 54 LIMIT 1   [ RunTime:0.0004s ]
SQL: SELECT *,(num+forzen_num) as count FROM `blue_currency_user` WHERE `member_id` = 10378 AND `currency_id` = 55 LIMIT 1   [ RunTime:0.0003s ]
SQL: SELECT *,(num+forzen_num) as count FROM `blue_currency_user` WHERE `member_id` = 10378 AND `currency_id` = 56 LIMIT 1   [ RunTime:0.0003s ]
SQL: SELECT *,(num+forzen_num) as count FROM `blue_currency_user` WHERE `member_id` = 10378 AND `currency_id` = 57 LIMIT 1   [ RunTime:0.0003s ]
SQL: SELECT *,(num+forzen_num) as count FROM `blue_currency_user` WHERE `member_id` = 10378 AND `currency_id` = 59 LIMIT 1   [ RunTime:0.0004s ]
SQL: SHOW COLUMNS FROM `blue_issue_log` [ RunTime:0.0013s ]
SQL: SELECT * FROM `blue_issue_log` WHERE ( deal>0 and add_time<1547287570-60*60*24 and uid=10378 and status=0 )  [ RunTime:0.0003s ]
INFO: [ view_parse ] --START--
INFO: [ template_filter ] --START--
INFO: Run Behavior\ContentReplaceBehavior [ RunTime:0.000059s ]
INFO: [ template_filter ] --END-- [ RunTime:0.000097s ]
INFO: Run Behavior\ParseTemplateBehavior [ RunTime:0.005710s ]
INFO: [ view_parse ] --END-- [ RunTime:0.005745s ]
INFO: [ view_filter ] --START--
INFO: Run Behavior\WriteHtmlCacheBehavior [ RunTime:0.000143s ]
INFO: [ view_filter ] --END-- [ RunTime:0.000166s ]
INFO: [ app_end ] --START--
INFO: Run Behavior\ShowPageTraceBehavior [ RunTime:0.000439s ]
INFO: [ app_end ] --END-- [ RunTime:0.000465s ]

