[ 2019-03-28T10:22:02+08:00 ] 127.0.0.1 /Mobile/index/index.html
INFO: [ app_init ] --START--
INFO: Run Behavior\BuildLiteBehavior [ RunTime:0.000000s ]
INFO: [ app_init ] --END-- [ RunTime:0.001000s ]
INFO: [ app_begin ] --START--
INFO: Run Behavior\ReadHtmlCacheBehavior [ RunTime:0.000000s ]
INFO: [ app_begin ] --END-- [ RunTime:0.000000s ]
SQL: SHOW COLUMNS FROM `blue_config` [ RunTime:0.0160s ]
SQL: SELECT * FROM `blue_config`  [ RunTime:0.0010s ]
SQL: SHOW COLUMNS FROM `blue_article_category` [ RunTime:0.0080s ]
SQL: SELECT * FROM `blue_article_category` WHERE ( parent_id = 6 ) LIMIT 4   [ RunTime:0.0000s ]
SQL: SHOW COLUMNS FROM `blue_article` [ RunTime:0.0070s ]
SQL: SELECT * FROM `blue_article` WHERE ( position_id = 7 ) LIMIT 4   [ RunTime:0.0000s ]
SQL: SHOW COLUMNS FROM `blue_pub_task` [ RunTime:0.0190s ]
SQL: SELECT * FROM `blue_pub_task` WHERE `status` = 1  [ RunTime:0.0010s ]
INFO: [ view_parse ] --START--
INFO: [ template_filter ] --START--
INFO: Run Behavior\ContentReplaceBehavior [ RunTime:0.000000s ]
INFO: [ template_filter ] --END-- [ RunTime:0.000000s ]
NOTIC: [8] Undefined variable: phone D:\WWW\task_1\App\Runtime\Cache\Mobile\42b8df715104a68a83a65e315494a3ed.php 第 151 行.
NOTIC: [8] Undefined variable: username D:\WWW\task_1\App\Runtime\Cache\Mobile\42b8df715104a68a83a65e315494a3ed.php 第 152 行.
NOTIC: [8] Undefined variable: head D:\WWW\task_1\App\Runtime\Cache\Mobile\42b8df715104a68a83a65e315494a3ed.php 第 153 行.
NOTIC: [8] Undefined variable: type D:\WWW\task_1\App\Runtime\Cache\Mobile\42b8df715104a68a83a65e315494a3ed.php 第 154 行.
INFO: Run Behavior\ParseTemplateBehavior [ RunTime:0.019002s ]
INFO: [ view_parse ] --END-- [ RunTime:0.019002s ]
INFO: [ view_filter ] --START--
INFO: Run Behavior\WriteHtmlCacheBehavior [ RunTime:0.000000s ]
INFO: [ view_filter ] --END-- [ RunTime:0.000000s ]
INFO: [ app_end ] --START--
INFO: Run Behavior\ShowPageTraceBehavior [ RunTime:0.001000s ]
INFO: [ app_end ] --END-- [ RunTime:0.001000s ]

[ 2019-03-28T10:22:05+08:00 ] 127.0.0.1 /Mobile/Member/index.html
INFO: [ app_init ] --START--
INFO: Run Behavior\BuildLiteBehavior [ RunTime:0.000000s ]
INFO: [ app_init ] --END-- [ RunTime:0.000000s ]
INFO: [ app_begin ] --START--
INFO: Run Behavior\ReadHtmlCacheBehavior [ RunTime:0.000000s ]
INFO: [ app_begin ] --END-- [ RunTime:0.000000s ]
SQL: SHOW COLUMNS FROM `blue_config` [ RunTime:0.0280s ]
SQL: SELECT * FROM `blue_config`  [ RunTime:0.0010s ]
SQL: SHOW COLUMNS FROM `blue_article_category` [ RunTime:0.0130s ]
SQL: SELECT * FROM `blue_article_category` WHERE ( parent_id = 6 ) LIMIT 4   [ RunTime:0.0210s ]
SQL: SHOW COLUMNS FROM `blue_article` [ RunTime:0.0100s ]
SQL: SELECT * FROM `blue_article` WHERE ( position_id = 7 ) LIMIT 4   [ RunTime:0.0010s ]

[ 2019-03-28T10:22:06+08:00 ] 127.0.0.1 /Mobile/Login/index.html
INFO: [ app_init ] --START--
INFO: Run Behavior\BuildLiteBehavior [ RunTime:0.000000s ]
INFO: [ app_init ] --END-- [ RunTime:0.000000s ]
INFO: [ app_begin ] --START--
INFO: Run Behavior\ReadHtmlCacheBehavior [ RunTime:0.000000s ]
INFO: [ app_begin ] --END-- [ RunTime:0.000000s ]
SQL: SHOW COLUMNS FROM `blue_config` [ RunTime:0.0200s ]
SQL: SELECT * FROM `blue_config`  [ RunTime:0.0020s ]
SQL: SHOW COLUMNS FROM `blue_article_category` [ RunTime:0.0200s ]
SQL: SELECT * FROM `blue_article_category` WHERE ( parent_id = 6 ) LIMIT 4   [ RunTime:0.0010s ]
SQL: SHOW COLUMNS FROM `blue_article` [ RunTime:0.0100s ]
SQL: SELECT * FROM `blue_article` WHERE ( position_id = 7 ) LIMIT 4   [ RunTime:0.0000s ]
INFO: [ view_parse ] --START--
INFO: [ template_filter ] --START--
INFO: Run Behavior\ContentReplaceBehavior [ RunTime:0.000000s ]
INFO: [ template_filter ] --END-- [ RunTime:0.000000s ]
INFO: Run Behavior\ParseTemplateBehavior [ RunTime:0.010001s ]
INFO: [ view_parse ] --END-- [ RunTime:0.010001s ]
INFO: [ view_filter ] --START--
INFO: Run Behavior\WriteHtmlCacheBehavior [ RunTime:0.000000s ]
INFO: [ view_filter ] --END-- [ RunTime:0.000000s ]
INFO: [ app_end ] --START--
INFO: Run Behavior\ShowPageTraceBehavior [ RunTime:0.001000s ]
INFO: [ app_end ] --END-- [ RunTime:0.001000s ]

[ 2019-03-28T10:22:08+08:00 ] 127.0.0.1 /Mobile/Login/op_login.html
INFO: [ app_init ] --START--
INFO: Run Behavior\BuildLiteBehavior [ RunTime:0.000000s ]
INFO: [ app_init ] --END-- [ RunTime:0.001000s ]
INFO: [ app_begin ] --START--
INFO: Run Behavior\ReadHtmlCacheBehavior [ RunTime:0.000000s ]
INFO: [ app_begin ] --END-- [ RunTime:0.000000s ]
NOTIC: [2] preg_match(): Delimiter must not be alphanumeric or backslash D:\WWW\task_1\App\Common\Common\function.php 第 614 行.
NOTIC: [2] preg_match(): Delimiter must not be alphanumeric or backslash D:\WWW\task_1\App\Common\Common\function.php 第 614 行.
SQL: SHOW COLUMNS FROM `blue_config` [ RunTime:0.0050s ]
SQL: SELECT * FROM `blue_config`  [ RunTime:0.0000s ]
SQL: SHOW COLUMNS FROM `blue_article_category` [ RunTime:0.0040s ]
SQL: SELECT * FROM `blue_article_category` WHERE ( parent_id = 6 ) LIMIT 4   [ RunTime:0.0010s ]
SQL: SHOW COLUMNS FROM `blue_article` [ RunTime:0.0030s ]
SQL: SELECT * FROM `blue_article` WHERE ( position_id = 7 ) LIMIT 4   [ RunTime:0.0000s ]
SQL: SHOW COLUMNS FROM `blue_member` [ RunTime:0.0040s ]
SQL: SELECT * FROM `blue_member` WHERE `username` = '15179811531' LIMIT 1   [ RunTime:0.0000s ]
SQL: UPDATE `blue_member` SET `login_ip`='127.0.0.1',`login_time`='1553739728' WHERE `member_id` = 1 [ RunTime:0.0220s ]
SQL: SHOW COLUMNS FROM `blue_member_info` [ RunTime:0.0150s ]
SQL: SELECT * FROM `blue_member_info` WHERE `member_id` = 1 LIMIT 1   [ RunTime:0.0010s ]

[ 2019-03-28T10:22:10+08:00 ] 127.0.0.1 /Mobile/Member/index.html
INFO: [ app_init ] --START--
INFO: Run Behavior\BuildLiteBehavior [ RunTime:0.001001s ]
INFO: [ app_init ] --END-- [ RunTime:0.001001s ]
INFO: [ app_begin ] --START--
INFO: Run Behavior\ReadHtmlCacheBehavior [ RunTime:0.000000s ]
INFO: [ app_begin ] --END-- [ RunTime:0.000000s ]
SQL: SHOW COLUMNS FROM `blue_config` [ RunTime:0.0070s ]
SQL: SELECT * FROM `blue_config`  [ RunTime:0.0020s ]
SQL: SHOW COLUMNS FROM `blue_article_category` [ RunTime:0.0070s ]
SQL: SELECT * FROM `blue_article_category` WHERE ( parent_id = 6 ) LIMIT 4   [ RunTime:0.0000s ]
SQL: SHOW COLUMNS FROM `blue_article` [ RunTime:0.0070s ]
SQL: SELECT * FROM `blue_article` WHERE ( position_id = 7 ) LIMIT 4   [ RunTime:0.0000s ]
SQL: SHOW COLUMNS FROM `blue_member` [ RunTime:0.0070s ]
SQL: SELECT *,(rmb+forzen_rmb) as count FROM `blue_member` WHERE ( member_id='1' ) LIMIT 1   [ RunTime:0.0000s ]
SQL: SHOW COLUMNS FROM `blue_member_info` [ RunTime:0.0080s ]
SQL: SELECT * FROM `blue_member_info` WHERE `member_id` = 1 LIMIT 1   [ RunTime:0.0000s ]
SQL: UPDATE `blue_member_info` SET `left_qd_num`='0',`left_fk_num`='0',`stars`='0' WHERE `member_id` = 1 [ RunTime:0.0110s ]
SQL: UPDATE `blue_member_info` SET `left_qd_num`='3',`left_fk_num`='3',`stars`='3',`stars_update__time`='1553739730' WHERE `member_id` = 1 [ RunTime:0.0010s ]
SQL: SELECT * FROM `blue_member_info` WHERE `member_id` = 1 LIMIT 1   [ RunTime:0.0000s ]
SQL: SHOW COLUMNS FROM `blue_member` [ RunTime:0.0070s ]
SQL: SELECT m.*,mi.* FROM blue_member m LEFT JOIN blue_member_info mi ON mi.member_id=m.member_id  WHERE m.member_id = '1' LIMIT 1   [ RunTime:0.0010s ]
SQL: SHOW COLUMNS FROM `blue_deposit_auth` [ RunTime:0.0180s ]
SQL: SELECT * FROM `blue_deposit_auth` WHERE `member_id` = 1 LIMIT 1   [ RunTime:0.0010s ]
SQL: SHOW COLUMNS FROM `blue_member_trade_record` [ RunTime:0.0120s ]
SQL: SELECT SUM(commision) AS tp_sum FROM `blue_member_trade_record` WHERE `member_id` = 1 AND `type` = 2 LIMIT 1   [ RunTime:0.0010s ]
SQL: SELECT SUM(money) AS tp_sum FROM `blue_member_trade_record` WHERE `member_id` = 1 AND `type` = 1 LIMIT 1   [ RunTime:0.0010s ]
INFO: [ view_parse ] --START--
INFO: [ template_filter ] --START--
INFO: Run Behavior\ContentReplaceBehavior [ RunTime:0.000000s ]
INFO: [ template_filter ] --END-- [ RunTime:0.000000s ]
INFO: Run Behavior\ParseTemplateBehavior [ RunTime:0.010001s ]
INFO: [ view_parse ] --END-- [ RunTime:0.010001s ]
INFO: [ view_filter ] --START--
INFO: Run Behavior\WriteHtmlCacheBehavior [ RunTime:0.000000s ]
INFO: [ view_filter ] --END-- [ RunTime:0.000000s ]
INFO: [ app_end ] --START--
INFO: Run Behavior\ShowPageTraceBehavior [ RunTime:0.001000s ]
INFO: [ app_end ] --END-- [ RunTime:0.001000s ]

[ 2019-03-28T10:22:13+08:00 ] 127.0.0.1 /Mobile/Member/myinfo.html
INFO: [ app_init ] --START--
INFO: Run Behavior\BuildLiteBehavior [ RunTime:0.000000s ]
INFO: [ app_init ] --END-- [ RunTime:0.000000s ]
INFO: [ app_begin ] --START--
INFO: Run Behavior\ReadHtmlCacheBehavior [ RunTime:0.000000s ]
INFO: [ app_begin ] --END-- [ RunTime:0.000000s ]
SQL: SHOW COLUMNS FROM `blue_config` [ RunTime:0.0110s ]
SQL: SELECT * FROM `blue_config`  [ RunTime:0.0050s ]
SQL: SHOW COLUMNS FROM `blue_article_category` [ RunTime:0.0130s ]
SQL: SELECT * FROM `blue_article_category` WHERE ( parent_id = 6 ) LIMIT 4   [ RunTime:0.0010s ]
SQL: SHOW COLUMNS FROM `blue_article` [ RunTime:0.0070s ]
SQL: SELECT * FROM `blue_article` WHERE ( position_id = 7 ) LIMIT 4   [ RunTime:0.0000s ]
SQL: SHOW COLUMNS FROM `blue_member` [ RunTime:0.0060s ]
SQL: SELECT *,(rmb+forzen_rmb) as count FROM `blue_member` WHERE ( member_id='1' ) LIMIT 1   [ RunTime:0.0000s ]
SQL: SHOW COLUMNS FROM `blue_member_info` [ RunTime:0.0060s ]
SQL: SELECT * FROM `blue_member_info` WHERE `member_id` = 1 LIMIT 1   [ RunTime:0.0010s ]
SQL: SELECT * FROM `blue_member_info` WHERE `member_id` = 1 LIMIT 1   [ RunTime:0.0000s ]
INFO: [ view_parse ] --START--
INFO: [ template_filter ] --START--
INFO: Run Behavior\ContentReplaceBehavior [ RunTime:0.000000s ]
INFO: [ template_filter ] --END-- [ RunTime:0.000000s ]
INFO: Run Behavior\ParseTemplateBehavior [ RunTime:0.011001s ]
INFO: [ view_parse ] --END-- [ RunTime:0.011001s ]
INFO: [ view_filter ] --START--
INFO: Run Behavior\WriteHtmlCacheBehavior [ RunTime:0.000000s ]
INFO: [ view_filter ] --END-- [ RunTime:0.000000s ]
INFO: [ app_end ] --START--
INFO: Run Behavior\ShowPageTraceBehavior [ RunTime:0.000000s ]
INFO: [ app_end ] --END-- [ RunTime:0.000000s ]

[ 2019-03-28T10:22:15+08:00 ] 127.0.0.1 /Mobile/Member/accountinfo.html
INFO: [ app_init ] --START--
INFO: Run Behavior\BuildLiteBehavior [ RunTime:0.000000s ]
INFO: [ app_init ] --END-- [ RunTime:0.001000s ]
INFO: [ app_begin ] --START--
INFO: Run Behavior\ReadHtmlCacheBehavior [ RunTime:0.001000s ]
INFO: [ app_begin ] --END-- [ RunTime:0.001000s ]
SQL: SHOW COLUMNS FROM `blue_config` [ RunTime:0.0110s ]
SQL: SELECT * FROM `blue_config`  [ RunTime:0.0000s ]
SQL: SHOW COLUMNS FROM `blue_article_category` [ RunTime:0.0080s ]
SQL: SELECT * FROM `blue_article_category` WHERE ( parent_id = 6 ) LIMIT 4   [ RunTime:0.0010s ]
SQL: SHOW COLUMNS FROM `blue_article` [ RunTime:0.0100s ]
SQL: SELECT * FROM `blue_article` WHERE ( position_id = 7 ) LIMIT 4   [ RunTime:0.0000s ]
SQL: SHOW COLUMNS FROM `blue_member` [ RunTime:0.0070s ]
SQL: SELECT *,(rmb+forzen_rmb) as count FROM `blue_member` WHERE ( member_id='1' ) LIMIT 1   [ RunTime:0.0000s ]
SQL: SHOW COLUMNS FROM `blue_member_info` [ RunTime:0.0060s ]
SQL: SELECT * FROM `blue_member_info` WHERE `member_id` = 1 LIMIT 1   [ RunTime:0.0000s ]
SQL: SELECT * FROM `blue_member_info` WHERE `member_id` = 1 LIMIT 1   [ RunTime:0.0000s ]
SQL: SHOW COLUMNS FROM `blue_member` [ RunTime:0.0060s ]
SQL: SELECT m.*,mi.* FROM blue_member m LEFT JOIN blue_member_info mi ON mi.member_id=m.member_id  WHERE m.member_id = '1' LIMIT 1   [ RunTime:0.0000s ]
INFO: [ view_parse ] --START--
INFO: [ template_filter ] --START--
INFO: Run Behavior\ContentReplaceBehavior [ RunTime:0.000000s ]
INFO: [ template_filter ] --END-- [ RunTime:0.000000s ]
INFO: Run Behavior\ParseTemplateBehavior [ RunTime:0.006001s ]
INFO: [ view_parse ] --END-- [ RunTime:0.007001s ]
INFO: [ view_filter ] --START--
INFO: Run Behavior\WriteHtmlCacheBehavior [ RunTime:0.000000s ]
INFO: [ view_filter ] --END-- [ RunTime:0.000000s ]
INFO: [ app_end ] --START--
INFO: Run Behavior\ShowPageTraceBehavior [ RunTime:0.000000s ]
INFO: [ app_end ] --END-- [ RunTime:0.000000s ]

[ 2019-03-28T10:22:18+08:00 ] 127.0.0.1 /Mobile/Member/upload_qrcode/type/1.html
INFO: [ app_init ] --START--
INFO: Run Behavior\BuildLiteBehavior [ RunTime:0.000000s ]
INFO: [ app_init ] --END-- [ RunTime:0.000000s ]
INFO: [ app_begin ] --START--
INFO: Run Behavior\ReadHtmlCacheBehavior [ RunTime:0.001000s ]
INFO: [ app_begin ] --END-- [ RunTime:0.001000s ]
NOTIC: [2] preg_match(): Delimiter must not be alphanumeric or backslash D:\WWW\task_1\App\Common\Common\function.php 第 614 行.
SQL: SHOW COLUMNS FROM `blue_config` [ RunTime:0.0210s ]
SQL: SELECT * FROM `blue_config`  [ RunTime:0.0010s ]
SQL: SHOW COLUMNS FROM `blue_article_category` [ RunTime:0.0110s ]
SQL: SELECT * FROM `blue_article_category` WHERE ( parent_id = 6 ) LIMIT 4   [ RunTime:0.0000s ]
SQL: SHOW COLUMNS FROM `blue_article` [ RunTime:0.0090s ]
SQL: SELECT * FROM `blue_article` WHERE ( position_id = 7 ) LIMIT 4   [ RunTime:0.0000s ]
SQL: SHOW COLUMNS FROM `blue_member` [ RunTime:0.0090s ]
SQL: SELECT *,(rmb+forzen_rmb) as count FROM `blue_member` WHERE ( member_id='1' ) LIMIT 1   [ RunTime:0.0000s ]
SQL: SHOW COLUMNS FROM `blue_member_info` [ RunTime:0.0090s ]
SQL: SELECT * FROM `blue_member_info` WHERE `member_id` = 1 LIMIT 1   [ RunTime:0.0000s ]
SQL: SELECT * FROM `blue_member_info` WHERE `member_id` = 1 LIMIT 1   [ RunTime:0.0000s ]
SQL: SELECT `alipay_logo` FROM `blue_member_info` WHERE `member_id` = 1 LIMIT 1   [ RunTime:0.0000s ]
INFO: [ view_parse ] --START--
INFO: [ template_filter ] --START--
INFO: Run Behavior\ContentReplaceBehavior [ RunTime:0.000000s ]
INFO: [ template_filter ] --END-- [ RunTime:0.000000s ]
INFO: Run Behavior\ParseTemplateBehavior [ RunTime:0.009001s ]
INFO: [ view_parse ] --END-- [ RunTime:0.009001s ]
INFO: [ view_filter ] --START--
INFO: Run Behavior\WriteHtmlCacheBehavior [ RunTime:0.001000s ]
INFO: [ view_filter ] --END-- [ RunTime:0.001000s ]
INFO: [ app_end ] --START--
INFO: Run Behavior\ShowPageTraceBehavior [ RunTime:0.001000s ]
INFO: [ app_end ] --END-- [ RunTime:0.001000s ]

[ 2019-03-28T10:23:19+08:00 ] 127.0.0.1 /Mobile/Member/upload_qrcode/type/1.html
INFO: [ app_init ] --START--
INFO: Run Behavior\BuildLiteBehavior [ RunTime:0.000000s ]
INFO: [ app_init ] --END-- [ RunTime:0.000000s ]
INFO: [ app_begin ] --START--
INFO: Run Behavior\ReadHtmlCacheBehavior [ RunTime:0.001000s ]
INFO: [ app_begin ] --END-- [ RunTime:0.001000s ]
NOTIC: [2] preg_match(): Delimiter must not be alphanumeric or backslash D:\WWW\task_1\App\Common\Common\function.php 第 614 行.
SQL: SHOW COLUMNS FROM `blue_config` [ RunTime:0.0110s ]
SQL: SELECT * FROM `blue_config`  [ RunTime:0.0010s ]
SQL: SHOW COLUMNS FROM `blue_article_category` [ RunTime:0.0120s ]
SQL: SELECT * FROM `blue_article_category` WHERE ( parent_id = 6 ) LIMIT 4   [ RunTime:0.0010s ]
SQL: SHOW COLUMNS FROM `blue_article` [ RunTime:0.0110s ]
SQL: SELECT * FROM `blue_article` WHERE ( position_id = 7 ) LIMIT 4   [ RunTime:0.0010s ]
SQL: SHOW COLUMNS FROM `blue_member` [ RunTime:0.0110s ]
SQL: SELECT *,(rmb+forzen_rmb) as count FROM `blue_member` WHERE ( member_id='1' ) LIMIT 1   [ RunTime:0.0000s ]
SQL: SHOW COLUMNS FROM `blue_member_info` [ RunTime:0.0120s ]
SQL: SELECT * FROM `blue_member_info` WHERE `member_id` = 1 LIMIT 1   [ RunTime:0.0010s ]
SQL: SELECT * FROM `blue_member_info` WHERE `member_id` = 1 LIMIT 1   [ RunTime:0.0000s ]
SQL: SELECT `alipay_logo` FROM `blue_member_info` WHERE `member_id` = 1 LIMIT 1   [ RunTime:0.0000s ]
INFO: [ view_parse ] --START--
INFO: [ template_filter ] --START--
INFO: Run Behavior\ContentReplaceBehavior [ RunTime:0.000000s ]
INFO: [ template_filter ] --END-- [ RunTime:0.000000s ]
INFO: Run Behavior\ParseTemplateBehavior [ RunTime:0.011001s ]
INFO: [ view_parse ] --END-- [ RunTime:0.011001s ]
INFO: [ view_filter ] --START--
INFO: Run Behavior\WriteHtmlCacheBehavior [ RunTime:0.000000s ]
INFO: [ view_filter ] --END-- [ RunTime:0.000000s ]
INFO: [ app_end ] --START--
INFO: Run Behavior\ShowPageTraceBehavior [ RunTime:0.001000s ]
INFO: [ app_end ] --END-- [ RunTime:0.001000s ]

[ 2019-03-28T10:23:22+08:00 ] 127.0.0.1 /Mobile/Upload/upload.html
INFO: [ app_init ] --START--
INFO: Run Behavior\BuildLiteBehavior [ RunTime:0.000000s ]
INFO: [ app_init ] --END-- [ RunTime:0.001001s ]
INFO: [ app_begin ] --START--
INFO: Run Behavior\ReadHtmlCacheBehavior [ RunTime:0.001000s ]
INFO: [ app_begin ] --END-- [ RunTime:0.001000s ]
NOTIC: [2] call_user_func() expects parameter 1 to be a valid callback, no array or string given D:\WWW\task_1\ThinkPHP\Library\Think\Upload.class.php 第 173 行.

[ 2019-03-28T10:24:16+08:00 ] 127.0.0.1 /Mobile/Member/upload_qrcode/type/1.html
INFO: [ app_init ] --START--
INFO: Run Behavior\BuildLiteBehavior [ RunTime:0.000000s ]
INFO: [ app_init ] --END-- [ RunTime:0.001000s ]
INFO: [ app_begin ] --START--
INFO: Run Behavior\ReadHtmlCacheBehavior [ RunTime:0.001000s ]
INFO: [ app_begin ] --END-- [ RunTime:0.001000s ]
NOTIC: [2] preg_match(): Delimiter must not be alphanumeric or backslash D:\WWW\task_1\App\Common\Common\function.php 第 614 行.
SQL: SHOW COLUMNS FROM `blue_config` [ RunTime:0.0210s ]
SQL: SELECT * FROM `blue_config`  [ RunTime:0.0010s ]
SQL: SHOW COLUMNS FROM `blue_article_category` [ RunTime:0.0120s ]
SQL: SELECT * FROM `blue_article_category` WHERE ( parent_id = 6 ) LIMIT 4   [ RunTime:0.0000s ]
SQL: SHOW COLUMNS FROM `blue_article` [ RunTime:0.0080s ]
SQL: SELECT * FROM `blue_article` WHERE ( position_id = 7 ) LIMIT 4   [ RunTime:0.0010s ]
SQL: SHOW COLUMNS FROM `blue_member` [ RunTime:0.0070s ]
SQL: SELECT *,(rmb+forzen_rmb) as count FROM `blue_member` WHERE ( member_id='1' ) LIMIT 1   [ RunTime:0.0010s ]
SQL: SHOW COLUMNS FROM `blue_member_info` [ RunTime:0.0080s ]
SQL: SELECT * FROM `blue_member_info` WHERE `member_id` = 1 LIMIT 1   [ RunTime:0.0010s ]
SQL: SELECT * FROM `blue_member_info` WHERE `member_id` = 1 LIMIT 1   [ RunTime:0.0000s ]
SQL: SELECT `alipay_logo` FROM `blue_member_info` WHERE `member_id` = 1 LIMIT 1   [ RunTime:0.0000s ]
INFO: [ view_parse ] --START--
INFO: [ template_filter ] --START--
INFO: Run Behavior\ContentReplaceBehavior [ RunTime:0.000000s ]
INFO: [ template_filter ] --END-- [ RunTime:0.000000s ]
INFO: Run Behavior\ParseTemplateBehavior [ RunTime:0.007001s ]
INFO: [ view_parse ] --END-- [ RunTime:0.007001s ]
INFO: [ view_filter ] --START--
INFO: Run Behavior\WriteHtmlCacheBehavior [ RunTime:0.001000s ]
INFO: [ view_filter ] --END-- [ RunTime:0.001000s ]
INFO: [ app_end ] --START--
INFO: Run Behavior\ShowPageTraceBehavior [ RunTime:0.000000s ]
INFO: [ app_end ] --END-- [ RunTime:0.000000s ]

[ 2019-03-28T10:24:19+08:00 ] 127.0.0.1 /Mobile/Upload/upload.html
INFO: [ app_init ] --START--
INFO: Run Behavior\BuildLiteBehavior [ RunTime:0.000000s ]
INFO: [ app_init ] --END-- [ RunTime:0.000000s ]
INFO: [ app_begin ] --START--
INFO: Run Behavior\ReadHtmlCacheBehavior [ RunTime:0.000000s ]
INFO: [ app_begin ] --END-- [ RunTime:0.000000s ]
NOTIC: [2] call_user_func() expects parameter 1 to be a valid callback, no array or string given D:\WWW\task_1\ThinkPHP\Library\Think\Upload.class.php 第 173 行.

[ 2019-03-28T10:24:24+08:00 ] 127.0.0.1 /Mobile/Member/upload_qrcode_op.html
INFO: [ app_init ] --START--
INFO: Run Behavior\BuildLiteBehavior [ RunTime:0.000000s ]
INFO: [ app_init ] --END-- [ RunTime:0.001001s ]
INFO: [ app_begin ] --START--
INFO: Run Behavior\ReadHtmlCacheBehavior [ RunTime:0.000000s ]
INFO: [ app_begin ] --END-- [ RunTime:0.000000s ]
NOTIC: [2] preg_match(): Delimiter must not be alphanumeric or backslash D:\WWW\task_1\App\Common\Common\function.php 第 614 行.
NOTIC: [2] preg_match(): Delimiter must not be alphanumeric or backslash D:\WWW\task_1\App\Common\Common\function.php 第 614 行.
SQL: SHOW COLUMNS FROM `blue_config` [ RunTime:0.0250s ]
SQL: SELECT * FROM `blue_config`  [ RunTime:0.0010s ]
SQL: SHOW COLUMNS FROM `blue_article_category` [ RunTime:0.0150s ]
SQL: SELECT * FROM `blue_article_category` WHERE ( parent_id = 6 ) LIMIT 4   [ RunTime:0.0010s ]
SQL: SHOW COLUMNS FROM `blue_article` [ RunTime:0.0140s ]
SQL: SELECT * FROM `blue_article` WHERE ( position_id = 7 ) LIMIT 4   [ RunTime:0.0010s ]
SQL: SHOW COLUMNS FROM `blue_member` [ RunTime:0.0070s ]
SQL: SELECT *,(rmb+forzen_rmb) as count FROM `blue_member` WHERE ( member_id='1' ) LIMIT 1   [ RunTime:0.0000s ]
SQL: SHOW COLUMNS FROM `blue_member_info` [ RunTime:0.0100s ]
SQL: SELECT * FROM `blue_member_info` WHERE `member_id` = 1 LIMIT 1   [ RunTime:0.0000s ]
SQL: SELECT * FROM `blue_member_info` WHERE `member_id` = 1 LIMIT 1   [ RunTime:0.0000s ]
SQL: UPDATE `blue_member_info` SET `alipay_logo`='/Uploads/Public/Uploads/2019-03-28/5c9c3053f2037.jpg' WHERE `member_id` = 1 [ RunTime:0.0000s ]

[ 2019-03-28T10:24:28+08:00 ] 127.0.0.1 /Mobile/Member/accountinfo.html
INFO: [ app_init ] --START--
INFO: Run Behavior\BuildLiteBehavior [ RunTime:0.000000s ]
INFO: [ app_init ] --END-- [ RunTime:0.000000s ]
INFO: [ app_begin ] --START--
INFO: Run Behavior\ReadHtmlCacheBehavior [ RunTime:0.001000s ]
INFO: [ app_begin ] --END-- [ RunTime:0.001000s ]
SQL: SHOW COLUMNS FROM `blue_config` [ RunTime:0.0130s ]
SQL: SELECT * FROM `blue_config`  [ RunTime:0.0010s ]
SQL: SHOW COLUMNS FROM `blue_article_category` [ RunTime:0.0130s ]
SQL: SELECT * FROM `blue_article_category` WHERE ( parent_id = 6 ) LIMIT 4   [ RunTime:0.0010s ]
SQL: SHOW COLUMNS FROM `blue_article` [ RunTime:0.0130s ]
SQL: SELECT * FROM `blue_article` WHERE ( position_id = 7 ) LIMIT 4   [ RunTime:0.0000s ]
SQL: SHOW COLUMNS FROM `blue_member` [ RunTime:0.0120s ]
SQL: SELECT *,(rmb+forzen_rmb) as count FROM `blue_member` WHERE ( member_id='1' ) LIMIT 1   [ RunTime:0.0000s ]
SQL: SHOW COLUMNS FROM `blue_member_info` [ RunTime:0.0130s ]
SQL: SELECT * FROM `blue_member_info` WHERE `member_id` = 1 LIMIT 1   [ RunTime:0.0000s ]
SQL: SELECT * FROM `blue_member_info` WHERE `member_id` = 1 LIMIT 1   [ RunTime:0.0000s ]
SQL: SHOW COLUMNS FROM `blue_member` [ RunTime:0.0130s ]
SQL: SELECT m.*,mi.* FROM blue_member m LEFT JOIN blue_member_info mi ON mi.member_id=m.member_id  WHERE m.member_id = '1' LIMIT 1   [ RunTime:0.0010s ]
INFO: [ view_parse ] --START--
INFO: [ template_filter ] --START--
INFO: Run Behavior\ContentReplaceBehavior [ RunTime:0.000000s ]
INFO: [ template_filter ] --END-- [ RunTime:0.000000s ]
INFO: Run Behavior\ParseTemplateBehavior [ RunTime:0.013002s ]
INFO: [ view_parse ] --END-- [ RunTime:0.013002s ]
INFO: [ view_filter ] --START--
INFO: Run Behavior\WriteHtmlCacheBehavior [ RunTime:0.001000s ]
INFO: [ view_filter ] --END-- [ RunTime:0.001000s ]
INFO: [ app_end ] --START--
INFO: Run Behavior\ShowPageTraceBehavior [ RunTime:0.000000s ]
INFO: [ app_end ] --END-- [ RunTime:0.000000s ]

[ 2019-03-28T10:24:30+08:00 ] 127.0.0.1 /Mobile/Member/upload_qrcode/type/1.html
INFO: [ app_init ] --START--
INFO: Run Behavior\BuildLiteBehavior [ RunTime:0.000000s ]
INFO: [ app_init ] --END-- [ RunTime:0.001000s ]
INFO: [ app_begin ] --START--
INFO: Run Behavior\ReadHtmlCacheBehavior [ RunTime:0.001000s ]
INFO: [ app_begin ] --END-- [ RunTime:0.001000s ]
NOTIC: [2] preg_match(): Delimiter must not be alphanumeric or backslash D:\WWW\task_1\App\Common\Common\function.php 第 614 行.
SQL: SHOW COLUMNS FROM `blue_config` [ RunTime:0.0130s ]
SQL: SELECT * FROM `blue_config`  [ RunTime:0.0010s ]
SQL: SHOW COLUMNS FROM `blue_article_category` [ RunTime:0.0130s ]
SQL: SELECT * FROM `blue_article_category` WHERE ( parent_id = 6 ) LIMIT 4   [ RunTime:0.0000s ]
SQL: SHOW COLUMNS FROM `blue_article` [ RunTime:0.0140s ]
SQL: SELECT * FROM `blue_article` WHERE ( position_id = 7 ) LIMIT 4   [ RunTime:0.0010s ]
SQL: SHOW COLUMNS FROM `blue_member` [ RunTime:0.0110s ]
SQL: SELECT *,(rmb+forzen_rmb) as count FROM `blue_member` WHERE ( member_id='1' ) LIMIT 1   [ RunTime:0.0000s ]
SQL: SHOW COLUMNS FROM `blue_member_info` [ RunTime:0.0080s ]
SQL: SELECT * FROM `blue_member_info` WHERE `member_id` = 1 LIMIT 1   [ RunTime:0.0000s ]
SQL: SELECT * FROM `blue_member_info` WHERE `member_id` = 1 LIMIT 1   [ RunTime:0.0010s ]
SQL: SELECT `alipay_logo` FROM `blue_member_info` WHERE `member_id` = 1 LIMIT 1   [ RunTime:0.0000s ]
INFO: [ view_parse ] --START--
INFO: [ template_filter ] --START--
INFO: Run Behavior\ContentReplaceBehavior [ RunTime:0.000000s ]
INFO: [ template_filter ] --END-- [ RunTime:0.000000s ]
INFO: Run Behavior\ParseTemplateBehavior [ RunTime:0.008001s ]
INFO: [ view_parse ] --END-- [ RunTime:0.008001s ]
INFO: [ view_filter ] --START--
INFO: Run Behavior\WriteHtmlCacheBehavior [ RunTime:0.001000s ]
INFO: [ view_filter ] --END-- [ RunTime:0.001000s ]
INFO: [ app_end ] --START--
INFO: Run Behavior\ShowPageTraceBehavior [ RunTime:0.000000s ]
INFO: [ app_end ] --END-- [ RunTime:0.000000s ]

[ 2019-03-28T10:24:34+08:00 ] 127.0.0.1 /Mobile/Member/upload_qrcode/type/2.html
INFO: [ app_init ] --START--
INFO: Run Behavior\BuildLiteBehavior [ RunTime:0.000000s ]
INFO: [ app_init ] --END-- [ RunTime:0.001000s ]
INFO: [ app_begin ] --START--
INFO: Run Behavior\ReadHtmlCacheBehavior [ RunTime:0.001000s ]
INFO: [ app_begin ] --END-- [ RunTime:0.001000s ]
NOTIC: [2] preg_match(): Delimiter must not be alphanumeric or backslash D:\WWW\task_1\App\Common\Common\function.php 第 614 行.
SQL: SHOW COLUMNS FROM `blue_config` [ RunTime:0.0060s ]
SQL: SELECT * FROM `blue_config`  [ RunTime:0.0010s ]
SQL: SHOW COLUMNS FROM `blue_article_category` [ RunTime:0.0060s ]
SQL: SELECT * FROM `blue_article_category` WHERE ( parent_id = 6 ) LIMIT 4   [ RunTime:0.0010s ]
SQL: SHOW COLUMNS FROM `blue_article` [ RunTime:0.0060s ]
SQL: SELECT * FROM `blue_article` WHERE ( position_id = 7 ) LIMIT 4   [ RunTime:0.0010s ]
SQL: SHOW COLUMNS FROM `blue_member` [ RunTime:0.0060s ]
SQL: SELECT *,(rmb+forzen_rmb) as count FROM `blue_member` WHERE ( member_id='1' ) LIMIT 1   [ RunTime:0.0000s ]
SQL: SHOW COLUMNS FROM `blue_member_info` [ RunTime:0.0070s ]
SQL: SELECT * FROM `blue_member_info` WHERE `member_id` = 1 LIMIT 1   [ RunTime:0.0000s ]
SQL: SELECT * FROM `blue_member_info` WHERE `member_id` = 1 LIMIT 1   [ RunTime:0.0010s ]
SQL: SELECT `wechat_logo` FROM `blue_member_info` WHERE `member_id` = 1 LIMIT 1   [ RunTime:0.0000s ]
INFO: [ view_parse ] --START--
INFO: [ template_filter ] --START--
INFO: Run Behavior\ContentReplaceBehavior [ RunTime:0.000000s ]
INFO: [ template_filter ] --END-- [ RunTime:0.000000s ]
INFO: Run Behavior\ParseTemplateBehavior [ RunTime:0.008001s ]
INFO: [ view_parse ] --END-- [ RunTime:0.008001s ]
INFO: [ view_filter ] --START--
INFO: Run Behavior\WriteHtmlCacheBehavior [ RunTime:0.000000s ]
INFO: [ view_filter ] --END-- [ RunTime:0.000000s ]
INFO: [ app_end ] --START--
INFO: Run Behavior\ShowPageTraceBehavior [ RunTime:0.001000s ]
INFO: [ app_end ] --END-- [ RunTime:0.001000s ]

[ 2019-03-28T10:24:37+08:00 ] 127.0.0.1 /Mobile/Upload/upload.html
INFO: [ app_init ] --START--
INFO: Run Behavior\BuildLiteBehavior [ RunTime:0.000000s ]
INFO: [ app_init ] --END-- [ RunTime:0.000000s ]
INFO: [ app_begin ] --START--
INFO: Run Behavior\ReadHtmlCacheBehavior [ RunTime:0.000000s ]
INFO: [ app_begin ] --END-- [ RunTime:0.000000s ]
NOTIC: [2] call_user_func() expects parameter 1 to be a valid callback, no array or string given D:\WWW\task_1\ThinkPHP\Library\Think\Upload.class.php 第 173 行.

[ 2019-03-28T10:25:46+08:00 ] 127.0.0.1 /Mobile/Member/upload_qrcode/type/2.html
INFO: [ app_init ] --START--
INFO: Run Behavior\BuildLiteBehavior [ RunTime:0.000000s ]
INFO: [ app_init ] --END-- [ RunTime:0.000000s ]
INFO: [ app_begin ] --START--
INFO: Run Behavior\ReadHtmlCacheBehavior [ RunTime:0.000000s ]
INFO: [ app_begin ] --END-- [ RunTime:0.000000s ]
NOTIC: [2] preg_match(): Delimiter must not be alphanumeric or backslash D:\WWW\task_1\App\Common\Common\function.php 第 614 行.
SQL: SHOW COLUMNS FROM `blue_config` [ RunTime:0.0120s ]
SQL: SELECT * FROM `blue_config`  [ RunTime:0.0010s ]
SQL: SHOW COLUMNS FROM `blue_article_category` [ RunTime:0.0120s ]
SQL: SELECT * FROM `blue_article_category` WHERE ( parent_id = 6 ) LIMIT 4   [ RunTime:0.0010s ]
SQL: SHOW COLUMNS FROM `blue_article` [ RunTime:0.0110s ]
SQL: SELECT * FROM `blue_article` WHERE ( position_id = 7 ) LIMIT 4   [ RunTime:0.0010s ]
SQL: SHOW COLUMNS FROM `blue_member` [ RunTime:0.0110s ]
SQL: SELECT *,(rmb+forzen_rmb) as count FROM `blue_member` WHERE ( member_id='1' ) LIMIT 1   [ RunTime:0.0000s ]
SQL: SHOW COLUMNS FROM `blue_member_info` [ RunTime:0.0120s ]
SQL: SELECT * FROM `blue_member_info` WHERE `member_id` = 1 LIMIT 1   [ RunTime:0.0010s ]
SQL: SELECT * FROM `blue_member_info` WHERE `member_id` = 1 LIMIT 1   [ RunTime:0.0000s ]
SQL: SELECT `wechat_logo` FROM `blue_member_info` WHERE `member_id` = 1 LIMIT 1   [ RunTime:0.0000s ]
INFO: [ view_parse ] --START--
INFO: [ template_filter ] --START--
INFO: Run Behavior\ContentReplaceBehavior [ RunTime:0.000000s ]
INFO: [ template_filter ] --END-- [ RunTime:0.000000s ]
INFO: Run Behavior\ParseTemplateBehavior [ RunTime:0.008001s ]
INFO: [ view_parse ] --END-- [ RunTime:0.008001s ]
INFO: [ view_filter ] --START--
INFO: Run Behavior\WriteHtmlCacheBehavior [ RunTime:0.001000s ]
INFO: [ view_filter ] --END-- [ RunTime:0.001000s ]
INFO: [ app_end ] --START--
INFO: Run Behavior\ShowPageTraceBehavior [ RunTime:0.000000s ]
INFO: [ app_end ] --END-- [ RunTime:0.001000s ]

[ 2019-03-28T10:25:52+08:00 ] 127.0.0.1 /Mobile/Member/upload_qrcode/type/1.html
INFO: [ app_init ] --START--
INFO: Run Behavior\BuildLiteBehavior [ RunTime:0.000000s ]
INFO: [ app_init ] --END-- [ RunTime:0.000000s ]
INFO: [ app_begin ] --START--
INFO: Run Behavior\ReadHtmlCacheBehavior [ RunTime:0.001000s ]
INFO: [ app_begin ] --END-- [ RunTime:0.001000s ]
NOTIC: [2] preg_match(): Delimiter must not be alphanumeric or backslash D:\WWW\task_1\App\Common\Common\function.php 第 614 行.
SQL: SHOW COLUMNS FROM `blue_config` [ RunTime:0.0070s ]
SQL: SELECT * FROM `blue_config`  [ RunTime:0.0010s ]
SQL: SHOW COLUMNS FROM `blue_article_category` [ RunTime:0.0070s ]
SQL: SELECT * FROM `blue_article_category` WHERE ( parent_id = 6 ) LIMIT 4   [ RunTime:0.0000s ]
SQL: SHOW COLUMNS FROM `blue_article` [ RunTime:0.0070s ]
SQL: SELECT * FROM `blue_article` WHERE ( position_id = 7 ) LIMIT 4   [ RunTime:0.0000s ]
SQL: SHOW COLUMNS FROM `blue_member` [ RunTime:0.0060s ]
SQL: SELECT *,(rmb+forzen_rmb) as count FROM `blue_member` WHERE ( member_id='1' ) LIMIT 1   [ RunTime:0.0000s ]
SQL: SHOW COLUMNS FROM `blue_member_info` [ RunTime:0.0060s ]
SQL: SELECT * FROM `blue_member_info` WHERE `member_id` = 1 LIMIT 1   [ RunTime:0.0000s ]
SQL: SELECT * FROM `blue_member_info` WHERE `member_id` = 1 LIMIT 1   [ RunTime:0.0000s ]
SQL: SELECT `alipay_logo` FROM `blue_member_info` WHERE `member_id` = 1 LIMIT 1   [ RunTime:0.0000s ]
INFO: [ view_parse ] --START--
INFO: [ template_filter ] --START--
INFO: Run Behavior\ContentReplaceBehavior [ RunTime:0.000000s ]
INFO: [ template_filter ] --END-- [ RunTime:0.000000s ]
INFO: Run Behavior\ParseTemplateBehavior [ RunTime:0.007001s ]
INFO: [ view_parse ] --END-- [ RunTime:0.007001s ]
INFO: [ view_filter ] --START--
INFO: Run Behavior\WriteHtmlCacheBehavior [ RunTime:0.000000s ]
INFO: [ view_filter ] --END-- [ RunTime:0.000000s ]
INFO: [ app_end ] --START--
INFO: Run Behavior\ShowPageTraceBehavior [ RunTime:0.000000s ]
INFO: [ app_end ] --END-- [ RunTime:0.000000s ]

