[ 2019-05-13T21:31:14+08:00 ] 127.0.0.1 /Mobile/Index/index.html
INFO: [ app_init ] --START--
INFO: Run Behavior\BuildLiteBehavior [ RunTime:0.000000s ]
INFO: [ app_init ] --END-- [ RunTime:0.001000s ]
INFO: [ app_begin ] --START--
INFO: Run Behavior\ReadHtmlCacheBehavior [ RunTime:0.000000s ]
INFO: [ app_begin ] --END-- [ RunTime:0.000000s ]
SQL: SHOW COLUMNS FROM `blue_config` [ RunTime:0.0100s ]
SQL: SELECT * FROM `blue_config`  [ RunTime:0.0010s ]
SQL: SHOW COLUMNS FROM `blue_pub_task` [ RunTime:0.0080s ]
SQL: SELECT * FROM `blue_pub_task` WHERE `status` = 1  [ RunTime:0.0000s ]
SQL: SHOW COLUMNS FROM `blue_qd_record` [ RunTime:0.0080s ]
SQL: SHOW COLUMNS FROM `blue_member_info` [ RunTime:0.0080s ]
SQL: SELECT * FROM `blue_member_info` WHERE `member_id` = 1 LIMIT 1   [ RunTime:0.0010s ]
SQL: SELECT * FROM `blue_qd_record` WHERE `fk_id` = 1 AND `task_id` = 5 AND `status` <> 1 LIMIT 1   [ RunTime:0.0000s ]
SQL: SELECT * FROM `blue_qd_record` WHERE `sk_id` = 1 AND `task_id` = 5 AND `status` <> 1 LIMIT 1   [ RunTime:0.0000s ]
INFO: [ view_parse ] --START--
INFO: [ template_filter ] --START--
INFO: Run Behavior\ContentReplaceBehavior [ RunTime:0.000000s ]
INFO: [ template_filter ] --END-- [ RunTime:0.000000s ]
NOTIC: [8] Undefined variable: username D:\WWW\task_1\App\Runtime\Cache\Mobile\42b8df715104a68a83a65e315494a3ed.php 第 46 行.
NOTIC: [8] Undefined variable: head D:\WWW\task_1\App\Runtime\Cache\Mobile\42b8df715104a68a83a65e315494a3ed.php 第 47 行.
NOTIC: [8] Undefined variable: type D:\WWW\task_1\App\Runtime\Cache\Mobile\42b8df715104a68a83a65e315494a3ed.php 第 48 行.
NOTIC: [8] Undefined index: sk_status D:\WWW\task_1\App\Runtime\Cache\Mobile\42b8df715104a68a83a65e315494a3ed.php 第 87 行.
NOTIC: [8] Undefined index: sk_status D:\WWW\task_1\App\Runtime\Cache\Mobile\42b8df715104a68a83a65e315494a3ed.php 第 88 行.
NOTIC: [8] Undefined index: sk_status D:\WWW\task_1\App\Runtime\Cache\Mobile\42b8df715104a68a83a65e315494a3ed.php 第 90 行.
INFO: Run Behavior\ParseTemplateBehavior [ RunTime:0.009001s ]
INFO: [ view_parse ] --END-- [ RunTime:0.009001s ]
INFO: [ view_filter ] --START--
INFO: Run Behavior\WriteHtmlCacheBehavior [ RunTime:0.000000s ]
INFO: [ view_filter ] --END-- [ RunTime:0.000000s ]
INFO: [ app_end ] --START--
INFO: Run Behavior\ShowPageTraceBehavior [ RunTime:0.001000s ]
INFO: [ app_end ] --END-- [ RunTime:0.001000s ]

[ 2019-05-13T21:31:19+08:00 ] 127.0.0.1 /Mobile/index/index.html
INFO: [ app_init ] --START--
INFO: Run Behavior\BuildLiteBehavior [ RunTime:0.000000s ]
INFO: [ app_init ] --END-- [ RunTime:0.001000s ]
INFO: [ app_begin ] --START--
INFO: Run Behavior\ReadHtmlCacheBehavior [ RunTime:0.000000s ]
INFO: [ app_begin ] --END-- [ RunTime:0.000000s ]
SQL: SHOW COLUMNS FROM `blue_config` [ RunTime:0.0060s ]
SQL: SELECT * FROM `blue_config`  [ RunTime:0.0000s ]
SQL: SHOW COLUMNS FROM `blue_pub_task` [ RunTime:0.0060s ]
SQL: SELECT * FROM `blue_pub_task` WHERE `status` = 1  [ RunTime:0.0010s ]
SQL: SHOW COLUMNS FROM `blue_qd_record` [ RunTime:0.0060s ]
SQL: SHOW COLUMNS FROM `blue_member_info` [ RunTime:0.0060s ]
SQL: SELECT * FROM `blue_member_info` WHERE `member_id` = 1 LIMIT 1   [ RunTime:0.0000s ]
SQL: SELECT * FROM `blue_qd_record` WHERE `fk_id` = 1 AND `task_id` = 5 AND `status` <> 1 LIMIT 1   [ RunTime:0.0000s ]
SQL: SELECT * FROM `blue_qd_record` WHERE `sk_id` = 1 AND `task_id` = 5 AND `status` <> 1 LIMIT 1   [ RunTime:0.0000s ]
INFO: [ view_parse ] --START--
INFO: [ template_filter ] --START--
INFO: Run Behavior\ContentReplaceBehavior [ RunTime:0.000000s ]
INFO: [ template_filter ] --END-- [ RunTime:0.000000s ]
NOTIC: [8] Undefined variable: username D:\WWW\task_1\App\Runtime\Cache\Mobile\42b8df715104a68a83a65e315494a3ed.php 第 46 行.
NOTIC: [8] Undefined variable: head D:\WWW\task_1\App\Runtime\Cache\Mobile\42b8df715104a68a83a65e315494a3ed.php 第 47 行.
NOTIC: [8] Undefined variable: type D:\WWW\task_1\App\Runtime\Cache\Mobile\42b8df715104a68a83a65e315494a3ed.php 第 48 行.
NOTIC: [8] Undefined index: sk_status D:\WWW\task_1\App\Runtime\Cache\Mobile\42b8df715104a68a83a65e315494a3ed.php 第 87 行.
NOTIC: [8] Undefined index: sk_status D:\WWW\task_1\App\Runtime\Cache\Mobile\42b8df715104a68a83a65e315494a3ed.php 第 88 行.
NOTIC: [8] Undefined index: sk_status D:\WWW\task_1\App\Runtime\Cache\Mobile\42b8df715104a68a83a65e315494a3ed.php 第 90 行.
INFO: Run Behavior\ParseTemplateBehavior [ RunTime:0.009001s ]
INFO: [ view_parse ] --END-- [ RunTime:0.009001s ]
INFO: [ view_filter ] --START--
INFO: Run Behavior\WriteHtmlCacheBehavior [ RunTime:0.001000s ]
INFO: [ view_filter ] --END-- [ RunTime:0.001000s ]
INFO: [ app_end ] --START--
INFO: Run Behavior\ShowPageTraceBehavior [ RunTime:0.000000s ]
INFO: [ app_end ] --END-- [ RunTime:0.000000s ]

[ 2019-05-13T21:31:21+08:00 ] 127.0.0.1 /Mobile/index/index.html
INFO: [ app_init ] --START--
INFO: Run Behavior\BuildLiteBehavior [ RunTime:0.000000s ]
INFO: [ app_init ] --END-- [ RunTime:0.001000s ]
INFO: [ app_begin ] --START--
INFO: Run Behavior\ReadHtmlCacheBehavior [ RunTime:0.001000s ]
INFO: [ app_begin ] --END-- [ RunTime:0.002000s ]
SQL: SHOW COLUMNS FROM `blue_config` [ RunTime:0.0160s ]
SQL: SELECT * FROM `blue_config`  [ RunTime:0.0010s ]
SQL: SHOW COLUMNS FROM `blue_pub_task` [ RunTime:0.0140s ]
SQL: SELECT * FROM `blue_pub_task` WHERE `status` = 1  [ RunTime:0.0010s ]
SQL: SHOW COLUMNS FROM `blue_qd_record` [ RunTime:0.0100s ]
SQL: SHOW COLUMNS FROM `blue_member_info` [ RunTime:0.0100s ]
SQL: SELECT * FROM `blue_member_info` WHERE `member_id` = 1 LIMIT 1   [ RunTime:0.0010s ]
SQL: SELECT * FROM `blue_qd_record` WHERE `fk_id` = 1 AND `task_id` = 5 AND `status` <> 1 LIMIT 1   [ RunTime:0.0000s ]
SQL: SELECT * FROM `blue_qd_record` WHERE `sk_id` = 1 AND `task_id` = 5 AND `status` <> 1 LIMIT 1   [ RunTime:0.0000s ]
INFO: [ view_parse ] --START--
INFO: [ template_filter ] --START--
INFO: Run Behavior\ContentReplaceBehavior [ RunTime:0.001000s ]
INFO: [ template_filter ] --END-- [ RunTime:0.001000s ]
NOTIC: [8] Undefined variable: username D:\WWW\task_1\App\Runtime\Cache\Mobile\42b8df715104a68a83a65e315494a3ed.php 第 46 行.
NOTIC: [8] Undefined variable: head D:\WWW\task_1\App\Runtime\Cache\Mobile\42b8df715104a68a83a65e315494a3ed.php 第 47 行.
NOTIC: [8] Undefined variable: type D:\WWW\task_1\App\Runtime\Cache\Mobile\42b8df715104a68a83a65e315494a3ed.php 第 48 行.
NOTIC: [8] Undefined index: sk_status D:\WWW\task_1\App\Runtime\Cache\Mobile\42b8df715104a68a83a65e315494a3ed.php 第 87 行.
NOTIC: [8] Undefined index: sk_status D:\WWW\task_1\App\Runtime\Cache\Mobile\42b8df715104a68a83a65e315494a3ed.php 第 88 行.
NOTIC: [8] Undefined index: sk_status D:\WWW\task_1\App\Runtime\Cache\Mobile\42b8df715104a68a83a65e315494a3ed.php 第 90 行.
INFO: Run Behavior\ParseTemplateBehavior [ RunTime:0.010001s ]
INFO: [ view_parse ] --END-- [ RunTime:0.010001s ]
INFO: [ view_filter ] --START--
INFO: Run Behavior\WriteHtmlCacheBehavior [ RunTime:0.000000s ]
INFO: [ view_filter ] --END-- [ RunTime:0.000000s ]
INFO: [ app_end ] --START--
INFO: Run Behavior\ShowPageTraceBehavior [ RunTime:0.001000s ]
INFO: [ app_end ] --END-- [ RunTime:0.001000s ]

[ 2019-05-13T21:31:24+08:00 ] 127.0.0.1 /Mobile/Member/index.html
INFO: [ app_init ] --START--
INFO: Run Behavior\BuildLiteBehavior [ RunTime:0.000000s ]
INFO: [ app_init ] --END-- [ RunTime:0.000000s ]
INFO: [ app_begin ] --START--
INFO: Run Behavior\ReadHtmlCacheBehavior [ RunTime:0.001000s ]
INFO: [ app_begin ] --END-- [ RunTime:0.001000s ]
SQL: SHOW COLUMNS FROM `blue_config` [ RunTime:0.0190s ]
SQL: SELECT * FROM `blue_config`  [ RunTime:0.0010s ]
SQL: SHOW COLUMNS FROM `blue_member_info` [ RunTime:0.0200s ]
SQL: SELECT * FROM `blue_member_info` WHERE `member_id` = 1 LIMIT 1   [ RunTime:0.0010s ]
SQL: SELECT * FROM `blue_member_info` WHERE `member_id` = 1 LIMIT 1   [ RunTime:0.0000s ]
SQL: SHOW COLUMNS FROM `blue_member` [ RunTime:0.0110s ]
SQL: SELECT m.*,mi.* FROM blue_member m LEFT JOIN blue_member_info mi ON mi.member_id=m.member_id  WHERE m.member_id = '1' LIMIT 1   [ RunTime:0.0000s ]
SQL: SHOW COLUMNS FROM `blue_deposit_auth` [ RunTime:0.0110s ]
SQL: SELECT * FROM `blue_deposit_auth` WHERE `member_id` = 1 LIMIT 1   [ RunTime:0.0010s ]
SQL: SHOW COLUMNS FROM `blue_member_trade_record` [ RunTime:0.0080s ]
SQL: SELECT SUM(commision) AS tp_sum FROM `blue_member_trade_record` WHERE `member_id` = 1 AND `type` = 2 LIMIT 1   [ RunTime:0.0000s ]
SQL: SELECT SUM(money) AS tp_sum FROM `blue_member_trade_record` WHERE `member_id` = 1 AND `type` = 1 LIMIT 1   [ RunTime:0.0000s ]
INFO: [ view_parse ] --START--
INFO: [ template_filter ] --START--
INFO: Run Behavior\ContentReplaceBehavior [ RunTime:0.000000s ]
INFO: [ template_filter ] --END-- [ RunTime:0.000000s ]
INFO: Run Behavior\ParseTemplateBehavior [ RunTime:0.009001s ]
INFO: [ view_parse ] --END-- [ RunTime:0.009001s ]
INFO: [ view_filter ] --START--
INFO: Run Behavior\WriteHtmlCacheBehavior [ RunTime:0.000000s ]
INFO: [ view_filter ] --END-- [ RunTime:0.000000s ]
INFO: [ app_end ] --START--
INFO: Run Behavior\ShowPageTraceBehavior [ RunTime:0.001000s ]
INFO: [ app_end ] --END-- [ RunTime:0.001000s ]

[ 2019-05-13T21:31:26+08:00 ] 127.0.0.1 /Mobile/Promote/index.html
INFO: [ app_init ] --START--
INFO: Run Behavior\BuildLiteBehavior [ RunTime:0.000000s ]
INFO: [ app_init ] --END-- [ RunTime:0.000000s ]
INFO: [ app_begin ] --START--
INFO: Run Behavior\ReadHtmlCacheBehavior [ RunTime:0.001000s ]
INFO: [ app_begin ] --END-- [ RunTime:0.001000s ]
SQL: SHOW COLUMNS FROM `blue_config` [ RunTime:0.0150s ]
SQL: SELECT * FROM `blue_config`  [ RunTime:0.0010s ]
SQL: SHOW COLUMNS FROM `blue_member_info` [ RunTime:0.0100s ]
SQL: SELECT * FROM `blue_member_info` WHERE `member_id` = 1 LIMIT 1   [ RunTime:0.0000s ]
INFO: [ view_parse ] --START--
INFO: [ template_filter ] --START--
INFO: Run Behavior\ContentReplaceBehavior [ RunTime:0.000000s ]
INFO: [ template_filter ] --END-- [ RunTime:0.000000s ]
INFO: Run Behavior\ParseTemplateBehavior [ RunTime:0.019002s ]
INFO: [ view_parse ] --END-- [ RunTime:0.019002s ]
INFO: [ view_filter ] --START--
INFO: Run Behavior\WriteHtmlCacheBehavior [ RunTime:0.000000s ]
INFO: [ view_filter ] --END-- [ RunTime:0.000000s ]
INFO: [ app_end ] --START--
INFO: Run Behavior\ShowPageTraceBehavior [ RunTime:0.001000s ]
INFO: [ app_end ] --END-- [ RunTime:0.001000s ]

[ 2019-05-13T21:31:27+08:00 ] 127.0.0.1 /Mobile/Promote/qrcodeimg.html
INFO: [ app_init ] --START--
INFO: Run Behavior\BuildLiteBehavior [ RunTime:0.000000s ]
INFO: [ app_init ] --END-- [ RunTime:0.000000s ]
INFO: [ app_begin ] --START--
INFO: Run Behavior\ReadHtmlCacheBehavior [ RunTime:0.001001s ]
INFO: [ app_begin ] --END-- [ RunTime:0.001001s ]
SQL: SHOW COLUMNS FROM `blue_config` [ RunTime:0.0070s ]
SQL: SELECT * FROM `blue_config`  [ RunTime:0.0010s ]
SQL: SHOW COLUMNS FROM `blue_member_info` [ RunTime:0.0070s ]
SQL: SELECT * FROM `blue_member_info` WHERE `member_id` = 1 LIMIT 1   [ RunTime:0.0000s ]
INFO: [ app_end ] --START--
INFO: Run Behavior\ShowPageTraceBehavior [ RunTime:0.001000s ]
INFO: [ app_end ] --END-- [ RunTime:0.001000s ]

[ 2019-05-13T21:31:32+08:00 ] 127.0.0.1 /Mobile/Index/index.html
INFO: [ app_init ] --START--
INFO: Run Behavior\BuildLiteBehavior [ RunTime:0.000000s ]
INFO: [ app_init ] --END-- [ RunTime:0.000000s ]
INFO: [ app_begin ] --START--
INFO: Run Behavior\ReadHtmlCacheBehavior [ RunTime:0.001000s ]
INFO: [ app_begin ] --END-- [ RunTime:0.001000s ]
SQL: SHOW COLUMNS FROM `blue_config` [ RunTime:0.0060s ]
SQL: SELECT * FROM `blue_config`  [ RunTime:0.0010s ]
SQL: SHOW COLUMNS FROM `blue_pub_task` [ RunTime:0.0060s ]
SQL: SELECT * FROM `blue_pub_task` WHERE `status` = 1  [ RunTime:0.0000s ]
SQL: SHOW COLUMNS FROM `blue_qd_record` [ RunTime:0.0060s ]
SQL: SHOW COLUMNS FROM `blue_member_info` [ RunTime:0.0070s ]
SQL: SELECT * FROM `blue_member_info` WHERE `member_id` = 1 LIMIT 1   [ RunTime:0.0000s ]
SQL: SELECT * FROM `blue_qd_record` WHERE `fk_id` = 1 AND `task_id` = 5 AND `status` <> 1 LIMIT 1   [ RunTime:0.0000s ]
SQL: SELECT * FROM `blue_qd_record` WHERE `sk_id` = 1 AND `task_id` = 5 AND `status` <> 1 LIMIT 1   [ RunTime:0.0010s ]
INFO: [ view_parse ] --START--
INFO: [ template_filter ] --START--
INFO: Run Behavior\ContentReplaceBehavior [ RunTime:0.000000s ]
INFO: [ template_filter ] --END-- [ RunTime:0.000000s ]
NOTIC: [8] Undefined variable: username D:\WWW\task_1\App\Runtime\Cache\Mobile\42b8df715104a68a83a65e315494a3ed.php 第 46 行.
NOTIC: [8] Undefined variable: head D:\WWW\task_1\App\Runtime\Cache\Mobile\42b8df715104a68a83a65e315494a3ed.php 第 47 行.
NOTIC: [8] Undefined variable: type D:\WWW\task_1\App\Runtime\Cache\Mobile\42b8df715104a68a83a65e315494a3ed.php 第 48 行.
NOTIC: [8] Undefined index: sk_status D:\WWW\task_1\App\Runtime\Cache\Mobile\42b8df715104a68a83a65e315494a3ed.php 第 87 行.
NOTIC: [8] Undefined index: sk_status D:\WWW\task_1\App\Runtime\Cache\Mobile\42b8df715104a68a83a65e315494a3ed.php 第 88 行.
NOTIC: [8] Undefined index: sk_status D:\WWW\task_1\App\Runtime\Cache\Mobile\42b8df715104a68a83a65e315494a3ed.php 第 90 行.
INFO: Run Behavior\ParseTemplateBehavior [ RunTime:0.010001s ]
INFO: [ view_parse ] --END-- [ RunTime:0.010001s ]
INFO: [ view_filter ] --START--
INFO: Run Behavior\WriteHtmlCacheBehavior [ RunTime:0.001000s ]
INFO: [ view_filter ] --END-- [ RunTime:0.001000s ]
INFO: [ app_end ] --START--
INFO: Run Behavior\ShowPageTraceBehavior [ RunTime:0.000000s ]
INFO: [ app_end ] --END-- [ RunTime:0.000000s ]

[ 2019-05-13T21:31:38+08:00 ] 127.0.0.1 /Mobile/Index/index.html
INFO: [ app_init ] --START--
INFO: Run Behavior\BuildLiteBehavior [ RunTime:0.000000s ]
INFO: [ app_init ] --END-- [ RunTime:0.000000s ]
INFO: [ app_begin ] --START--
INFO: Run Behavior\ReadHtmlCacheBehavior [ RunTime:0.001000s ]
INFO: [ app_begin ] --END-- [ RunTime:0.001000s ]
SQL: SHOW COLUMNS FROM `blue_config` [ RunTime:0.0160s ]
SQL: SELECT * FROM `blue_config`  [ RunTime:0.0010s ]
SQL: SHOW COLUMNS FROM `blue_pub_task` [ RunTime:0.0130s ]
SQL: SELECT * FROM `blue_pub_task` WHERE `status` = 1  [ RunTime:0.0000s ]
SQL: SHOW COLUMNS FROM `blue_qd_record` [ RunTime:0.0110s ]
SQL: SHOW COLUMNS FROM `blue_member_info` [ RunTime:0.0100s ]
SQL: SELECT * FROM `blue_member_info` WHERE `member_id` = 1 LIMIT 1   [ RunTime:0.0010s ]
SQL: SELECT * FROM `blue_qd_record` WHERE `fk_id` = 1 AND `task_id` = 5 AND `status` <> 1 LIMIT 1   [ RunTime:0.0000s ]
SQL: SELECT * FROM `blue_qd_record` WHERE `sk_id` = 1 AND `task_id` = 5 AND `status` <> 1 LIMIT 1   [ RunTime:0.0010s ]
INFO: [ view_parse ] --START--
INFO: [ template_filter ] --START--
INFO: Run Behavior\ContentReplaceBehavior [ RunTime:0.000000s ]
INFO: [ template_filter ] --END-- [ RunTime:0.000000s ]
NOTIC: [8] Undefined variable: username D:\WWW\task_1\App\Runtime\Cache\Mobile\42b8df715104a68a83a65e315494a3ed.php 第 46 行.
NOTIC: [8] Undefined variable: head D:\WWW\task_1\App\Runtime\Cache\Mobile\42b8df715104a68a83a65e315494a3ed.php 第 47 行.
NOTIC: [8] Undefined variable: type D:\WWW\task_1\App\Runtime\Cache\Mobile\42b8df715104a68a83a65e315494a3ed.php 第 48 行.
NOTIC: [8] Undefined index: sk_status D:\WWW\task_1\App\Runtime\Cache\Mobile\42b8df715104a68a83a65e315494a3ed.php 第 87 行.
NOTIC: [8] Undefined index: sk_status D:\WWW\task_1\App\Runtime\Cache\Mobile\42b8df715104a68a83a65e315494a3ed.php 第 88 行.
NOTIC: [8] Undefined index: sk_status D:\WWW\task_1\App\Runtime\Cache\Mobile\42b8df715104a68a83a65e315494a3ed.php 第 90 行.
INFO: Run Behavior\ParseTemplateBehavior [ RunTime:0.010001s ]
INFO: [ view_parse ] --END-- [ RunTime:0.010001s ]
INFO: [ view_filter ] --START--
INFO: Run Behavior\WriteHtmlCacheBehavior [ RunTime:0.000000s ]
INFO: [ view_filter ] --END-- [ RunTime:0.000000s ]
INFO: [ app_end ] --START--
INFO: Run Behavior\ShowPageTraceBehavior [ RunTime:0.001000s ]
INFO: [ app_end ] --END-- [ RunTime:0.001000s ]

[ 2019-05-13T21:31:41+08:00 ] 127.0.0.1 /Mobile/Member/index.html
INFO: [ app_init ] --START--
INFO: Run Behavior\BuildLiteBehavior [ RunTime:0.000000s ]
INFO: [ app_init ] --END-- [ RunTime:0.001000s ]
INFO: [ app_begin ] --START--
INFO: Run Behavior\ReadHtmlCacheBehavior [ RunTime:0.001000s ]
INFO: [ app_begin ] --END-- [ RunTime:0.001000s ]
SQL: SHOW COLUMNS FROM `blue_config` [ RunTime:0.0060s ]
SQL: SELECT * FROM `blue_config`  [ RunTime:0.0000s ]
SQL: SHOW COLUMNS FROM `blue_member_info` [ RunTime:0.0060s ]
SQL: SELECT * FROM `blue_member_info` WHERE `member_id` = 1 LIMIT 1   [ RunTime:0.0000s ]
SQL: SELECT * FROM `blue_member_info` WHERE `member_id` = 1 LIMIT 1   [ RunTime:0.0000s ]
SQL: SHOW COLUMNS FROM `blue_member` [ RunTime:0.0060s ]
SQL: SELECT m.*,mi.* FROM blue_member m LEFT JOIN blue_member_info mi ON mi.member_id=m.member_id  WHERE m.member_id = '1' LIMIT 1   [ RunTime:0.0000s ]
SQL: SHOW COLUMNS FROM `blue_deposit_auth` [ RunTime:0.0070s ]
SQL: SELECT * FROM `blue_deposit_auth` WHERE `member_id` = 1 LIMIT 1   [ RunTime:0.0000s ]
SQL: SHOW COLUMNS FROM `blue_member_trade_record` [ RunTime:0.0060s ]
SQL: SELECT SUM(commision) AS tp_sum FROM `blue_member_trade_record` WHERE `member_id` = 1 AND `type` = 2 LIMIT 1   [ RunTime:0.0010s ]
SQL: SELECT SUM(money) AS tp_sum FROM `blue_member_trade_record` WHERE `member_id` = 1 AND `type` = 1 LIMIT 1   [ RunTime:0.0000s ]
INFO: [ view_parse ] --START--
INFO: [ template_filter ] --START--
INFO: Run Behavior\ContentReplaceBehavior [ RunTime:0.000000s ]
INFO: [ template_filter ] --END-- [ RunTime:0.000000s ]
INFO: Run Behavior\ParseTemplateBehavior [ RunTime:0.009001s ]
INFO: [ view_parse ] --END-- [ RunTime:0.009001s ]
INFO: [ view_filter ] --START--
INFO: Run Behavior\WriteHtmlCacheBehavior [ RunTime:0.000000s ]
INFO: [ view_filter ] --END-- [ RunTime:0.000000s ]
INFO: [ app_end ] --START--
INFO: Run Behavior\ShowPageTraceBehavior [ RunTime:0.001000s ]
INFO: [ app_end ] --END-- [ RunTime:0.001000s ]

[ 2019-05-13T21:31:44+08:00 ] 127.0.0.1 /Mobile/Promote/index.html
INFO: [ app_init ] --START--
INFO: Run Behavior\BuildLiteBehavior [ RunTime:0.000000s ]
INFO: [ app_init ] --END-- [ RunTime:0.000000s ]
INFO: [ app_begin ] --START--
INFO: Run Behavior\ReadHtmlCacheBehavior [ RunTime:0.001000s ]
INFO: [ app_begin ] --END-- [ RunTime:0.001000s ]
SQL: SHOW COLUMNS FROM `blue_config` [ RunTime:0.0100s ]
SQL: SELECT * FROM `blue_config`  [ RunTime:0.0010s ]
SQL: SHOW COLUMNS FROM `blue_member_info` [ RunTime:0.0090s ]
SQL: SELECT * FROM `blue_member_info` WHERE `member_id` = 1 LIMIT 1   [ RunTime:0.0000s ]
INFO: [ view_parse ] --START--
INFO: [ template_filter ] --START--
INFO: Run Behavior\ContentReplaceBehavior [ RunTime:0.000000s ]
INFO: [ template_filter ] --END-- [ RunTime:0.000000s ]
INFO: Run Behavior\ParseTemplateBehavior [ RunTime:0.005001s ]
INFO: [ view_parse ] --END-- [ RunTime:0.006001s ]
INFO: [ view_filter ] --START--
INFO: Run Behavior\WriteHtmlCacheBehavior [ RunTime:0.001000s ]
INFO: [ view_filter ] --END-- [ RunTime:0.001000s ]
INFO: [ app_end ] --START--
INFO: Run Behavior\ShowPageTraceBehavior [ RunTime:0.000000s ]
INFO: [ app_end ] --END-- [ RunTime:0.000000s ]

[ 2019-05-13T21:31:45+08:00 ] 127.0.0.1 /Mobile/Promote/qrcodeimg.html
INFO: [ app_init ] --START--
INFO: Run Behavior\BuildLiteBehavior [ RunTime:0.000000s ]
INFO: [ app_init ] --END-- [ RunTime:0.000000s ]
INFO: [ app_begin ] --START--
INFO: Run Behavior\ReadHtmlCacheBehavior [ RunTime:0.001000s ]
INFO: [ app_begin ] --END-- [ RunTime:0.001000s ]
SQL: SHOW COLUMNS FROM `blue_config` [ RunTime:0.0070s ]
SQL: SELECT * FROM `blue_config`  [ RunTime:0.0000s ]
SQL: SHOW COLUMNS FROM `blue_member_info` [ RunTime:0.0070s ]
SQL: SELECT * FROM `blue_member_info` WHERE `member_id` = 1 LIMIT 1   [ RunTime:0.0000s ]
INFO: [ app_end ] --START--
INFO: Run Behavior\ShowPageTraceBehavior [ RunTime:0.000000s ]
INFO: [ app_end ] --END-- [ RunTime:0.000000s ]

[ 2019-05-13T21:31:50+08:00 ] 127.0.0.1 /Mobile/Index/index.html
INFO: [ app_init ] --START--
INFO: Run Behavior\BuildLiteBehavior [ RunTime:0.000000s ]
INFO: [ app_init ] --END-- [ RunTime:0.000000s ]
INFO: [ app_begin ] --START--
INFO: Run Behavior\ReadHtmlCacheBehavior [ RunTime:0.000000s ]
INFO: [ app_begin ] --END-- [ RunTime:0.000000s ]
SQL: SHOW COLUMNS FROM `blue_config` [ RunTime:0.0260s ]
SQL: SELECT * FROM `blue_config`  [ RunTime:0.0020s ]
SQL: SHOW COLUMNS FROM `blue_pub_task` [ RunTime:0.0130s ]
SQL: SELECT * FROM `blue_pub_task` WHERE `status` = 1  [ RunTime:0.0000s ]
SQL: SHOW COLUMNS FROM `blue_qd_record` [ RunTime:0.0110s ]
SQL: SHOW COLUMNS FROM `blue_member_info` [ RunTime:0.0100s ]
SQL: SELECT * FROM `blue_member_info` WHERE `member_id` = 1 LIMIT 1   [ RunTime:0.0010s ]
SQL: SELECT * FROM `blue_qd_record` WHERE `fk_id` = 1 AND `task_id` = 5 AND `status` <> 1 LIMIT 1   [ RunTime:0.0000s ]
SQL: SELECT * FROM `blue_qd_record` WHERE `sk_id` = 1 AND `task_id` = 5 AND `status` <> 1 LIMIT 1   [ RunTime:0.0000s ]
INFO: [ view_parse ] --START--
INFO: [ template_filter ] --START--
INFO: Run Behavior\ContentReplaceBehavior [ RunTime:0.000000s ]
INFO: [ template_filter ] --END-- [ RunTime:0.000000s ]
NOTIC: [8] Undefined variable: username D:\WWW\task_1\App\Runtime\Cache\Mobile\42b8df715104a68a83a65e315494a3ed.php 第 46 行.
NOTIC: [8] Undefined variable: head D:\WWW\task_1\App\Runtime\Cache\Mobile\42b8df715104a68a83a65e315494a3ed.php 第 47 行.
NOTIC: [8] Undefined variable: type D:\WWW\task_1\App\Runtime\Cache\Mobile\42b8df715104a68a83a65e315494a3ed.php 第 48 行.
NOTIC: [8] Undefined index: sk_status D:\WWW\task_1\App\Runtime\Cache\Mobile\42b8df715104a68a83a65e315494a3ed.php 第 87 行.
NOTIC: [8] Undefined index: sk_status D:\WWW\task_1\App\Runtime\Cache\Mobile\42b8df715104a68a83a65e315494a3ed.php 第 88 行.
NOTIC: [8] Undefined index: sk_status D:\WWW\task_1\App\Runtime\Cache\Mobile\42b8df715104a68a83a65e315494a3ed.php 第 90 行.
INFO: Run Behavior\ParseTemplateBehavior [ RunTime:0.010001s ]
INFO: [ view_parse ] --END-- [ RunTime:0.010001s ]
INFO: [ view_filter ] --START--
INFO: Run Behavior\WriteHtmlCacheBehavior [ RunTime:0.000000s ]
INFO: [ view_filter ] --END-- [ RunTime:0.000000s ]
INFO: [ app_end ] --START--
INFO: Run Behavior\ShowPageTraceBehavior [ RunTime:0.001000s ]
INFO: [ app_end ] --END-- [ RunTime:0.001000s ]

[ 2019-05-13T21:38:59+08:00 ] 127.0.0.1 /Mobile/Index/index.html
INFO: [ app_init ] --START--
INFO: Run Behavior\BuildLiteBehavior [ RunTime:0.000000s ]
INFO: [ app_init ] --END-- [ RunTime:0.000000s ]
INFO: [ app_begin ] --START--
INFO: Run Behavior\ReadHtmlCacheBehavior [ RunTime:0.001000s ]
INFO: [ app_begin ] --END-- [ RunTime:0.001000s ]
SQL: SHOW COLUMNS FROM `blue_config` [ RunTime:0.0180s ]
SQL: SELECT * FROM `blue_config`  [ RunTime:0.0010s ]
SQL: SHOW COLUMNS FROM `blue_pub_task` [ RunTime:0.0180s ]
SQL: SELECT * FROM `blue_pub_task` WHERE `status` = 1  [ RunTime:0.0000s ]
SQL: SHOW COLUMNS FROM `blue_qd_record` [ RunTime:0.0090s ]
SQL: SHOW COLUMNS FROM `blue_member_info` [ RunTime:0.0090s ]
SQL: SELECT * FROM `blue_member_info` WHERE `member_id` = 1 LIMIT 1   [ RunTime:0.0010s ]
SQL: SELECT * FROM `blue_qd_record` WHERE `fk_id` = 1 AND `task_id` = 5 AND `status` <> 1 LIMIT 1   [ RunTime:0.0000s ]
SQL: SELECT * FROM `blue_qd_record` WHERE `sk_id` = 1 AND `task_id` = 5 AND `status` <> 1 LIMIT 1   [ RunTime:0.0010s ]
INFO: [ view_parse ] --START--
INFO: [ template_filter ] --START--
INFO: Run Behavior\ContentReplaceBehavior [ RunTime:0.000000s ]
INFO: [ template_filter ] --END-- [ RunTime:0.000000s ]
NOTIC: [8] Undefined variable: username D:\WWW\task_1\App\Runtime\Cache\Mobile\42b8df715104a68a83a65e315494a3ed.php 第 46 行.
NOTIC: [8] Undefined variable: head D:\WWW\task_1\App\Runtime\Cache\Mobile\42b8df715104a68a83a65e315494a3ed.php 第 47 行.
NOTIC: [8] Undefined variable: type D:\WWW\task_1\App\Runtime\Cache\Mobile\42b8df715104a68a83a65e315494a3ed.php 第 48 行.
NOTIC: [8] Undefined index: sk_status D:\WWW\task_1\App\Runtime\Cache\Mobile\42b8df715104a68a83a65e315494a3ed.php 第 87 行.
NOTIC: [8] Undefined index: sk_status D:\WWW\task_1\App\Runtime\Cache\Mobile\42b8df715104a68a83a65e315494a3ed.php 第 88 行.
NOTIC: [8] Undefined index: sk_status D:\WWW\task_1\App\Runtime\Cache\Mobile\42b8df715104a68a83a65e315494a3ed.php 第 90 行.
INFO: Run Behavior\ParseTemplateBehavior [ RunTime:0.011001s ]
INFO: [ view_parse ] --END-- [ RunTime:0.011001s ]
INFO: [ view_filter ] --START--
INFO: Run Behavior\WriteHtmlCacheBehavior [ RunTime:0.000000s ]
INFO: [ view_filter ] --END-- [ RunTime:0.000000s ]
INFO: [ app_end ] --START--
INFO: Run Behavior\ShowPageTraceBehavior [ RunTime:0.000000s ]
INFO: [ app_end ] --END-- [ RunTime:0.000000s ]

[ 2019-05-13T21:39:01+08:00 ] 127.0.0.1 /Mobile/Index/index.html
INFO: [ app_init ] --START--
INFO: Run Behavior\BuildLiteBehavior [ RunTime:0.000000s ]
INFO: [ app_init ] --END-- [ RunTime:0.001000s ]
INFO: [ app_begin ] --START--
INFO: Run Behavior\ReadHtmlCacheBehavior [ RunTime:0.001000s ]
INFO: [ app_begin ] --END-- [ RunTime:0.001000s ]
SQL: SHOW COLUMNS FROM `blue_config` [ RunTime:0.0110s ]
SQL: SELECT * FROM `blue_config`  [ RunTime:0.0010s ]
SQL: SHOW COLUMNS FROM `blue_pub_task` [ RunTime:0.0110s ]
SQL: SELECT * FROM `blue_pub_task` WHERE `status` = 1  [ RunTime:0.0010s ]
SQL: SHOW COLUMNS FROM `blue_qd_record` [ RunTime:0.0100s ]
SQL: SHOW COLUMNS FROM `blue_member_info` [ RunTime:0.0090s ]
SQL: SELECT * FROM `blue_member_info` WHERE `member_id` = 1 LIMIT 1   [ RunTime:0.0000s ]
SQL: SELECT * FROM `blue_qd_record` WHERE `fk_id` = 1 AND `task_id` = 5 AND `status` <> 1 LIMIT 1   [ RunTime:0.0000s ]
SQL: SELECT * FROM `blue_qd_record` WHERE `sk_id` = 1 AND `task_id` = 5 AND `status` <> 1 LIMIT 1   [ RunTime:0.0010s ]
INFO: [ view_parse ] --START--
INFO: [ template_filter ] --START--
INFO: Run Behavior\ContentReplaceBehavior [ RunTime:0.000000s ]
INFO: [ template_filter ] --END-- [ RunTime:0.000000s ]
NOTIC: [8] Undefined variable: username D:\WWW\task_1\App\Runtime\Cache\Mobile\42b8df715104a68a83a65e315494a3ed.php 第 46 行.
NOTIC: [8] Undefined variable: head D:\WWW\task_1\App\Runtime\Cache\Mobile\42b8df715104a68a83a65e315494a3ed.php 第 47 行.
NOTIC: [8] Undefined variable: type D:\WWW\task_1\App\Runtime\Cache\Mobile\42b8df715104a68a83a65e315494a3ed.php 第 48 行.
NOTIC: [8] Undefined index: sk_status D:\WWW\task_1\App\Runtime\Cache\Mobile\42b8df715104a68a83a65e315494a3ed.php 第 87 行.
NOTIC: [8] Undefined index: sk_status D:\WWW\task_1\App\Runtime\Cache\Mobile\42b8df715104a68a83a65e315494a3ed.php 第 88 行.
NOTIC: [8] Undefined index: sk_status D:\WWW\task_1\App\Runtime\Cache\Mobile\42b8df715104a68a83a65e315494a3ed.php 第 90 行.
INFO: Run Behavior\ParseTemplateBehavior [ RunTime:0.010001s ]
INFO: [ view_parse ] --END-- [ RunTime:0.010001s ]
INFO: [ view_filter ] --START--
INFO: Run Behavior\WriteHtmlCacheBehavior [ RunTime:0.000000s ]
INFO: [ view_filter ] --END-- [ RunTime:0.000000s ]
INFO: [ app_end ] --START--
INFO: Run Behavior\ShowPageTraceBehavior [ RunTime:0.001000s ]
INFO: [ app_end ] --END-- [ RunTime:0.001000s ]

