[ 2019-03-24T14:37:49+08:00 ] 127.0.0.1 /Mobile/Index/index.html
INFO: [ app_init ] --START--
INFO: Run Behavior\BuildLiteBehavior [ RunTime:0.000027s ]
INFO: [ app_init ] --END-- [ RunTime:0.002307s ]
INFO: [ app_begin ] --START--
INFO: Run Behavior\ReadHtmlCacheBehavior [ RunTime:0.000846s ]
INFO: [ app_begin ] --END-- [ RunTime:0.000916s ]
SQL: SHOW COLUMNS FROM `blue_config` [ RunTime:0.0187s ]
SQL: SELECT * FROM `blue_config`  [ RunTime:0.0016s ]

[ 2019-03-24T14:37:49+08:00 ] 127.0.0.1 /Mobile/Login/index.html
INFO: [ app_init ] --START--
INFO: Run Behavior\BuildLiteBehavior [ RunTime:0.000018s ]
INFO: [ app_init ] --END-- [ RunTime:0.000444s ]
INFO: [ app_begin ] --START--
INFO: Run Behavior\ReadHtmlCacheBehavior [ RunTime:0.000730s ]
INFO: [ app_begin ] --END-- [ RunTime:0.000842s ]
SQL: SHOW COLUMNS FROM `blue_config` [ RunTime:0.0045s ]
SQL: SELECT * FROM `blue_config`  [ RunTime:0.0005s ]
SQL: SHOW COLUMNS FROM `blue_article_category` [ RunTime:0.0075s ]
SQL: SELECT * FROM `blue_article_category` WHERE ( parent_id = 6 ) LIMIT 4   [ RunTime:0.0113s ]
SQL: SHOW COLUMNS FROM `blue_article` [ RunTime:0.0019s ]
SQL: SELECT * FROM `blue_article` WHERE ( position_id = 7 ) LIMIT 4   [ RunTime:0.0007s ]
INFO: [ view_parse ] --START--
INFO: [ template_filter ] --START--
INFO: Run Behavior\ContentReplaceBehavior [ RunTime:0.000097s ]
INFO: [ template_filter ] --END-- [ RunTime:0.000158s ]
INFO: Run Behavior\ParseTemplateBehavior [ RunTime:0.014910s ]
INFO: [ view_parse ] --END-- [ RunTime:0.014961s ]
INFO: [ view_filter ] --START--
INFO: Run Behavior\WriteHtmlCacheBehavior [ RunTime:0.000415s ]
INFO: [ view_filter ] --END-- [ RunTime:0.000468s ]
INFO: [ app_end ] --START--
INFO: Run Behavior\ShowPageTraceBehavior [ RunTime:0.000890s ]
INFO: [ app_end ] --END-- [ RunTime:0.000953s ]

[ 2019-03-24T14:37:53+08:00 ] 127.0.0.1 /Mobile/Login/op_login.html
INFO: [ app_init ] --START--
INFO: Run Behavior\BuildLiteBehavior [ RunTime:0.000010s ]
INFO: [ app_init ] --END-- [ RunTime:0.000275s ]
INFO: [ app_begin ] --START--
INFO: Run Behavior\ReadHtmlCacheBehavior [ RunTime:0.000364s ]
INFO: [ app_begin ] --END-- [ RunTime:0.000395s ]
NOTIC: [2] preg_match(): Delimiter must not be alphanumeric or backslash /Applications/MAMP/htdocs/project/task_1/App/Common/Common/function.php 第 614 行.
NOTIC: [2] preg_match(): Delimiter must not be alphanumeric or backslash /Applications/MAMP/htdocs/project/task_1/App/Common/Common/function.php 第 614 行.
SQL: SHOW COLUMNS FROM `blue_config` [ RunTime:0.0033s ]
SQL: SELECT * FROM `blue_config`  [ RunTime:0.0005s ]
SQL: SHOW COLUMNS FROM `blue_article_category` [ RunTime:0.0014s ]
SQL: SELECT * FROM `blue_article_category` WHERE ( parent_id = 6 ) LIMIT 4   [ RunTime:0.0020s ]
SQL: SHOW COLUMNS FROM `blue_article` [ RunTime:0.0028s ]
SQL: SELECT * FROM `blue_article` WHERE ( position_id = 7 ) LIMIT 4   [ RunTime:0.0006s ]
SQL: SHOW COLUMNS FROM `blue_member` [ RunTime:0.0023s ]
SQL: SELECT * FROM `blue_member` WHERE `username` = 'admin' LIMIT 1   [ RunTime:0.0014s ]

